<seq>
  <num>1</num>
  <num>2</num>
  <num>3</num>
  <num>4</num>
  <num>5</num>
  <num>6</num>
  <num>7</num>
  <num>8</num>
  <num>9</num>
  <num>10</num>
  <num>11</num>
  <num>12</num>
  <num>13</num>
  <num>14</num>
  <num>15</num>
  <num>16</num>
  <num>17</num>
  <num>18</num>
  <num>19</num>
  <num>20</num>
  <num>21</num>
  <num>22</num>
  <num>23</num>
  <num>24</num>
  <num>25</num>
  <num>26</num>
  <num>27</num>
  <num>28</num>
  <num>29</num>
  <num>30</num>
  <num>31</num>
  <num>32</num>
  <num>33</num>
  <num>34</num>
  <num>35</num>
  <num>36</num>
  <num>37</num>
  <num>38</num>
  <num>39</num>
  <num>40</num>
  <num>41</num>
  <num>42</num>
  <num>43</num>
  <num>44</num>
  <num>45</num>
  <num>46</num>
  <num>47</num>
  <num>48</num>
  <num>49</num>
  <num>50</num>
  <num>51</num>
  <num>52</num>
  <num>53</num>
  <num>54</num>
  <num>55</num>
  <num>56</num>
  <num>57</num>
  <num>58</num>
  <num>59</num>
  <num>60</num>
  <num>61</num>
  <num>62</num>
  <num>63</num>
  <num>64</num>
  <num>65</num>
  <num>66</num>
  <num>67</num>
  <num>68</num>
  <num>69</num>
  <num>70</num>
  <num>71</num>
  <num>72</num>
  <num>73</num>
  <num>74</num>
  <num>75</num>
  <num>76</num>
  <num>77</num>
  <num>78</num>
  <num>79</num>
  <num>80</num>
  <num>81</num>
  <num>82</num>
  <num>83</num>
  <num>84</num>
  <num>85</num>
  <num>86</num>
  <num>87</num>
  <num>88</num>
  <num>89</num>
  <num>90</num>
  <num>91</num>
  <num>92</num>
  <num>93</num>
  <num>94</num>
  <num>95</num>
  <num>96</num>
  <num>97</num>
  <num>98</num>
  <num>99</num>
  <num>100</num>
  <num>101</num>
  <num>102</num>
  <num>103</num>
  <num>104</num>
  <num>105</num>
  <num>106</num>
  <num>107</num>
  <num>108</num>
  <num>109</num>
  <num>110</num>
  <num>111</num>
  <num>112</num>
  <num>113</num>
  <num>114</num>
  <num>115</num>
  <num>116</num>
  <num>117</num>
  <num>118</num>
  <num>119</num>
  <num>120</num>
  <num>121</num>
  <num>122</num>
  <num>123</num>
  <num>124</num>
  <num>125</num>
  <num>126</num>
  <num>127</num>
  <num>128</num>
  <num>129</num>
  <num>130</num>
  <num>131</num>
  <num>132</num>
  <num>133</num>
  <num>134</num>
  <num>135</num>
  <num>136</num>
  <num>137</num>
  <num>138</num>
  <num>139</num>
  <num>140</num>
  <num>141</num>
  <num>142</num>
  <num>143</num>
  <num>144</num>
  <num>145</num>
  <num>146</num>
  <num>147</num>
  <num>148</num>
  <num>149</num>
  <num>150</num>
  <num>151</num>
  <num>152</num>
  <num>153</num>
  <num>154</num>
  <num>155</num>
  <num>156</num>
  <num>157</num>
  <num>158</num>
  <num>159</num>
  <num>160</num>
  <num>161</num>
  <num>162</num>
  <num>163</num>
  <num>164</num>
  <num>165</num>
  <num>166</num>
  <num>167</num>
  <num>168</num>
  <num>169</num>
  <num>170</num>
  <num>171</num>
  <num>172</num>
  <num>173</num>
  <num>174</num>
  <num>175</num>
  <num>176</num>
  <num>177</num>
  <num>178</num>
  <num>179</num>
  <num>180</num>
  <num>181</num>
  <num>182</num>
  <num>183</num>
  <num>184</num>
  <num>185</num>
  <num>186</num>
  <num>187</num>
  <num>188</num>
  <num>189</num>
  <num>190</num>
  <num>191</num>
  <num>192</num>
  <num>193</num>
  <num>194</num>
  <num>195</num>
  <num>196</num>
  <num>197</num>
  <num>198</num>
  <num>199</num>
  <num>200</num>
  <num>201</num>
  <num>202</num>
  <num>203</num>
  <num>204</num>
  <num>205</num>
  <num>206</num>
  <num>207</num>
  <num>208</num>
  <num>209</num>
  <num>210</num>
  <num>211</num>
  <num>212</num>
  <num>213</num>
  <num>214</num>
  <num>215</num>
  <num>216</num>
  <num>217</num>
  <num>218</num>
  <num>219</num>
  <num>220</num>
  <num>221</num>
  <num>222</num>
  <num>223</num>
  <num>224</num>
  <num>225</num>
  <num>226</num>
  <num>227</num>
  <num>228</num>
  <num>229</num>
  <num>230</num>
  <num>231</num>
  <num>232</num>
  <num>233</num>
  <num>234</num>
  <num>235</num>
  <num>236</num>
  <num>237</num>
  <num>238</num>
  <num>239</num>
  <num>240</num>
  <num>241</num>
  <num>242</num>
  <num>243</num>
  <num>244</num>
  <num>245</num>
  <num>246</num>
  <num>247</num>
  <num>248</num>
  <num>249</num>
  <num>250</num>
  <num>251</num>
  <num>252</num>
  <num>253</num>
  <num>254</num>
  <num>255</num>
  <num>256</num>
  <num>257</num>
  <num>258</num>
  <num>259</num>
  <num>260</num>
  <num>261</num>
  <num>262</num>
  <num>263</num>
  <num>264</num>
  <num>265</num>
  <num>266</num>
  <num>267</num>
  <num>268</num>
  <num>269</num>
  <num>270</num>
  <num>271</num>
  <num>272</num>
  <num>273</num>
  <num>274</num>
  <num>275</num>
  <num>276</num>
  <num>277</num>
  <num>278</num>
  <num>279</num>
  <num>280</num>
  <num>281</num>
  <num>282</num>
  <num>283</num>
  <num>284</num>
  <num>285</num>
  <num>286</num>
  <num>287</num>
  <num>288</num>
  <num>289</num>
  <num>290</num>
  <num>291</num>
  <num>292</num>
  <num>293</num>
  <num>294</num>
  <num>295</num>
  <num>296</num>
  <num>297</num>
  <num>298</num>
  <num>299</num>
  <num>300</num>
  <num>301</num>
  <num>302</num>
  <num>303</num>
  <num>304</num>
  <num>305</num>
  <num>306</num>
  <num>307</num>
  <num>308</num>
  <num>309</num>
  <num>310</num>
  <num>311</num>
  <num>312</num>
  <num>313</num>
  <num>314</num>
  <num>315</num>
  <num>316</num>
  <num>317</num>
  <num>318</num>
  <num>319</num>
  <num>320</num>
  <num>321</num>
  <num>322</num>
  <num>323</num>
  <num>324</num>
  <num>325</num>
  <num>326</num>
  <num>327</num>
  <num>328</num>
  <num>329</num>
  <num>330</num>
  <num>331</num>
  <num>332</num>
  <num>333</num>
  <num>334</num>
  <num>335</num>
  <num>336</num>
  <num>337</num>
  <num>338</num>
  <num>339</num>
  <num>340</num>
  <num>341</num>
  <num>342</num>
  <num>343</num>
  <num>344</num>
  <num>345</num>
  <num>346</num>
  <num>347</num>
  <num>348</num>
  <num>349</num>
  <num>350</num>
  <num>351</num>
  <num>352</num>
  <num>353</num>
  <num>354</num>
  <num>355</num>
  <num>356</num>
  <num>357</num>
  <num>358</num>
  <num>359</num>
  <num>360</num>
  <num>361</num>
  <num>362</num>
  <num>363</num>
  <num>364</num>
  <num>365</num>
  <num>366</num>
  <num>367</num>
  <num>368</num>
  <num>369</num>
  <num>370</num>
  <num>371</num>
  <num>372</num>
  <num>373</num>
  <num>374</num>
  <num>375</num>
  <num>376</num>
  <num>377</num>
  <num>378</num>
  <num>379</num>
  <num>380</num>
  <num>381</num>
  <num>382</num>
  <num>383</num>
  <num>384</num>
  <num>385</num>
  <num>386</num>
  <num>387</num>
  <num>388</num>
  <num>389</num>
  <num>390</num>
  <num>391</num>
  <num>392</num>
  <num>393</num>
  <num>394</num>
  <num>395</num>
  <num>396</num>
  <num>397</num>
  <num>398</num>
  <num>399</num>
  <num>400</num>
  <num>401</num>
  <num>402</num>
  <num>403</num>
  <num>404</num>
  <num>405</num>
  <num>406</num>
  <num>407</num>
  <num>408</num>
  <num>409</num>
  <num>410</num>
  <num>411</num>
  <num>412</num>
  <num>413</num>
  <num>414</num>
  <num>415</num>
  <num>416</num>
  <num>417</num>
  <num>418</num>
  <num>419</num>
  <num>420</num>
  <num>421</num>
  <num>422</num>
  <num>423</num>
  <num>424</num>
  <num>425</num>
  <num>426</num>
  <num>427</num>
  <num>428</num>
  <num>429</num>
  <num>430</num>
  <num>431</num>
  <num>432</num>
  <num>433</num>
  <num>434</num>
  <num>435</num>
  <num>436</num>
  <num>437</num>
  <num>438</num>
  <num>439</num>
  <num>440</num>
  <num>441</num>
  <num>442</num>
  <num>443</num>
  <num>444</num>
  <num>445</num>
  <num>446</num>
  <num>447</num>
  <num>448</num>
  <num>449</num>
  <num>450</num>
  <num>451</num>
  <num>452</num>
  <num>453</num>
  <num>454</num>
  <num>455</num>
  <num>456</num>
  <num>457</num>
  <num>458</num>
  <num>459</num>
  <num>460</num>
  <num>461</num>
  <num>462</num>
  <num>463</num>
  <num>464</num>
  <num>465</num>
  <num>466</num>
  <num>467</num>
  <num>468</num>
  <num>469</num>
  <num>470</num>
  <num>471</num>
  <num>472</num>
  <num>473</num>
  <num>474</num>
  <num>475</num>
  <num>476</num>
  <num>477</num>
  <num>478</num>
  <num>479</num>
  <num>480</num>
  <num>481</num>
  <num>482</num>
  <num>483</num>
  <num>484</num>
  <num>485</num>
  <num>486</num>
  <num>487</num>
  <num>488</num>
  <num>489</num>
  <num>490</num>
  <num>491</num>
  <num>492</num>
  <num>493</num>
  <num>494</num>
  <num>495</num>
  <num>496</num>
  <num>497</num>
  <num>498</num>
  <num>499</num>
  <num>500</num>
  <num>501</num>
  <num>502</num>
  <num>503</num>
  <num>504</num>
  <num>505</num>
  <num>506</num>
  <num>507</num>
  <num>508</num>
  <num>509</num>
  <num>510</num>
  <num>511</num>
  <num>512</num>
  <num>513</num>
  <num>514</num>
  <num>515</num>
  <num>516</num>
  <num>517</num>
  <num>518</num>
  <num>519</num>
  <num>520</num>
  <num>521</num>
  <num>522</num>
  <num>523</num>
  <num>524</num>
  <num>525</num>
  <num>526</num>
  <num>527</num>
  <num>528</num>
  <num>529</num>
  <num>530</num>
  <num>531</num>
  <num>532</num>
  <num>533</num>
  <num>534</num>
  <num>535</num>
  <num>536</num>
  <num>537</num>
  <num>538</num>
  <num>539</num>
  <num>540</num>
  <num>541</num>
  <num>542</num>
  <num>543</num>
  <num>544</num>
  <num>545</num>
  <num>546</num>
  <num>547</num>
  <num>548</num>
  <num>549</num>
  <num>550</num>
  <num>551</num>
  <num>552</num>
  <num>553</num>
  <num>554</num>
  <num>555</num>
  <num>556</num>
  <num>557</num>
  <num>558</num>
  <num>559</num>
  <num>560</num>
  <num>561</num>
  <num>562</num>
  <num>563</num>
  <num>564</num>
  <num>565</num>
  <num>566</num>
  <num>567</num>
  <num>568</num>
  <num>569</num>
  <num>570</num>
  <num>571</num>
  <num>572</num>
  <num>573</num>
  <num>574</num>
  <num>575</num>
  <num>576</num>
  <num>577</num>
  <num>578</num>
  <num>579</num>
  <num>580</num>
  <num>581</num>
  <num>582</num>
  <num>583</num>
  <num>584</num>
  <num>585</num>
  <num>586</num>
  <num>587</num>
  <num>588</num>
  <num>589</num>
  <num>590</num>
  <num>591</num>
  <num>592</num>
  <num>593</num>
  <num>594</num>
  <num>595</num>
  <num>596</num>
  <num>597</num>
  <num>598</num>
  <num>599</num>
  <num>600</num>
  <num>601</num>
  <num>602</num>
  <num>603</num>
  <num>604</num>
  <num>605</num>
  <num>606</num>
  <num>607</num>
  <num>608</num>
  <num>609</num>
  <num>610</num>
  <num>611</num>
  <num>612</num>
  <num>613</num>
  <num>614</num>
  <num>615</num>
  <num>616</num>
  <num>617</num>
  <num>618</num>
  <num>619</num>
  <num>620</num>
  <num>621</num>
  <num>622</num>
  <num>623</num>
  <num>624</num>
  <num>625</num>
  <num>626</num>
  <num>627</num>
  <num>628</num>
  <num>629</num>
  <num>630</num>
  <num>631</num>
  <num>632</num>
  <num>633</num>
  <num>634</num>
  <num>635</num>
  <num>636</num>
  <num>637</num>
  <num>638</num>
  <num>639</num>
  <num>640</num>
  <num>641</num>
  <num>642</num>
  <num>643</num>
  <num>644</num>
  <num>645</num>
  <num>646</num>
  <num>647</num>
  <num>648</num>
  <num>649</num>
  <num>650</num>
  <num>651</num>
  <num>652</num>
  <num>653</num>
  <num>654</num>
  <num>655</num>
  <num>656</num>
  <num>657</num>
  <num>658</num>
  <num>659</num>
  <num>660</num>
  <num>661</num>
  <num>662</num>
  <num>663</num>
  <num>664</num>
  <num>665</num>
  <num>666</num>
  <num>667</num>
  <num>668</num>
  <num>669</num>
  <num>670</num>
  <num>671</num>
  <num>672</num>
  <num>673</num>
  <num>674</num>
  <num>675</num>
  <num>676</num>
  <num>677</num>
  <num>678</num>
  <num>679</num>
  <num>680</num>
  <num>681</num>
  <num>682</num>
  <num>683</num>
  <num>684</num>
  <num>685</num>
  <num>686</num>
  <num>687</num>
  <num>688</num>
  <num>689</num>
  <num>690</num>
  <num>691</num>
  <num>692</num>
  <num>693</num>
  <num>694</num>
  <num>695</num>
  <num>696</num>
  <num>697</num>
  <num>698</num>
  <num>699</num>
  <num>700</num>
  <num>701</num>
  <num>702</num>
  <num>703</num>
  <num>704</num>
  <num>705</num>
  <num>706</num>
  <num>707</num>
  <num>708</num>
  <num>709</num>
  <num>710</num>
  <num>711</num>
  <num>712</num>
  <num>713</num>
  <num>714</num>
  <num>715</num>
  <num>716</num>
  <num>717</num>
  <num>718</num>
  <num>719</num>
  <num>720</num>
  <num>721</num>
  <num>722</num>
  <num>723</num>
  <num>724</num>
  <num>725</num>
  <num>726</num>
  <num>727</num>
  <num>728</num>
  <num>729</num>
  <num>730</num>
  <num>731</num>
  <num>732</num>
  <num>733</num>
  <num>734</num>
  <num>735</num>
  <num>736</num>
  <num>737</num>
  <num>738</num>
  <num>739</num>
  <num>740</num>
  <num>741</num>
  <num>742</num>
  <num>743</num>
  <num>744</num>
  <num>745</num>
  <num>746</num>
  <num>747</num>
  <num>748</num>
  <num>749</num>
  <num>750</num>
  <num>751</num>
  <num>752</num>
  <num>753</num>
  <num>754</num>
  <num>755</num>
  <num>756</num>
  <num>757</num>
  <num>758</num>
  <num>759</num>
  <num>760</num>
  <num>761</num>
  <num>762</num>
  <num>763</num>
  <num>764</num>
  <num>765</num>
  <num>766</num>
  <num>767</num>
  <num>768</num>
  <num>769</num>
  <num>770</num>
  <num>771</num>
  <num>772</num>
  <num>773</num>
  <num>774</num>
  <num>775</num>
  <num>776</num>
  <num>777</num>
  <num>778</num>
  <num>779</num>
  <num>780</num>
  <num>781</num>
  <num>782</num>
  <num>783</num>
  <num>784</num>
  <num>785</num>
  <num>786</num>
  <num>787</num>
  <num>788</num>
  <num>789</num>
  <num>790</num>
  <num>791</num>
  <num>792</num>
  <num>793</num>
  <num>794</num>
  <num>795</num>
  <num>796</num>
  <num>797</num>
  <num>798</num>
  <num>799</num>
  <num>800</num>
  <num>801</num>
  <num>802</num>
  <num>803</num>
  <num>804</num>
  <num>805</num>
  <num>806</num>
  <num>807</num>
  <num>808</num>
  <num>809</num>
  <num>810</num>
  <num>811</num>
  <num>812</num>
  <num>813</num>
  <num>814</num>
  <num>815</num>
  <num>816</num>
  <num>817</num>
  <num>818</num>
  <num>819</num>
  <num>820</num>
  <num>821</num>
  <num>822</num>
  <num>823</num>
  <num>824</num>
  <num>825</num>
  <num>826</num>
  <num>827</num>
  <num>828</num>
  <num>829</num>
  <num>830</num>
  <num>831</num>
  <num>832</num>
  <num>833</num>
  <num>834</num>
  <num>835</num>
  <num>836</num>
  <num>837</num>
  <num>838</num>
  <num>839</num>
  <num>840</num>
  <num>841</num>
  <num>842</num>
  <num>843</num>
  <num>844</num>
  <num>845</num>
  <num>846</num>
  <num>847</num>
  <num>848</num>
  <num>849</num>
  <num>850</num>
  <num>851</num>
  <num>852</num>
  <num>853</num>
  <num>854</num>
  <num>855</num>
  <num>856</num>
  <num>857</num>
  <num>858</num>
  <num>859</num>
  <num>860</num>
  <num>861</num>
  <num>862</num>
  <num>863</num>
  <num>864</num>
  <num>865</num>
  <num>866</num>
  <num>867</num>
  <num>868</num>
  <num>869</num>
  <num>870</num>
  <num>871</num>
  <num>872</num>
  <num>873</num>
  <num>874</num>
  <num>875</num>
  <num>876</num>
  <num>877</num>
  <num>878</num>
  <num>879</num>
  <num>880</num>
  <num>881</num>
  <num>882</num>
  <num>883</num>
  <num>884</num>
  <num>885</num>
  <num>886</num>
  <num>887</num>
  <num>888</num>
  <num>889</num>
  <num>890</num>
  <num>891</num>
  <num>892</num>
  <num>893</num>
  <num>894</num>
  <num>895</num>
  <num>896</num>
  <num>897</num>
  <num>898</num>
  <num>899</num>
  <num>900</num>
  <num>901</num>
  <num>902</num>
  <num>903</num>
  <num>904</num>
  <num>905</num>
  <num>906</num>
  <num>907</num>
  <num>908</num>
  <num>909</num>
  <num>910</num>
  <num>911</num>
  <num>912</num>
  <num>913</num>
  <num>914</num>
  <num>915</num>
  <num>916</num>
  <num>917</num>
  <num>918</num>
  <num>919</num>
  <num>920</num>
  <num>921</num>
  <num>922</num>
  <num>923</num>
  <num>924</num>
  <num>925</num>
  <num>926</num>
  <num>927</num>
  <num>928</num>
  <num>929</num>
  <num>930</num>
  <num>931</num>
  <num>932</num>
  <num>933</num>
  <num>934</num>
  <num>935</num>
  <num>936</num>
  <num>937</num>
  <num>938</num>
  <num>939</num>
  <num>940</num>
  <num>941</num>
  <num>942</num>
  <num>943</num>
  <num>944</num>
  <num>945</num>
  <num>946</num>
  <num>947</num>
  <num>948</num>
  <num>949</num>
  <num>950</num>
  <num>951</num>
  <num>952</num>
  <num>953</num>
  <num>954</num>
  <num>955</num>
  <num>956</num>
  <num>957</num>
  <num>958</num>
  <num>959</num>
  <num>960</num>
  <num>961</num>
  <num>962</num>
  <num>963</num>
  <num>964</num>
  <num>965</num>
  <num>966</num>
  <num>967</num>
  <num>968</num>
  <num>969</num>
  <num>970</num>
  <num>971</num>
  <num>972</num>
  <num>973</num>
  <num>974</num>
  <num>975</num>
  <num>976</num>
  <num>977</num>
  <num>978</num>
  <num>979</num>
  <num>980</num>
  <num>981</num>
  <num>982</num>
  <num>983</num>
  <num>984</num>
  <num>985</num>
  <num>986</num>
  <num>987</num>
  <num>988</num>
  <num>989</num>
  <num>990</num>
  <num>991</num>
  <num>992</num>
  <num>993</num>
  <num>994</num>
  <num>995</num>
  <num>996</num>
  <num>997</num>
  <num>998</num>
  <num>999</num>
  <num>1000</num>
  <num>1001</num>
  <num>1002</num>
  <num>1003</num>
  <num>1004</num>
  <num>1005</num>
  <num>1006</num>
  <num>1007</num>
  <num>1008</num>
  <num>1009</num>
  <num>1010</num>
  <num>1011</num>
  <num>1012</num>
  <num>1013</num>
  <num>1014</num>
  <num>1015</num>
  <num>1016</num>
  <num>1017</num>
  <num>1018</num>
  <num>1019</num>
  <num>1020</num>
  <num>1021</num>
  <num>1022</num>
  <num>1023</num>
  <num>1024</num>
  <num>1025</num>
  <num>1026</num>
  <num>1027</num>
  <num>1028</num>
  <num>1029</num>
  <num>1030</num>
  <num>1031</num>
  <num>1032</num>
  <num>1033</num>
  <num>1034</num>
  <num>1035</num>
  <num>1036</num>
  <num>1037</num>
  <num>1038</num>
  <num>1039</num>
  <num>1040</num>
  <num>1041</num>
  <num>1042</num>
  <num>1043</num>
  <num>1044</num>
  <num>1045</num>
  <num>1046</num>
  <num>1047</num>
  <num>1048</num>
  <num>1049</num>
  <num>1050</num>
  <num>1051</num>
  <num>1052</num>
  <num>1053</num>
  <num>1054</num>
  <num>1055</num>
  <num>1056</num>
  <num>1057</num>
  <num>1058</num>
  <num>1059</num>
  <num>1060</num>
  <num>1061</num>
  <num>1062</num>
  <num>1063</num>
  <num>1064</num>
  <num>1065</num>
  <num>1066</num>
  <num>1067</num>
  <num>1068</num>
  <num>1069</num>
  <num>1070</num>
  <num>1071</num>
  <num>1072</num>
  <num>1073</num>
  <num>1074</num>
  <num>1075</num>
  <num>1076</num>
  <num>1077</num>
  <num>1078</num>
  <num>1079</num>
  <num>1080</num>
  <num>1081</num>
  <num>1082</num>
  <num>1083</num>
  <num>1084</num>
  <num>1085</num>
  <num>1086</num>
  <num>1087</num>
  <num>1088</num>
  <num>1089</num>
  <num>1090</num>
  <num>1091</num>
  <num>1092</num>
  <num>1093</num>
  <num>1094</num>
  <num>1095</num>
  <num>1096</num>
  <num>1097</num>
  <num>1098</num>
  <num>1099</num>
  <num>1100</num>
  <num>1101</num>
  <num>1102</num>
  <num>1103</num>
  <num>1104</num>
  <num>1105</num>
  <num>1106</num>
  <num>1107</num>
  <num>1108</num>
  <num>1109</num>
  <num>1110</num>
  <num>1111</num>
  <num>1112</num>
  <num>1113</num>
  <num>1114</num>
  <num>1115</num>
  <num>1116</num>
  <num>1117</num>
  <num>1118</num>
  <num>1119</num>
  <num>1120</num>
  <num>1121</num>
  <num>1122</num>
  <num>1123</num>
  <num>1124</num>
  <num>1125</num>
  <num>1126</num>
  <num>1127</num>
  <num>1128</num>
  <num>1129</num>
  <num>1130</num>
  <num>1131</num>
  <num>1132</num>
  <num>1133</num>
  <num>1134</num>
  <num>1135</num>
  <num>1136</num>
  <num>1137</num>
  <num>1138</num>
  <num>1139</num>
  <num>1140</num>
  <num>1141</num>
  <num>1142</num>
  <num>1143</num>
  <num>1144</num>
  <num>1145</num>
  <num>1146</num>
  <num>1147</num>
  <num>1148</num>
  <num>1149</num>
  <num>1150</num>
  <num>1151</num>
  <num>1152</num>
  <num>1153</num>
  <num>1154</num>
  <num>1155</num>
  <num>1156</num>
  <num>1157</num>
  <num>1158</num>
  <num>1159</num>
  <num>1160</num>
  <num>1161</num>
  <num>1162</num>
  <num>1163</num>
  <num>1164</num>
  <num>1165</num>
  <num>1166</num>
  <num>1167</num>
  <num>1168</num>
  <num>1169</num>
  <num>1170</num>
  <num>1171</num>
  <num>1172</num>
  <num>1173</num>
  <num>1174</num>
  <num>1175</num>
  <num>1176</num>
  <num>1177</num>
  <num>1178</num>
  <num>1179</num>
  <num>1180</num>
  <num>1181</num>
  <num>1182</num>
  <num>1183</num>
  <num>1184</num>
  <num>1185</num>
  <num>1186</num>
  <num>1187</num>
  <num>1188</num>
  <num>1189</num>
  <num>1190</num>
  <num>1191</num>
  <num>1192</num>
  <num>1193</num>
  <num>1194</num>
  <num>1195</num>
  <num>1196</num>
  <num>1197</num>
  <num>1198</num>
  <num>1199</num>
  <num>1200</num>
  <num>1201</num>
  <num>1202</num>
  <num>1203</num>
  <num>1204</num>
  <num>1205</num>
  <num>1206</num>
  <num>1207</num>
  <num>1208</num>
  <num>1209</num>
  <num>1210</num>
  <num>1211</num>
  <num>1212</num>
  <num>1213</num>
  <num>1214</num>
  <num>1215</num>
  <num>1216</num>
  <num>1217</num>
  <num>1218</num>
  <num>1219</num>
  <num>1220</num>
  <num>1221</num>
  <num>1222</num>
  <num>1223</num>
  <num>1224</num>
  <num>1225</num>
  <num>1226</num>
  <num>1227</num>
  <num>1228</num>
  <num>1229</num>
  <num>1230</num>
  <num>1231</num>
  <num>1232</num>
  <num>1233</num>
  <num>1234</num>
  <num>1235</num>
  <num>1236</num>
  <num>1237</num>
  <num>1238</num>
  <num>1239</num>
  <num>1240</num>
  <num>1241</num>
  <num>1242</num>
  <num>1243</num>
  <num>1244</num>
  <num>1245</num>
  <num>1246</num>
  <num>1247</num>
  <num>1248</num>
  <num>1249</num>
  <num>1250</num>
  <num>1251</num>
  <num>1252</num>
  <num>1253</num>
  <num>1254</num>
  <num>1255</num>
  <num>1256</num>
  <num>1257</num>
  <num>1258</num>
  <num>1259</num>
  <num>1260</num>
  <num>1261</num>
  <num>1262</num>
  <num>1263</num>
  <num>1264</num>
  <num>1265</num>
  <num>1266</num>
  <num>1267</num>
  <num>1268</num>
  <num>1269</num>
  <num>1270</num>
  <num>1271</num>
  <num>1272</num>
  <num>1273</num>
  <num>1274</num>
  <num>1275</num>
  <num>1276</num>
  <num>1277</num>
  <num>1278</num>
  <num>1279</num>
  <num>1280</num>
  <num>1281</num>
  <num>1282</num>
  <num>1283</num>
  <num>1284</num>
  <num>1285</num>
  <num>1286</num>
  <num>1287</num>
  <num>1288</num>
  <num>1289</num>
  <num>1290</num>
  <num>1291</num>
  <num>1292</num>
  <num>1293</num>
  <num>1294</num>
  <num>1295</num>
  <num>1296</num>
  <num>1297</num>
  <num>1298</num>
  <num>1299</num>
  <num>1300</num>
  <num>1301</num>
  <num>1302</num>
  <num>1303</num>
  <num>1304</num>
  <num>1305</num>
  <num>1306</num>
  <num>1307</num>
  <num>1308</num>
  <num>1309</num>
  <num>1310</num>
  <num>1311</num>
  <num>1312</num>
  <num>1313</num>
  <num>1314</num>
  <num>1315</num>
  <num>1316</num>
  <num>1317</num>
  <num>1318</num>
  <num>1319</num>
  <num>1320</num>
  <num>1321</num>
  <num>1322</num>
  <num>1323</num>
  <num>1324</num>
  <num>1325</num>
  <num>1326</num>
  <num>1327</num>
  <num>1328</num>
  <num>1329</num>
  <num>1330</num>
  <num>1331</num>
  <num>1332</num>
  <num>1333</num>
  <num>1334</num>
  <num>1335</num>
  <num>1336</num>
  <num>1337</num>
  <num>1338</num>
  <num>1339</num>
  <num>1340</num>
  <num>1341</num>
  <num>1342</num>
  <num>1343</num>
  <num>1344</num>
  <num>1345</num>
  <num>1346</num>
  <num>1347</num>
  <num>1348</num>
  <num>1349</num>
  <num>1350</num>
  <num>1351</num>
  <num>1352</num>
  <num>1353</num>
  <num>1354</num>
  <num>1355</num>
  <num>1356</num>
  <num>1357</num>
  <num>1358</num>
  <num>1359</num>
  <num>1360</num>
  <num>1361</num>
  <num>1362</num>
  <num>1363</num>
  <num>1364</num>
  <num>1365</num>
  <num>1366</num>
  <num>1367</num>
  <num>1368</num>
  <num>1369</num>
  <num>1370</num>
  <num>1371</num>
  <num>1372</num>
  <num>1373</num>
  <num>1374</num>
  <num>1375</num>
  <num>1376</num>
  <num>1377</num>
  <num>1378</num>
  <num>1379</num>
  <num>1380</num>
  <num>1381</num>
  <num>1382</num>
  <num>1383</num>
  <num>1384</num>
  <num>1385</num>
  <num>1386</num>
  <num>1387</num>
  <num>1388</num>
  <num>1389</num>
  <num>1390</num>
  <num>1391</num>
  <num>1392</num>
  <num>1393</num>
  <num>1394</num>
  <num>1395</num>
  <num>1396</num>
  <num>1397</num>
  <num>1398</num>
  <num>1399</num>
  <num>1400</num>
  <num>1401</num>
  <num>1402</num>
  <num>1403</num>
  <num>1404</num>
  <num>1405</num>
  <num>1406</num>
  <num>1407</num>
  <num>1408</num>
  <num>1409</num>
  <num>1410</num>
  <num>1411</num>
  <num>1412</num>
  <num>1413</num>
  <num>1414</num>
  <num>1415</num>
  <num>1416</num>
  <num>1417</num>
  <num>1418</num>
  <num>1419</num>
  <num>1420</num>
  <num>1421</num>
  <num>1422</num>
  <num>1423</num>
  <num>1424</num>
  <num>1425</num>
  <num>1426</num>
  <num>1427</num>
  <num>1428</num>
  <num>1429</num>
  <num>1430</num>
  <num>1431</num>
  <num>1432</num>
  <num>1433</num>
  <num>1434</num>
  <num>1435</num>
  <num>1436</num>
  <num>1437</num>
  <num>1438</num>
  <num>1439</num>
  <num>1440</num>
  <num>1441</num>
  <num>1442</num>
  <num>1443</num>
  <num>1444</num>
  <num>1445</num>
  <num>1446</num>
  <num>1447</num>
  <num>1448</num>
  <num>1449</num>
  <num>1450</num>
  <num>1451</num>
  <num>1452</num>
  <num>1453</num>
  <num>1454</num>
  <num>1455</num>
  <num>1456</num>
  <num>1457</num>
  <num>1458</num>
  <num>1459</num>
  <num>1460</num>
  <num>1461</num>
  <num>1462</num>
  <num>1463</num>
  <num>1464</num>
  <num>1465</num>
  <num>1466</num>
  <num>1467</num>
  <num>1468</num>
  <num>1469</num>
  <num>1470</num>
  <num>1471</num>
  <num>1472</num>
  <num>1473</num>
  <num>1474</num>
  <num>1475</num>
  <num>1476</num>
  <num>1477</num>
  <num>1478</num>
  <num>1479</num>
  <num>1480</num>
  <num>1481</num>
  <num>1482</num>
  <num>1483</num>
  <num>1484</num>
  <num>1485</num>
  <num>1486</num>
  <num>1487</num>
  <num>1488</num>
  <num>1489</num>
  <num>1490</num>
  <num>1491</num>
  <num>1492</num>
  <num>1493</num>
  <num>1494</num>
  <num>1495</num>
  <num>1496</num>
  <num>1497</num>
  <num>1498</num>
  <num>1499</num>
  <num>1500</num>
  <num>1501</num>
  <num>1502</num>
  <num>1503</num>
  <num>1504</num>
  <num>1505</num>
  <num>1506</num>
  <num>1507</num>
  <num>1508</num>
  <num>1509</num>
  <num>1510</num>
  <num>1511</num>
  <num>1512</num>
  <num>1513</num>
  <num>1514</num>
  <num>1515</num>
  <num>1516</num>
  <num>1517</num>
  <num>1518</num>
  <num>1519</num>
  <num>1520</num>
  <num>1521</num>
  <num>1522</num>
  <num>1523</num>
  <num>1524</num>
  <num>1525</num>
  <num>1526</num>
  <num>1527</num>
  <num>1528</num>
  <num>1529</num>
  <num>1530</num>
  <num>1531</num>
  <num>1532</num>
  <num>1533</num>
  <num>1534</num>
  <num>1535</num>
  <num>1536</num>
  <num>1537</num>
  <num>1538</num>
  <num>1539</num>
  <num>1540</num>
  <num>1541</num>
  <num>1542</num>
  <num>1543</num>
  <num>1544</num>
  <num>1545</num>
  <num>1546</num>
  <num>1547</num>
  <num>1548</num>
  <num>1549</num>
  <num>1550</num>
  <num>1551</num>
  <num>1552</num>
  <num>1553</num>
  <num>1554</num>
  <num>1555</num>
  <num>1556</num>
  <num>1557</num>
  <num>1558</num>
  <num>1559</num>
  <num>1560</num>
  <num>1561</num>
  <num>1562</num>
  <num>1563</num>
  <num>1564</num>
  <num>1565</num>
  <num>1566</num>
  <num>1567</num>
  <num>1568</num>
  <num>1569</num>
  <num>1570</num>
  <num>1571</num>
  <num>1572</num>
  <num>1573</num>
  <num>1574</num>
  <num>1575</num>
  <num>1576</num>
  <num>1577</num>
  <num>1578</num>
  <num>1579</num>
  <num>1580</num>
  <num>1581</num>
  <num>1582</num>
  <num>1583</num>
  <num>1584</num>
  <num>1585</num>
  <num>1586</num>
  <num>1587</num>
  <num>1588</num>
  <num>1589</num>
  <num>1590</num>
  <num>1591</num>
  <num>1592</num>
  <num>1593</num>
  <num>1594</num>
  <num>1595</num>
  <num>1596</num>
  <num>1597</num>
  <num>1598</num>
  <num>1599</num>
  <num>1600</num>
  <num>1601</num>
  <num>1602</num>
  <num>1603</num>
  <num>1604</num>
  <num>1605</num>
  <num>1606</num>
  <num>1607</num>
  <num>1608</num>
  <num>1609</num>
  <num>1610</num>
  <num>1611</num>
  <num>1612</num>
  <num>1613</num>
  <num>1614</num>
  <num>1615</num>
  <num>1616</num>
  <num>1617</num>
  <num>1618</num>
  <num>1619</num>
  <num>1620</num>
  <num>1621</num>
  <num>1622</num>
  <num>1623</num>
  <num>1624</num>
  <num>1625</num>
  <num>1626</num>
  <num>1627</num>
  <num>1628</num>
  <num>1629</num>
  <num>1630</num>
  <num>1631</num>
  <num>1632</num>
  <num>1633</num>
  <num>1634</num>
  <num>1635</num>
  <num>1636</num>
  <num>1637</num>
  <num>1638</num>
  <num>1639</num>
  <num>1640</num>
  <num>1641</num>
  <num>1642</num>
  <num>1643</num>
  <num>1644</num>
  <num>1645</num>
  <num>1646</num>
  <num>1647</num>
  <num>1648</num>
  <num>1649</num>
  <num>1650</num>
  <num>1651</num>
  <num>1652</num>
  <num>1653</num>
  <num>1654</num>
  <num>1655</num>
  <num>1656</num>
  <num>1657</num>
  <num>1658</num>
  <num>1659</num>
  <num>1660</num>
  <num>1661</num>
  <num>1662</num>
  <num>1663</num>
  <num>1664</num>
  <num>1665</num>
  <num>1666</num>
  <num>1667</num>
  <num>1668</num>
  <num>1669</num>
  <num>1670</num>
  <num>1671</num>
  <num>1672</num>
  <num>1673</num>
  <num>1674</num>
  <num>1675</num>
  <num>1676</num>
  <num>1677</num>
  <num>1678</num>
  <num>1679</num>
  <num>1680</num>
  <num>1681</num>
  <num>1682</num>
  <num>1683</num>
  <num>1684</num>
  <num>1685</num>
  <num>1686</num>
  <num>1687</num>
  <num>1688</num>
  <num>1689</num>
  <num>1690</num>
  <num>1691</num>
  <num>1692</num>
  <num>1693</num>
  <num>1694</num>
  <num>1695</num>
  <num>1696</num>
  <num>1697</num>
  <num>1698</num>
  <num>1699</num>
  <num>1700</num>
  <num>1701</num>
  <num>1702</num>
  <num>1703</num>
  <num>1704</num>
  <num>1705</num>
  <num>1706</num>
  <num>1707</num>
  <num>1708</num>
  <num>1709</num>
  <num>1710</num>
  <num>1711</num>
  <num>1712</num>
  <num>1713</num>
  <num>1714</num>
  <num>1715</num>
  <num>1716</num>
  <num>1717</num>
  <num>1718</num>
  <num>1719</num>
  <num>1720</num>
  <num>1721</num>
  <num>1722</num>
  <num>1723</num>
  <num>1724</num>
  <num>1725</num>
  <num>1726</num>
  <num>1727</num>
  <num>1728</num>
  <num>1729</num>
  <num>1730</num>
  <num>1731</num>
  <num>1732</num>
  <num>1733</num>
  <num>1734</num>
  <num>1735</num>
  <num>1736</num>
  <num>1737</num>
  <num>1738</num>
  <num>1739</num>
  <num>1740</num>
  <num>1741</num>
  <num>1742</num>
  <num>1743</num>
  <num>1744</num>
  <num>1745</num>
  <num>1746</num>
  <num>1747</num>
  <num>1748</num>
  <num>1749</num>
  <num>1750</num>
  <num>1751</num>
  <num>1752</num>
  <num>1753</num>
  <num>1754</num>
  <num>1755</num>
  <num>1756</num>
  <num>1757</num>
  <num>1758</num>
  <num>1759</num>
  <num>1760</num>
  <num>1761</num>
  <num>1762</num>
  <num>1763</num>
  <num>1764</num>
  <num>1765</num>
  <num>1766</num>
  <num>1767</num>
  <num>1768</num>
  <num>1769</num>
  <num>1770</num>
  <num>1771</num>
  <num>1772</num>
  <num>1773</num>
  <num>1774</num>
  <num>1775</num>
  <num>1776</num>
  <num>1777</num>
  <num>1778</num>
  <num>1779</num>
  <num>1780</num>
  <num>1781</num>
  <num>1782</num>
  <num>1783</num>
  <num>1784</num>
  <num>1785</num>
  <num>1786</num>
  <num>1787</num>
  <num>1788</num>
  <num>1789</num>
  <num>1790</num>
  <num>1791</num>
  <num>1792</num>
  <num>1793</num>
  <num>1794</num>
  <num>1795</num>
  <num>1796</num>
  <num>1797</num>
  <num>1798</num>
  <num>1799</num>
  <num>1800</num>
  <num>1801</num>
  <num>1802</num>
  <num>1803</num>
  <num>1804</num>
  <num>1805</num>
  <num>1806</num>
  <num>1807</num>
  <num>1808</num>
  <num>1809</num>
  <num>1810</num>
  <num>1811</num>
  <num>1812</num>
  <num>1813</num>
  <num>1814</num>
  <num>1815</num>
  <num>1816</num>
  <num>1817</num>
  <num>1818</num>
  <num>1819</num>
  <num>1820</num>
  <num>1821</num>
  <num>1822</num>
  <num>1823</num>
  <num>1824</num>
  <num>1825</num>
  <num>1826</num>
  <num>1827</num>
  <num>1828</num>
  <num>1829</num>
  <num>1830</num>
  <num>1831</num>
  <num>1832</num>
  <num>1833</num>
  <num>1834</num>
  <num>1835</num>
  <num>1836</num>
  <num>1837</num>
  <num>1838</num>
  <num>1839</num>
  <num>1840</num>
  <num>1841</num>
  <num>1842</num>
  <num>1843</num>
  <num>1844</num>
  <num>1845</num>
  <num>1846</num>
  <num>1847</num>
  <num>1848</num>
  <num>1849</num>
  <num>1850</num>
  <num>1851</num>
  <num>1852</num>
  <num>1853</num>
  <num>1854</num>
  <num>1855</num>
  <num>1856</num>
  <num>1857</num>
  <num>1858</num>
  <num>1859</num>
  <num>1860</num>
  <num>1861</num>
  <num>1862</num>
  <num>1863</num>
  <num>1864</num>
  <num>1865</num>
  <num>1866</num>
  <num>1867</num>
  <num>1868</num>
  <num>1869</num>
  <num>1870</num>
  <num>1871</num>
  <num>1872</num>
  <num>1873</num>
  <num>1874</num>
  <num>1875</num>
  <num>1876</num>
  <num>1877</num>
  <num>1878</num>
  <num>1879</num>
  <num>1880</num>
  <num>1881</num>
  <num>1882</num>
  <num>1883</num>
  <num>1884</num>
  <num>1885</num>
  <num>1886</num>
  <num>1887</num>
  <num>1888</num>
  <num>1889</num>
  <num>1890</num>
  <num>1891</num>
  <num>1892</num>
  <num>1893</num>
  <num>1894</num>
  <num>1895</num>
  <num>1896</num>
  <num>1897</num>
  <num>1898</num>
  <num>1899</num>
  <num>1900</num>
  <num>1901</num>
  <num>1902</num>
  <num>1903</num>
  <num>1904</num>
  <num>1905</num>
  <num>1906</num>
  <num>1907</num>
  <num>1908</num>
  <num>1909</num>
  <num>1910</num>
  <num>1911</num>
  <num>1912</num>
  <num>1913</num>
  <num>1914</num>
  <num>1915</num>
  <num>1916</num>
  <num>1917</num>
  <num>1918</num>
  <num>1919</num>
  <num>1920</num>
  <num>1921</num>
  <num>1922</num>
  <num>1923</num>
  <num>1924</num>
  <num>1925</num>
  <num>1926</num>
  <num>1927</num>
  <num>1928</num>
  <num>1929</num>
  <num>1930</num>
  <num>1931</num>
  <num>1932</num>
  <num>1933</num>
  <num>1934</num>
  <num>1935</num>
  <num>1936</num>
  <num>1937</num>
  <num>1938</num>
  <num>1939</num>
  <num>1940</num>
  <num>1941</num>
  <num>1942</num>
  <num>1943</num>
  <num>1944</num>
  <num>1945</num>
  <num>1946</num>
  <num>1947</num>
  <num>1948</num>
  <num>1949</num>
  <num>1950</num>
  <num>1951</num>
  <num>1952</num>
  <num>1953</num>
  <num>1954</num>
  <num>1955</num>
  <num>1956</num>
  <num>1957</num>
  <num>1958</num>
  <num>1959</num>
  <num>1960</num>
  <num>1961</num>
  <num>1962</num>
  <num>1963</num>
  <num>1964</num>
  <num>1965</num>
  <num>1966</num>
  <num>1967</num>
  <num>1968</num>
  <num>1969</num>
  <num>1970</num>
  <num>1971</num>
  <num>1972</num>
  <num>1973</num>
  <num>1974</num>
  <num>1975</num>
  <num>1976</num>
  <num>1977</num>
  <num>1978</num>
  <num>1979</num>
  <num>1980</num>
  <num>1981</num>
  <num>1982</num>
  <num>1983</num>
  <num>1984</num>
  <num>1985</num>
  <num>1986</num>
  <num>1987</num>
  <num>1988</num>
  <num>1989</num>
  <num>1990</num>
  <num>1991</num>
  <num>1992</num>
  <num>1993</num>
  <num>1994</num>
  <num>1995</num>
  <num>1996</num>
  <num>1997</num>
  <num>1998</num>
  <num>1999</num>
  <num>2000</num>
  <num>2001</num>
  <num>2002</num>
  <num>2003</num>
  <num>2004</num>
  <num>2005</num>
  <num>2006</num>
  <num>2007</num>
  <num>2008</num>
  <num>2009</num>
  <num>2010</num>
  <num>2011</num>
  <num>2012</num>
  <num>2013</num>
  <num>2014</num>
  <num>2015</num>
  <num>2016</num>
  <num>2017</num>
  <num>2018</num>
  <num>2019</num>
  <num>2020</num>
  <num>2021</num>
  <num>2022</num>
  <num>2023</num>
  <num>2024</num>
  <num>2025</num>
  <num>2026</num>
  <num>2027</num>
  <num>2028</num>
  <num>2029</num>
  <num>2030</num>
  <num>2031</num>
  <num>2032</num>
  <num>2033</num>
  <num>2034</num>
  <num>2035</num>
  <num>2036</num>
  <num>2037</num>
  <num>2038</num>
  <num>2039</num>
  <num>2040</num>
  <num>2041</num>
  <num>2042</num>
  <num>2043</num>
  <num>2044</num>
  <num>2045</num>
  <num>2046</num>
  <num>2047</num>
  <num>2048</num>
  <num>2049</num>
  <num>2050</num>
  <num>2051</num>
  <num>2052</num>
  <num>2053</num>
  <num>2054</num>
  <num>2055</num>
  <num>2056</num>
  <num>2057</num>
  <num>2058</num>
  <num>2059</num>
  <num>2060</num>
  <num>2061</num>
  <num>2062</num>
  <num>2063</num>
  <num>2064</num>
  <num>2065</num>
  <num>2066</num>
  <num>2067</num>
  <num>2068</num>
  <num>2069</num>
  <num>2070</num>
  <num>2071</num>
  <num>2072</num>
  <num>2073</num>
  <num>2074</num>
  <num>2075</num>
  <num>2076</num>
  <num>2077</num>
  <num>2078</num>
  <num>2079</num>
  <num>2080</num>
  <num>2081</num>
  <num>2082</num>
  <num>2083</num>
  <num>2084</num>
  <num>2085</num>
  <num>2086</num>
  <num>2087</num>
  <num>2088</num>
  <num>2089</num>
  <num>2090</num>
  <num>2091</num>
  <num>2092</num>
  <num>2093</num>
  <num>2094</num>
  <num>2095</num>
  <num>2096</num>
  <num>2097</num>
  <num>2098</num>
  <num>2099</num>
  <num>2100</num>
  <num>2101</num>
  <num>2102</num>
  <num>2103</num>
  <num>2104</num>
  <num>2105</num>
  <num>2106</num>
  <num>2107</num>
  <num>2108</num>
  <num>2109</num>
  <num>2110</num>
  <num>2111</num>
  <num>2112</num>
  <num>2113</num>
  <num>2114</num>
  <num>2115</num>
  <num>2116</num>
  <num>2117</num>
  <num>2118</num>
  <num>2119</num>
  <num>2120</num>
  <num>2121</num>
  <num>2122</num>
  <num>2123</num>
  <num>2124</num>
  <num>2125</num>
  <num>2126</num>
  <num>2127</num>
  <num>2128</num>
  <num>2129</num>
  <num>2130</num>
  <num>2131</num>
  <num>2132</num>
  <num>2133</num>
  <num>2134</num>
  <num>2135</num>
  <num>2136</num>
  <num>2137</num>
  <num>2138</num>
  <num>2139</num>
  <num>2140</num>
  <num>2141</num>
  <num>2142</num>
  <num>2143</num>
  <num>2144</num>
  <num>2145</num>
  <num>2146</num>
  <num>2147</num>
  <num>2148</num>
  <num>2149</num>
  <num>2150</num>
  <num>2151</num>
  <num>2152</num>
  <num>2153</num>
  <num>2154</num>
  <num>2155</num>
  <num>2156</num>
  <num>2157</num>
  <num>2158</num>
  <num>2159</num>
  <num>2160</num>
  <num>2161</num>
  <num>2162</num>
  <num>2163</num>
  <num>2164</num>
  <num>2165</num>
  <num>2166</num>
  <num>2167</num>
  <num>2168</num>
  <num>2169</num>
  <num>2170</num>
  <num>2171</num>
  <num>2172</num>
  <num>2173</num>
  <num>2174</num>
  <num>2175</num>
  <num>2176</num>
  <num>2177</num>
  <num>2178</num>
  <num>2179</num>
  <num>2180</num>
  <num>2181</num>
  <num>2182</num>
  <num>2183</num>
  <num>2184</num>
  <num>2185</num>
  <num>2186</num>
  <num>2187</num>
  <num>2188</num>
  <num>2189</num>
  <num>2190</num>
  <num>2191</num>
  <num>2192</num>
  <num>2193</num>
  <num>2194</num>
  <num>2195</num>
  <num>2196</num>
  <num>2197</num>
  <num>2198</num>
  <num>2199</num>
  <num>2200</num>
  <num>2201</num>
  <num>2202</num>
  <num>2203</num>
  <num>2204</num>
  <num>2205</num>
  <num>2206</num>
  <num>2207</num>
  <num>2208</num>
  <num>2209</num>
  <num>2210</num>
  <num>2211</num>
  <num>2212</num>
  <num>2213</num>
  <num>2214</num>
  <num>2215</num>
  <num>2216</num>
  <num>2217</num>
  <num>2218</num>
  <num>2219</num>
  <num>2220</num>
  <num>2221</num>
  <num>2222</num>
  <num>2223</num>
  <num>2224</num>
  <num>2225</num>
  <num>2226</num>
  <num>2227</num>
  <num>2228</num>
  <num>2229</num>
  <num>2230</num>
  <num>2231</num>
  <num>2232</num>
  <num>2233</num>
  <num>2234</num>
  <num>2235</num>
  <num>2236</num>
  <num>2237</num>
  <num>2238</num>
  <num>2239</num>
  <num>2240</num>
  <num>2241</num>
  <num>2242</num>
  <num>2243</num>
  <num>2244</num>
  <num>2245</num>
  <num>2246</num>
  <num>2247</num>
  <num>2248</num>
  <num>2249</num>
  <num>2250</num>
  <num>2251</num>
  <num>2252</num>
  <num>2253</num>
  <num>2254</num>
  <num>2255</num>
  <num>2256</num>
  <num>2257</num>
  <num>2258</num>
  <num>2259</num>
  <num>2260</num>
  <num>2261</num>
  <num>2262</num>
  <num>2263</num>
  <num>2264</num>
  <num>2265</num>
  <num>2266</num>
  <num>2267</num>
  <num>2268</num>
  <num>2269</num>
  <num>2270</num>
  <num>2271</num>
  <num>2272</num>
  <num>2273</num>
  <num>2274</num>
  <num>2275</num>
  <num>2276</num>
  <num>2277</num>
  <num>2278</num>
  <num>2279</num>
  <num>2280</num>
  <num>2281</num>
  <num>2282</num>
  <num>2283</num>
  <num>2284</num>
  <num>2285</num>
  <num>2286</num>
  <num>2287</num>
  <num>2288</num>
  <num>2289</num>
  <num>2290</num>
  <num>2291</num>
  <num>2292</num>
  <num>2293</num>
  <num>2294</num>
  <num>2295</num>
  <num>2296</num>
  <num>2297</num>
  <num>2298</num>
  <num>2299</num>
  <num>2300</num>
  <num>2301</num>
  <num>2302</num>
  <num>2303</num>
  <num>2304</num>
  <num>2305</num>
  <num>2306</num>
  <num>2307</num>
  <num>2308</num>
  <num>2309</num>
  <num>2310</num>
  <num>2311</num>
  <num>2312</num>
  <num>2313</num>
  <num>2314</num>
  <num>2315</num>
  <num>2316</num>
  <num>2317</num>
  <num>2318</num>
  <num>2319</num>
  <num>2320</num>
  <num>2321</num>
  <num>2322</num>
  <num>2323</num>
  <num>2324</num>
  <num>2325</num>
  <num>2326</num>
  <num>2327</num>
  <num>2328</num>
  <num>2329</num>
  <num>2330</num>
  <num>2331</num>
  <num>2332</num>
  <num>2333</num>
  <num>2334</num>
  <num>2335</num>
  <num>2336</num>
  <num>2337</num>
  <num>2338</num>
  <num>2339</num>
  <num>2340</num>
  <num>2341</num>
  <num>2342</num>
  <num>2343</num>
  <num>2344</num>
  <num>2345</num>
  <num>2346</num>
  <num>2347</num>
  <num>2348</num>
  <num>2349</num>
  <num>2350</num>
  <num>2351</num>
  <num>2352</num>
  <num>2353</num>
  <num>2354</num>
  <num>2355</num>
  <num>2356</num>
  <num>2357</num>
  <num>2358</num>
  <num>2359</num>
  <num>2360</num>
  <num>2361</num>
  <num>2362</num>
  <num>2363</num>
  <num>2364</num>
  <num>2365</num>
  <num>2366</num>
  <num>2367</num>
  <num>2368</num>
  <num>2369</num>
  <num>2370</num>
  <num>2371</num>
  <num>2372</num>
  <num>2373</num>
  <num>2374</num>
  <num>2375</num>
  <num>2376</num>
  <num>2377</num>
  <num>2378</num>
  <num>2379</num>
  <num>2380</num>
  <num>2381</num>
  <num>2382</num>
  <num>2383</num>
  <num>2384</num>
  <num>2385</num>
  <num>2386</num>
  <num>2387</num>
  <num>2388</num>
  <num>2389</num>
  <num>2390</num>
  <num>2391</num>
  <num>2392</num>
  <num>2393</num>
  <num>2394</num>
  <num>2395</num>
  <num>2396</num>
  <num>2397</num>
  <num>2398</num>
  <num>2399</num>
  <num>2400</num>
  <num>2401</num>
  <num>2402</num>
  <num>2403</num>
  <num>2404</num>
  <num>2405</num>
  <num>2406</num>
  <num>2407</num>
  <num>2408</num>
  <num>2409</num>
  <num>2410</num>
  <num>2411</num>
  <num>2412</num>
  <num>2413</num>
  <num>2414</num>
  <num>2415</num>
  <num>2416</num>
  <num>2417</num>
  <num>2418</num>
  <num>2419</num>
  <num>2420</num>
  <num>2421</num>
  <num>2422</num>
  <num>2423</num>
  <num>2424</num>
  <num>2425</num>
  <num>2426</num>
  <num>2427</num>
  <num>2428</num>
  <num>2429</num>
  <num>2430</num>
  <num>2431</num>
  <num>2432</num>
  <num>2433</num>
  <num>2434</num>
  <num>2435</num>
  <num>2436</num>
  <num>2437</num>
  <num>2438</num>
  <num>2439</num>
  <num>2440</num>
  <num>2441</num>
  <num>2442</num>
  <num>2443</num>
  <num>2444</num>
  <num>2445</num>
  <num>2446</num>
  <num>2447</num>
  <num>2448</num>
  <num>2449</num>
  <num>2450</num>
  <num>2451</num>
  <num>2452</num>
  <num>2453</num>
  <num>2454</num>
  <num>2455</num>
  <num>2456</num>
  <num>2457</num>
  <num>2458</num>
  <num>2459</num>
  <num>2460</num>
  <num>2461</num>
  <num>2462</num>
  <num>2463</num>
  <num>2464</num>
  <num>2465</num>
  <num>2466</num>
  <num>2467</num>
  <num>2468</num>
  <num>2469</num>
  <num>2470</num>
  <num>2471</num>
  <num>2472</num>
  <num>2473</num>
  <num>2474</num>
  <num>2475</num>
  <num>2476</num>
  <num>2477</num>
  <num>2478</num>
  <num>2479</num>
  <num>2480</num>
  <num>2481</num>
  <num>2482</num>
  <num>2483</num>
  <num>2484</num>
  <num>2485</num>
  <num>2486</num>
  <num>2487</num>
  <num>2488</num>
  <num>2489</num>
  <num>2490</num>
  <num>2491</num>
  <num>2492</num>
  <num>2493</num>
  <num>2494</num>
  <num>2495</num>
  <num>2496</num>
  <num>2497</num>
  <num>2498</num>
  <num>2499</num>
  <num>2500</num>
  <num>2501</num>
  <num>2502</num>
  <num>2503</num>
  <num>2504</num>
  <num>2505</num>
  <num>2506</num>
  <num>2507</num>
  <num>2508</num>
  <num>2509</num>
  <num>2510</num>
  <num>2511</num>
  <num>2512</num>
  <num>2513</num>
  <num>2514</num>
  <num>2515</num>
  <num>2516</num>
  <num>2517</num>
  <num>2518</num>
  <num>2519</num>
  <num>2520</num>
  <num>2521</num>
  <num>2522</num>
  <num>2523</num>
  <num>2524</num>
  <num>2525</num>
  <num>2526</num>
  <num>2527</num>
  <num>2528</num>
  <num>2529</num>
  <num>2530</num>
  <num>2531</num>
  <num>2532</num>
  <num>2533</num>
  <num>2534</num>
  <num>2535</num>
  <num>2536</num>
  <num>2537</num>
  <num>2538</num>
  <num>2539</num>
  <num>2540</num>
  <num>2541</num>
  <num>2542</num>
  <num>2543</num>
  <num>2544</num>
  <num>2545</num>
  <num>2546</num>
  <num>2547</num>
  <num>2548</num>
  <num>2549</num>
  <num>2550</num>
  <num>2551</num>
  <num>2552</num>
  <num>2553</num>
  <num>2554</num>
  <num>2555</num>
  <num>2556</num>
  <num>2557</num>
  <num>2558</num>
  <num>2559</num>
  <num>2560</num>
  <num>2561</num>
  <num>2562</num>
  <num>2563</num>
  <num>2564</num>
  <num>2565</num>
  <num>2566</num>
  <num>2567</num>
  <num>2568</num>
  <num>2569</num>
  <num>2570</num>
  <num>2571</num>
  <num>2572</num>
  <num>2573</num>
  <num>2574</num>
  <num>2575</num>
  <num>2576</num>
  <num>2577</num>
  <num>2578</num>
  <num>2579</num>
  <num>2580</num>
  <num>2581</num>
  <num>2582</num>
  <num>2583</num>
  <num>2584</num>
  <num>2585</num>
  <num>2586</num>
  <num>2587</num>
  <num>2588</num>
  <num>2589</num>
  <num>2590</num>
  <num>2591</num>
  <num>2592</num>
  <num>2593</num>
  <num>2594</num>
  <num>2595</num>
  <num>2596</num>
  <num>2597</num>
  <num>2598</num>
  <num>2599</num>
  <num>2600</num>
  <num>2601</num>
  <num>2602</num>
  <num>2603</num>
  <num>2604</num>
  <num>2605</num>
  <num>2606</num>
  <num>2607</num>
  <num>2608</num>
  <num>2609</num>
  <num>2610</num>
  <num>2611</num>
  <num>2612</num>
  <num>2613</num>
  <num>2614</num>
  <num>2615</num>
  <num>2616</num>
  <num>2617</num>
  <num>2618</num>
  <num>2619</num>
  <num>2620</num>
  <num>2621</num>
  <num>2622</num>
  <num>2623</num>
  <num>2624</num>
  <num>2625</num>
  <num>2626</num>
  <num>2627</num>
  <num>2628</num>
  <num>2629</num>
  <num>2630</num>
  <num>2631</num>
  <num>2632</num>
  <num>2633</num>
  <num>2634</num>
  <num>2635</num>
  <num>2636</num>
  <num>2637</num>
  <num>2638</num>
  <num>2639</num>
  <num>2640</num>
  <num>2641</num>
  <num>2642</num>
  <num>2643</num>
  <num>2644</num>
  <num>2645</num>
  <num>2646</num>
  <num>2647</num>
  <num>2648</num>
  <num>2649</num>
  <num>2650</num>
  <num>2651</num>
  <num>2652</num>
  <num>2653</num>
  <num>2654</num>
  <num>2655</num>
  <num>2656</num>
  <num>2657</num>
  <num>2658</num>
  <num>2659</num>
  <num>2660</num>
  <num>2661</num>
  <num>2662</num>
  <num>2663</num>
  <num>2664</num>
  <num>2665</num>
  <num>2666</num>
  <num>2667</num>
  <num>2668</num>
  <num>2669</num>
  <num>2670</num>
  <num>2671</num>
  <num>2672</num>
  <num>2673</num>
  <num>2674</num>
  <num>2675</num>
  <num>2676</num>
  <num>2677</num>
  <num>2678</num>
  <num>2679</num>
  <num>2680</num>
  <num>2681</num>
  <num>2682</num>
  <num>2683</num>
  <num>2684</num>
  <num>2685</num>
  <num>2686</num>
  <num>2687</num>
  <num>2688</num>
  <num>2689</num>
  <num>2690</num>
  <num>2691</num>
  <num>2692</num>
  <num>2693</num>
  <num>2694</num>
  <num>2695</num>
  <num>2696</num>
  <num>2697</num>
  <num>2698</num>
  <num>2699</num>
  <num>2700</num>
  <num>2701</num>
  <num>2702</num>
  <num>2703</num>
  <num>2704</num>
  <num>2705</num>
  <num>2706</num>
  <num>2707</num>
  <num>2708</num>
  <num>2709</num>
  <num>2710</num>
  <num>2711</num>
  <num>2712</num>
  <num>2713</num>
  <num>2714</num>
  <num>2715</num>
  <num>2716</num>
  <num>2717</num>
  <num>2718</num>
  <num>2719</num>
  <num>2720</num>
  <num>2721</num>
  <num>2722</num>
  <num>2723</num>
  <num>2724</num>
  <num>2725</num>
  <num>2726</num>
  <num>2727</num>
  <num>2728</num>
  <num>2729</num>
  <num>2730</num>
  <num>2731</num>
  <num>2732</num>
  <num>2733</num>
  <num>2734</num>
  <num>2735</num>
  <num>2736</num>
  <num>2737</num>
  <num>2738</num>
  <num>2739</num>
  <num>2740</num>
  <num>2741</num>
  <num>2742</num>
  <num>2743</num>
  <num>2744</num>
  <num>2745</num>
  <num>2746</num>
  <num>2747</num>
  <num>2748</num>
  <num>2749</num>
  <num>2750</num>
  <num>2751</num>
  <num>2752</num>
  <num>2753</num>
  <num>2754</num>
  <num>2755</num>
  <num>2756</num>
  <num>2757</num>
  <num>2758</num>
  <num>2759</num>
  <num>2760</num>
  <num>2761</num>
  <num>2762</num>
  <num>2763</num>
  <num>2764</num>
  <num>2765</num>
  <num>2766</num>
  <num>2767</num>
  <num>2768</num>
  <num>2769</num>
  <num>2770</num>
  <num>2771</num>
  <num>2772</num>
  <num>2773</num>
  <num>2774</num>
  <num>2775</num>
  <num>2776</num>
  <num>2777</num>
  <num>2778</num>
  <num>2779</num>
  <num>2780</num>
  <num>2781</num>
  <num>2782</num>
  <num>2783</num>
  <num>2784</num>
  <num>2785</num>
  <num>2786</num>
  <num>2787</num>
  <num>2788</num>
  <num>2789</num>
  <num>2790</num>
  <num>2791</num>
  <num>2792</num>
  <num>2793</num>
  <num>2794</num>
  <num>2795</num>
  <num>2796</num>
  <num>2797</num>
  <num>2798</num>
  <num>2799</num>
  <num>2800</num>
  <num>2801</num>
  <num>2802</num>
  <num>2803</num>
  <num>2804</num>
  <num>2805</num>
  <num>2806</num>
  <num>2807</num>
  <num>2808</num>
  <num>2809</num>
  <num>2810</num>
  <num>2811</num>
  <num>2812</num>
  <num>2813</num>
  <num>2814</num>
  <num>2815</num>
  <num>2816</num>
  <num>2817</num>
  <num>2818</num>
  <num>2819</num>
  <num>2820</num>
  <num>2821</num>
  <num>2822</num>
  <num>2823</num>
  <num>2824</num>
  <num>2825</num>
  <num>2826</num>
  <num>2827</num>
  <num>2828</num>
  <num>2829</num>
  <num>2830</num>
  <num>2831</num>
  <num>2832</num>
  <num>2833</num>
  <num>2834</num>
  <num>2835</num>
  <num>2836</num>
  <num>2837</num>
  <num>2838</num>
  <num>2839</num>
  <num>2840</num>
  <num>2841</num>
  <num>2842</num>
  <num>2843</num>
  <num>2844</num>
  <num>2845</num>
  <num>2846</num>
  <num>2847</num>
  <num>2848</num>
  <num>2849</num>
  <num>2850</num>
  <num>2851</num>
  <num>2852</num>
  <num>2853</num>
  <num>2854</num>
  <num>2855</num>
  <num>2856</num>
  <num>2857</num>
  <num>2858</num>
  <num>2859</num>
  <num>2860</num>
  <num>2861</num>
  <num>2862</num>
  <num>2863</num>
  <num>2864</num>
  <num>2865</num>
  <num>2866</num>
  <num>2867</num>
  <num>2868</num>
  <num>2869</num>
  <num>2870</num>
  <num>2871</num>
  <num>2872</num>
  <num>2873</num>
  <num>2874</num>
  <num>2875</num>
  <num>2876</num>
  <num>2877</num>
  <num>2878</num>
  <num>2879</num>
  <num>2880</num>
  <num>2881</num>
  <num>2882</num>
  <num>2883</num>
  <num>2884</num>
  <num>2885</num>
  <num>2886</num>
  <num>2887</num>
  <num>2888</num>
  <num>2889</num>
  <num>2890</num>
  <num>2891</num>
  <num>2892</num>
  <num>2893</num>
  <num>2894</num>
  <num>2895</num>
  <num>2896</num>
  <num>2897</num>
  <num>2898</num>
  <num>2899</num>
  <num>2900</num>
  <num>2901</num>
  <num>2902</num>
  <num>2903</num>
  <num>2904</num>
  <num>2905</num>
  <num>2906</num>
  <num>2907</num>
  <num>2908</num>
  <num>2909</num>
  <num>2910</num>
  <num>2911</num>
  <num>2912</num>
  <num>2913</num>
  <num>2914</num>
  <num>2915</num>
  <num>2916</num>
  <num>2917</num>
  <num>2918</num>
  <num>2919</num>
  <num>2920</num>
  <num>2921</num>
  <num>2922</num>
  <num>2923</num>
  <num>2924</num>
  <num>2925</num>
  <num>2926</num>
  <num>2927</num>
  <num>2928</num>
  <num>2929</num>
  <num>2930</num>
  <num>2931</num>
  <num>2932</num>
  <num>2933</num>
  <num>2934</num>
  <num>2935</num>
  <num>2936</num>
  <num>2937</num>
  <num>2938</num>
  <num>2939</num>
  <num>2940</num>
  <num>2941</num>
  <num>2942</num>
  <num>2943</num>
  <num>2944</num>
  <num>2945</num>
  <num>2946</num>
  <num>2947</num>
  <num>2948</num>
  <num>2949</num>
  <num>2950</num>
  <num>2951</num>
  <num>2952</num>
  <num>2953</num>
  <num>2954</num>
  <num>2955</num>
  <num>2956</num>
  <num>2957</num>
  <num>2958</num>
  <num>2959</num>
  <num>2960</num>
  <num>2961</num>
  <num>2962</num>
  <num>2963</num>
  <num>2964</num>
  <num>2965</num>
  <num>2966</num>
  <num>2967</num>
  <num>2968</num>
  <num>2969</num>
  <num>2970</num>
  <num>2971</num>
  <num>2972</num>
  <num>2973</num>
  <num>2974</num>
  <num>2975</num>
  <num>2976</num>
  <num>2977</num>
  <num>2978</num>
  <num>2979</num>
  <num>2980</num>
  <num>2981</num>
  <num>2982</num>
  <num>2983</num>
  <num>2984</num>
  <num>2985</num>
  <num>2986</num>
  <num>2987</num>
  <num>2988</num>
  <num>2989</num>
  <num>2990</num>
  <num>2991</num>
  <num>2992</num>
  <num>2993</num>
  <num>2994</num>
  <num>2995</num>
  <num>2996</num>
  <num>2997</num>
  <num>2998</num>
  <num>2999</num>
  <num>3000</num>
  <num>3001</num>
  <num>3002</num>
  <num>3003</num>
  <num>3004</num>
  <num>3005</num>
  <num>3006</num>
  <num>3007</num>
  <num>3008</num>
  <num>3009</num>
  <num>3010</num>
  <num>3011</num>
  <num>3012</num>
  <num>3013</num>
  <num>3014</num>
  <num>3015</num>
  <num>3016</num>
  <num>3017</num>
  <num>3018</num>
  <num>3019</num>
  <num>3020</num>
  <num>3021</num>
  <num>3022</num>
  <num>3023</num>
  <num>3024</num>
  <num>3025</num>
  <num>3026</num>
  <num>3027</num>
  <num>3028</num>
  <num>3029</num>
  <num>3030</num>
  <num>3031</num>
  <num>3032</num>
  <num>3033</num>
  <num>3034</num>
  <num>3035</num>
  <num>3036</num>
  <num>3037</num>
  <num>3038</num>
  <num>3039</num>
  <num>3040</num>
  <num>3041</num>
  <num>3042</num>
  <num>3043</num>
  <num>3044</num>
  <num>3045</num>
  <num>3046</num>
  <num>3047</num>
  <num>3048</num>
  <num>3049</num>
  <num>3050</num>
  <num>3051</num>
  <num>3052</num>
  <num>3053</num>
  <num>3054</num>
  <num>3055</num>
  <num>3056</num>
  <num>3057</num>
  <num>3058</num>
  <num>3059</num>
  <num>3060</num>
  <num>3061</num>
  <num>3062</num>
  <num>3063</num>
  <num>3064</num>
  <num>3065</num>
  <num>3066</num>
  <num>3067</num>
  <num>3068</num>
  <num>3069</num>
  <num>3070</num>
  <num>3071</num>
  <num>3072</num>
  <num>3073</num>
  <num>3074</num>
  <num>3075</num>
  <num>3076</num>
  <num>3077</num>
  <num>3078</num>
  <num>3079</num>
  <num>3080</num>
  <num>3081</num>
  <num>3082</num>
  <num>3083</num>
  <num>3084</num>
  <num>3085</num>
  <num>3086</num>
  <num>3087</num>
  <num>3088</num>
  <num>3089</num>
  <num>3090</num>
  <num>3091</num>
  <num>3092</num>
  <num>3093</num>
  <num>3094</num>
  <num>3095</num>
  <num>3096</num>
  <num>3097</num>
  <num>3098</num>
  <num>3099</num>
  <num>3100</num>
  <num>3101</num>
  <num>3102</num>
  <num>3103</num>
  <num>3104</num>
  <num>3105</num>
  <num>3106</num>
  <num>3107</num>
  <num>3108</num>
  <num>3109</num>
  <num>3110</num>
  <num>3111</num>
  <num>3112</num>
  <num>3113</num>
  <num>3114</num>
  <num>3115</num>
  <num>3116</num>
  <num>3117</num>
  <num>3118</num>
  <num>3119</num>
  <num>3120</num>
  <num>3121</num>
  <num>3122</num>
  <num>3123</num>
  <num>3124</num>
  <num>3125</num>
  <num>3126</num>
  <num>3127</num>
  <num>3128</num>
  <num>3129</num>
  <num>3130</num>
  <num>3131</num>
  <num>3132</num>
  <num>3133</num>
  <num>3134</num>
  <num>3135</num>
  <num>3136</num>
  <num>3137</num>
  <num>3138</num>
  <num>3139</num>
  <num>3140</num>
  <num>3141</num>
  <num>3142</num>
  <num>3143</num>
  <num>3144</num>
  <num>3145</num>
  <num>3146</num>
  <num>3147</num>
  <num>3148</num>
  <num>3149</num>
  <num>3150</num>
  <num>3151</num>
  <num>3152</num>
  <num>3153</num>
  <num>3154</num>
  <num>3155</num>
  <num>3156</num>
  <num>3157</num>
  <num>3158</num>
  <num>3159</num>
  <num>3160</num>
  <num>3161</num>
  <num>3162</num>
  <num>3163</num>
  <num>3164</num>
  <num>3165</num>
  <num>3166</num>
  <num>3167</num>
  <num>3168</num>
  <num>3169</num>
  <num>3170</num>
  <num>3171</num>
  <num>3172</num>
  <num>3173</num>
  <num>3174</num>
  <num>3175</num>
  <num>3176</num>
  <num>3177</num>
  <num>3178</num>
  <num>3179</num>
  <num>3180</num>
  <num>3181</num>
  <num>3182</num>
  <num>3183</num>
  <num>3184</num>
  <num>3185</num>
  <num>3186</num>
  <num>3187</num>
  <num>3188</num>
  <num>3189</num>
  <num>3190</num>
  <num>3191</num>
  <num>3192</num>
  <num>3193</num>
  <num>3194</num>
  <num>3195</num>
  <num>3196</num>
  <num>3197</num>
  <num>3198</num>
  <num>3199</num>
  <num>3200</num>
  <num>3201</num>
  <num>3202</num>
  <num>3203</num>
  <num>3204</num>
  <num>3205</num>
  <num>3206</num>
  <num>3207</num>
  <num>3208</num>
  <num>3209</num>
  <num>3210</num>
  <num>3211</num>
  <num>3212</num>
  <num>3213</num>
  <num>3214</num>
  <num>3215</num>
  <num>3216</num>
  <num>3217</num>
  <num>3218</num>
  <num>3219</num>
  <num>3220</num>
  <num>3221</num>
  <num>3222</num>
  <num>3223</num>
  <num>3224</num>
  <num>3225</num>
  <num>3226</num>
  <num>3227</num>
  <num>3228</num>
  <num>3229</num>
  <num>3230</num>
  <num>3231</num>
  <num>3232</num>
  <num>3233</num>
  <num>3234</num>
  <num>3235</num>
  <num>3236</num>
  <num>3237</num>
  <num>3238</num>
  <num>3239</num>
  <num>3240</num>
  <num>3241</num>
  <num>3242</num>
  <num>3243</num>
  <num>3244</num>
  <num>3245</num>
  <num>3246</num>
  <num>3247</num>
  <num>3248</num>
  <num>3249</num>
  <num>3250</num>
  <num>3251</num>
  <num>3252</num>
  <num>3253</num>
  <num>3254</num>
  <num>3255</num>
  <num>3256</num>
  <num>3257</num>
  <num>3258</num>
  <num>3259</num>
  <num>3260</num>
  <num>3261</num>
  <num>3262</num>
  <num>3263</num>
  <num>3264</num>
  <num>3265</num>
  <num>3266</num>
  <num>3267</num>
  <num>3268</num>
  <num>3269</num>
  <num>3270</num>
  <num>3271</num>
  <num>3272</num>
  <num>3273</num>
  <num>3274</num>
  <num>3275</num>
  <num>3276</num>
  <num>3277</num>
  <num>3278</num>
  <num>3279</num>
  <num>3280</num>
  <num>3281</num>
  <num>3282</num>
  <num>3283</num>
  <num>3284</num>
  <num>3285</num>
  <num>3286</num>
  <num>3287</num>
  <num>3288</num>
  <num>3289</num>
  <num>3290</num>
  <num>3291</num>
  <num>3292</num>
  <num>3293</num>
  <num>3294</num>
  <num>3295</num>
  <num>3296</num>
  <num>3297</num>
  <num>3298</num>
  <num>3299</num>
  <num>3300</num>
  <num>3301</num>
  <num>3302</num>
  <num>3303</num>
  <num>3304</num>
  <num>3305</num>
  <num>3306</num>
  <num>3307</num>
  <num>3308</num>
  <num>3309</num>
  <num>3310</num>
  <num>3311</num>
  <num>3312</num>
  <num>3313</num>
  <num>3314</num>
  <num>3315</num>
  <num>3316</num>
  <num>3317</num>
  <num>3318</num>
  <num>3319</num>
  <num>3320</num>
  <num>3321</num>
  <num>3322</num>
  <num>3323</num>
  <num>3324</num>
  <num>3325</num>
  <num>3326</num>
  <num>3327</num>
  <num>3328</num>
  <num>3329</num>
  <num>3330</num>
  <num>3331</num>
  <num>3332</num>
  <num>3333</num>
  <num>3334</num>
  <num>3335</num>
  <num>3336</num>
  <num>3337</num>
  <num>3338</num>
  <num>3339</num>
  <num>3340</num>
  <num>3341</num>
  <num>3342</num>
  <num>3343</num>
  <num>3344</num>
  <num>3345</num>
  <num>3346</num>
  <num>3347</num>
  <num>3348</num>
  <num>3349</num>
  <num>3350</num>
  <num>3351</num>
  <num>3352</num>
  <num>3353</num>
  <num>3354</num>
  <num>3355</num>
  <num>3356</num>
  <num>3357</num>
  <num>3358</num>
  <num>3359</num>
  <num>3360</num>
  <num>3361</num>
  <num>3362</num>
  <num>3363</num>
  <num>3364</num>
  <num>3365</num>
  <num>3366</num>
  <num>3367</num>
  <num>3368</num>
  <num>3369</num>
  <num>3370</num>
  <num>3371</num>
  <num>3372</num>
  <num>3373</num>
  <num>3374</num>
  <num>3375</num>
  <num>3376</num>
  <num>3377</num>
  <num>3378</num>
  <num>3379</num>
  <num>3380</num>
  <num>3381</num>
  <num>3382</num>
  <num>3383</num>
  <num>3384</num>
  <num>3385</num>
  <num>3386</num>
  <num>3387</num>
  <num>3388</num>
  <num>3389</num>
  <num>3390</num>
  <num>3391</num>
  <num>3392</num>
  <num>3393</num>
  <num>3394</num>
  <num>3395</num>
  <num>3396</num>
  <num>3397</num>
  <num>3398</num>
  <num>3399</num>
  <num>3400</num>
  <num>3401</num>
  <num>3402</num>
  <num>3403</num>
  <num>3404</num>
  <num>3405</num>
  <num>3406</num>
  <num>3407</num>
  <num>3408</num>
  <num>3409</num>
  <num>3410</num>
  <num>3411</num>
  <num>3412</num>
  <num>3413</num>
  <num>3414</num>
  <num>3415</num>
  <num>3416</num>
  <num>3417</num>
  <num>3418</num>
  <num>3419</num>
  <num>3420</num>
  <num>3421</num>
  <num>3422</num>
  <num>3423</num>
  <num>3424</num>
  <num>3425</num>
  <num>3426</num>
  <num>3427</num>
  <num>3428</num>
  <num>3429</num>
  <num>3430</num>
  <num>3431</num>
  <num>3432</num>
  <num>3433</num>
  <num>3434</num>
  <num>3435</num>
  <num>3436</num>
  <num>3437</num>
  <num>3438</num>
  <num>3439</num>
  <num>3440</num>
  <num>3441</num>
  <num>3442</num>
  <num>3443</num>
  <num>3444</num>
  <num>3445</num>
  <num>3446</num>
  <num>3447</num>
  <num>3448</num>
  <num>3449</num>
  <num>3450</num>
  <num>3451</num>
  <num>3452</num>
  <num>3453</num>
  <num>3454</num>
  <num>3455</num>
  <num>3456</num>
  <num>3457</num>
  <num>3458</num>
  <num>3459</num>
  <num>3460</num>
  <num>3461</num>
  <num>3462</num>
  <num>3463</num>
  <num>3464</num>
  <num>3465</num>
  <num>3466</num>
  <num>3467</num>
  <num>3468</num>
  <num>3469</num>
  <num>3470</num>
  <num>3471</num>
  <num>3472</num>
  <num>3473</num>
  <num>3474</num>
  <num>3475</num>
  <num>3476</num>
  <num>3477</num>
  <num>3478</num>
  <num>3479</num>
  <num>3480</num>
  <num>3481</num>
  <num>3482</num>
  <num>3483</num>
  <num>3484</num>
  <num>3485</num>
  <num>3486</num>
  <num>3487</num>
  <num>3488</num>
  <num>3489</num>
  <num>3490</num>
  <num>3491</num>
  <num>3492</num>
  <num>3493</num>
  <num>3494</num>
  <num>3495</num>
  <num>3496</num>
  <num>3497</num>
  <num>3498</num>
  <num>3499</num>
  <num>3500</num>
  <num>3501</num>
  <num>3502</num>
  <num>3503</num>
  <num>3504</num>
  <num>3505</num>
  <num>3506</num>
  <num>3507</num>
  <num>3508</num>
  <num>3509</num>
  <num>3510</num>
  <num>3511</num>
  <num>3512</num>
  <num>3513</num>
  <num>3514</num>
  <num>3515</num>
  <num>3516</num>
  <num>3517</num>
  <num>3518</num>
  <num>3519</num>
  <num>3520</num>
  <num>3521</num>
  <num>3522</num>
  <num>3523</num>
  <num>3524</num>
  <num>3525</num>
  <num>3526</num>
  <num>3527</num>
  <num>3528</num>
  <num>3529</num>
  <num>3530</num>
  <num>3531</num>
  <num>3532</num>
  <num>3533</num>
  <num>3534</num>
  <num>3535</num>
  <num>3536</num>
  <num>3537</num>
  <num>3538</num>
  <num>3539</num>
  <num>3540</num>
  <num>3541</num>
  <num>3542</num>
  <num>3543</num>
  <num>3544</num>
  <num>3545</num>
  <num>3546</num>
  <num>3547</num>
  <num>3548</num>
  <num>3549</num>
  <num>3550</num>
  <num>3551</num>
  <num>3552</num>
  <num>3553</num>
  <num>3554</num>
  <num>3555</num>
  <num>3556</num>
  <num>3557</num>
  <num>3558</num>
  <num>3559</num>
  <num>3560</num>
  <num>3561</num>
  <num>3562</num>
  <num>3563</num>
  <num>3564</num>
  <num>3565</num>
  <num>3566</num>
  <num>3567</num>
  <num>3568</num>
  <num>3569</num>
  <num>3570</num>
  <num>3571</num>
  <num>3572</num>
  <num>3573</num>
  <num>3574</num>
  <num>3575</num>
  <num>3576</num>
  <num>3577</num>
  <num>3578</num>
  <num>3579</num>
  <num>3580</num>
  <num>3581</num>
  <num>3582</num>
  <num>3583</num>
  <num>3584</num>
  <num>3585</num>
  <num>3586</num>
  <num>3587</num>
  <num>3588</num>
  <num>3589</num>
  <num>3590</num>
  <num>3591</num>
  <num>3592</num>
  <num>3593</num>
  <num>3594</num>
  <num>3595</num>
  <num>3596</num>
  <num>3597</num>
  <num>3598</num>
  <num>3599</num>
  <num>3600</num>
  <num>3601</num>
  <num>3602</num>
  <num>3603</num>
  <num>3604</num>
  <num>3605</num>
  <num>3606</num>
  <num>3607</num>
  <num>3608</num>
  <num>3609</num>
  <num>3610</num>
  <num>3611</num>
  <num>3612</num>
  <num>3613</num>
  <num>3614</num>
  <num>3615</num>
  <num>3616</num>
  <num>3617</num>
  <num>3618</num>
  <num>3619</num>
  <num>3620</num>
  <num>3621</num>
  <num>3622</num>
  <num>3623</num>
  <num>3624</num>
  <num>3625</num>
  <num>3626</num>
  <num>3627</num>
  <num>3628</num>
  <num>3629</num>
  <num>3630</num>
  <num>3631</num>
  <num>3632</num>
  <num>3633</num>
  <num>3634</num>
  <num>3635</num>
  <num>3636</num>
  <num>3637</num>
  <num>3638</num>
  <num>3639</num>
  <num>3640</num>
  <num>3641</num>
  <num>3642</num>
  <num>3643</num>
  <num>3644</num>
  <num>3645</num>
  <num>3646</num>
  <num>3647</num>
  <num>3648</num>
  <num>3649</num>
  <num>3650</num>
  <num>3651</num>
  <num>3652</num>
  <num>3653</num>
  <num>3654</num>
  <num>3655</num>
  <num>3656</num>
  <num>3657</num>
  <num>3658</num>
  <num>3659</num>
  <num>3660</num>
  <num>3661</num>
  <num>3662</num>
  <num>3663</num>
  <num>3664</num>
  <num>3665</num>
  <num>3666</num>
  <num>3667</num>
  <num>3668</num>
  <num>3669</num>
  <num>3670</num>
  <num>3671</num>
  <num>3672</num>
  <num>3673</num>
  <num>3674</num>
  <num>3675</num>
  <num>3676</num>
  <num>3677</num>
  <num>3678</num>
  <num>3679</num>
  <num>3680</num>
  <num>3681</num>
  <num>3682</num>
  <num>3683</num>
  <num>3684</num>
  <num>3685</num>
  <num>3686</num>
  <num>3687</num>
  <num>3688</num>
  <num>3689</num>
  <num>3690</num>
  <num>3691</num>
  <num>3692</num>
  <num>3693</num>
  <num>3694</num>
  <num>3695</num>
  <num>3696</num>
  <num>3697</num>
  <num>3698</num>
  <num>3699</num>
  <num>3700</num>
  <num>3701</num>
  <num>3702</num>
  <num>3703</num>
  <num>3704</num>
  <num>3705</num>
  <num>3706</num>
  <num>3707</num>
  <num>3708</num>
  <num>3709</num>
  <num>3710</num>
  <num>3711</num>
  <num>3712</num>
  <num>3713</num>
  <num>3714</num>
  <num>3715</num>
  <num>3716</num>
  <num>3717</num>
  <num>3718</num>
  <num>3719</num>
  <num>3720</num>
  <num>3721</num>
  <num>3722</num>
  <num>3723</num>
  <num>3724</num>
  <num>3725</num>
  <num>3726</num>
  <num>3727</num>
  <num>3728</num>
  <num>3729</num>
  <num>3730</num>
  <num>3731</num>
  <num>3732</num>
  <num>3733</num>
  <num>3734</num>
  <num>3735</num>
  <num>3736</num>
  <num>3737</num>
  <num>3738</num>
  <num>3739</num>
  <num>3740</num>
  <num>3741</num>
  <num>3742</num>
  <num>3743</num>
  <num>3744</num>
  <num>3745</num>
  <num>3746</num>
  <num>3747</num>
  <num>3748</num>
  <num>3749</num>
  <num>3750</num>
  <num>3751</num>
  <num>3752</num>
  <num>3753</num>
  <num>3754</num>
  <num>3755</num>
  <num>3756</num>
  <num>3757</num>
  <num>3758</num>
  <num>3759</num>
  <num>3760</num>
  <num>3761</num>
  <num>3762</num>
  <num>3763</num>
  <num>3764</num>
  <num>3765</num>
  <num>3766</num>
  <num>3767</num>
  <num>3768</num>
  <num>3769</num>
  <num>3770</num>
  <num>3771</num>
  <num>3772</num>
  <num>3773</num>
  <num>3774</num>
  <num>3775</num>
  <num>3776</num>
  <num>3777</num>
  <num>3778</num>
  <num>3779</num>
  <num>3780</num>
  <num>3781</num>
  <num>3782</num>
  <num>3783</num>
  <num>3784</num>
  <num>3785</num>
  <num>3786</num>
  <num>3787</num>
  <num>3788</num>
  <num>3789</num>
  <num>3790</num>
  <num>3791</num>
  <num>3792</num>
  <num>3793</num>
  <num>3794</num>
  <num>3795</num>
  <num>3796</num>
  <num>3797</num>
  <num>3798</num>
  <num>3799</num>
  <num>3800</num>
  <num>3801</num>
  <num>3802</num>
  <num>3803</num>
  <num>3804</num>
  <num>3805</num>
  <num>3806</num>
  <num>3807</num>
  <num>3808</num>
  <num>3809</num>
  <num>3810</num>
  <num>3811</num>
  <num>3812</num>
  <num>3813</num>
  <num>3814</num>
  <num>3815</num>
  <num>3816</num>
  <num>3817</num>
  <num>3818</num>
  <num>3819</num>
  <num>3820</num>
  <num>3821</num>
  <num>3822</num>
  <num>3823</num>
  <num>3824</num>
  <num>3825</num>
  <num>3826</num>
  <num>3827</num>
  <num>3828</num>
  <num>3829</num>
  <num>3830</num>
  <num>3831</num>
  <num>3832</num>
  <num>3833</num>
  <num>3834</num>
  <num>3835</num>
  <num>3836</num>
  <num>3837</num>
  <num>3838</num>
  <num>3839</num>
  <num>3840</num>
  <num>3841</num>
  <num>3842</num>
  <num>3843</num>
  <num>3844</num>
  <num>3845</num>
  <num>3846</num>
  <num>3847</num>
  <num>3848</num>
  <num>3849</num>
  <num>3850</num>
  <num>3851</num>
  <num>3852</num>
  <num>3853</num>
  <num>3854</num>
  <num>3855</num>
  <num>3856</num>
  <num>3857</num>
  <num>3858</num>
  <num>3859</num>
  <num>3860</num>
  <num>3861</num>
  <num>3862</num>
  <num>3863</num>
  <num>3864</num>
  <num>3865</num>
  <num>3866</num>
  <num>3867</num>
  <num>3868</num>
  <num>3869</num>
  <num>3870</num>
  <num>3871</num>
  <num>3872</num>
  <num>3873</num>
  <num>3874</num>
  <num>3875</num>
  <num>3876</num>
  <num>3877</num>
  <num>3878</num>
  <num>3879</num>
  <num>3880</num>
  <num>3881</num>
  <num>3882</num>
  <num>3883</num>
  <num>3884</num>
  <num>3885</num>
  <num>3886</num>
  <num>3887</num>
  <num>3888</num>
  <num>3889</num>
  <num>3890</num>
  <num>3891</num>
  <num>3892</num>
  <num>3893</num>
  <num>3894</num>
  <num>3895</num>
  <num>3896</num>
  <num>3897</num>
  <num>3898</num>
  <num>3899</num>
  <num>3900</num>
  <num>3901</num>
  <num>3902</num>
  <num>3903</num>
  <num>3904</num>
  <num>3905</num>
  <num>3906</num>
  <num>3907</num>
  <num>3908</num>
  <num>3909</num>
  <num>3910</num>
  <num>3911</num>
  <num>3912</num>
  <num>3913</num>
  <num>3914</num>
  <num>3915</num>
  <num>3916</num>
  <num>3917</num>
  <num>3918</num>
  <num>3919</num>
  <num>3920</num>
  <num>3921</num>
  <num>3922</num>
  <num>3923</num>
  <num>3924</num>
  <num>3925</num>
  <num>3926</num>
  <num>3927</num>
  <num>3928</num>
  <num>3929</num>
  <num>3930</num>
  <num>3931</num>
  <num>3932</num>
  <num>3933</num>
  <num>3934</num>
  <num>3935</num>
  <num>3936</num>
  <num>3937</num>
  <num>3938</num>
  <num>3939</num>
  <num>3940</num>
  <num>3941</num>
  <num>3942</num>
  <num>3943</num>
  <num>3944</num>
  <num>3945</num>
  <num>3946</num>
  <num>3947</num>
  <num>3948</num>
  <num>3949</num>
  <num>3950</num>
  <num>3951</num>
  <num>3952</num>
  <num>3953</num>
  <num>3954</num>
  <num>3955</num>
  <num>3956</num>
  <num>3957</num>
  <num>3958</num>
  <num>3959</num>
  <num>3960</num>
  <num>3961</num>
  <num>3962</num>
  <num>3963</num>
  <num>3964</num>
  <num>3965</num>
  <num>3966</num>
  <num>3967</num>
  <num>3968</num>
  <num>3969</num>
  <num>3970</num>
  <num>3971</num>
  <num>3972</num>
  <num>3973</num>
  <num>3974</num>
  <num>3975</num>
  <num>3976</num>
  <num>3977</num>
  <num>3978</num>
  <num>3979</num>
  <num>3980</num>
  <num>3981</num>
  <num>3982</num>
  <num>3983</num>
  <num>3984</num>
  <num>3985</num>
  <num>3986</num>
  <num>3987</num>
  <num>3988</num>
  <num>3989</num>
  <num>3990</num>
  <num>3991</num>
  <num>3992</num>
  <num>3993</num>
  <num>3994</num>
  <num>3995</num>
  <num>3996</num>
  <num>3997</num>
  <num>3998</num>
  <num>3999</num>
  <num>4000</num>
  <num>4001</num>
  <num>4002</num>
  <num>4003</num>
  <num>4004</num>
  <num>4005</num>
  <num>4006</num>
  <num>4007</num>
  <num>4008</num>
  <num>4009</num>
  <num>4010</num>
  <num>4011</num>
  <num>4012</num>
  <num>4013</num>
  <num>4014</num>
  <num>4015</num>
  <num>4016</num>
  <num>4017</num>
  <num>4018</num>
  <num>4019</num>
  <num>4020</num>
  <num>4021</num>
  <num>4022</num>
  <num>4023</num>
  <num>4024</num>
  <num>4025</num>
  <num>4026</num>
  <num>4027</num>
  <num>4028</num>
  <num>4029</num>
  <num>4030</num>
  <num>4031</num>
  <num>4032</num>
  <num>4033</num>
  <num>4034</num>
  <num>4035</num>
  <num>4036</num>
  <num>4037</num>
  <num>4038</num>
  <num>4039</num>
  <num>4040</num>
  <num>4041</num>
  <num>4042</num>
  <num>4043</num>
  <num>4044</num>
  <num>4045</num>
  <num>4046</num>
  <num>4047</num>
  <num>4048</num>
  <num>4049</num>
  <num>4050</num>
  <num>4051</num>
  <num>4052</num>
  <num>4053</num>
  <num>4054</num>
  <num>4055</num>
  <num>4056</num>
  <num>4057</num>
  <num>4058</num>
  <num>4059</num>
  <num>4060</num>
  <num>4061</num>
  <num>4062</num>
  <num>4063</num>
  <num>4064</num>
  <num>4065</num>
  <num>4066</num>
  <num>4067</num>
  <num>4068</num>
  <num>4069</num>
  <num>4070</num>
  <num>4071</num>
  <num>4072</num>
  <num>4073</num>
  <num>4074</num>
  <num>4075</num>
  <num>4076</num>
  <num>4077</num>
  <num>4078</num>
  <num>4079</num>
  <num>4080</num>
  <num>4081</num>
  <num>4082</num>
  <num>4083</num>
  <num>4084</num>
  <num>4085</num>
  <num>4086</num>
  <num>4087</num>
  <num>4088</num>
  <num>4089</num>
  <num>4090</num>
  <num>4091</num>
  <num>4092</num>
  <num>4093</num>
  <num>4094</num>
  <num>4095</num>
  <num>4096</num>
  <num>4097</num>
  <num>4098</num>
  <num>4099</num>
  <num>4100</num>
  <num>4101</num>
  <num>4102</num>
  <num>4103</num>
  <num>4104</num>
  <num>4105</num>
  <num>4106</num>
  <num>4107</num>
  <num>4108</num>
  <num>4109</num>
  <num>4110</num>
  <num>4111</num>
  <num>4112</num>
  <num>4113</num>
  <num>4114</num>
  <num>4115</num>
  <num>4116</num>
  <num>4117</num>
  <num>4118</num>
  <num>4119</num>
  <num>4120</num>
  <num>4121</num>
  <num>4122</num>
  <num>4123</num>
  <num>4124</num>
  <num>4125</num>
  <num>4126</num>
  <num>4127</num>
  <num>4128</num>
  <num>4129</num>
  <num>4130</num>
  <num>4131</num>
  <num>4132</num>
  <num>4133</num>
  <num>4134</num>
  <num>4135</num>
  <num>4136</num>
  <num>4137</num>
  <num>4138</num>
  <num>4139</num>
  <num>4140</num>
  <num>4141</num>
  <num>4142</num>
  <num>4143</num>
  <num>4144</num>
  <num>4145</num>
  <num>4146</num>
  <num>4147</num>
  <num>4148</num>
  <num>4149</num>
  <num>4150</num>
  <num>4151</num>
  <num>4152</num>
  <num>4153</num>
  <num>4154</num>
  <num>4155</num>
  <num>4156</num>
  <num>4157</num>
  <num>4158</num>
  <num>4159</num>
  <num>4160</num>
  <num>4161</num>
  <num>4162</num>
  <num>4163</num>
  <num>4164</num>
  <num>4165</num>
  <num>4166</num>
  <num>4167</num>
  <num>4168</num>
  <num>4169</num>
  <num>4170</num>
  <num>4171</num>
  <num>4172</num>
  <num>4173</num>
  <num>4174</num>
  <num>4175</num>
  <num>4176</num>
  <num>4177</num>
  <num>4178</num>
  <num>4179</num>
  <num>4180</num>
  <num>4181</num>
  <num>4182</num>
  <num>4183</num>
  <num>4184</num>
  <num>4185</num>
  <num>4186</num>
  <num>4187</num>
  <num>4188</num>
  <num>4189</num>
  <num>4190</num>
  <num>4191</num>
  <num>4192</num>
  <num>4193</num>
  <num>4194</num>
  <num>4195</num>
  <num>4196</num>
  <num>4197</num>
  <num>4198</num>
  <num>4199</num>
  <num>4200</num>
  <num>4201</num>
  <num>4202</num>
  <num>4203</num>
  <num>4204</num>
  <num>4205</num>
  <num>4206</num>
  <num>4207</num>
  <num>4208</num>
  <num>4209</num>
  <num>4210</num>
  <num>4211</num>
  <num>4212</num>
  <num>4213</num>
  <num>4214</num>
  <num>4215</num>
  <num>4216</num>
  <num>4217</num>
  <num>4218</num>
  <num>4219</num>
  <num>4220</num>
  <num>4221</num>
  <num>4222</num>
  <num>4223</num>
  <num>4224</num>
  <num>4225</num>
  <num>4226</num>
  <num>4227</num>
  <num>4228</num>
  <num>4229</num>
  <num>4230</num>
  <num>4231</num>
  <num>4232</num>
  <num>4233</num>
  <num>4234</num>
  <num>4235</num>
  <num>4236</num>
  <num>4237</num>
  <num>4238</num>
  <num>4239</num>
  <num>4240</num>
  <num>4241</num>
  <num>4242</num>
  <num>4243</num>
  <num>4244</num>
  <num>4245</num>
  <num>4246</num>
  <num>4247</num>
  <num>4248</num>
  <num>4249</num>
  <num>4250</num>
  <num>4251</num>
  <num>4252</num>
  <num>4253</num>
  <num>4254</num>
  <num>4255</num>
  <num>4256</num>
  <num>4257</num>
  <num>4258</num>
  <num>4259</num>
  <num>4260</num>
  <num>4261</num>
  <num>4262</num>
  <num>4263</num>
  <num>4264</num>
  <num>4265</num>
  <num>4266</num>
  <num>4267</num>
  <num>4268</num>
  <num>4269</num>
  <num>4270</num>
  <num>4271</num>
  <num>4272</num>
  <num>4273</num>
  <num>4274</num>
  <num>4275</num>
  <num>4276</num>
  <num>4277</num>
  <num>4278</num>
  <num>4279</num>
  <num>4280</num>
  <num>4281</num>
  <num>4282</num>
  <num>4283</num>
  <num>4284</num>
  <num>4285</num>
  <num>4286</num>
  <num>4287</num>
  <num>4288</num>
  <num>4289</num>
  <num>4290</num>
  <num>4291</num>
  <num>4292</num>
  <num>4293</num>
  <num>4294</num>
  <num>4295</num>
  <num>4296</num>
  <num>4297</num>
  <num>4298</num>
  <num>4299</num>
  <num>4300</num>
  <num>4301</num>
  <num>4302</num>
  <num>4303</num>
  <num>4304</num>
  <num>4305</num>
  <num>4306</num>
  <num>4307</num>
  <num>4308</num>
  <num>4309</num>
  <num>4310</num>
  <num>4311</num>
  <num>4312</num>
  <num>4313</num>
  <num>4314</num>
  <num>4315</num>
  <num>4316</num>
  <num>4317</num>
  <num>4318</num>
  <num>4319</num>
  <num>4320</num>
  <num>4321</num>
  <num>4322</num>
  <num>4323</num>
  <num>4324</num>
  <num>4325</num>
  <num>4326</num>
  <num>4327</num>
  <num>4328</num>
  <num>4329</num>
  <num>4330</num>
  <num>4331</num>
  <num>4332</num>
  <num>4333</num>
  <num>4334</num>
  <num>4335</num>
  <num>4336</num>
  <num>4337</num>
  <num>4338</num>
  <num>4339</num>
  <num>4340</num>
  <num>4341</num>
  <num>4342</num>
  <num>4343</num>
  <num>4344</num>
  <num>4345</num>
  <num>4346</num>
  <num>4347</num>
  <num>4348</num>
  <num>4349</num>
  <num>4350</num>
  <num>4351</num>
  <num>4352</num>
  <num>4353</num>
  <num>4354</num>
  <num>4355</num>
  <num>4356</num>
  <num>4357</num>
  <num>4358</num>
  <num>4359</num>
  <num>4360</num>
  <num>4361</num>
  <num>4362</num>
  <num>4363</num>
  <num>4364</num>
  <num>4365</num>
  <num>4366</num>
  <num>4367</num>
  <num>4368</num>
  <num>4369</num>
  <num>4370</num>
  <num>4371</num>
  <num>4372</num>
  <num>4373</num>
  <num>4374</num>
  <num>4375</num>
  <num>4376</num>
  <num>4377</num>
  <num>4378</num>
  <num>4379</num>
  <num>4380</num>
  <num>4381</num>
  <num>4382</num>
  <num>4383</num>
  <num>4384</num>
  <num>4385</num>
  <num>4386</num>
  <num>4387</num>
  <num>4388</num>
  <num>4389</num>
  <num>4390</num>
  <num>4391</num>
  <num>4392</num>
  <num>4393</num>
  <num>4394</num>
  <num>4395</num>
  <num>4396</num>
  <num>4397</num>
  <num>4398</num>
  <num>4399</num>
  <num>4400</num>
  <num>4401</num>
  <num>4402</num>
  <num>4403</num>
  <num>4404</num>
  <num>4405</num>
  <num>4406</num>
  <num>4407</num>
  <num>4408</num>
  <num>4409</num>
  <num>4410</num>
  <num>4411</num>
  <num>4412</num>
  <num>4413</num>
  <num>4414</num>
  <num>4415</num>
  <num>4416</num>
  <num>4417</num>
  <num>4418</num>
  <num>4419</num>
  <num>4420</num>
  <num>4421</num>
  <num>4422</num>
  <num>4423</num>
  <num>4424</num>
  <num>4425</num>
  <num>4426</num>
  <num>4427</num>
  <num>4428</num>
  <num>4429</num>
  <num>4430</num>
  <num>4431</num>
  <num>4432</num>
  <num>4433</num>
  <num>4434</num>
  <num>4435</num>
  <num>4436</num>
  <num>4437</num>
  <num>4438</num>
  <num>4439</num>
  <num>4440</num>
  <num>4441</num>
  <num>4442</num>
  <num>4443</num>
  <num>4444</num>
  <num>4445</num>
  <num>4446</num>
  <num>4447</num>
  <num>4448</num>
  <num>4449</num>
  <num>4450</num>
  <num>4451</num>
  <num>4452</num>
  <num>4453</num>
  <num>4454</num>
  <num>4455</num>
  <num>4456</num>
  <num>4457</num>
  <num>4458</num>
  <num>4459</num>
  <num>4460</num>
  <num>4461</num>
  <num>4462</num>
  <num>4463</num>
  <num>4464</num>
  <num>4465</num>
  <num>4466</num>
  <num>4467</num>
  <num>4468</num>
  <num>4469</num>
  <num>4470</num>
  <num>4471</num>
  <num>4472</num>
  <num>4473</num>
  <num>4474</num>
  <num>4475</num>
  <num>4476</num>
  <num>4477</num>
  <num>4478</num>
  <num>4479</num>
  <num>4480</num>
  <num>4481</num>
  <num>4482</num>
  <num>4483</num>
  <num>4484</num>
  <num>4485</num>
  <num>4486</num>
  <num>4487</num>
  <num>4488</num>
  <num>4489</num>
  <num>4490</num>
  <num>4491</num>
  <num>4492</num>
  <num>4493</num>
  <num>4494</num>
  <num>4495</num>
  <num>4496</num>
  <num>4497</num>
  <num>4498</num>
  <num>4499</num>
  <num>4500</num>
  <num>4501</num>
  <num>4502</num>
  <num>4503</num>
  <num>4504</num>
  <num>4505</num>
  <num>4506</num>
  <num>4507</num>
  <num>4508</num>
  <num>4509</num>
  <num>4510</num>
  <num>4511</num>
  <num>4512</num>
  <num>4513</num>
  <num>4514</num>
  <num>4515</num>
  <num>4516</num>
  <num>4517</num>
  <num>4518</num>
  <num>4519</num>
  <num>4520</num>
  <num>4521</num>
  <num>4522</num>
  <num>4523</num>
  <num>4524</num>
  <num>4525</num>
  <num>4526</num>
  <num>4527</num>
  <num>4528</num>
  <num>4529</num>
  <num>4530</num>
  <num>4531</num>
  <num>4532</num>
  <num>4533</num>
  <num>4534</num>
  <num>4535</num>
  <num>4536</num>
  <num>4537</num>
  <num>4538</num>
  <num>4539</num>
  <num>4540</num>
  <num>4541</num>
  <num>4542</num>
  <num>4543</num>
  <num>4544</num>
  <num>4545</num>
  <num>4546</num>
  <num>4547</num>
  <num>4548</num>
  <num>4549</num>
  <num>4550</num>
  <num>4551</num>
  <num>4552</num>
  <num>4553</num>
  <num>4554</num>
  <num>4555</num>
  <num>4556</num>
  <num>4557</num>
  <num>4558</num>
  <num>4559</num>
  <num>4560</num>
  <num>4561</num>
  <num>4562</num>
  <num>4563</num>
  <num>4564</num>
  <num>4565</num>
  <num>4566</num>
  <num>4567</num>
  <num>4568</num>
  <num>4569</num>
  <num>4570</num>
  <num>4571</num>
  <num>4572</num>
  <num>4573</num>
  <num>4574</num>
  <num>4575</num>
  <num>4576</num>
  <num>4577</num>
  <num>4578</num>
  <num>4579</num>
  <num>4580</num>
  <num>4581</num>
  <num>4582</num>
  <num>4583</num>
  <num>4584</num>
  <num>4585</num>
  <num>4586</num>
  <num>4587</num>
  <num>4588</num>
  <num>4589</num>
  <num>4590</num>
  <num>4591</num>
  <num>4592</num>
  <num>4593</num>
  <num>4594</num>
  <num>4595</num>
  <num>4596</num>
  <num>4597</num>
  <num>4598</num>
  <num>4599</num>
  <num>4600</num>
  <num>4601</num>
  <num>4602</num>
  <num>4603</num>
  <num>4604</num>
  <num>4605</num>
  <num>4606</num>
  <num>4607</num>
  <num>4608</num>
  <num>4609</num>
  <num>4610</num>
  <num>4611</num>
  <num>4612</num>
  <num>4613</num>
  <num>4614</num>
  <num>4615</num>
  <num>4616</num>
  <num>4617</num>
  <num>4618</num>
  <num>4619</num>
  <num>4620</num>
  <num>4621</num>
  <num>4622</num>
  <num>4623</num>
  <num>4624</num>
  <num>4625</num>
  <num>4626</num>
  <num>4627</num>
  <num>4628</num>
  <num>4629</num>
  <num>4630</num>
  <num>4631</num>
  <num>4632</num>
  <num>4633</num>
  <num>4634</num>
  <num>4635</num>
  <num>4636</num>
  <num>4637</num>
  <num>4638</num>
  <num>4639</num>
  <num>4640</num>
  <num>4641</num>
  <num>4642</num>
  <num>4643</num>
  <num>4644</num>
  <num>4645</num>
  <num>4646</num>
  <num>4647</num>
  <num>4648</num>
  <num>4649</num>
  <num>4650</num>
  <num>4651</num>
  <num>4652</num>
  <num>4653</num>
  <num>4654</num>
  <num>4655</num>
  <num>4656</num>
  <num>4657</num>
  <num>4658</num>
  <num>4659</num>
  <num>4660</num>
  <num>4661</num>
  <num>4662</num>
  <num>4663</num>
  <num>4664</num>
  <num>4665</num>
  <num>4666</num>
  <num>4667</num>
  <num>4668</num>
  <num>4669</num>
  <num>4670</num>
  <num>4671</num>
  <num>4672</num>
  <num>4673</num>
  <num>4674</num>
  <num>4675</num>
  <num>4676</num>
  <num>4677</num>
  <num>4678</num>
  <num>4679</num>
  <num>4680</num>
  <num>4681</num>
  <num>4682</num>
  <num>4683</num>
  <num>4684</num>
  <num>4685</num>
  <num>4686</num>
  <num>4687</num>
  <num>4688</num>
  <num>4689</num>
  <num>4690</num>
  <num>4691</num>
  <num>4692</num>
  <num>4693</num>
  <num>4694</num>
  <num>4695</num>
  <num>4696</num>
  <num>4697</num>
  <num>4698</num>
  <num>4699</num>
  <num>4700</num>
  <num>4701</num>
  <num>4702</num>
  <num>4703</num>
  <num>4704</num>
  <num>4705</num>
  <num>4706</num>
  <num>4707</num>
  <num>4708</num>
  <num>4709</num>
  <num>4710</num>
  <num>4711</num>
  <num>4712</num>
  <num>4713</num>
  <num>4714</num>
  <num>4715</num>
  <num>4716</num>
  <num>4717</num>
  <num>4718</num>
  <num>4719</num>
  <num>4720</num>
  <num>4721</num>
  <num>4722</num>
  <num>4723</num>
  <num>4724</num>
  <num>4725</num>
  <num>4726</num>
  <num>4727</num>
  <num>4728</num>
  <num>4729</num>
  <num>4730</num>
  <num>4731</num>
  <num>4732</num>
  <num>4733</num>
  <num>4734</num>
  <num>4735</num>
  <num>4736</num>
  <num>4737</num>
  <num>4738</num>
  <num>4739</num>
  <num>4740</num>
  <num>4741</num>
  <num>4742</num>
  <num>4743</num>
  <num>4744</num>
  <num>4745</num>
  <num>4746</num>
  <num>4747</num>
  <num>4748</num>
  <num>4749</num>
  <num>4750</num>
  <num>4751</num>
  <num>4752</num>
  <num>4753</num>
  <num>4754</num>
  <num>4755</num>
  <num>4756</num>
  <num>4757</num>
  <num>4758</num>
  <num>4759</num>
  <num>4760</num>
  <num>4761</num>
  <num>4762</num>
  <num>4763</num>
  <num>4764</num>
  <num>4765</num>
  <num>4766</num>
  <num>4767</num>
  <num>4768</num>
  <num>4769</num>
  <num>4770</num>
  <num>4771</num>
  <num>4772</num>
  <num>4773</num>
  <num>4774</num>
  <num>4775</num>
  <num>4776</num>
  <num>4777</num>
  <num>4778</num>
  <num>4779</num>
  <num>4780</num>
  <num>4781</num>
  <num>4782</num>
  <num>4783</num>
  <num>4784</num>
  <num>4785</num>
  <num>4786</num>
  <num>4787</num>
  <num>4788</num>
  <num>4789</num>
  <num>4790</num>
  <num>4791</num>
  <num>4792</num>
  <num>4793</num>
  <num>4794</num>
  <num>4795</num>
  <num>4796</num>
  <num>4797</num>
  <num>4798</num>
  <num>4799</num>
  <num>4800</num>
  <num>4801</num>
  <num>4802</num>
  <num>4803</num>
  <num>4804</num>
  <num>4805</num>
  <num>4806</num>
  <num>4807</num>
  <num>4808</num>
  <num>4809</num>
  <num>4810</num>
  <num>4811</num>
  <num>4812</num>
  <num>4813</num>
  <num>4814</num>
  <num>4815</num>
  <num>4816</num>
  <num>4817</num>
  <num>4818</num>
  <num>4819</num>
  <num>4820</num>
  <num>4821</num>
  <num>4822</num>
  <num>4823</num>
  <num>4824</num>
  <num>4825</num>
  <num>4826</num>
  <num>4827</num>
  <num>4828</num>
  <num>4829</num>
  <num>4830</num>
  <num>4831</num>
  <num>4832</num>
  <num>4833</num>
  <num>4834</num>
  <num>4835</num>
  <num>4836</num>
  <num>4837</num>
  <num>4838</num>
  <num>4839</num>
  <num>4840</num>
  <num>4841</num>
  <num>4842</num>
  <num>4843</num>
  <num>4844</num>
  <num>4845</num>
  <num>4846</num>
  <num>4847</num>
  <num>4848</num>
  <num>4849</num>
  <num>4850</num>
  <num>4851</num>
  <num>4852</num>
  <num>4853</num>
  <num>4854</num>
  <num>4855</num>
  <num>4856</num>
  <num>4857</num>
  <num>4858</num>
  <num>4859</num>
  <num>4860</num>
  <num>4861</num>
  <num>4862</num>
  <num>4863</num>
  <num>4864</num>
  <num>4865</num>
  <num>4866</num>
  <num>4867</num>
  <num>4868</num>
  <num>4869</num>
  <num>4870</num>
  <num>4871</num>
  <num>4872</num>
  <num>4873</num>
  <num>4874</num>
  <num>4875</num>
  <num>4876</num>
  <num>4877</num>
  <num>4878</num>
  <num>4879</num>
  <num>4880</num>
  <num>4881</num>
  <num>4882</num>
  <num>4883</num>
  <num>4884</num>
  <num>4885</num>
  <num>4886</num>
  <num>4887</num>
  <num>4888</num>
  <num>4889</num>
  <num>4890</num>
  <num>4891</num>
  <num>4892</num>
  <num>4893</num>
  <num>4894</num>
  <num>4895</num>
  <num>4896</num>
  <num>4897</num>
  <num>4898</num>
  <num>4899</num>
  <num>4900</num>
  <num>4901</num>
  <num>4902</num>
  <num>4903</num>
  <num>4904</num>
  <num>4905</num>
  <num>4906</num>
  <num>4907</num>
  <num>4908</num>
  <num>4909</num>
  <num>4910</num>
  <num>4911</num>
  <num>4912</num>
  <num>4913</num>
  <num>4914</num>
  <num>4915</num>
  <num>4916</num>
  <num>4917</num>
  <num>4918</num>
  <num>4919</num>
  <num>4920</num>
  <num>4921</num>
  <num>4922</num>
  <num>4923</num>
  <num>4924</num>
  <num>4925</num>
  <num>4926</num>
  <num>4927</num>
  <num>4928</num>
  <num>4929</num>
  <num>4930</num>
  <num>4931</num>
  <num>4932</num>
  <num>4933</num>
  <num>4934</num>
  <num>4935</num>
  <num>4936</num>
  <num>4937</num>
  <num>4938</num>
  <num>4939</num>
  <num>4940</num>
  <num>4941</num>
  <num>4942</num>
  <num>4943</num>
  <num>4944</num>
  <num>4945</num>
  <num>4946</num>
  <num>4947</num>
  <num>4948</num>
  <num>4949</num>
  <num>4950</num>
  <num>4951</num>
  <num>4952</num>
  <num>4953</num>
  <num>4954</num>
  <num>4955</num>
  <num>4956</num>
  <num>4957</num>
  <num>4958</num>
  <num>4959</num>
  <num>4960</num>
  <num>4961</num>
  <num>4962</num>
  <num>4963</num>
  <num>4964</num>
  <num>4965</num>
  <num>4966</num>
  <num>4967</num>
  <num>4968</num>
  <num>4969</num>
  <num>4970</num>
  <num>4971</num>
  <num>4972</num>
  <num>4973</num>
  <num>4974</num>
  <num>4975</num>
  <num>4976</num>
  <num>4977</num>
  <num>4978</num>
  <num>4979</num>
  <num>4980</num>
  <num>4981</num>
  <num>4982</num>
  <num>4983</num>
  <num>4984</num>
  <num>4985</num>
  <num>4986</num>
  <num>4987</num>
  <num>4988</num>
  <num>4989</num>
  <num>4990</num>
  <num>4991</num>
  <num>4992</num>
  <num>4993</num>
  <num>4994</num>
  <num>4995</num>
  <num>4996</num>
  <num>4997</num>
  <num>4998</num>
  <num>4999</num>
  <num>5000</num>
  <num>5001</num>
  <num>5002</num>
  <num>5003</num>
  <num>5004</num>
  <num>5005</num>
  <num>5006</num>
  <num>5007</num>
  <num>5008</num>
  <num>5009</num>
  <num>5010</num>
  <num>5011</num>
  <num>5012</num>
  <num>5013</num>
  <num>5014</num>
  <num>5015</num>
  <num>5016</num>
  <num>5017</num>
  <num>5018</num>
  <num>5019</num>
  <num>5020</num>
  <num>5021</num>
  <num>5022</num>
  <num>5023</num>
  <num>5024</num>
  <num>5025</num>
  <num>5026</num>
  <num>5027</num>
  <num>5028</num>
  <num>5029</num>
  <num>5030</num>
  <num>5031</num>
  <num>5032</num>
  <num>5033</num>
  <num>5034</num>
  <num>5035</num>
  <num>5036</num>
  <num>5037</num>
  <num>5038</num>
  <num>5039</num>
  <num>5040</num>
  <num>5041</num>
  <num>5042</num>
  <num>5043</num>
  <num>5044</num>
  <num>5045</num>
  <num>5046</num>
  <num>5047</num>
  <num>5048</num>
  <num>5049</num>
  <num>5050</num>
  <num>5051</num>
  <num>5052</num>
  <num>5053</num>
  <num>5054</num>
  <num>5055</num>
  <num>5056</num>
  <num>5057</num>
  <num>5058</num>
  <num>5059</num>
  <num>5060</num>
  <num>5061</num>
  <num>5062</num>
  <num>5063</num>
  <num>5064</num>
  <num>5065</num>
  <num>5066</num>
  <num>5067</num>
  <num>5068</num>
  <num>5069</num>
  <num>5070</num>
  <num>5071</num>
  <num>5072</num>
  <num>5073</num>
  <num>5074</num>
  <num>5075</num>
  <num>5076</num>
  <num>5077</num>
  <num>5078</num>
  <num>5079</num>
  <num>5080</num>
  <num>5081</num>
  <num>5082</num>
  <num>5083</num>
  <num>5084</num>
  <num>5085</num>
  <num>5086</num>
  <num>5087</num>
  <num>5088</num>
  <num>5089</num>
  <num>5090</num>
  <num>5091</num>
  <num>5092</num>
  <num>5093</num>
  <num>5094</num>
  <num>5095</num>
  <num>5096</num>
  <num>5097</num>
  <num>5098</num>
  <num>5099</num>
  <num>5100</num>
  <num>5101</num>
  <num>5102</num>
  <num>5103</num>
  <num>5104</num>
  <num>5105</num>
  <num>5106</num>
  <num>5107</num>
  <num>5108</num>
  <num>5109</num>
  <num>5110</num>
  <num>5111</num>
  <num>5112</num>
  <num>5113</num>
  <num>5114</num>
  <num>5115</num>
  <num>5116</num>
  <num>5117</num>
  <num>5118</num>
  <num>5119</num>
  <num>5120</num>
  <num>5121</num>
  <num>5122</num>
  <num>5123</num>
  <num>5124</num>
  <num>5125</num>
  <num>5126</num>
  <num>5127</num>
  <num>5128</num>
  <num>5129</num>
  <num>5130</num>
  <num>5131</num>
  <num>5132</num>
  <num>5133</num>
  <num>5134</num>
  <num>5135</num>
  <num>5136</num>
  <num>5137</num>
  <num>5138</num>
  <num>5139</num>
  <num>5140</num>
  <num>5141</num>
  <num>5142</num>
  <num>5143</num>
  <num>5144</num>
  <num>5145</num>
  <num>5146</num>
  <num>5147</num>
  <num>5148</num>
  <num>5149</num>
  <num>5150</num>
  <num>5151</num>
  <num>5152</num>
  <num>5153</num>
  <num>5154</num>
  <num>5155</num>
  <num>5156</num>
  <num>5157</num>
  <num>5158</num>
  <num>5159</num>
  <num>5160</num>
  <num>5161</num>
  <num>5162</num>
  <num>5163</num>
  <num>5164</num>
  <num>5165</num>
  <num>5166</num>
  <num>5167</num>
  <num>5168</num>
  <num>5169</num>
  <num>5170</num>
  <num>5171</num>
  <num>5172</num>
  <num>5173</num>
  <num>5174</num>
  <num>5175</num>
  <num>5176</num>
  <num>5177</num>
  <num>5178</num>
  <num>5179</num>
  <num>5180</num>
  <num>5181</num>
  <num>5182</num>
  <num>5183</num>
  <num>5184</num>
  <num>5185</num>
  <num>5186</num>
  <num>5187</num>
  <num>5188</num>
  <num>5189</num>
  <num>5190</num>
  <num>5191</num>
  <num>5192</num>
  <num>5193</num>
  <num>5194</num>
  <num>5195</num>
  <num>5196</num>
  <num>5197</num>
  <num>5198</num>
  <num>5199</num>
  <num>5200</num>
  <num>5201</num>
  <num>5202</num>
  <num>5203</num>
  <num>5204</num>
  <num>5205</num>
  <num>5206</num>
  <num>5207</num>
  <num>5208</num>
  <num>5209</num>
  <num>5210</num>
  <num>5211</num>
  <num>5212</num>
  <num>5213</num>
  <num>5214</num>
  <num>5215</num>
  <num>5216</num>
  <num>5217</num>
  <num>5218</num>
  <num>5219</num>
  <num>5220</num>
  <num>5221</num>
  <num>5222</num>
  <num>5223</num>
  <num>5224</num>
  <num>5225</num>
  <num>5226</num>
  <num>5227</num>
  <num>5228</num>
  <num>5229</num>
  <num>5230</num>
  <num>5231</num>
  <num>5232</num>
  <num>5233</num>
  <num>5234</num>
  <num>5235</num>
  <num>5236</num>
  <num>5237</num>
  <num>5238</num>
  <num>5239</num>
  <num>5240</num>
  <num>5241</num>
  <num>5242</num>
  <num>5243</num>
  <num>5244</num>
  <num>5245</num>
  <num>5246</num>
  <num>5247</num>
  <num>5248</num>
  <num>5249</num>
  <num>5250</num>
  <num>5251</num>
  <num>5252</num>
  <num>5253</num>
  <num>5254</num>
  <num>5255</num>
  <num>5256</num>
  <num>5257</num>
  <num>5258</num>
  <num>5259</num>
  <num>5260</num>
  <num>5261</num>
  <num>5262</num>
  <num>5263</num>
  <num>5264</num>
  <num>5265</num>
  <num>5266</num>
  <num>5267</num>
  <num>5268</num>
  <num>5269</num>
  <num>5270</num>
  <num>5271</num>
  <num>5272</num>
  <num>5273</num>
  <num>5274</num>
  <num>5275</num>
  <num>5276</num>
  <num>5277</num>
  <num>5278</num>
  <num>5279</num>
  <num>5280</num>
  <num>5281</num>
  <num>5282</num>
  <num>5283</num>
  <num>5284</num>
  <num>5285</num>
  <num>5286</num>
  <num>5287</num>
  <num>5288</num>
  <num>5289</num>
  <num>5290</num>
  <num>5291</num>
  <num>5292</num>
  <num>5293</num>
  <num>5294</num>
  <num>5295</num>
  <num>5296</num>
  <num>5297</num>
  <num>5298</num>
  <num>5299</num>
  <num>5300</num>
  <num>5301</num>
  <num>5302</num>
  <num>5303</num>
  <num>5304</num>
  <num>5305</num>
  <num>5306</num>
  <num>5307</num>
  <num>5308</num>
  <num>5309</num>
  <num>5310</num>
  <num>5311</num>
  <num>5312</num>
  <num>5313</num>
  <num>5314</num>
  <num>5315</num>
  <num>5316</num>
  <num>5317</num>
  <num>5318</num>
  <num>5319</num>
  <num>5320</num>
  <num>5321</num>
  <num>5322</num>
  <num>5323</num>
  <num>5324</num>
  <num>5325</num>
  <num>5326</num>
  <num>5327</num>
  <num>5328</num>
  <num>5329</num>
  <num>5330</num>
  <num>5331</num>
  <num>5332</num>
  <num>5333</num>
  <num>5334</num>
  <num>5335</num>
  <num>5336</num>
  <num>5337</num>
  <num>5338</num>
  <num>5339</num>
  <num>5340</num>
  <num>5341</num>
  <num>5342</num>
  <num>5343</num>
  <num>5344</num>
  <num>5345</num>
  <num>5346</num>
  <num>5347</num>
  <num>5348</num>
  <num>5349</num>
  <num>5350</num>
  <num>5351</num>
  <num>5352</num>
  <num>5353</num>
  <num>5354</num>
  <num>5355</num>
  <num>5356</num>
  <num>5357</num>
  <num>5358</num>
  <num>5359</num>
  <num>5360</num>
  <num>5361</num>
  <num>5362</num>
  <num>5363</num>
  <num>5364</num>
  <num>5365</num>
  <num>5366</num>
  <num>5367</num>
  <num>5368</num>
  <num>5369</num>
  <num>5370</num>
  <num>5371</num>
  <num>5372</num>
  <num>5373</num>
  <num>5374</num>
  <num>5375</num>
  <num>5376</num>
  <num>5377</num>
  <num>5378</num>
  <num>5379</num>
  <num>5380</num>
  <num>5381</num>
  <num>5382</num>
  <num>5383</num>
  <num>5384</num>
  <num>5385</num>
  <num>5386</num>
  <num>5387</num>
  <num>5388</num>
  <num>5389</num>
  <num>5390</num>
  <num>5391</num>
  <num>5392</num>
  <num>5393</num>
  <num>5394</num>
  <num>5395</num>
  <num>5396</num>
  <num>5397</num>
  <num>5398</num>
  <num>5399</num>
  <num>5400</num>
  <num>5401</num>
  <num>5402</num>
  <num>5403</num>
  <num>5404</num>
  <num>5405</num>
  <num>5406</num>
  <num>5407</num>
  <num>5408</num>
  <num>5409</num>
  <num>5410</num>
  <num>5411</num>
  <num>5412</num>
  <num>5413</num>
  <num>5414</num>
  <num>5415</num>
  <num>5416</num>
  <num>5417</num>
  <num>5418</num>
  <num>5419</num>
  <num>5420</num>
  <num>5421</num>
  <num>5422</num>
  <num>5423</num>
  <num>5424</num>
  <num>5425</num>
  <num>5426</num>
  <num>5427</num>
  <num>5428</num>
  <num>5429</num>
  <num>5430</num>
  <num>5431</num>
  <num>5432</num>
  <num>5433</num>
  <num>5434</num>
  <num>5435</num>
  <num>5436</num>
  <num>5437</num>
  <num>5438</num>
  <num>5439</num>
  <num>5440</num>
  <num>5441</num>
  <num>5442</num>
  <num>5443</num>
  <num>5444</num>
  <num>5445</num>
  <num>5446</num>
  <num>5447</num>
  <num>5448</num>
  <num>5449</num>
  <num>5450</num>
  <num>5451</num>
  <num>5452</num>
  <num>5453</num>
  <num>5454</num>
  <num>5455</num>
  <num>5456</num>
  <num>5457</num>
  <num>5458</num>
  <num>5459</num>
  <num>5460</num>
  <num>5461</num>
  <num>5462</num>
  <num>5463</num>
  <num>5464</num>
  <num>5465</num>
  <num>5466</num>
  <num>5467</num>
  <num>5468</num>
  <num>5469</num>
  <num>5470</num>
  <num>5471</num>
  <num>5472</num>
  <num>5473</num>
  <num>5474</num>
  <num>5475</num>
  <num>5476</num>
  <num>5477</num>
  <num>5478</num>
  <num>5479</num>
  <num>5480</num>
  <num>5481</num>
  <num>5482</num>
  <num>5483</num>
  <num>5484</num>
  <num>5485</num>
  <num>5486</num>
  <num>5487</num>
  <num>5488</num>
  <num>5489</num>
  <num>5490</num>
  <num>5491</num>
  <num>5492</num>
  <num>5493</num>
  <num>5494</num>
  <num>5495</num>
  <num>5496</num>
  <num>5497</num>
  <num>5498</num>
  <num>5499</num>
  <num>5500</num>
  <num>5501</num>
  <num>5502</num>
  <num>5503</num>
  <num>5504</num>
  <num>5505</num>
  <num>5506</num>
  <num>5507</num>
  <num>5508</num>
  <num>5509</num>
  <num>5510</num>
  <num>5511</num>
  <num>5512</num>
  <num>5513</num>
  <num>5514</num>
  <num>5515</num>
  <num>5516</num>
  <num>5517</num>
  <num>5518</num>
  <num>5519</num>
  <num>5520</num>
  <num>5521</num>
  <num>5522</num>
  <num>5523</num>
  <num>5524</num>
  <num>5525</num>
  <num>5526</num>
  <num>5527</num>
  <num>5528</num>
  <num>5529</num>
  <num>5530</num>
  <num>5531</num>
  <num>5532</num>
  <num>5533</num>
  <num>5534</num>
  <num>5535</num>
  <num>5536</num>
  <num>5537</num>
  <num>5538</num>
  <num>5539</num>
  <num>5540</num>
  <num>5541</num>
  <num>5542</num>
  <num>5543</num>
  <num>5544</num>
  <num>5545</num>
  <num>5546</num>
  <num>5547</num>
  <num>5548</num>
  <num>5549</num>
  <num>5550</num>
  <num>5551</num>
  <num>5552</num>
  <num>5553</num>
  <num>5554</num>
  <num>5555</num>
  <num>5556</num>
  <num>5557</num>
  <num>5558</num>
  <num>5559</num>
  <num>5560</num>
  <num>5561</num>
  <num>5562</num>
  <num>5563</num>
  <num>5564</num>
  <num>5565</num>
  <num>5566</num>
  <num>5567</num>
  <num>5568</num>
  <num>5569</num>
  <num>5570</num>
  <num>5571</num>
  <num>5572</num>
  <num>5573</num>
  <num>5574</num>
  <num>5575</num>
  <num>5576</num>
  <num>5577</num>
  <num>5578</num>
  <num>5579</num>
  <num>5580</num>
  <num>5581</num>
  <num>5582</num>
  <num>5583</num>
  <num>5584</num>
  <num>5585</num>
  <num>5586</num>
  <num>5587</num>
  <num>5588</num>
  <num>5589</num>
  <num>5590</num>
  <num>5591</num>
  <num>5592</num>
  <num>5593</num>
  <num>5594</num>
  <num>5595</num>
  <num>5596</num>
  <num>5597</num>
  <num>5598</num>
  <num>5599</num>
  <num>5600</num>
  <num>5601</num>
  <num>5602</num>
  <num>5603</num>
  <num>5604</num>
  <num>5605</num>
  <num>5606</num>
  <num>5607</num>
  <num>5608</num>
  <num>5609</num>
  <num>5610</num>
  <num>5611</num>
  <num>5612</num>
  <num>5613</num>
  <num>5614</num>
  <num>5615</num>
  <num>5616</num>
  <num>5617</num>
  <num>5618</num>
  <num>5619</num>
  <num>5620</num>
  <num>5621</num>
  <num>5622</num>
  <num>5623</num>
  <num>5624</num>
  <num>5625</num>
  <num>5626</num>
  <num>5627</num>
  <num>5628</num>
  <num>5629</num>
  <num>5630</num>
  <num>5631</num>
  <num>5632</num>
  <num>5633</num>
  <num>5634</num>
  <num>5635</num>
  <num>5636</num>
  <num>5637</num>
  <num>5638</num>
  <num>5639</num>
  <num>5640</num>
  <num>5641</num>
  <num>5642</num>
  <num>5643</num>
  <num>5644</num>
  <num>5645</num>
  <num>5646</num>
  <num>5647</num>
  <num>5648</num>
  <num>5649</num>
  <num>5650</num>
  <num>5651</num>
  <num>5652</num>
  <num>5653</num>
  <num>5654</num>
  <num>5655</num>
  <num>5656</num>
  <num>5657</num>
  <num>5658</num>
  <num>5659</num>
  <num>5660</num>
  <num>5661</num>
  <num>5662</num>
  <num>5663</num>
  <num>5664</num>
  <num>5665</num>
  <num>5666</num>
  <num>5667</num>
  <num>5668</num>
  <num>5669</num>
  <num>5670</num>
  <num>5671</num>
  <num>5672</num>
  <num>5673</num>
  <num>5674</num>
  <num>5675</num>
  <num>5676</num>
  <num>5677</num>
  <num>5678</num>
  <num>5679</num>
  <num>5680</num>
  <num>5681</num>
  <num>5682</num>
  <num>5683</num>
  <num>5684</num>
  <num>5685</num>
  <num>5686</num>
  <num>5687</num>
  <num>5688</num>
  <num>5689</num>
  <num>5690</num>
  <num>5691</num>
  <num>5692</num>
  <num>5693</num>
  <num>5694</num>
  <num>5695</num>
  <num>5696</num>
  <num>5697</num>
  <num>5698</num>
  <num>5699</num>
  <num>5700</num>
  <num>5701</num>
  <num>5702</num>
  <num>5703</num>
  <num>5704</num>
  <num>5705</num>
  <num>5706</num>
  <num>5707</num>
  <num>5708</num>
  <num>5709</num>
  <num>5710</num>
  <num>5711</num>
  <num>5712</num>
  <num>5713</num>
  <num>5714</num>
  <num>5715</num>
  <num>5716</num>
  <num>5717</num>
  <num>5718</num>
  <num>5719</num>
  <num>5720</num>
  <num>5721</num>
  <num>5722</num>
  <num>5723</num>
  <num>5724</num>
  <num>5725</num>
  <num>5726</num>
  <num>5727</num>
  <num>5728</num>
  <num>5729</num>
  <num>5730</num>
  <num>5731</num>
  <num>5732</num>
  <num>5733</num>
  <num>5734</num>
  <num>5735</num>
  <num>5736</num>
  <num>5737</num>
  <num>5738</num>
  <num>5739</num>
  <num>5740</num>
  <num>5741</num>
  <num>5742</num>
  <num>5743</num>
  <num>5744</num>
  <num>5745</num>
  <num>5746</num>
  <num>5747</num>
  <num>5748</num>
  <num>5749</num>
  <num>5750</num>
  <num>5751</num>
  <num>5752</num>
  <num>5753</num>
  <num>5754</num>
  <num>5755</num>
  <num>5756</num>
  <num>5757</num>
  <num>5758</num>
  <num>5759</num>
  <num>5760</num>
  <num>5761</num>
  <num>5762</num>
  <num>5763</num>
  <num>5764</num>
  <num>5765</num>
  <num>5766</num>
  <num>5767</num>
  <num>5768</num>
  <num>5769</num>
  <num>5770</num>
  <num>5771</num>
  <num>5772</num>
  <num>5773</num>
  <num>5774</num>
  <num>5775</num>
  <num>5776</num>
  <num>5777</num>
  <num>5778</num>
  <num>5779</num>
  <num>5780</num>
  <num>5781</num>
  <num>5782</num>
  <num>5783</num>
  <num>5784</num>
  <num>5785</num>
  <num>5786</num>
  <num>5787</num>
  <num>5788</num>
  <num>5789</num>
  <num>5790</num>
  <num>5791</num>
  <num>5792</num>
  <num>5793</num>
  <num>5794</num>
  <num>5795</num>
  <num>5796</num>
  <num>5797</num>
  <num>5798</num>
  <num>5799</num>
  <num>5800</num>
  <num>5801</num>
  <num>5802</num>
  <num>5803</num>
  <num>5804</num>
  <num>5805</num>
  <num>5806</num>
  <num>5807</num>
  <num>5808</num>
  <num>5809</num>
  <num>5810</num>
  <num>5811</num>
  <num>5812</num>
  <num>5813</num>
  <num>5814</num>
  <num>5815</num>
  <num>5816</num>
  <num>5817</num>
  <num>5818</num>
  <num>5819</num>
  <num>5820</num>
  <num>5821</num>
  <num>5822</num>
  <num>5823</num>
  <num>5824</num>
  <num>5825</num>
  <num>5826</num>
  <num>5827</num>
  <num>5828</num>
  <num>5829</num>
  <num>5830</num>
  <num>5831</num>
  <num>5832</num>
  <num>5833</num>
  <num>5834</num>
  <num>5835</num>
  <num>5836</num>
  <num>5837</num>
  <num>5838</num>
  <num>5839</num>
  <num>5840</num>
  <num>5841</num>
  <num>5842</num>
  <num>5843</num>
  <num>5844</num>
  <num>5845</num>
  <num>5846</num>
  <num>5847</num>
  <num>5848</num>
  <num>5849</num>
  <num>5850</num>
  <num>5851</num>
  <num>5852</num>
  <num>5853</num>
  <num>5854</num>
  <num>5855</num>
  <num>5856</num>
  <num>5857</num>
  <num>5858</num>
  <num>5859</num>
  <num>5860</num>
  <num>5861</num>
  <num>5862</num>
  <num>5863</num>
  <num>5864</num>
  <num>5865</num>
  <num>5866</num>
  <num>5867</num>
  <num>5868</num>
  <num>5869</num>
  <num>5870</num>
  <num>5871</num>
  <num>5872</num>
  <num>5873</num>
  <num>5874</num>
  <num>5875</num>
  <num>5876</num>
  <num>5877</num>
  <num>5878</num>
  <num>5879</num>
  <num>5880</num>
  <num>5881</num>
  <num>5882</num>
  <num>5883</num>
  <num>5884</num>
  <num>5885</num>
  <num>5886</num>
  <num>5887</num>
  <num>5888</num>
  <num>5889</num>
  <num>5890</num>
  <num>5891</num>
  <num>5892</num>
  <num>5893</num>
  <num>5894</num>
  <num>5895</num>
  <num>5896</num>
  <num>5897</num>
  <num>5898</num>
  <num>5899</num>
  <num>5900</num>
  <num>5901</num>
  <num>5902</num>
  <num>5903</num>
  <num>5904</num>
  <num>5905</num>
  <num>5906</num>
  <num>5907</num>
  <num>5908</num>
  <num>5909</num>
  <num>5910</num>
  <num>5911</num>
  <num>5912</num>
  <num>5913</num>
  <num>5914</num>
  <num>5915</num>
  <num>5916</num>
  <num>5917</num>
  <num>5918</num>
  <num>5919</num>
  <num>5920</num>
  <num>5921</num>
  <num>5922</num>
  <num>5923</num>
  <num>5924</num>
  <num>5925</num>
  <num>5926</num>
  <num>5927</num>
  <num>5928</num>
  <num>5929</num>
  <num>5930</num>
  <num>5931</num>
  <num>5932</num>
  <num>5933</num>
  <num>5934</num>
  <num>5935</num>
  <num>5936</num>
  <num>5937</num>
  <num>5938</num>
  <num>5939</num>
  <num>5940</num>
  <num>5941</num>
  <num>5942</num>
  <num>5943</num>
  <num>5944</num>
  <num>5945</num>
  <num>5946</num>
  <num>5947</num>
  <num>5948</num>
  <num>5949</num>
  <num>5950</num>
  <num>5951</num>
  <num>5952</num>
  <num>5953</num>
  <num>5954</num>
  <num>5955</num>
  <num>5956</num>
  <num>5957</num>
  <num>5958</num>
  <num>5959</num>
  <num>5960</num>
  <num>5961</num>
  <num>5962</num>
  <num>5963</num>
  <num>5964</num>
  <num>5965</num>
  <num>5966</num>
  <num>5967</num>
  <num>5968</num>
  <num>5969</num>
  <num>5970</num>
  <num>5971</num>
  <num>5972</num>
  <num>5973</num>
  <num>5974</num>
  <num>5975</num>
  <num>5976</num>
  <num>5977</num>
  <num>5978</num>
  <num>5979</num>
  <num>5980</num>
  <num>5981</num>
  <num>5982</num>
  <num>5983</num>
  <num>5984</num>
  <num>5985</num>
  <num>5986</num>
  <num>5987</num>
  <num>5988</num>
  <num>5989</num>
  <num>5990</num>
  <num>5991</num>
  <num>5992</num>
  <num>5993</num>
  <num>5994</num>
  <num>5995</num>
  <num>5996</num>
  <num>5997</num>
  <num>5998</num>
  <num>5999</num>
  <num>6000</num>
  <num>6001</num>
  <num>6002</num>
  <num>6003</num>
  <num>6004</num>
  <num>6005</num>
  <num>6006</num>
  <num>6007</num>
  <num>6008</num>
  <num>6009</num>
  <num>6010</num>
  <num>6011</num>
  <num>6012</num>
  <num>6013</num>
  <num>6014</num>
  <num>6015</num>
  <num>6016</num>
  <num>6017</num>
  <num>6018</num>
  <num>6019</num>
  <num>6020</num>
  <num>6021</num>
  <num>6022</num>
  <num>6023</num>
  <num>6024</num>
  <num>6025</num>
  <num>6026</num>
  <num>6027</num>
  <num>6028</num>
  <num>6029</num>
  <num>6030</num>
  <num>6031</num>
  <num>6032</num>
  <num>6033</num>
  <num>6034</num>
  <num>6035</num>
  <num>6036</num>
  <num>6037</num>
  <num>6038</num>
  <num>6039</num>
  <num>6040</num>
  <num>6041</num>
  <num>6042</num>
  <num>6043</num>
  <num>6044</num>
  <num>6045</num>
  <num>6046</num>
  <num>6047</num>
  <num>6048</num>
  <num>6049</num>
  <num>6050</num>
  <num>6051</num>
  <num>6052</num>
  <num>6053</num>
  <num>6054</num>
  <num>6055</num>
  <num>6056</num>
  <num>6057</num>
  <num>6058</num>
  <num>6059</num>
  <num>6060</num>
  <num>6061</num>
  <num>6062</num>
  <num>6063</num>
  <num>6064</num>
  <num>6065</num>
  <num>6066</num>
  <num>6067</num>
  <num>6068</num>
  <num>6069</num>
  <num>6070</num>
  <num>6071</num>
  <num>6072</num>
  <num>6073</num>
  <num>6074</num>
  <num>6075</num>
  <num>6076</num>
  <num>6077</num>
  <num>6078</num>
  <num>6079</num>
  <num>6080</num>
  <num>6081</num>
  <num>6082</num>
  <num>6083</num>
  <num>6084</num>
  <num>6085</num>
  <num>6086</num>
  <num>6087</num>
  <num>6088</num>
  <num>6089</num>
  <num>6090</num>
  <num>6091</num>
  <num>6092</num>
  <num>6093</num>
  <num>6094</num>
  <num>6095</num>
  <num>6096</num>
  <num>6097</num>
  <num>6098</num>
  <num>6099</num>
  <num>6100</num>
  <num>6101</num>
  <num>6102</num>
  <num>6103</num>
  <num>6104</num>
  <num>6105</num>
  <num>6106</num>
  <num>6107</num>
  <num>6108</num>
  <num>6109</num>
  <num>6110</num>
  <num>6111</num>
  <num>6112</num>
  <num>6113</num>
  <num>6114</num>
  <num>6115</num>
  <num>6116</num>
  <num>6117</num>
  <num>6118</num>
  <num>6119</num>
  <num>6120</num>
  <num>6121</num>
  <num>6122</num>
  <num>6123</num>
  <num>6124</num>
  <num>6125</num>
  <num>6126</num>
  <num>6127</num>
  <num>6128</num>
  <num>6129</num>
  <num>6130</num>
  <num>6131</num>
  <num>6132</num>
  <num>6133</num>
  <num>6134</num>
  <num>6135</num>
  <num>6136</num>
  <num>6137</num>
  <num>6138</num>
  <num>6139</num>
  <num>6140</num>
  <num>6141</num>
  <num>6142</num>
  <num>6143</num>
  <num>6144</num>
  <num>6145</num>
  <num>6146</num>
  <num>6147</num>
  <num>6148</num>
  <num>6149</num>
  <num>6150</num>
  <num>6151</num>
  <num>6152</num>
  <num>6153</num>
  <num>6154</num>
  <num>6155</num>
  <num>6156</num>
  <num>6157</num>
  <num>6158</num>
  <num>6159</num>
  <num>6160</num>
  <num>6161</num>
  <num>6162</num>
  <num>6163</num>
  <num>6164</num>
  <num>6165</num>
  <num>6166</num>
  <num>6167</num>
  <num>6168</num>
  <num>6169</num>
  <num>6170</num>
  <num>6171</num>
  <num>6172</num>
  <num>6173</num>
  <num>6174</num>
  <num>6175</num>
  <num>6176</num>
  <num>6177</num>
  <num>6178</num>
  <num>6179</num>
  <num>6180</num>
  <num>6181</num>
  <num>6182</num>
  <num>6183</num>
  <num>6184</num>
  <num>6185</num>
  <num>6186</num>
  <num>6187</num>
  <num>6188</num>
  <num>6189</num>
  <num>6190</num>
  <num>6191</num>
  <num>6192</num>
  <num>6193</num>
  <num>6194</num>
  <num>6195</num>
  <num>6196</num>
  <num>6197</num>
  <num>6198</num>
  <num>6199</num>
  <num>6200</num>
  <num>6201</num>
  <num>6202</num>
  <num>6203</num>
  <num>6204</num>
  <num>6205</num>
  <num>6206</num>
  <num>6207</num>
  <num>6208</num>
  <num>6209</num>
  <num>6210</num>
  <num>6211</num>
  <num>6212</num>
  <num>6213</num>
  <num>6214</num>
  <num>6215</num>
  <num>6216</num>
  <num>6217</num>
  <num>6218</num>
  <num>6219</num>
  <num>6220</num>
  <num>6221</num>
  <num>6222</num>
  <num>6223</num>
  <num>6224</num>
  <num>6225</num>
  <num>6226</num>
  <num>6227</num>
  <num>6228</num>
  <num>6229</num>
  <num>6230</num>
  <num>6231</num>
  <num>6232</num>
  <num>6233</num>
  <num>6234</num>
  <num>6235</num>
  <num>6236</num>
  <num>6237</num>
  <num>6238</num>
  <num>6239</num>
  <num>6240</num>
  <num>6241</num>
  <num>6242</num>
  <num>6243</num>
  <num>6244</num>
  <num>6245</num>
  <num>6246</num>
  <num>6247</num>
  <num>6248</num>
  <num>6249</num>
  <num>6250</num>
  <num>6251</num>
  <num>6252</num>
  <num>6253</num>
  <num>6254</num>
  <num>6255</num>
  <num>6256</num>
  <num>6257</num>
  <num>6258</num>
  <num>6259</num>
  <num>6260</num>
  <num>6261</num>
  <num>6262</num>
  <num>6263</num>
  <num>6264</num>
  <num>6265</num>
  <num>6266</num>
  <num>6267</num>
  <num>6268</num>
  <num>6269</num>
  <num>6270</num>
  <num>6271</num>
  <num>6272</num>
  <num>6273</num>
  <num>6274</num>
  <num>6275</num>
  <num>6276</num>
  <num>6277</num>
  <num>6278</num>
  <num>6279</num>
  <num>6280</num>
  <num>6281</num>
  <num>6282</num>
  <num>6283</num>
  <num>6284</num>
  <num>6285</num>
  <num>6286</num>
  <num>6287</num>
  <num>6288</num>
  <num>6289</num>
  <num>6290</num>
  <num>6291</num>
  <num>6292</num>
  <num>6293</num>
  <num>6294</num>
  <num>6295</num>
  <num>6296</num>
  <num>6297</num>
  <num>6298</num>
  <num>6299</num>
  <num>6300</num>
  <num>6301</num>
  <num>6302</num>
  <num>6303</num>
  <num>6304</num>
  <num>6305</num>
  <num>6306</num>
  <num>6307</num>
  <num>6308</num>
  <num>6309</num>
  <num>6310</num>
  <num>6311</num>
  <num>6312</num>
  <num>6313</num>
  <num>6314</num>
  <num>6315</num>
  <num>6316</num>
  <num>6317</num>
  <num>6318</num>
  <num>6319</num>
  <num>6320</num>
  <num>6321</num>
  <num>6322</num>
  <num>6323</num>
  <num>6324</num>
  <num>6325</num>
  <num>6326</num>
  <num>6327</num>
  <num>6328</num>
  <num>6329</num>
  <num>6330</num>
  <num>6331</num>
  <num>6332</num>
  <num>6333</num>
  <num>6334</num>
  <num>6335</num>
  <num>6336</num>
  <num>6337</num>
  <num>6338</num>
  <num>6339</num>
  <num>6340</num>
  <num>6341</num>
  <num>6342</num>
  <num>6343</num>
  <num>6344</num>
  <num>6345</num>
  <num>6346</num>
  <num>6347</num>
  <num>6348</num>
  <num>6349</num>
  <num>6350</num>
  <num>6351</num>
  <num>6352</num>
  <num>6353</num>
  <num>6354</num>
  <num>6355</num>
  <num>6356</num>
  <num>6357</num>
  <num>6358</num>
  <num>6359</num>
  <num>6360</num>
  <num>6361</num>
  <num>6362</num>
  <num>6363</num>
  <num>6364</num>
  <num>6365</num>
  <num>6366</num>
  <num>6367</num>
  <num>6368</num>
  <num>6369</num>
  <num>6370</num>
  <num>6371</num>
  <num>6372</num>
  <num>6373</num>
  <num>6374</num>
  <num>6375</num>
  <num>6376</num>
  <num>6377</num>
  <num>6378</num>
  <num>6379</num>
  <num>6380</num>
  <num>6381</num>
  <num>6382</num>
  <num>6383</num>
  <num>6384</num>
  <num>6385</num>
  <num>6386</num>
  <num>6387</num>
  <num>6388</num>
  <num>6389</num>
  <num>6390</num>
  <num>6391</num>
  <num>6392</num>
  <num>6393</num>
  <num>6394</num>
  <num>6395</num>
  <num>6396</num>
  <num>6397</num>
  <num>6398</num>
  <num>6399</num>
  <num>6400</num>
  <num>6401</num>
  <num>6402</num>
  <num>6403</num>
  <num>6404</num>
  <num>6405</num>
  <num>6406</num>
  <num>6407</num>
  <num>6408</num>
  <num>6409</num>
  <num>6410</num>
  <num>6411</num>
  <num>6412</num>
  <num>6413</num>
  <num>6414</num>
  <num>6415</num>
  <num>6416</num>
  <num>6417</num>
  <num>6418</num>
  <num>6419</num>
  <num>6420</num>
  <num>6421</num>
  <num>6422</num>
  <num>6423</num>
  <num>6424</num>
  <num>6425</num>
  <num>6426</num>
  <num>6427</num>
  <num>6428</num>
  <num>6429</num>
  <num>6430</num>
  <num>6431</num>
  <num>6432</num>
  <num>6433</num>
  <num>6434</num>
  <num>6435</num>
  <num>6436</num>
  <num>6437</num>
  <num>6438</num>
  <num>6439</num>
  <num>6440</num>
  <num>6441</num>
  <num>6442</num>
  <num>6443</num>
  <num>6444</num>
  <num>6445</num>
  <num>6446</num>
  <num>6447</num>
  <num>6448</num>
  <num>6449</num>
  <num>6450</num>
  <num>6451</num>
  <num>6452</num>
  <num>6453</num>
  <num>6454</num>
  <num>6455</num>
  <num>6456</num>
  <num>6457</num>
  <num>6458</num>
  <num>6459</num>
  <num>6460</num>
  <num>6461</num>
  <num>6462</num>
  <num>6463</num>
  <num>6464</num>
  <num>6465</num>
  <num>6466</num>
  <num>6467</num>
  <num>6468</num>
  <num>6469</num>
  <num>6470</num>
  <num>6471</num>
  <num>6472</num>
  <num>6473</num>
  <num>6474</num>
  <num>6475</num>
  <num>6476</num>
  <num>6477</num>
  <num>6478</num>
  <num>6479</num>
  <num>6480</num>
  <num>6481</num>
  <num>6482</num>
  <num>6483</num>
  <num>6484</num>
  <num>6485</num>
  <num>6486</num>
  <num>6487</num>
  <num>6488</num>
  <num>6489</num>
  <num>6490</num>
  <num>6491</num>
  <num>6492</num>
  <num>6493</num>
  <num>6494</num>
  <num>6495</num>
  <num>6496</num>
  <num>6497</num>
  <num>6498</num>
  <num>6499</num>
  <num>6500</num>
  <num>6501</num>
  <num>6502</num>
  <num>6503</num>
  <num>6504</num>
  <num>6505</num>
  <num>6506</num>
  <num>6507</num>
  <num>6508</num>
  <num>6509</num>
  <num>6510</num>
  <num>6511</num>
  <num>6512</num>
  <num>6513</num>
  <num>6514</num>
  <num>6515</num>
  <num>6516</num>
  <num>6517</num>
  <num>6518</num>
  <num>6519</num>
  <num>6520</num>
  <num>6521</num>
  <num>6522</num>
  <num>6523</num>
  <num>6524</num>
  <num>6525</num>
  <num>6526</num>
  <num>6527</num>
  <num>6528</num>
  <num>6529</num>
  <num>6530</num>
  <num>6531</num>
  <num>6532</num>
  <num>6533</num>
  <num>6534</num>
  <num>6535</num>
  <num>6536</num>
  <num>6537</num>
  <num>6538</num>
  <num>6539</num>
  <num>6540</num>
  <num>6541</num>
  <num>6542</num>
  <num>6543</num>
  <num>6544</num>
  <num>6545</num>
  <num>6546</num>
  <num>6547</num>
  <num>6548</num>
  <num>6549</num>
  <num>6550</num>
  <num>6551</num>
  <num>6552</num>
  <num>6553</num>
  <num>6554</num>
  <num>6555</num>
  <num>6556</num>
  <num>6557</num>
  <num>6558</num>
  <num>6559</num>
  <num>6560</num>
  <num>6561</num>
  <num>6562</num>
  <num>6563</num>
  <num>6564</num>
  <num>6565</num>
  <num>6566</num>
  <num>6567</num>
  <num>6568</num>
  <num>6569</num>
  <num>6570</num>
  <num>6571</num>
  <num>6572</num>
  <num>6573</num>
  <num>6574</num>
  <num>6575</num>
  <num>6576</num>
  <num>6577</num>
  <num>6578</num>
  <num>6579</num>
  <num>6580</num>
  <num>6581</num>
  <num>6582</num>
  <num>6583</num>
  <num>6584</num>
  <num>6585</num>
  <num>6586</num>
  <num>6587</num>
  <num>6588</num>
  <num>6589</num>
  <num>6590</num>
  <num>6591</num>
  <num>6592</num>
  <num>6593</num>
  <num>6594</num>
  <num>6595</num>
  <num>6596</num>
  <num>6597</num>
  <num>6598</num>
  <num>6599</num>
  <num>6600</num>
  <num>6601</num>
  <num>6602</num>
  <num>6603</num>
  <num>6604</num>
  <num>6605</num>
  <num>6606</num>
  <num>6607</num>
  <num>6608</num>
  <num>6609</num>
  <num>6610</num>
  <num>6611</num>
  <num>6612</num>
  <num>6613</num>
  <num>6614</num>
  <num>6615</num>
  <num>6616</num>
  <num>6617</num>
  <num>6618</num>
  <num>6619</num>
  <num>6620</num>
  <num>6621</num>
  <num>6622</num>
  <num>6623</num>
  <num>6624</num>
  <num>6625</num>
  <num>6626</num>
  <num>6627</num>
  <num>6628</num>
  <num>6629</num>
  <num>6630</num>
  <num>6631</num>
  <num>6632</num>
  <num>6633</num>
  <num>6634</num>
  <num>6635</num>
  <num>6636</num>
  <num>6637</num>
  <num>6638</num>
  <num>6639</num>
  <num>6640</num>
  <num>6641</num>
  <num>6642</num>
  <num>6643</num>
  <num>6644</num>
  <num>6645</num>
  <num>6646</num>
  <num>6647</num>
  <num>6648</num>
  <num>6649</num>
  <num>6650</num>
  <num>6651</num>
  <num>6652</num>
  <num>6653</num>
  <num>6654</num>
  <num>6655</num>
  <num>6656</num>
  <num>6657</num>
  <num>6658</num>
  <num>6659</num>
  <num>6660</num>
  <num>6661</num>
  <num>6662</num>
  <num>6663</num>
  <num>6664</num>
  <num>6665</num>
  <num>6666</num>
  <num>6667</num>
  <num>6668</num>
  <num>6669</num>
  <num>6670</num>
  <num>6671</num>
  <num>6672</num>
  <num>6673</num>
  <num>6674</num>
  <num>6675</num>
  <num>6676</num>
  <num>6677</num>
  <num>6678</num>
  <num>6679</num>
  <num>6680</num>
  <num>6681</num>
  <num>6682</num>
  <num>6683</num>
  <num>6684</num>
  <num>6685</num>
  <num>6686</num>
  <num>6687</num>
  <num>6688</num>
  <num>6689</num>
  <num>6690</num>
  <num>6691</num>
  <num>6692</num>
  <num>6693</num>
  <num>6694</num>
  <num>6695</num>
  <num>6696</num>
  <num>6697</num>
  <num>6698</num>
  <num>6699</num>
  <num>6700</num>
  <num>6701</num>
  <num>6702</num>
  <num>6703</num>
  <num>6704</num>
  <num>6705</num>
  <num>6706</num>
  <num>6707</num>
  <num>6708</num>
  <num>6709</num>
  <num>6710</num>
  <num>6711</num>
  <num>6712</num>
  <num>6713</num>
  <num>6714</num>
  <num>6715</num>
  <num>6716</num>
  <num>6717</num>
  <num>6718</num>
  <num>6719</num>
  <num>6720</num>
  <num>6721</num>
  <num>6722</num>
  <num>6723</num>
  <num>6724</num>
  <num>6725</num>
  <num>6726</num>
  <num>6727</num>
  <num>6728</num>
  <num>6729</num>
  <num>6730</num>
  <num>6731</num>
  <num>6732</num>
  <num>6733</num>
  <num>6734</num>
  <num>6735</num>
  <num>6736</num>
  <num>6737</num>
  <num>6738</num>
  <num>6739</num>
  <num>6740</num>
  <num>6741</num>
  <num>6742</num>
  <num>6743</num>
  <num>6744</num>
  <num>6745</num>
  <num>6746</num>
  <num>6747</num>
  <num>6748</num>
  <num>6749</num>
  <num>6750</num>
  <num>6751</num>
  <num>6752</num>
  <num>6753</num>
  <num>6754</num>
  <num>6755</num>
  <num>6756</num>
  <num>6757</num>
  <num>6758</num>
  <num>6759</num>
  <num>6760</num>
  <num>6761</num>
  <num>6762</num>
  <num>6763</num>
  <num>6764</num>
  <num>6765</num>
  <num>6766</num>
  <num>6767</num>
  <num>6768</num>
  <num>6769</num>
  <num>6770</num>
  <num>6771</num>
  <num>6772</num>
  <num>6773</num>
  <num>6774</num>
  <num>6775</num>
  <num>6776</num>
  <num>6777</num>
  <num>6778</num>
  <num>6779</num>
  <num>6780</num>
  <num>6781</num>
  <num>6782</num>
  <num>6783</num>
  <num>6784</num>
  <num>6785</num>
  <num>6786</num>
  <num>6787</num>
  <num>6788</num>
  <num>6789</num>
  <num>6790</num>
  <num>6791</num>
  <num>6792</num>
  <num>6793</num>
  <num>6794</num>
  <num>6795</num>
  <num>6796</num>
  <num>6797</num>
  <num>6798</num>
  <num>6799</num>
  <num>6800</num>
  <num>6801</num>
  <num>6802</num>
  <num>6803</num>
  <num>6804</num>
  <num>6805</num>
  <num>6806</num>
  <num>6807</num>
  <num>6808</num>
  <num>6809</num>
  <num>6810</num>
  <num>6811</num>
  <num>6812</num>
  <num>6813</num>
  <num>6814</num>
  <num>6815</num>
  <num>6816</num>
  <num>6817</num>
  <num>6818</num>
  <num>6819</num>
  <num>6820</num>
  <num>6821</num>
  <num>6822</num>
  <num>6823</num>
  <num>6824</num>
  <num>6825</num>
  <num>6826</num>
  <num>6827</num>
  <num>6828</num>
  <num>6829</num>
  <num>6830</num>
  <num>6831</num>
  <num>6832</num>
  <num>6833</num>
  <num>6834</num>
  <num>6835</num>
  <num>6836</num>
  <num>6837</num>
  <num>6838</num>
  <num>6839</num>
  <num>6840</num>
  <num>6841</num>
  <num>6842</num>
  <num>6843</num>
  <num>6844</num>
  <num>6845</num>
  <num>6846</num>
  <num>6847</num>
  <num>6848</num>
  <num>6849</num>
  <num>6850</num>
  <num>6851</num>
  <num>6852</num>
  <num>6853</num>
  <num>6854</num>
  <num>6855</num>
  <num>6856</num>
  <num>6857</num>
  <num>6858</num>
  <num>6859</num>
  <num>6860</num>
  <num>6861</num>
  <num>6862</num>
  <num>6863</num>
  <num>6864</num>
  <num>6865</num>
  <num>6866</num>
  <num>6867</num>
  <num>6868</num>
  <num>6869</num>
  <num>6870</num>
  <num>6871</num>
  <num>6872</num>
  <num>6873</num>
  <num>6874</num>
  <num>6875</num>
  <num>6876</num>
  <num>6877</num>
  <num>6878</num>
  <num>6879</num>
  <num>6880</num>
  <num>6881</num>
  <num>6882</num>
  <num>6883</num>
  <num>6884</num>
  <num>6885</num>
  <num>6886</num>
  <num>6887</num>
  <num>6888</num>
  <num>6889</num>
  <num>6890</num>
  <num>6891</num>
  <num>6892</num>
  <num>6893</num>
  <num>6894</num>
  <num>6895</num>
  <num>6896</num>
  <num>6897</num>
  <num>6898</num>
  <num>6899</num>
  <num>6900</num>
  <num>6901</num>
  <num>6902</num>
  <num>6903</num>
  <num>6904</num>
  <num>6905</num>
  <num>6906</num>
  <num>6907</num>
  <num>6908</num>
  <num>6909</num>
  <num>6910</num>
  <num>6911</num>
  <num>6912</num>
  <num>6913</num>
  <num>6914</num>
  <num>6915</num>
  <num>6916</num>
  <num>6917</num>
  <num>6918</num>
  <num>6919</num>
  <num>6920</num>
  <num>6921</num>
  <num>6922</num>
  <num>6923</num>
  <num>6924</num>
  <num>6925</num>
  <num>6926</num>
  <num>6927</num>
  <num>6928</num>
  <num>6929</num>
  <num>6930</num>
  <num>6931</num>
  <num>6932</num>
  <num>6933</num>
  <num>6934</num>
  <num>6935</num>
  <num>6936</num>
  <num>6937</num>
  <num>6938</num>
  <num>6939</num>
  <num>6940</num>
  <num>6941</num>
  <num>6942</num>
  <num>6943</num>
  <num>6944</num>
  <num>6945</num>
  <num>6946</num>
  <num>6947</num>
  <num>6948</num>
  <num>6949</num>
  <num>6950</num>
  <num>6951</num>
  <num>6952</num>
  <num>6953</num>
  <num>6954</num>
  <num>6955</num>
  <num>6956</num>
  <num>6957</num>
  <num>6958</num>
  <num>6959</num>
  <num>6960</num>
  <num>6961</num>
  <num>6962</num>
  <num>6963</num>
  <num>6964</num>
  <num>6965</num>
  <num>6966</num>
  <num>6967</num>
  <num>6968</num>
  <num>6969</num>
  <num>6970</num>
  <num>6971</num>
  <num>6972</num>
  <num>6973</num>
  <num>6974</num>
  <num>6975</num>
  <num>6976</num>
  <num>6977</num>
  <num>6978</num>
  <num>6979</num>
  <num>6980</num>
  <num>6981</num>
  <num>6982</num>
  <num>6983</num>
  <num>6984</num>
  <num>6985</num>
  <num>6986</num>
  <num>6987</num>
  <num>6988</num>
  <num>6989</num>
  <num>6990</num>
  <num>6991</num>
  <num>6992</num>
  <num>6993</num>
  <num>6994</num>
  <num>6995</num>
  <num>6996</num>
  <num>6997</num>
  <num>6998</num>
  <num>6999</num>
  <num>7000</num>
  <num>7001</num>
  <num>7002</num>
  <num>7003</num>
  <num>7004</num>
  <num>7005</num>
  <num>7006</num>
  <num>7007</num>
  <num>7008</num>
  <num>7009</num>
  <num>7010</num>
  <num>7011</num>
  <num>7012</num>
  <num>7013</num>
  <num>7014</num>
  <num>7015</num>
  <num>7016</num>
  <num>7017</num>
  <num>7018</num>
  <num>7019</num>
  <num>7020</num>
  <num>7021</num>
  <num>7022</num>
  <num>7023</num>
  <num>7024</num>
  <num>7025</num>
  <num>7026</num>
  <num>7027</num>
  <num>7028</num>
  <num>7029</num>
  <num>7030</num>
  <num>7031</num>
  <num>7032</num>
  <num>7033</num>
  <num>7034</num>
  <num>7035</num>
  <num>7036</num>
  <num>7037</num>
  <num>7038</num>
  <num>7039</num>
  <num>7040</num>
  <num>7041</num>
  <num>7042</num>
  <num>7043</num>
  <num>7044</num>
  <num>7045</num>
  <num>7046</num>
  <num>7047</num>
  <num>7048</num>
  <num>7049</num>
  <num>7050</num>
  <num>7051</num>
  <num>7052</num>
  <num>7053</num>
  <num>7054</num>
  <num>7055</num>
  <num>7056</num>
  <num>7057</num>
  <num>7058</num>
  <num>7059</num>
  <num>7060</num>
  <num>7061</num>
  <num>7062</num>
  <num>7063</num>
  <num>7064</num>
  <num>7065</num>
  <num>7066</num>
  <num>7067</num>
  <num>7068</num>
  <num>7069</num>
  <num>7070</num>
  <num>7071</num>
  <num>7072</num>
  <num>7073</num>
  <num>7074</num>
  <num>7075</num>
  <num>7076</num>
  <num>7077</num>
  <num>7078</num>
  <num>7079</num>
  <num>7080</num>
  <num>7081</num>
  <num>7082</num>
  <num>7083</num>
  <num>7084</num>
  <num>7085</num>
  <num>7086</num>
  <num>7087</num>
  <num>7088</num>
  <num>7089</num>
  <num>7090</num>
  <num>7091</num>
  <num>7092</num>
  <num>7093</num>
  <num>7094</num>
  <num>7095</num>
  <num>7096</num>
  <num>7097</num>
  <num>7098</num>
  <num>7099</num>
  <num>7100</num>
  <num>7101</num>
  <num>7102</num>
  <num>7103</num>
  <num>7104</num>
  <num>7105</num>
  <num>7106</num>
  <num>7107</num>
  <num>7108</num>
  <num>7109</num>
  <num>7110</num>
  <num>7111</num>
  <num>7112</num>
  <num>7113</num>
  <num>7114</num>
  <num>7115</num>
  <num>7116</num>
  <num>7117</num>
  <num>7118</num>
  <num>7119</num>
  <num>7120</num>
  <num>7121</num>
  <num>7122</num>
  <num>7123</num>
  <num>7124</num>
  <num>7125</num>
  <num>7126</num>
  <num>7127</num>
  <num>7128</num>
  <num>7129</num>
  <num>7130</num>
  <num>7131</num>
  <num>7132</num>
  <num>7133</num>
  <num>7134</num>
  <num>7135</num>
  <num>7136</num>
  <num>7137</num>
  <num>7138</num>
  <num>7139</num>
  <num>7140</num>
  <num>7141</num>
  <num>7142</num>
  <num>7143</num>
  <num>7144</num>
  <num>7145</num>
  <num>7146</num>
  <num>7147</num>
  <num>7148</num>
  <num>7149</num>
  <num>7150</num>
  <num>7151</num>
  <num>7152</num>
  <num>7153</num>
  <num>7154</num>
  <num>7155</num>
  <num>7156</num>
  <num>7157</num>
  <num>7158</num>
  <num>7159</num>
  <num>7160</num>
  <num>7161</num>
  <num>7162</num>
  <num>7163</num>
  <num>7164</num>
  <num>7165</num>
  <num>7166</num>
  <num>7167</num>
  <num>7168</num>
  <num>7169</num>
  <num>7170</num>
  <num>7171</num>
  <num>7172</num>
  <num>7173</num>
  <num>7174</num>
  <num>7175</num>
  <num>7176</num>
  <num>7177</num>
  <num>7178</num>
  <num>7179</num>
  <num>7180</num>
  <num>7181</num>
  <num>7182</num>
  <num>7183</num>
  <num>7184</num>
  <num>7185</num>
  <num>7186</num>
  <num>7187</num>
  <num>7188</num>
  <num>7189</num>
  <num>7190</num>
  <num>7191</num>
  <num>7192</num>
  <num>7193</num>
  <num>7194</num>
  <num>7195</num>
  <num>7196</num>
  <num>7197</num>
  <num>7198</num>
  <num>7199</num>
  <num>7200</num>
  <num>7201</num>
  <num>7202</num>
  <num>7203</num>
  <num>7204</num>
  <num>7205</num>
  <num>7206</num>
  <num>7207</num>
  <num>7208</num>
  <num>7209</num>
  <num>7210</num>
  <num>7211</num>
  <num>7212</num>
  <num>7213</num>
  <num>7214</num>
  <num>7215</num>
  <num>7216</num>
  <num>7217</num>
  <num>7218</num>
  <num>7219</num>
  <num>7220</num>
  <num>7221</num>
  <num>7222</num>
  <num>7223</num>
  <num>7224</num>
  <num>7225</num>
  <num>7226</num>
  <num>7227</num>
  <num>7228</num>
  <num>7229</num>
  <num>7230</num>
  <num>7231</num>
  <num>7232</num>
  <num>7233</num>
  <num>7234</num>
  <num>7235</num>
  <num>7236</num>
  <num>7237</num>
  <num>7238</num>
  <num>7239</num>
  <num>7240</num>
  <num>7241</num>
  <num>7242</num>
  <num>7243</num>
  <num>7244</num>
  <num>7245</num>
  <num>7246</num>
  <num>7247</num>
  <num>7248</num>
  <num>7249</num>
  <num>7250</num>
  <num>7251</num>
  <num>7252</num>
  <num>7253</num>
  <num>7254</num>
  <num>7255</num>
  <num>7256</num>
  <num>7257</num>
  <num>7258</num>
  <num>7259</num>
  <num>7260</num>
  <num>7261</num>
  <num>7262</num>
  <num>7263</num>
  <num>7264</num>
  <num>7265</num>
  <num>7266</num>
  <num>7267</num>
  <num>7268</num>
  <num>7269</num>
  <num>7270</num>
  <num>7271</num>
  <num>7272</num>
  <num>7273</num>
  <num>7274</num>
  <num>7275</num>
  <num>7276</num>
  <num>7277</num>
  <num>7278</num>
  <num>7279</num>
  <num>7280</num>
  <num>7281</num>
  <num>7282</num>
  <num>7283</num>
  <num>7284</num>
  <num>7285</num>
  <num>7286</num>
  <num>7287</num>
  <num>7288</num>
  <num>7289</num>
  <num>7290</num>
  <num>7291</num>
  <num>7292</num>
  <num>7293</num>
  <num>7294</num>
  <num>7295</num>
  <num>7296</num>
  <num>7297</num>
  <num>7298</num>
  <num>7299</num>
  <num>7300</num>
  <num>7301</num>
  <num>7302</num>
  <num>7303</num>
  <num>7304</num>
  <num>7305</num>
  <num>7306</num>
  <num>7307</num>
  <num>7308</num>
  <num>7309</num>
  <num>7310</num>
  <num>7311</num>
  <num>7312</num>
  <num>7313</num>
  <num>7314</num>
  <num>7315</num>
  <num>7316</num>
  <num>7317</num>
  <num>7318</num>
  <num>7319</num>
  <num>7320</num>
  <num>7321</num>
  <num>7322</num>
  <num>7323</num>
  <num>7324</num>
  <num>7325</num>
  <num>7326</num>
  <num>7327</num>
  <num>7328</num>
  <num>7329</num>
  <num>7330</num>
  <num>7331</num>
  <num>7332</num>
  <num>7333</num>
  <num>7334</num>
  <num>7335</num>
  <num>7336</num>
  <num>7337</num>
  <num>7338</num>
  <num>7339</num>
  <num>7340</num>
  <num>7341</num>
  <num>7342</num>
  <num>7343</num>
  <num>7344</num>
  <num>7345</num>
  <num>7346</num>
  <num>7347</num>
  <num>7348</num>
  <num>7349</num>
  <num>7350</num>
  <num>7351</num>
  <num>7352</num>
  <num>7353</num>
  <num>7354</num>
  <num>7355</num>
  <num>7356</num>
  <num>7357</num>
  <num>7358</num>
  <num>7359</num>
  <num>7360</num>
  <num>7361</num>
  <num>7362</num>
  <num>7363</num>
  <num>7364</num>
  <num>7365</num>
  <num>7366</num>
  <num>7367</num>
  <num>7368</num>
  <num>7369</num>
  <num>7370</num>
  <num>7371</num>
  <num>7372</num>
  <num>7373</num>
  <num>7374</num>
  <num>7375</num>
  <num>7376</num>
  <num>7377</num>
  <num>7378</num>
  <num>7379</num>
  <num>7380</num>
  <num>7381</num>
  <num>7382</num>
  <num>7383</num>
  <num>7384</num>
  <num>7385</num>
  <num>7386</num>
  <num>7387</num>
  <num>7388</num>
  <num>7389</num>
  <num>7390</num>
  <num>7391</num>
  <num>7392</num>
  <num>7393</num>
  <num>7394</num>
  <num>7395</num>
  <num>7396</num>
  <num>7397</num>
  <num>7398</num>
  <num>7399</num>
  <num>7400</num>
  <num>7401</num>
  <num>7402</num>
  <num>7403</num>
  <num>7404</num>
  <num>7405</num>
  <num>7406</num>
  <num>7407</num>
  <num>7408</num>
  <num>7409</num>
  <num>7410</num>
  <num>7411</num>
  <num>7412</num>
  <num>7413</num>
  <num>7414</num>
  <num>7415</num>
  <num>7416</num>
  <num>7417</num>
  <num>7418</num>
  <num>7419</num>
  <num>7420</num>
  <num>7421</num>
  <num>7422</num>
  <num>7423</num>
  <num>7424</num>
  <num>7425</num>
  <num>7426</num>
  <num>7427</num>
  <num>7428</num>
  <num>7429</num>
  <num>7430</num>
  <num>7431</num>
  <num>7432</num>
  <num>7433</num>
  <num>7434</num>
  <num>7435</num>
  <num>7436</num>
  <num>7437</num>
  <num>7438</num>
  <num>7439</num>
  <num>7440</num>
  <num>7441</num>
  <num>7442</num>
  <num>7443</num>
  <num>7444</num>
  <num>7445</num>
  <num>7446</num>
  <num>7447</num>
  <num>7448</num>
  <num>7449</num>
  <num>7450</num>
  <num>7451</num>
  <num>7452</num>
  <num>7453</num>
  <num>7454</num>
  <num>7455</num>
  <num>7456</num>
  <num>7457</num>
  <num>7458</num>
  <num>7459</num>
  <num>7460</num>
  <num>7461</num>
  <num>7462</num>
  <num>7463</num>
  <num>7464</num>
  <num>7465</num>
  <num>7466</num>
  <num>7467</num>
  <num>7468</num>
  <num>7469</num>
  <num>7470</num>
  <num>7471</num>
  <num>7472</num>
  <num>7473</num>
  <num>7474</num>
  <num>7475</num>
  <num>7476</num>
  <num>7477</num>
  <num>7478</num>
  <num>7479</num>
  <num>7480</num>
  <num>7481</num>
  <num>7482</num>
  <num>7483</num>
  <num>7484</num>
  <num>7485</num>
  <num>7486</num>
  <num>7487</num>
  <num>7488</num>
  <num>7489</num>
  <num>7490</num>
  <num>7491</num>
  <num>7492</num>
  <num>7493</num>
  <num>7494</num>
  <num>7495</num>
  <num>7496</num>
  <num>7497</num>
  <num>7498</num>
  <num>7499</num>
  <num>7500</num>
  <num>7501</num>
  <num>7502</num>
  <num>7503</num>
  <num>7504</num>
  <num>7505</num>
  <num>7506</num>
  <num>7507</num>
  <num>7508</num>
  <num>7509</num>
  <num>7510</num>
  <num>7511</num>
  <num>7512</num>
  <num>7513</num>
  <num>7514</num>
  <num>7515</num>
  <num>7516</num>
  <num>7517</num>
  <num>7518</num>
  <num>7519</num>
  <num>7520</num>
  <num>7521</num>
  <num>7522</num>
  <num>7523</num>
  <num>7524</num>
  <num>7525</num>
  <num>7526</num>
  <num>7527</num>
  <num>7528</num>
  <num>7529</num>
  <num>7530</num>
  <num>7531</num>
  <num>7532</num>
  <num>7533</num>
  <num>7534</num>
  <num>7535</num>
  <num>7536</num>
  <num>7537</num>
  <num>7538</num>
  <num>7539</num>
  <num>7540</num>
  <num>7541</num>
  <num>7542</num>
  <num>7543</num>
  <num>7544</num>
  <num>7545</num>
  <num>7546</num>
  <num>7547</num>
  <num>7548</num>
  <num>7549</num>
  <num>7550</num>
  <num>7551</num>
  <num>7552</num>
  <num>7553</num>
  <num>7554</num>
  <num>7555</num>
  <num>7556</num>
  <num>7557</num>
  <num>7558</num>
  <num>7559</num>
  <num>7560</num>
  <num>7561</num>
  <num>7562</num>
  <num>7563</num>
  <num>7564</num>
  <num>7565</num>
  <num>7566</num>
  <num>7567</num>
  <num>7568</num>
  <num>7569</num>
  <num>7570</num>
  <num>7571</num>
  <num>7572</num>
  <num>7573</num>
  <num>7574</num>
  <num>7575</num>
  <num>7576</num>
  <num>7577</num>
  <num>7578</num>
  <num>7579</num>
  <num>7580</num>
  <num>7581</num>
  <num>7582</num>
  <num>7583</num>
  <num>7584</num>
  <num>7585</num>
  <num>7586</num>
  <num>7587</num>
  <num>7588</num>
  <num>7589</num>
  <num>7590</num>
  <num>7591</num>
  <num>7592</num>
  <num>7593</num>
  <num>7594</num>
  <num>7595</num>
  <num>7596</num>
  <num>7597</num>
  <num>7598</num>
  <num>7599</num>
  <num>7600</num>
  <num>7601</num>
  <num>7602</num>
  <num>7603</num>
  <num>7604</num>
  <num>7605</num>
  <num>7606</num>
  <num>7607</num>
  <num>7608</num>
  <num>7609</num>
  <num>7610</num>
  <num>7611</num>
  <num>7612</num>
  <num>7613</num>
  <num>7614</num>
  <num>7615</num>
  <num>7616</num>
  <num>7617</num>
  <num>7618</num>
  <num>7619</num>
  <num>7620</num>
  <num>7621</num>
  <num>7622</num>
  <num>7623</num>
  <num>7624</num>
  <num>7625</num>
  <num>7626</num>
  <num>7627</num>
  <num>7628</num>
  <num>7629</num>
  <num>7630</num>
  <num>7631</num>
  <num>7632</num>
  <num>7633</num>
  <num>7634</num>
  <num>7635</num>
  <num>7636</num>
  <num>7637</num>
  <num>7638</num>
  <num>7639</num>
  <num>7640</num>
  <num>7641</num>
  <num>7642</num>
  <num>7643</num>
  <num>7644</num>
  <num>7645</num>
  <num>7646</num>
  <num>7647</num>
  <num>7648</num>
  <num>7649</num>
  <num>7650</num>
  <num>7651</num>
  <num>7652</num>
  <num>7653</num>
  <num>7654</num>
  <num>7655</num>
  <num>7656</num>
  <num>7657</num>
  <num>7658</num>
  <num>7659</num>
  <num>7660</num>
  <num>7661</num>
  <num>7662</num>
  <num>7663</num>
  <num>7664</num>
  <num>7665</num>
  <num>7666</num>
  <num>7667</num>
  <num>7668</num>
  <num>7669</num>
  <num>7670</num>
  <num>7671</num>
  <num>7672</num>
  <num>7673</num>
  <num>7674</num>
  <num>7675</num>
  <num>7676</num>
  <num>7677</num>
  <num>7678</num>
  <num>7679</num>
  <num>7680</num>
  <num>7681</num>
  <num>7682</num>
  <num>7683</num>
  <num>7684</num>
  <num>7685</num>
  <num>7686</num>
  <num>7687</num>
  <num>7688</num>
  <num>7689</num>
  <num>7690</num>
  <num>7691</num>
  <num>7692</num>
  <num>7693</num>
  <num>7694</num>
  <num>7695</num>
  <num>7696</num>
  <num>7697</num>
  <num>7698</num>
  <num>7699</num>
  <num>7700</num>
  <num>7701</num>
  <num>7702</num>
  <num>7703</num>
  <num>7704</num>
  <num>7705</num>
  <num>7706</num>
  <num>7707</num>
  <num>7708</num>
  <num>7709</num>
  <num>7710</num>
  <num>7711</num>
  <num>7712</num>
  <num>7713</num>
  <num>7714</num>
  <num>7715</num>
  <num>7716</num>
  <num>7717</num>
  <num>7718</num>
  <num>7719</num>
  <num>7720</num>
  <num>7721</num>
  <num>7722</num>
  <num>7723</num>
  <num>7724</num>
  <num>7725</num>
  <num>7726</num>
  <num>7727</num>
  <num>7728</num>
  <num>7729</num>
  <num>7730</num>
  <num>7731</num>
  <num>7732</num>
  <num>7733</num>
  <num>7734</num>
  <num>7735</num>
  <num>7736</num>
  <num>7737</num>
  <num>7738</num>
  <num>7739</num>
  <num>7740</num>
  <num>7741</num>
  <num>7742</num>
  <num>7743</num>
  <num>7744</num>
  <num>7745</num>
  <num>7746</num>
  <num>7747</num>
  <num>7748</num>
  <num>7749</num>
  <num>7750</num>
  <num>7751</num>
  <num>7752</num>
  <num>7753</num>
  <num>7754</num>
  <num>7755</num>
  <num>7756</num>
  <num>7757</num>
  <num>7758</num>
  <num>7759</num>
  <num>7760</num>
  <num>7761</num>
  <num>7762</num>
  <num>7763</num>
  <num>7764</num>
  <num>7765</num>
  <num>7766</num>
  <num>7767</num>
  <num>7768</num>
  <num>7769</num>
  <num>7770</num>
  <num>7771</num>
  <num>7772</num>
  <num>7773</num>
  <num>7774</num>
  <num>7775</num>
  <num>7776</num>
  <num>7777</num>
  <num>7778</num>
  <num>7779</num>
  <num>7780</num>
  <num>7781</num>
  <num>7782</num>
  <num>7783</num>
  <num>7784</num>
  <num>7785</num>
  <num>7786</num>
  <num>7787</num>
  <num>7788</num>
  <num>7789</num>
  <num>7790</num>
  <num>7791</num>
  <num>7792</num>
  <num>7793</num>
  <num>7794</num>
  <num>7795</num>
  <num>7796</num>
  <num>7797</num>
  <num>7798</num>
  <num>7799</num>
  <num>7800</num>
  <num>7801</num>
  <num>7802</num>
  <num>7803</num>
  <num>7804</num>
  <num>7805</num>
  <num>7806</num>
  <num>7807</num>
  <num>7808</num>
  <num>7809</num>
  <num>7810</num>
  <num>7811</num>
  <num>7812</num>
  <num>7813</num>
  <num>7814</num>
  <num>7815</num>
  <num>7816</num>
  <num>7817</num>
  <num>7818</num>
  <num>7819</num>
  <num>7820</num>
  <num>7821</num>
  <num>7822</num>
  <num>7823</num>
  <num>7824</num>
  <num>7825</num>
  <num>7826</num>
  <num>7827</num>
  <num>7828</num>
  <num>7829</num>
  <num>7830</num>
  <num>7831</num>
  <num>7832</num>
  <num>7833</num>
  <num>7834</num>
  <num>7835</num>
  <num>7836</num>
  <num>7837</num>
  <num>7838</num>
  <num>7839</num>
  <num>7840</num>
  <num>7841</num>
  <num>7842</num>
  <num>7843</num>
  <num>7844</num>
  <num>7845</num>
  <num>7846</num>
  <num>7847</num>
  <num>7848</num>
  <num>7849</num>
  <num>7850</num>
  <num>7851</num>
  <num>7852</num>
  <num>7853</num>
  <num>7854</num>
  <num>7855</num>
  <num>7856</num>
  <num>7857</num>
  <num>7858</num>
  <num>7859</num>
  <num>7860</num>
  <num>7861</num>
  <num>7862</num>
  <num>7863</num>
  <num>7864</num>
  <num>7865</num>
  <num>7866</num>
  <num>7867</num>
  <num>7868</num>
  <num>7869</num>
  <num>7870</num>
  <num>7871</num>
  <num>7872</num>
  <num>7873</num>
  <num>7874</num>
  <num>7875</num>
  <num>7876</num>
  <num>7877</num>
  <num>7878</num>
  <num>7879</num>
  <num>7880</num>
  <num>7881</num>
  <num>7882</num>
  <num>7883</num>
  <num>7884</num>
  <num>7885</num>
  <num>7886</num>
  <num>7887</num>
  <num>7888</num>
  <num>7889</num>
  <num>7890</num>
  <num>7891</num>
  <num>7892</num>
  <num>7893</num>
  <num>7894</num>
  <num>7895</num>
  <num>7896</num>
  <num>7897</num>
  <num>7898</num>
  <num>7899</num>
  <num>7900</num>
  <num>7901</num>
  <num>7902</num>
  <num>7903</num>
  <num>7904</num>
  <num>7905</num>
  <num>7906</num>
  <num>7907</num>
  <num>7908</num>
  <num>7909</num>
  <num>7910</num>
  <num>7911</num>
  <num>7912</num>
  <num>7913</num>
  <num>7914</num>
  <num>7915</num>
  <num>7916</num>
  <num>7917</num>
  <num>7918</num>
  <num>7919</num>
  <num>7920</num>
  <num>7921</num>
  <num>7922</num>
  <num>7923</num>
  <num>7924</num>
  <num>7925</num>
  <num>7926</num>
  <num>7927</num>
  <num>7928</num>
  <num>7929</num>
  <num>7930</num>
  <num>7931</num>
  <num>7932</num>
  <num>7933</num>
  <num>7934</num>
  <num>7935</num>
  <num>7936</num>
  <num>7937</num>
  <num>7938</num>
  <num>7939</num>
  <num>7940</num>
  <num>7941</num>
  <num>7942</num>
  <num>7943</num>
  <num>7944</num>
  <num>7945</num>
  <num>7946</num>
  <num>7947</num>
  <num>7948</num>
  <num>7949</num>
  <num>7950</num>
  <num>7951</num>
  <num>7952</num>
  <num>7953</num>
  <num>7954</num>
  <num>7955</num>
  <num>7956</num>
  <num>7957</num>
  <num>7958</num>
  <num>7959</num>
  <num>7960</num>
  <num>7961</num>
  <num>7962</num>
  <num>7963</num>
  <num>7964</num>
  <num>7965</num>
  <num>7966</num>
  <num>7967</num>
  <num>7968</num>
  <num>7969</num>
  <num>7970</num>
  <num>7971</num>
  <num>7972</num>
  <num>7973</num>
  <num>7974</num>
  <num>7975</num>
  <num>7976</num>
  <num>7977</num>
  <num>7978</num>
  <num>7979</num>
  <num>7980</num>
  <num>7981</num>
  <num>7982</num>
  <num>7983</num>
  <num>7984</num>
  <num>7985</num>
  <num>7986</num>
  <num>7987</num>
  <num>7988</num>
  <num>7989</num>
  <num>7990</num>
  <num>7991</num>
  <num>7992</num>
  <num>7993</num>
  <num>7994</num>
  <num>7995</num>
  <num>7996</num>
  <num>7997</num>
  <num>7998</num>
  <num>7999</num>
  <num>8000</num>
  <num>8001</num>
  <num>8002</num>
  <num>8003</num>
  <num>8004</num>
  <num>8005</num>
  <num>8006</num>
  <num>8007</num>
  <num>8008</num>
  <num>8009</num>
  <num>8010</num>
  <num>8011</num>
  <num>8012</num>
  <num>8013</num>
  <num>8014</num>
  <num>8015</num>
  <num>8016</num>
  <num>8017</num>
  <num>8018</num>
  <num>8019</num>
  <num>8020</num>
  <num>8021</num>
  <num>8022</num>
  <num>8023</num>
  <num>8024</num>
  <num>8025</num>
  <num>8026</num>
  <num>8027</num>
  <num>8028</num>
  <num>8029</num>
  <num>8030</num>
  <num>8031</num>
  <num>8032</num>
  <num>8033</num>
  <num>8034</num>
  <num>8035</num>
  <num>8036</num>
  <num>8037</num>
  <num>8038</num>
  <num>8039</num>
  <num>8040</num>
  <num>8041</num>
  <num>8042</num>
  <num>8043</num>
  <num>8044</num>
  <num>8045</num>
  <num>8046</num>
  <num>8047</num>
  <num>8048</num>
  <num>8049</num>
  <num>8050</num>
  <num>8051</num>
  <num>8052</num>
  <num>8053</num>
  <num>8054</num>
  <num>8055</num>
  <num>8056</num>
  <num>8057</num>
  <num>8058</num>
  <num>8059</num>
  <num>8060</num>
  <num>8061</num>
  <num>8062</num>
  <num>8063</num>
  <num>8064</num>
  <num>8065</num>
  <num>8066</num>
  <num>8067</num>
  <num>8068</num>
  <num>8069</num>
  <num>8070</num>
  <num>8071</num>
  <num>8072</num>
  <num>8073</num>
  <num>8074</num>
  <num>8075</num>
  <num>8076</num>
  <num>8077</num>
  <num>8078</num>
  <num>8079</num>
  <num>8080</num>
  <num>8081</num>
  <num>8082</num>
  <num>8083</num>
  <num>8084</num>
  <num>8085</num>
  <num>8086</num>
  <num>8087</num>
  <num>8088</num>
  <num>8089</num>
  <num>8090</num>
  <num>8091</num>
  <num>8092</num>
  <num>8093</num>
  <num>8094</num>
  <num>8095</num>
  <num>8096</num>
  <num>8097</num>
  <num>8098</num>
  <num>8099</num>
  <num>8100</num>
  <num>8101</num>
  <num>8102</num>
  <num>8103</num>
  <num>8104</num>
  <num>8105</num>
  <num>8106</num>
  <num>8107</num>
  <num>8108</num>
  <num>8109</num>
  <num>8110</num>
  <num>8111</num>
  <num>8112</num>
  <num>8113</num>
  <num>8114</num>
  <num>8115</num>
  <num>8116</num>
  <num>8117</num>
  <num>8118</num>
  <num>8119</num>
  <num>8120</num>
  <num>8121</num>
  <num>8122</num>
  <num>8123</num>
  <num>8124</num>
  <num>8125</num>
  <num>8126</num>
  <num>8127</num>
  <num>8128</num>
  <num>8129</num>
  <num>8130</num>
  <num>8131</num>
  <num>8132</num>
  <num>8133</num>
  <num>8134</num>
  <num>8135</num>
  <num>8136</num>
  <num>8137</num>
  <num>8138</num>
  <num>8139</num>
  <num>8140</num>
  <num>8141</num>
  <num>8142</num>
  <num>8143</num>
  <num>8144</num>
  <num>8145</num>
  <num>8146</num>
  <num>8147</num>
  <num>8148</num>
  <num>8149</num>
  <num>8150</num>
  <num>8151</num>
  <num>8152</num>
  <num>8153</num>
  <num>8154</num>
  <num>8155</num>
  <num>8156</num>
  <num>8157</num>
  <num>8158</num>
  <num>8159</num>
  <num>8160</num>
  <num>8161</num>
  <num>8162</num>
  <num>8163</num>
  <num>8164</num>
  <num>8165</num>
  <num>8166</num>
  <num>8167</num>
  <num>8168</num>
  <num>8169</num>
  <num>8170</num>
  <num>8171</num>
  <num>8172</num>
  <num>8173</num>
  <num>8174</num>
  <num>8175</num>
  <num>8176</num>
  <num>8177</num>
  <num>8178</num>
  <num>8179</num>
  <num>8180</num>
  <num>8181</num>
  <num>8182</num>
  <num>8183</num>
  <num>8184</num>
  <num>8185</num>
  <num>8186</num>
  <num>8187</num>
  <num>8188</num>
  <num>8189</num>
  <num>8190</num>
  <num>8191</num>
  <num>8192</num>
  <num>8193</num>
  <num>8194</num>
  <num>8195</num>
  <num>8196</num>
  <num>8197</num>
  <num>8198</num>
  <num>8199</num>
  <num>8200</num>
  <num>8201</num>
  <num>8202</num>
  <num>8203</num>
  <num>8204</num>
  <num>8205</num>
  <num>8206</num>
  <num>8207</num>
  <num>8208</num>
  <num>8209</num>
  <num>8210</num>
  <num>8211</num>
  <num>8212</num>
  <num>8213</num>
  <num>8214</num>
  <num>8215</num>
  <num>8216</num>
  <num>8217</num>
  <num>8218</num>
  <num>8219</num>
  <num>8220</num>
  <num>8221</num>
  <num>8222</num>
  <num>8223</num>
  <num>8224</num>
  <num>8225</num>
  <num>8226</num>
  <num>8227</num>
  <num>8228</num>
  <num>8229</num>
  <num>8230</num>
  <num>8231</num>
  <num>8232</num>
  <num>8233</num>
  <num>8234</num>
  <num>8235</num>
  <num>8236</num>
  <num>8237</num>
  <num>8238</num>
  <num>8239</num>
  <num>8240</num>
  <num>8241</num>
  <num>8242</num>
  <num>8243</num>
  <num>8244</num>
  <num>8245</num>
  <num>8246</num>
  <num>8247</num>
  <num>8248</num>
  <num>8249</num>
  <num>8250</num>
  <num>8251</num>
  <num>8252</num>
  <num>8253</num>
  <num>8254</num>
  <num>8255</num>
  <num>8256</num>
  <num>8257</num>
  <num>8258</num>
  <num>8259</num>
  <num>8260</num>
  <num>8261</num>
  <num>8262</num>
  <num>8263</num>
  <num>8264</num>
  <num>8265</num>
  <num>8266</num>
  <num>8267</num>
  <num>8268</num>
  <num>8269</num>
  <num>8270</num>
  <num>8271</num>
  <num>8272</num>
  <num>8273</num>
  <num>8274</num>
  <num>8275</num>
  <num>8276</num>
  <num>8277</num>
  <num>8278</num>
  <num>8279</num>
  <num>8280</num>
  <num>8281</num>
  <num>8282</num>
  <num>8283</num>
  <num>8284</num>
  <num>8285</num>
  <num>8286</num>
  <num>8287</num>
  <num>8288</num>
  <num>8289</num>
  <num>8290</num>
  <num>8291</num>
  <num>8292</num>
  <num>8293</num>
  <num>8294</num>
  <num>8295</num>
  <num>8296</num>
  <num>8297</num>
  <num>8298</num>
  <num>8299</num>
  <num>8300</num>
  <num>8301</num>
  <num>8302</num>
  <num>8303</num>
  <num>8304</num>
  <num>8305</num>
  <num>8306</num>
  <num>8307</num>
  <num>8308</num>
  <num>8309</num>
  <num>8310</num>
  <num>8311</num>
  <num>8312</num>
  <num>8313</num>
  <num>8314</num>
  <num>8315</num>
  <num>8316</num>
  <num>8317</num>
  <num>8318</num>
  <num>8319</num>
  <num>8320</num>
  <num>8321</num>
  <num>8322</num>
  <num>8323</num>
  <num>8324</num>
  <num>8325</num>
  <num>8326</num>
  <num>8327</num>
  <num>8328</num>
  <num>8329</num>
  <num>8330</num>
  <num>8331</num>
  <num>8332</num>
  <num>8333</num>
  <num>8334</num>
  <num>8335</num>
  <num>8336</num>
  <num>8337</num>
  <num>8338</num>
  <num>8339</num>
  <num>8340</num>
  <num>8341</num>
  <num>8342</num>
  <num>8343</num>
  <num>8344</num>
  <num>8345</num>
  <num>8346</num>
  <num>8347</num>
  <num>8348</num>
  <num>8349</num>
  <num>8350</num>
  <num>8351</num>
  <num>8352</num>
  <num>8353</num>
  <num>8354</num>
  <num>8355</num>
  <num>8356</num>
  <num>8357</num>
  <num>8358</num>
  <num>8359</num>
  <num>8360</num>
  <num>8361</num>
  <num>8362</num>
  <num>8363</num>
  <num>8364</num>
  <num>8365</num>
  <num>8366</num>
  <num>8367</num>
  <num>8368</num>
  <num>8369</num>
  <num>8370</num>
  <num>8371</num>
  <num>8372</num>
  <num>8373</num>
  <num>8374</num>
  <num>8375</num>
  <num>8376</num>
  <num>8377</num>
  <num>8378</num>
  <num>8379</num>
  <num>8380</num>
  <num>8381</num>
  <num>8382</num>
  <num>8383</num>
  <num>8384</num>
  <num>8385</num>
  <num>8386</num>
  <num>8387</num>
  <num>8388</num>
  <num>8389</num>
  <num>8390</num>
  <num>8391</num>
  <num>8392</num>
  <num>8393</num>
  <num>8394</num>
  <num>8395</num>
  <num>8396</num>
  <num>8397</num>
  <num>8398</num>
  <num>8399</num>
  <num>8400</num>
  <num>8401</num>
  <num>8402</num>
  <num>8403</num>
  <num>8404</num>
  <num>8405</num>
  <num>8406</num>
  <num>8407</num>
  <num>8408</num>
  <num>8409</num>
  <num>8410</num>
  <num>8411</num>
  <num>8412</num>
  <num>8413</num>
  <num>8414</num>
  <num>8415</num>
  <num>8416</num>
  <num>8417</num>
  <num>8418</num>
  <num>8419</num>
  <num>8420</num>
  <num>8421</num>
  <num>8422</num>
  <num>8423</num>
  <num>8424</num>
  <num>8425</num>
  <num>8426</num>
  <num>8427</num>
  <num>8428</num>
  <num>8429</num>
  <num>8430</num>
  <num>8431</num>
  <num>8432</num>
  <num>8433</num>
  <num>8434</num>
  <num>8435</num>
  <num>8436</num>
  <num>8437</num>
  <num>8438</num>
  <num>8439</num>
  <num>8440</num>
  <num>8441</num>
  <num>8442</num>
  <num>8443</num>
  <num>8444</num>
  <num>8445</num>
  <num>8446</num>
  <num>8447</num>
  <num>8448</num>
  <num>8449</num>
  <num>8450</num>
  <num>8451</num>
  <num>8452</num>
  <num>8453</num>
  <num>8454</num>
  <num>8455</num>
  <num>8456</num>
  <num>8457</num>
  <num>8458</num>
  <num>8459</num>
  <num>8460</num>
  <num>8461</num>
  <num>8462</num>
  <num>8463</num>
  <num>8464</num>
  <num>8465</num>
  <num>8466</num>
  <num>8467</num>
  <num>8468</num>
  <num>8469</num>
  <num>8470</num>
  <num>8471</num>
  <num>8472</num>
  <num>8473</num>
  <num>8474</num>
  <num>8475</num>
  <num>8476</num>
  <num>8477</num>
  <num>8478</num>
  <num>8479</num>
  <num>8480</num>
  <num>8481</num>
  <num>8482</num>
  <num>8483</num>
  <num>8484</num>
  <num>8485</num>
  <num>8486</num>
  <num>8487</num>
  <num>8488</num>
  <num>8489</num>
  <num>8490</num>
  <num>8491</num>
  <num>8492</num>
  <num>8493</num>
  <num>8494</num>
  <num>8495</num>
  <num>8496</num>
  <num>8497</num>
  <num>8498</num>
  <num>8499</num>
  <num>8500</num>
  <num>8501</num>
  <num>8502</num>
  <num>8503</num>
  <num>8504</num>
  <num>8505</num>
  <num>8506</num>
  <num>8507</num>
  <num>8508</num>
  <num>8509</num>
  <num>8510</num>
  <num>8511</num>
  <num>8512</num>
  <num>8513</num>
  <num>8514</num>
  <num>8515</num>
  <num>8516</num>
  <num>8517</num>
  <num>8518</num>
  <num>8519</num>
  <num>8520</num>
  <num>8521</num>
  <num>8522</num>
  <num>8523</num>
  <num>8524</num>
  <num>8525</num>
  <num>8526</num>
  <num>8527</num>
  <num>8528</num>
  <num>8529</num>
  <num>8530</num>
  <num>8531</num>
  <num>8532</num>
  <num>8533</num>
  <num>8534</num>
  <num>8535</num>
  <num>8536</num>
  <num>8537</num>
  <num>8538</num>
  <num>8539</num>
  <num>8540</num>
  <num>8541</num>
  <num>8542</num>
  <num>8543</num>
  <num>8544</num>
  <num>8545</num>
  <num>8546</num>
  <num>8547</num>
  <num>8548</num>
  <num>8549</num>
  <num>8550</num>
  <num>8551</num>
  <num>8552</num>
  <num>8553</num>
  <num>8554</num>
  <num>8555</num>
  <num>8556</num>
  <num>8557</num>
  <num>8558</num>
  <num>8559</num>
  <num>8560</num>
  <num>8561</num>
  <num>8562</num>
  <num>8563</num>
  <num>8564</num>
  <num>8565</num>
  <num>8566</num>
  <num>8567</num>
  <num>8568</num>
  <num>8569</num>
  <num>8570</num>
  <num>8571</num>
  <num>8572</num>
  <num>8573</num>
  <num>8574</num>
  <num>8575</num>
  <num>8576</num>
  <num>8577</num>
  <num>8578</num>
  <num>8579</num>
  <num>8580</num>
  <num>8581</num>
  <num>8582</num>
  <num>8583</num>
  <num>8584</num>
  <num>8585</num>
  <num>8586</num>
  <num>8587</num>
  <num>8588</num>
  <num>8589</num>
  <num>8590</num>
  <num>8591</num>
  <num>8592</num>
  <num>8593</num>
  <num>8594</num>
  <num>8595</num>
  <num>8596</num>
  <num>8597</num>
  <num>8598</num>
  <num>8599</num>
  <num>8600</num>
  <num>8601</num>
  <num>8602</num>
  <num>8603</num>
  <num>8604</num>
  <num>8605</num>
  <num>8606</num>
  <num>8607</num>
  <num>8608</num>
  <num>8609</num>
  <num>8610</num>
  <num>8611</num>
  <num>8612</num>
  <num>8613</num>
  <num>8614</num>
  <num>8615</num>
  <num>8616</num>
  <num>8617</num>
  <num>8618</num>
  <num>8619</num>
  <num>8620</num>
  <num>8621</num>
  <num>8622</num>
  <num>8623</num>
  <num>8624</num>
  <num>8625</num>
  <num>8626</num>
  <num>8627</num>
  <num>8628</num>
  <num>8629</num>
  <num>8630</num>
  <num>8631</num>
  <num>8632</num>
  <num>8633</num>
  <num>8634</num>
  <num>8635</num>
  <num>8636</num>
  <num>8637</num>
  <num>8638</num>
  <num>8639</num>
  <num>8640</num>
  <num>8641</num>
  <num>8642</num>
  <num>8643</num>
  <num>8644</num>
  <num>8645</num>
  <num>8646</num>
  <num>8647</num>
  <num>8648</num>
  <num>8649</num>
  <num>8650</num>
  <num>8651</num>
  <num>8652</num>
  <num>8653</num>
  <num>8654</num>
  <num>8655</num>
  <num>8656</num>
  <num>8657</num>
  <num>8658</num>
  <num>8659</num>
  <num>8660</num>
  <num>8661</num>
  <num>8662</num>
  <num>8663</num>
  <num>8664</num>
  <num>8665</num>
  <num>8666</num>
  <num>8667</num>
  <num>8668</num>
  <num>8669</num>
  <num>8670</num>
  <num>8671</num>
  <num>8672</num>
  <num>8673</num>
  <num>8674</num>
  <num>8675</num>
  <num>8676</num>
  <num>8677</num>
  <num>8678</num>
  <num>8679</num>
  <num>8680</num>
  <num>8681</num>
  <num>8682</num>
  <num>8683</num>
  <num>8684</num>
  <num>8685</num>
  <num>8686</num>
  <num>8687</num>
  <num>8688</num>
  <num>8689</num>
  <num>8690</num>
  <num>8691</num>
  <num>8692</num>
  <num>8693</num>
  <num>8694</num>
  <num>8695</num>
  <num>8696</num>
  <num>8697</num>
  <num>8698</num>
  <num>8699</num>
  <num>8700</num>
  <num>8701</num>
  <num>8702</num>
  <num>8703</num>
  <num>8704</num>
  <num>8705</num>
  <num>8706</num>
  <num>8707</num>
  <num>8708</num>
  <num>8709</num>
  <num>8710</num>
  <num>8711</num>
  <num>8712</num>
  <num>8713</num>
  <num>8714</num>
  <num>8715</num>
  <num>8716</num>
  <num>8717</num>
  <num>8718</num>
  <num>8719</num>
  <num>8720</num>
  <num>8721</num>
  <num>8722</num>
  <num>8723</num>
  <num>8724</num>
  <num>8725</num>
  <num>8726</num>
  <num>8727</num>
  <num>8728</num>
  <num>8729</num>
  <num>8730</num>
  <num>8731</num>
  <num>8732</num>
  <num>8733</num>
  <num>8734</num>
  <num>8735</num>
  <num>8736</num>
  <num>8737</num>
  <num>8738</num>
  <num>8739</num>
  <num>8740</num>
  <num>8741</num>
  <num>8742</num>
  <num>8743</num>
  <num>8744</num>
  <num>8745</num>
  <num>8746</num>
  <num>8747</num>
  <num>8748</num>
  <num>8749</num>
  <num>8750</num>
  <num>8751</num>
  <num>8752</num>
  <num>8753</num>
  <num>8754</num>
  <num>8755</num>
  <num>8756</num>
  <num>8757</num>
  <num>8758</num>
  <num>8759</num>
  <num>8760</num>
  <num>8761</num>
  <num>8762</num>
  <num>8763</num>
  <num>8764</num>
  <num>8765</num>
  <num>8766</num>
  <num>8767</num>
  <num>8768</num>
  <num>8769</num>
  <num>8770</num>
  <num>8771</num>
  <num>8772</num>
  <num>8773</num>
  <num>8774</num>
  <num>8775</num>
  <num>8776</num>
  <num>8777</num>
  <num>8778</num>
  <num>8779</num>
  <num>8780</num>
  <num>8781</num>
  <num>8782</num>
  <num>8783</num>
  <num>8784</num>
  <num>8785</num>
  <num>8786</num>
  <num>8787</num>
  <num>8788</num>
  <num>8789</num>
  <num>8790</num>
  <num>8791</num>
  <num>8792</num>
  <num>8793</num>
  <num>8794</num>
  <num>8795</num>
  <num>8796</num>
  <num>8797</num>
  <num>8798</num>
  <num>8799</num>
  <num>8800</num>
  <num>8801</num>
  <num>8802</num>
  <num>8803</num>
  <num>8804</num>
  <num>8805</num>
  <num>8806</num>
  <num>8807</num>
  <num>8808</num>
  <num>8809</num>
  <num>8810</num>
  <num>8811</num>
  <num>8812</num>
  <num>8813</num>
  <num>8814</num>
  <num>8815</num>
  <num>8816</num>
  <num>8817</num>
  <num>8818</num>
  <num>8819</num>
  <num>8820</num>
  <num>8821</num>
  <num>8822</num>
  <num>8823</num>
  <num>8824</num>
  <num>8825</num>
  <num>8826</num>
  <num>8827</num>
  <num>8828</num>
  <num>8829</num>
  <num>8830</num>
  <num>8831</num>
  <num>8832</num>
  <num>8833</num>
  <num>8834</num>
  <num>8835</num>
  <num>8836</num>
  <num>8837</num>
  <num>8838</num>
  <num>8839</num>
  <num>8840</num>
  <num>8841</num>
  <num>8842</num>
  <num>8843</num>
  <num>8844</num>
  <num>8845</num>
  <num>8846</num>
  <num>8847</num>
  <num>8848</num>
  <num>8849</num>
  <num>8850</num>
  <num>8851</num>
  <num>8852</num>
  <num>8853</num>
  <num>8854</num>
  <num>8855</num>
  <num>8856</num>
  <num>8857</num>
  <num>8858</num>
  <num>8859</num>
  <num>8860</num>
  <num>8861</num>
  <num>8862</num>
  <num>8863</num>
  <num>8864</num>
  <num>8865</num>
  <num>8866</num>
  <num>8867</num>
  <num>8868</num>
  <num>8869</num>
  <num>8870</num>
  <num>8871</num>
  <num>8872</num>
  <num>8873</num>
  <num>8874</num>
  <num>8875</num>
  <num>8876</num>
  <num>8877</num>
  <num>8878</num>
  <num>8879</num>
  <num>8880</num>
  <num>8881</num>
  <num>8882</num>
  <num>8883</num>
  <num>8884</num>
  <num>8885</num>
  <num>8886</num>
  <num>8887</num>
  <num>8888</num>
  <num>8889</num>
  <num>8890</num>
  <num>8891</num>
  <num>8892</num>
  <num>8893</num>
  <num>8894</num>
  <num>8895</num>
  <num>8896</num>
  <num>8897</num>
  <num>8898</num>
  <num>8899</num>
  <num>8900</num>
  <num>8901</num>
  <num>8902</num>
  <num>8903</num>
  <num>8904</num>
  <num>8905</num>
  <num>8906</num>
  <num>8907</num>
  <num>8908</num>
  <num>8909</num>
  <num>8910</num>
  <num>8911</num>
  <num>8912</num>
  <num>8913</num>
  <num>8914</num>
  <num>8915</num>
  <num>8916</num>
  <num>8917</num>
  <num>8918</num>
  <num>8919</num>
  <num>8920</num>
  <num>8921</num>
  <num>8922</num>
  <num>8923</num>
  <num>8924</num>
  <num>8925</num>
  <num>8926</num>
  <num>8927</num>
  <num>8928</num>
  <num>8929</num>
  <num>8930</num>
  <num>8931</num>
  <num>8932</num>
  <num>8933</num>
  <num>8934</num>
  <num>8935</num>
  <num>8936</num>
  <num>8937</num>
  <num>8938</num>
  <num>8939</num>
  <num>8940</num>
  <num>8941</num>
  <num>8942</num>
  <num>8943</num>
  <num>8944</num>
  <num>8945</num>
  <num>8946</num>
  <num>8947</num>
  <num>8948</num>
  <num>8949</num>
  <num>8950</num>
  <num>8951</num>
  <num>8952</num>
  <num>8953</num>
  <num>8954</num>
  <num>8955</num>
  <num>8956</num>
  <num>8957</num>
  <num>8958</num>
  <num>8959</num>
  <num>8960</num>
  <num>8961</num>
  <num>8962</num>
  <num>8963</num>
  <num>8964</num>
  <num>8965</num>
  <num>8966</num>
  <num>8967</num>
  <num>8968</num>
  <num>8969</num>
  <num>8970</num>
  <num>8971</num>
  <num>8972</num>
  <num>8973</num>
  <num>8974</num>
  <num>8975</num>
  <num>8976</num>
  <num>8977</num>
  <num>8978</num>
  <num>8979</num>
  <num>8980</num>
  <num>8981</num>
  <num>8982</num>
  <num>8983</num>
  <num>8984</num>
  <num>8985</num>
  <num>8986</num>
  <num>8987</num>
  <num>8988</num>
  <num>8989</num>
  <num>8990</num>
  <num>8991</num>
  <num>8992</num>
  <num>8993</num>
  <num>8994</num>
  <num>8995</num>
  <num>8996</num>
  <num>8997</num>
  <num>8998</num>
  <num>8999</num>
  <num>9000</num>
  <num>9001</num>
  <num>9002</num>
  <num>9003</num>
  <num>9004</num>
  <num>9005</num>
  <num>9006</num>
  <num>9007</num>
  <num>9008</num>
  <num>9009</num>
  <num>9010</num>
  <num>9011</num>
  <num>9012</num>
  <num>9013</num>
  <num>9014</num>
  <num>9015</num>
  <num>9016</num>
  <num>9017</num>
  <num>9018</num>
  <num>9019</num>
  <num>9020</num>
  <num>9021</num>
  <num>9022</num>
  <num>9023</num>
  <num>9024</num>
  <num>9025</num>
  <num>9026</num>
  <num>9027</num>
  <num>9028</num>
  <num>9029</num>
  <num>9030</num>
  <num>9031</num>
  <num>9032</num>
  <num>9033</num>
  <num>9034</num>
  <num>9035</num>
  <num>9036</num>
  <num>9037</num>
  <num>9038</num>
  <num>9039</num>
  <num>9040</num>
  <num>9041</num>
  <num>9042</num>
  <num>9043</num>
  <num>9044</num>
  <num>9045</num>
  <num>9046</num>
  <num>9047</num>
  <num>9048</num>
  <num>9049</num>
  <num>9050</num>
  <num>9051</num>
  <num>9052</num>
  <num>9053</num>
  <num>9054</num>
  <num>9055</num>
  <num>9056</num>
  <num>9057</num>
  <num>9058</num>
  <num>9059</num>
  <num>9060</num>
  <num>9061</num>
  <num>9062</num>
  <num>9063</num>
  <num>9064</num>
  <num>9065</num>
  <num>9066</num>
  <num>9067</num>
  <num>9068</num>
  <num>9069</num>
  <num>9070</num>
  <num>9071</num>
  <num>9072</num>
  <num>9073</num>
  <num>9074</num>
  <num>9075</num>
  <num>9076</num>
  <num>9077</num>
  <num>9078</num>
  <num>9079</num>
  <num>9080</num>
  <num>9081</num>
  <num>9082</num>
  <num>9083</num>
  <num>9084</num>
  <num>9085</num>
  <num>9086</num>
  <num>9087</num>
  <num>9088</num>
  <num>9089</num>
  <num>9090</num>
  <num>9091</num>
  <num>9092</num>
  <num>9093</num>
  <num>9094</num>
  <num>9095</num>
  <num>9096</num>
  <num>9097</num>
  <num>9098</num>
  <num>9099</num>
  <num>9100</num>
  <num>9101</num>
  <num>9102</num>
  <num>9103</num>
  <num>9104</num>
  <num>9105</num>
  <num>9106</num>
  <num>9107</num>
  <num>9108</num>
  <num>9109</num>
  <num>9110</num>
  <num>9111</num>
  <num>9112</num>
  <num>9113</num>
  <num>9114</num>
  <num>9115</num>
  <num>9116</num>
  <num>9117</num>
  <num>9118</num>
  <num>9119</num>
  <num>9120</num>
  <num>9121</num>
  <num>9122</num>
  <num>9123</num>
  <num>9124</num>
  <num>9125</num>
  <num>9126</num>
  <num>9127</num>
  <num>9128</num>
  <num>9129</num>
  <num>9130</num>
  <num>9131</num>
  <num>9132</num>
  <num>9133</num>
  <num>9134</num>
  <num>9135</num>
  <num>9136</num>
  <num>9137</num>
  <num>9138</num>
  <num>9139</num>
  <num>9140</num>
  <num>9141</num>
  <num>9142</num>
  <num>9143</num>
  <num>9144</num>
  <num>9145</num>
  <num>9146</num>
  <num>9147</num>
  <num>9148</num>
  <num>9149</num>
  <num>9150</num>
  <num>9151</num>
  <num>9152</num>
  <num>9153</num>
  <num>9154</num>
  <num>9155</num>
  <num>9156</num>
  <num>9157</num>
  <num>9158</num>
  <num>9159</num>
  <num>9160</num>
  <num>9161</num>
  <num>9162</num>
  <num>9163</num>
  <num>9164</num>
  <num>9165</num>
  <num>9166</num>
  <num>9167</num>
  <num>9168</num>
  <num>9169</num>
  <num>9170</num>
  <num>9171</num>
  <num>9172</num>
  <num>9173</num>
  <num>9174</num>
  <num>9175</num>
  <num>9176</num>
  <num>9177</num>
  <num>9178</num>
  <num>9179</num>
  <num>9180</num>
  <num>9181</num>
  <num>9182</num>
  <num>9183</num>
  <num>9184</num>
  <num>9185</num>
  <num>9186</num>
  <num>9187</num>
  <num>9188</num>
  <num>9189</num>
  <num>9190</num>
  <num>9191</num>
  <num>9192</num>
  <num>9193</num>
  <num>9194</num>
  <num>9195</num>
  <num>9196</num>
  <num>9197</num>
  <num>9198</num>
  <num>9199</num>
  <num>9200</num>
  <num>9201</num>
  <num>9202</num>
  <num>9203</num>
  <num>9204</num>
  <num>9205</num>
  <num>9206</num>
  <num>9207</num>
  <num>9208</num>
  <num>9209</num>
  <num>9210</num>
  <num>9211</num>
  <num>9212</num>
  <num>9213</num>
  <num>9214</num>
  <num>9215</num>
  <num>9216</num>
  <num>9217</num>
  <num>9218</num>
  <num>9219</num>
  <num>9220</num>
  <num>9221</num>
  <num>9222</num>
  <num>9223</num>
  <num>9224</num>
  <num>9225</num>
  <num>9226</num>
  <num>9227</num>
  <num>9228</num>
  <num>9229</num>
  <num>9230</num>
  <num>9231</num>
  <num>9232</num>
  <num>9233</num>
  <num>9234</num>
  <num>9235</num>
  <num>9236</num>
  <num>9237</num>
  <num>9238</num>
  <num>9239</num>
  <num>9240</num>
  <num>9241</num>
  <num>9242</num>
  <num>9243</num>
  <num>9244</num>
  <num>9245</num>
  <num>9246</num>
  <num>9247</num>
  <num>9248</num>
  <num>9249</num>
  <num>9250</num>
  <num>9251</num>
  <num>9252</num>
  <num>9253</num>
  <num>9254</num>
  <num>9255</num>
  <num>9256</num>
  <num>9257</num>
  <num>9258</num>
  <num>9259</num>
  <num>9260</num>
  <num>9261</num>
  <num>9262</num>
  <num>9263</num>
  <num>9264</num>
  <num>9265</num>
  <num>9266</num>
  <num>9267</num>
  <num>9268</num>
  <num>9269</num>
  <num>9270</num>
  <num>9271</num>
  <num>9272</num>
  <num>9273</num>
  <num>9274</num>
  <num>9275</num>
  <num>9276</num>
  <num>9277</num>
  <num>9278</num>
  <num>9279</num>
  <num>9280</num>
  <num>9281</num>
  <num>9282</num>
  <num>9283</num>
  <num>9284</num>
  <num>9285</num>
  <num>9286</num>
  <num>9287</num>
  <num>9288</num>
  <num>9289</num>
  <num>9290</num>
  <num>9291</num>
  <num>9292</num>
  <num>9293</num>
  <num>9294</num>
  <num>9295</num>
  <num>9296</num>
  <num>9297</num>
  <num>9298</num>
  <num>9299</num>
  <num>9300</num>
  <num>9301</num>
  <num>9302</num>
  <num>9303</num>
  <num>9304</num>
  <num>9305</num>
  <num>9306</num>
  <num>9307</num>
  <num>9308</num>
  <num>9309</num>
  <num>9310</num>
  <num>9311</num>
  <num>9312</num>
  <num>9313</num>
  <num>9314</num>
  <num>9315</num>
  <num>9316</num>
  <num>9317</num>
  <num>9318</num>
  <num>9319</num>
  <num>9320</num>
  <num>9321</num>
  <num>9322</num>
  <num>9323</num>
  <num>9324</num>
  <num>9325</num>
  <num>9326</num>
  <num>9327</num>
  <num>9328</num>
  <num>9329</num>
  <num>9330</num>
  <num>9331</num>
  <num>9332</num>
  <num>9333</num>
  <num>9334</num>
  <num>9335</num>
  <num>9336</num>
  <num>9337</num>
  <num>9338</num>
  <num>9339</num>
  <num>9340</num>
  <num>9341</num>
  <num>9342</num>
  <num>9343</num>
  <num>9344</num>
  <num>9345</num>
  <num>9346</num>
  <num>9347</num>
  <num>9348</num>
  <num>9349</num>
  <num>9350</num>
  <num>9351</num>
  <num>9352</num>
  <num>9353</num>
  <num>9354</num>
  <num>9355</num>
  <num>9356</num>
  <num>9357</num>
  <num>9358</num>
  <num>9359</num>
  <num>9360</num>
  <num>9361</num>
  <num>9362</num>
  <num>9363</num>
  <num>9364</num>
  <num>9365</num>
  <num>9366</num>
  <num>9367</num>
  <num>9368</num>
  <num>9369</num>
  <num>9370</num>
  <num>9371</num>
  <num>9372</num>
  <num>9373</num>
  <num>9374</num>
  <num>9375</num>
  <num>9376</num>
  <num>9377</num>
  <num>9378</num>
  <num>9379</num>
  <num>9380</num>
  <num>9381</num>
  <num>9382</num>
  <num>9383</num>
  <num>9384</num>
  <num>9385</num>
  <num>9386</num>
  <num>9387</num>
  <num>9388</num>
  <num>9389</num>
  <num>9390</num>
  <num>9391</num>
  <num>9392</num>
  <num>9393</num>
  <num>9394</num>
  <num>9395</num>
  <num>9396</num>
  <num>9397</num>
  <num>9398</num>
  <num>9399</num>
  <num>9400</num>
  <num>9401</num>
  <num>9402</num>
  <num>9403</num>
  <num>9404</num>
  <num>9405</num>
  <num>9406</num>
  <num>9407</num>
  <num>9408</num>
  <num>9409</num>
  <num>9410</num>
  <num>9411</num>
  <num>9412</num>
  <num>9413</num>
  <num>9414</num>
  <num>9415</num>
  <num>9416</num>
  <num>9417</num>
  <num>9418</num>
  <num>9419</num>
  <num>9420</num>
  <num>9421</num>
  <num>9422</num>
  <num>9423</num>
  <num>9424</num>
  <num>9425</num>
  <num>9426</num>
  <num>9427</num>
  <num>9428</num>
  <num>9429</num>
  <num>9430</num>
  <num>9431</num>
  <num>9432</num>
  <num>9433</num>
  <num>9434</num>
  <num>9435</num>
  <num>9436</num>
  <num>9437</num>
  <num>9438</num>
  <num>9439</num>
  <num>9440</num>
  <num>9441</num>
  <num>9442</num>
  <num>9443</num>
  <num>9444</num>
  <num>9445</num>
  <num>9446</num>
  <num>9447</num>
  <num>9448</num>
  <num>9449</num>
  <num>9450</num>
  <num>9451</num>
  <num>9452</num>
  <num>9453</num>
  <num>9454</num>
  <num>9455</num>
  <num>9456</num>
  <num>9457</num>
  <num>9458</num>
  <num>9459</num>
  <num>9460</num>
  <num>9461</num>
  <num>9462</num>
  <num>9463</num>
  <num>9464</num>
  <num>9465</num>
  <num>9466</num>
  <num>9467</num>
  <num>9468</num>
  <num>9469</num>
  <num>9470</num>
  <num>9471</num>
  <num>9472</num>
  <num>9473</num>
  <num>9474</num>
  <num>9475</num>
  <num>9476</num>
  <num>9477</num>
  <num>9478</num>
  <num>9479</num>
  <num>9480</num>
  <num>9481</num>
  <num>9482</num>
  <num>9483</num>
  <num>9484</num>
  <num>9485</num>
  <num>9486</num>
  <num>9487</num>
  <num>9488</num>
  <num>9489</num>
  <num>9490</num>
  <num>9491</num>
  <num>9492</num>
  <num>9493</num>
  <num>9494</num>
  <num>9495</num>
  <num>9496</num>
  <num>9497</num>
  <num>9498</num>
  <num>9499</num>
  <num>9500</num>
  <num>9501</num>
  <num>9502</num>
  <num>9503</num>
  <num>9504</num>
  <num>9505</num>
  <num>9506</num>
  <num>9507</num>
  <num>9508</num>
  <num>9509</num>
  <num>9510</num>
  <num>9511</num>
  <num>9512</num>
  <num>9513</num>
  <num>9514</num>
  <num>9515</num>
  <num>9516</num>
  <num>9517</num>
  <num>9518</num>
  <num>9519</num>
  <num>9520</num>
  <num>9521</num>
  <num>9522</num>
  <num>9523</num>
  <num>9524</num>
  <num>9525</num>
  <num>9526</num>
  <num>9527</num>
  <num>9528</num>
  <num>9529</num>
  <num>9530</num>
  <num>9531</num>
  <num>9532</num>
  <num>9533</num>
  <num>9534</num>
  <num>9535</num>
  <num>9536</num>
  <num>9537</num>
  <num>9538</num>
  <num>9539</num>
  <num>9540</num>
  <num>9541</num>
  <num>9542</num>
  <num>9543</num>
  <num>9544</num>
  <num>9545</num>
  <num>9546</num>
  <num>9547</num>
  <num>9548</num>
  <num>9549</num>
  <num>9550</num>
  <num>9551</num>
  <num>9552</num>
  <num>9553</num>
  <num>9554</num>
  <num>9555</num>
  <num>9556</num>
  <num>9557</num>
  <num>9558</num>
  <num>9559</num>
  <num>9560</num>
  <num>9561</num>
  <num>9562</num>
  <num>9563</num>
  <num>9564</num>
  <num>9565</num>
  <num>9566</num>
  <num>9567</num>
  <num>9568</num>
  <num>9569</num>
  <num>9570</num>
  <num>9571</num>
  <num>9572</num>
  <num>9573</num>
  <num>9574</num>
  <num>9575</num>
  <num>9576</num>
  <num>9577</num>
  <num>9578</num>
  <num>9579</num>
  <num>9580</num>
  <num>9581</num>
  <num>9582</num>
  <num>9583</num>
  <num>9584</num>
  <num>9585</num>
  <num>9586</num>
  <num>9587</num>
  <num>9588</num>
  <num>9589</num>
  <num>9590</num>
  <num>9591</num>
  <num>9592</num>
  <num>9593</num>
  <num>9594</num>
  <num>9595</num>
  <num>9596</num>
  <num>9597</num>
  <num>9598</num>
  <num>9599</num>
  <num>9600</num>
  <num>9601</num>
  <num>9602</num>
  <num>9603</num>
  <num>9604</num>
  <num>9605</num>
  <num>9606</num>
  <num>9607</num>
  <num>9608</num>
  <num>9609</num>
  <num>9610</num>
  <num>9611</num>
  <num>9612</num>
  <num>9613</num>
  <num>9614</num>
  <num>9615</num>
  <num>9616</num>
  <num>9617</num>
  <num>9618</num>
  <num>9619</num>
  <num>9620</num>
  <num>9621</num>
  <num>9622</num>
  <num>9623</num>
  <num>9624</num>
  <num>9625</num>
  <num>9626</num>
  <num>9627</num>
  <num>9628</num>
  <num>9629</num>
  <num>9630</num>
  <num>9631</num>
  <num>9632</num>
  <num>9633</num>
  <num>9634</num>
  <num>9635</num>
  <num>9636</num>
  <num>9637</num>
  <num>9638</num>
  <num>9639</num>
  <num>9640</num>
  <num>9641</num>
  <num>9642</num>
  <num>9643</num>
  <num>9644</num>
  <num>9645</num>
  <num>9646</num>
  <num>9647</num>
  <num>9648</num>
  <num>9649</num>
  <num>9650</num>
  <num>9651</num>
  <num>9652</num>
  <num>9653</num>
  <num>9654</num>
  <num>9655</num>
  <num>9656</num>
  <num>9657</num>
  <num>9658</num>
  <num>9659</num>
  <num>9660</num>
  <num>9661</num>
  <num>9662</num>
  <num>9663</num>
  <num>9664</num>
  <num>9665</num>
  <num>9666</num>
  <num>9667</num>
  <num>9668</num>
  <num>9669</num>
  <num>9670</num>
  <num>9671</num>
  <num>9672</num>
  <num>9673</num>
  <num>9674</num>
  <num>9675</num>
  <num>9676</num>
  <num>9677</num>
  <num>9678</num>
  <num>9679</num>
  <num>9680</num>
  <num>9681</num>
  <num>9682</num>
  <num>9683</num>
  <num>9684</num>
  <num>9685</num>
  <num>9686</num>
  <num>9687</num>
  <num>9688</num>
  <num>9689</num>
  <num>9690</num>
  <num>9691</num>
  <num>9692</num>
  <num>9693</num>
  <num>9694</num>
  <num>9695</num>
  <num>9696</num>
  <num>9697</num>
  <num>9698</num>
  <num>9699</num>
  <num>9700</num>
  <num>9701</num>
  <num>9702</num>
  <num>9703</num>
  <num>9704</num>
  <num>9705</num>
  <num>9706</num>
  <num>9707</num>
  <num>9708</num>
  <num>9709</num>
  <num>9710</num>
  <num>9711</num>
  <num>9712</num>
  <num>9713</num>
  <num>9714</num>
  <num>9715</num>
  <num>9716</num>
  <num>9717</num>
  <num>9718</num>
  <num>9719</num>
  <num>9720</num>
  <num>9721</num>
  <num>9722</num>
  <num>9723</num>
  <num>9724</num>
  <num>9725</num>
  <num>9726</num>
  <num>9727</num>
  <num>9728</num>
  <num>9729</num>
  <num>9730</num>
  <num>9731</num>
  <num>9732</num>
  <num>9733</num>
  <num>9734</num>
  <num>9735</num>
  <num>9736</num>
  <num>9737</num>
  <num>9738</num>
  <num>9739</num>
  <num>9740</num>
  <num>9741</num>
  <num>9742</num>
  <num>9743</num>
  <num>9744</num>
  <num>9745</num>
  <num>9746</num>
  <num>9747</num>
  <num>9748</num>
  <num>9749</num>
  <num>9750</num>
  <num>9751</num>
  <num>9752</num>
  <num>9753</num>
  <num>9754</num>
  <num>9755</num>
  <num>9756</num>
  <num>9757</num>
  <num>9758</num>
  <num>9759</num>
  <num>9760</num>
  <num>9761</num>
  <num>9762</num>
  <num>9763</num>
  <num>9764</num>
  <num>9765</num>
  <num>9766</num>
  <num>9767</num>
  <num>9768</num>
  <num>9769</num>
  <num>9770</num>
  <num>9771</num>
  <num>9772</num>
  <num>9773</num>
  <num>9774</num>
  <num>9775</num>
  <num>9776</num>
  <num>9777</num>
  <num>9778</num>
  <num>9779</num>
  <num>9780</num>
  <num>9781</num>
  <num>9782</num>
  <num>9783</num>
  <num>9784</num>
  <num>9785</num>
  <num>9786</num>
  <num>9787</num>
  <num>9788</num>
  <num>9789</num>
  <num>9790</num>
  <num>9791</num>
  <num>9792</num>
  <num>9793</num>
  <num>9794</num>
  <num>9795</num>
  <num>9796</num>
  <num>9797</num>
  <num>9798</num>
  <num>9799</num>
  <num>9800</num>
  <num>9801</num>
  <num>9802</num>
  <num>9803</num>
  <num>9804</num>
  <num>9805</num>
  <num>9806</num>
  <num>9807</num>
  <num>9808</num>
  <num>9809</num>
  <num>9810</num>
  <num>9811</num>
  <num>9812</num>
  <num>9813</num>
  <num>9814</num>
  <num>9815</num>
  <num>9816</num>
  <num>9817</num>
  <num>9818</num>
  <num>9819</num>
  <num>9820</num>
  <num>9821</num>
  <num>9822</num>
  <num>9823</num>
  <num>9824</num>
  <num>9825</num>
  <num>9826</num>
  <num>9827</num>
  <num>9828</num>
  <num>9829</num>
  <num>9830</num>
  <num>9831</num>
  <num>9832</num>
  <num>9833</num>
  <num>9834</num>
  <num>9835</num>
  <num>9836</num>
  <num>9837</num>
  <num>9838</num>
  <num>9839</num>
  <num>9840</num>
  <num>9841</num>
  <num>9842</num>
  <num>9843</num>
  <num>9844</num>
  <num>9845</num>
  <num>9846</num>
  <num>9847</num>
  <num>9848</num>
  <num>9849</num>
  <num>9850</num>
  <num>9851</num>
  <num>9852</num>
  <num>9853</num>
  <num>9854</num>
  <num>9855</num>
  <num>9856</num>
  <num>9857</num>
  <num>9858</num>
  <num>9859</num>
  <num>9860</num>
  <num>9861</num>
  <num>9862</num>
  <num>9863</num>
  <num>9864</num>
  <num>9865</num>
  <num>9866</num>
  <num>9867</num>
  <num>9868</num>
  <num>9869</num>
  <num>9870</num>
  <num>9871</num>
  <num>9872</num>
  <num>9873</num>
  <num>9874</num>
  <num>9875</num>
  <num>9876</num>
  <num>9877</num>
  <num>9878</num>
  <num>9879</num>
  <num>9880</num>
  <num>9881</num>
  <num>9882</num>
  <num>9883</num>
  <num>9884</num>
  <num>9885</num>
  <num>9886</num>
  <num>9887</num>
  <num>9888</num>
  <num>9889</num>
  <num>9890</num>
  <num>9891</num>
  <num>9892</num>
  <num>9893</num>
  <num>9894</num>
  <num>9895</num>
  <num>9896</num>
  <num>9897</num>
  <num>9898</num>
  <num>9899</num>
  <num>9900</num>
  <num>9901</num>
  <num>9902</num>
  <num>9903</num>
  <num>9904</num>
  <num>9905</num>
  <num>9906</num>
  <num>9907</num>
  <num>9908</num>
  <num>9909</num>
  <num>9910</num>
  <num>9911</num>
  <num>9912</num>
  <num>9913</num>
  <num>9914</num>
  <num>9915</num>
  <num>9916</num>
  <num>9917</num>
  <num>9918</num>
  <num>9919</num>
  <num>9920</num>
  <num>9921</num>
  <num>9922</num>
  <num>9923</num>
  <num>9924</num>
  <num>9925</num>
  <num>9926</num>
  <num>9927</num>
  <num>9928</num>
  <num>9929</num>
  <num>9930</num>
  <num>9931</num>
  <num>9932</num>
  <num>9933</num>
  <num>9934</num>
  <num>9935</num>
  <num>9936</num>
  <num>9937</num>
  <num>9938</num>
  <num>9939</num>
  <num>9940</num>
  <num>9941</num>
  <num>9942</num>
  <num>9943</num>
  <num>9944</num>
  <num>9945</num>
  <num>9946</num>
  <num>9947</num>
  <num>9948</num>
  <num>9949</num>
  <num>9950</num>
  <num>9951</num>
  <num>9952</num>
  <num>9953</num>
  <num>9954</num>
  <num>9955</num>
  <num>9956</num>
  <num>9957</num>
  <num>9958</num>
  <num>9959</num>
  <num>9960</num>
  <num>9961</num>
  <num>9962</num>
  <num>9963</num>
  <num>9964</num>
  <num>9965</num>
  <num>9966</num>
  <num>9967</num>
  <num>9968</num>
  <num>9969</num>
  <num>9970</num>
  <num>9971</num>
  <num>9972</num>
  <num>9973</num>
  <num>9974</num>
  <num>9975</num>
  <num>9976</num>
  <num>9977</num>
  <num>9978</num>
  <num>9979</num>
  <num>9980</num>
  <num>9981</num>
  <num>9982</num>
  <num>9983</num>
  <num>9984</num>
  <num>9985</num>
  <num>9986</num>
  <num>9987</num>
  <num>9988</num>
  <num>9989</num>
  <num>9990</num>
  <num>9991</num>
  <num>9992</num>
  <num>9993</num>
  <num>9994</num>
  <num>9995</num>
  <num>9996</num>
  <num>9997</num>
  <num>9998</num>
  <num>9999</num>
  <num>10000</num>
</seq>