<seq>
  <num>A1</num>
  <num>A10</num>
  <num>A100</num>
  <num>A1000</num>
  <num>A10000</num>
  <num>A1001</num>
  <num>A1002</num>
  <num>A1003</num>
  <num>A1004</num>
  <num>A1005</num>
  <num>A1006</num>
  <num>A1007</num>
  <num>A1008</num>
  <num>A1009</num>
  <num>A101</num>
  <num>A1010</num>
  <num>A1011</num>
  <num>A1012</num>
  <num>A1013</num>
  <num>A1014</num>
  <num>A1015</num>
  <num>A1016</num>
  <num>A1017</num>
  <num>A1018</num>
  <num>A1019</num>
  <num>A102</num>
  <num>A1020</num>
  <num>A1021</num>
  <num>A1022</num>
  <num>A1023</num>
  <num>A1024</num>
  <num>A1025</num>
  <num>A1026</num>
  <num>A1027</num>
  <num>A1028</num>
  <num>A1029</num>
  <num>A103</num>
  <num>A1030</num>
  <num>A1031</num>
  <num>A1032</num>
  <num>A1033</num>
  <num>A1034</num>
  <num>A1035</num>
  <num>A1036</num>
  <num>A1037</num>
  <num>A1038</num>
  <num>A1039</num>
  <num>A104</num>
  <num>A1040</num>
  <num>A1041</num>
  <num>A1042</num>
  <num>A1043</num>
  <num>A1044</num>
  <num>A1045</num>
  <num>A1046</num>
  <num>A1047</num>
  <num>A1048</num>
  <num>A1049</num>
  <num>A105</num>
  <num>A1050</num>
  <num>A1051</num>
  <num>A1052</num>
  <num>A1053</num>
  <num>A1054</num>
  <num>A1055</num>
  <num>A1056</num>
  <num>A1057</num>
  <num>A1058</num>
  <num>A1059</num>
  <num>A106</num>
  <num>A1060</num>
  <num>A1061</num>
  <num>A1062</num>
  <num>A1063</num>
  <num>A1064</num>
  <num>A1065</num>
  <num>A1066</num>
  <num>A1067</num>
  <num>A1068</num>
  <num>A1069</num>
  <num>A107</num>
  <num>A1070</num>
  <num>A1071</num>
  <num>A1072</num>
  <num>A1073</num>
  <num>A1074</num>
  <num>A1075</num>
  <num>A1076</num>
  <num>A1077</num>
  <num>A1078</num>
  <num>A1079</num>
  <num>A108</num>
  <num>A1080</num>
  <num>A1081</num>
  <num>A1082</num>
  <num>A1083</num>
  <num>A1084</num>
  <num>A1085</num>
  <num>A1086</num>
  <num>A1087</num>
  <num>A1088</num>
  <num>A1089</num>
  <num>A109</num>
  <num>A1090</num>
  <num>A1091</num>
  <num>A1092</num>
  <num>A1093</num>
  <num>A1094</num>
  <num>A1095</num>
  <num>A1096</num>
  <num>A1097</num>
  <num>A1098</num>
  <num>A1099</num>
  <num>A11</num>
  <num>A110</num>
  <num>A1100</num>
  <num>A1101</num>
  <num>A1102</num>
  <num>A1103</num>
  <num>A1104</num>
  <num>A1105</num>
  <num>A1106</num>
  <num>A1107</num>
  <num>A1108</num>
  <num>A1109</num>
  <num>A111</num>
  <num>A1110</num>
  <num>A1111</num>
  <num>A1112</num>
  <num>A1113</num>
  <num>A1114</num>
  <num>A1115</num>
  <num>A1116</num>
  <num>A1117</num>
  <num>A1118</num>
  <num>A1119</num>
  <num>A112</num>
  <num>A1120</num>
  <num>A1121</num>
  <num>A1122</num>
  <num>A1123</num>
  <num>A1124</num>
  <num>A1125</num>
  <num>A1126</num>
  <num>A1127</num>
  <num>A1128</num>
  <num>A1129</num>
  <num>A113</num>
  <num>A1130</num>
  <num>A1131</num>
  <num>A1132</num>
  <num>A1133</num>
  <num>A1134</num>
  <num>A1135</num>
  <num>A1136</num>
  <num>A1137</num>
  <num>A1138</num>
  <num>A1139</num>
  <num>A114</num>
  <num>A1140</num>
  <num>A1141</num>
  <num>A1142</num>
  <num>A1143</num>
  <num>A1144</num>
  <num>A1145</num>
  <num>A1146</num>
  <num>A1147</num>
  <num>A1148</num>
  <num>A1149</num>
  <num>A115</num>
  <num>A1150</num>
  <num>A1151</num>
  <num>A1152</num>
  <num>A1153</num>
  <num>A1154</num>
  <num>A1155</num>
  <num>A1156</num>
  <num>A1157</num>
  <num>A1158</num>
  <num>A1159</num>
  <num>A116</num>
  <num>A1160</num>
  <num>A1161</num>
  <num>A1162</num>
  <num>A1163</num>
  <num>A1164</num>
  <num>A1165</num>
  <num>A1166</num>
  <num>A1167</num>
  <num>A1168</num>
  <num>A1169</num>
  <num>A117</num>
  <num>A1170</num>
  <num>A1171</num>
  <num>A1172</num>
  <num>A1173</num>
  <num>A1174</num>
  <num>A1175</num>
  <num>A1176</num>
  <num>A1177</num>
  <num>A1178</num>
  <num>A1179</num>
  <num>A118</num>
  <num>A1180</num>
  <num>A1181</num>
  <num>A1182</num>
  <num>A1183</num>
  <num>A1184</num>
  <num>A1185</num>
  <num>A1186</num>
  <num>A1187</num>
  <num>A1188</num>
  <num>A1189</num>
  <num>A119</num>
  <num>A1190</num>
  <num>A1191</num>
  <num>A1192</num>
  <num>A1193</num>
  <num>A1194</num>
  <num>A1195</num>
  <num>A1196</num>
  <num>A1197</num>
  <num>A1198</num>
  <num>A1199</num>
  <num>A12</num>
  <num>A120</num>
  <num>A1200</num>
  <num>A1201</num>
  <num>A1202</num>
  <num>A1203</num>
  <num>A1204</num>
  <num>A1205</num>
  <num>A1206</num>
  <num>A1207</num>
  <num>A1208</num>
  <num>A1209</num>
  <num>A121</num>
  <num>A1210</num>
  <num>A1211</num>
  <num>A1212</num>
  <num>A1213</num>
  <num>A1214</num>
  <num>A1215</num>
  <num>A1216</num>
  <num>A1217</num>
  <num>A1218</num>
  <num>A1219</num>
  <num>A122</num>
  <num>A1220</num>
  <num>A1221</num>
  <num>A1222</num>
  <num>A1223</num>
  <num>A1224</num>
  <num>A1225</num>
  <num>A1226</num>
  <num>A1227</num>
  <num>A1228</num>
  <num>A1229</num>
  <num>A123</num>
  <num>A1230</num>
  <num>A1231</num>
  <num>A1232</num>
  <num>A1233</num>
  <num>A1234</num>
  <num>A1235</num>
  <num>A1236</num>
  <num>A1237</num>
  <num>A1238</num>
  <num>A1239</num>
  <num>A124</num>
  <num>A1240</num>
  <num>A1241</num>
  <num>A1242</num>
  <num>A1243</num>
  <num>A1244</num>
  <num>A1245</num>
  <num>A1246</num>
  <num>A1247</num>
  <num>A1248</num>
  <num>A1249</num>
  <num>A125</num>
  <num>A1250</num>
  <num>A1251</num>
  <num>A1252</num>
  <num>A1253</num>
  <num>A1254</num>
  <num>A1255</num>
  <num>A1256</num>
  <num>A1257</num>
  <num>A1258</num>
  <num>A1259</num>
  <num>A126</num>
  <num>A1260</num>
  <num>A1261</num>
  <num>A1262</num>
  <num>A1263</num>
  <num>A1264</num>
  <num>A1265</num>
  <num>A1266</num>
  <num>A1267</num>
  <num>A1268</num>
  <num>A1269</num>
  <num>A127</num>
  <num>A1270</num>
  <num>A1271</num>
  <num>A1272</num>
  <num>A1273</num>
  <num>A1274</num>
  <num>A1275</num>
  <num>A1276</num>
  <num>A1277</num>
  <num>A1278</num>
  <num>A1279</num>
  <num>A128</num>
  <num>A1280</num>
  <num>A1281</num>
  <num>A1282</num>
  <num>A1283</num>
  <num>A1284</num>
  <num>A1285</num>
  <num>A1286</num>
  <num>A1287</num>
  <num>A1288</num>
  <num>A1289</num>
  <num>A129</num>
  <num>A1290</num>
  <num>A1291</num>
  <num>A1292</num>
  <num>A1293</num>
  <num>A1294</num>
  <num>A1295</num>
  <num>A1296</num>
  <num>A1297</num>
  <num>A1298</num>
  <num>A1299</num>
  <num>A13</num>
  <num>A130</num>
  <num>A1300</num>
  <num>A1301</num>
  <num>A1302</num>
  <num>A1303</num>
  <num>A1304</num>
  <num>A1305</num>
  <num>A1306</num>
  <num>A1307</num>
  <num>A1308</num>
  <num>A1309</num>
  <num>A131</num>
  <num>A1310</num>
  <num>A1311</num>
  <num>A1312</num>
  <num>A1313</num>
  <num>A1314</num>
  <num>A1315</num>
  <num>A1316</num>
  <num>A1317</num>
  <num>A1318</num>
  <num>A1319</num>
  <num>A132</num>
  <num>A1320</num>
  <num>A1321</num>
  <num>A1322</num>
  <num>A1323</num>
  <num>A1324</num>
  <num>A1325</num>
  <num>A1326</num>
  <num>A1327</num>
  <num>A1328</num>
  <num>A1329</num>
  <num>A133</num>
  <num>A1330</num>
  <num>A1331</num>
  <num>A1332</num>
  <num>A1333</num>
  <num>A1334</num>
  <num>A1335</num>
  <num>A1336</num>
  <num>A1337</num>
  <num>A1338</num>
  <num>A1339</num>
  <num>A134</num>
  <num>A1340</num>
  <num>A1341</num>
  <num>A1342</num>
  <num>A1343</num>
  <num>A1344</num>
  <num>A1345</num>
  <num>A1346</num>
  <num>A1347</num>
  <num>A1348</num>
  <num>A1349</num>
  <num>A135</num>
  <num>A1350</num>
  <num>A1351</num>
  <num>A1352</num>
  <num>A1353</num>
  <num>A1354</num>
  <num>A1355</num>
  <num>A1356</num>
  <num>A1357</num>
  <num>A1358</num>
  <num>A1359</num>
  <num>A136</num>
  <num>A1360</num>
  <num>A1361</num>
  <num>A1362</num>
  <num>A1363</num>
  <num>A1364</num>
  <num>A1365</num>
  <num>A1366</num>
  <num>A1367</num>
  <num>A1368</num>
  <num>A1369</num>
  <num>A137</num>
  <num>A1370</num>
  <num>A1371</num>
  <num>A1372</num>
  <num>A1373</num>
  <num>A1374</num>
  <num>A1375</num>
  <num>A1376</num>
  <num>A1377</num>
  <num>A1378</num>
  <num>A1379</num>
  <num>A138</num>
  <num>A1380</num>
  <num>A1381</num>
  <num>A1382</num>
  <num>A1383</num>
  <num>A1384</num>
  <num>A1385</num>
  <num>A1386</num>
  <num>A1387</num>
  <num>A1388</num>
  <num>A1389</num>
  <num>A139</num>
  <num>A1390</num>
  <num>A1391</num>
  <num>A1392</num>
  <num>A1393</num>
  <num>A1394</num>
  <num>A1395</num>
  <num>A1396</num>
  <num>A1397</num>
  <num>A1398</num>
  <num>A1399</num>
  <num>A14</num>
  <num>A140</num>
  <num>A1400</num>
  <num>A1401</num>
  <num>A1402</num>
  <num>A1403</num>
  <num>A1404</num>
  <num>A1405</num>
  <num>A1406</num>
  <num>A1407</num>
  <num>A1408</num>
  <num>A1409</num>
  <num>A141</num>
  <num>A1410</num>
  <num>A1411</num>
  <num>A1412</num>
  <num>A1413</num>
  <num>A1414</num>
  <num>A1415</num>
  <num>A1416</num>
  <num>A1417</num>
  <num>A1418</num>
  <num>A1419</num>
  <num>A142</num>
  <num>A1420</num>
  <num>A1421</num>
  <num>A1422</num>
  <num>A1423</num>
  <num>A1424</num>
  <num>A1425</num>
  <num>A1426</num>
  <num>A1427</num>
  <num>A1428</num>
  <num>A1429</num>
  <num>A143</num>
  <num>A1430</num>
  <num>A1431</num>
  <num>A1432</num>
  <num>A1433</num>
  <num>A1434</num>
  <num>A1435</num>
  <num>A1436</num>
  <num>A1437</num>
  <num>A1438</num>
  <num>A1439</num>
  <num>A144</num>
  <num>A1440</num>
  <num>A1441</num>
  <num>A1442</num>
  <num>A1443</num>
  <num>A1444</num>
  <num>A1445</num>
  <num>A1446</num>
  <num>A1447</num>
  <num>A1448</num>
  <num>A1449</num>
  <num>A145</num>
  <num>A1450</num>
  <num>A1451</num>
  <num>A1452</num>
  <num>A1453</num>
  <num>A1454</num>
  <num>A1455</num>
  <num>A1456</num>
  <num>A1457</num>
  <num>A1458</num>
  <num>A1459</num>
  <num>A146</num>
  <num>A1460</num>
  <num>A1461</num>
  <num>A1462</num>
  <num>A1463</num>
  <num>A1464</num>
  <num>A1465</num>
  <num>A1466</num>
  <num>A1467</num>
  <num>A1468</num>
  <num>A1469</num>
  <num>A147</num>
  <num>A1470</num>
  <num>A1471</num>
  <num>A1472</num>
  <num>A1473</num>
  <num>A1474</num>
  <num>A1475</num>
  <num>A1476</num>
  <num>A1477</num>
  <num>A1478</num>
  <num>A1479</num>
  <num>A148</num>
  <num>A1480</num>
  <num>A1481</num>
  <num>A1482</num>
  <num>A1483</num>
  <num>A1484</num>
  <num>A1485</num>
  <num>A1486</num>
  <num>A1487</num>
  <num>A1488</num>
  <num>A1489</num>
  <num>A149</num>
  <num>A1490</num>
  <num>A1491</num>
  <num>A1492</num>
  <num>A1493</num>
  <num>A1494</num>
  <num>A1495</num>
  <num>A1496</num>
  <num>A1497</num>
  <num>A1498</num>
  <num>A1499</num>
  <num>A15</num>
  <num>A150</num>
  <num>A1500</num>
  <num>A1501</num>
  <num>A1502</num>
  <num>A1503</num>
  <num>A1504</num>
  <num>A1505</num>
  <num>A1506</num>
  <num>A1507</num>
  <num>A1508</num>
  <num>A1509</num>
  <num>A151</num>
  <num>A1510</num>
  <num>A1511</num>
  <num>A1512</num>
  <num>A1513</num>
  <num>A1514</num>
  <num>A1515</num>
  <num>A1516</num>
  <num>A1517</num>
  <num>A1518</num>
  <num>A1519</num>
  <num>A152</num>
  <num>A1520</num>
  <num>A1521</num>
  <num>A1522</num>
  <num>A1523</num>
  <num>A1524</num>
  <num>A1525</num>
  <num>A1526</num>
  <num>A1527</num>
  <num>A1528</num>
  <num>A1529</num>
  <num>A153</num>
  <num>A1530</num>
  <num>A1531</num>
  <num>A1532</num>
  <num>A1533</num>
  <num>A1534</num>
  <num>A1535</num>
  <num>A1536</num>
  <num>A1537</num>
  <num>A1538</num>
  <num>A1539</num>
  <num>A154</num>
  <num>A1540</num>
  <num>A1541</num>
  <num>A1542</num>
  <num>A1543</num>
  <num>A1544</num>
  <num>A1545</num>
  <num>A1546</num>
  <num>A1547</num>
  <num>A1548</num>
  <num>A1549</num>
  <num>A155</num>
  <num>A1550</num>
  <num>A1551</num>
  <num>A1552</num>
  <num>A1553</num>
  <num>A1554</num>
  <num>A1555</num>
  <num>A1556</num>
  <num>A1557</num>
  <num>A1558</num>
  <num>A1559</num>
  <num>A156</num>
  <num>A1560</num>
  <num>A1561</num>
  <num>A1562</num>
  <num>A1563</num>
  <num>A1564</num>
  <num>A1565</num>
  <num>A1566</num>
  <num>A1567</num>
  <num>A1568</num>
  <num>A1569</num>
  <num>A157</num>
  <num>A1570</num>
  <num>A1571</num>
  <num>A1572</num>
  <num>A1573</num>
  <num>A1574</num>
  <num>A1575</num>
  <num>A1576</num>
  <num>A1577</num>
  <num>A1578</num>
  <num>A1579</num>
  <num>A158</num>
  <num>A1580</num>
  <num>A1581</num>
  <num>A1582</num>
  <num>A1583</num>
  <num>A1584</num>
  <num>A1585</num>
  <num>A1586</num>
  <num>A1587</num>
  <num>A1588</num>
  <num>A1589</num>
  <num>A159</num>
  <num>A1590</num>
  <num>A1591</num>
  <num>A1592</num>
  <num>A1593</num>
  <num>A1594</num>
  <num>A1595</num>
  <num>A1596</num>
  <num>A1597</num>
  <num>A1598</num>
  <num>A1599</num>
  <num>A16</num>
  <num>A160</num>
  <num>A1600</num>
  <num>A1601</num>
  <num>A1602</num>
  <num>A1603</num>
  <num>A1604</num>
  <num>A1605</num>
  <num>A1606</num>
  <num>A1607</num>
  <num>A1608</num>
  <num>A1609</num>
  <num>A161</num>
  <num>A1610</num>
  <num>A1611</num>
  <num>A1612</num>
  <num>A1613</num>
  <num>A1614</num>
  <num>A1615</num>
  <num>A1616</num>
  <num>A1617</num>
  <num>A1618</num>
  <num>A1619</num>
  <num>A162</num>
  <num>A1620</num>
  <num>A1621</num>
  <num>A1622</num>
  <num>A1623</num>
  <num>A1624</num>
  <num>A1625</num>
  <num>A1626</num>
  <num>A1627</num>
  <num>A1628</num>
  <num>A1629</num>
  <num>A163</num>
  <num>A1630</num>
  <num>A1631</num>
  <num>A1632</num>
  <num>A1633</num>
  <num>A1634</num>
  <num>A1635</num>
  <num>A1636</num>
  <num>A1637</num>
  <num>A1638</num>
  <num>A1639</num>
  <num>A164</num>
  <num>A1640</num>
  <num>A1641</num>
  <num>A1642</num>
  <num>A1643</num>
  <num>A1644</num>
  <num>A1645</num>
  <num>A1646</num>
  <num>A1647</num>
  <num>A1648</num>
  <num>A1649</num>
  <num>A165</num>
  <num>A1650</num>
  <num>A1651</num>
  <num>A1652</num>
  <num>A1653</num>
  <num>A1654</num>
  <num>A1655</num>
  <num>A1656</num>
  <num>A1657</num>
  <num>A1658</num>
  <num>A1659</num>
  <num>A166</num>
  <num>A1660</num>
  <num>A1661</num>
  <num>A1662</num>
  <num>A1663</num>
  <num>A1664</num>
  <num>A1665</num>
  <num>A1666</num>
  <num>A1667</num>
  <num>A1668</num>
  <num>A1669</num>
  <num>A167</num>
  <num>A1670</num>
  <num>A1671</num>
  <num>A1672</num>
  <num>A1673</num>
  <num>A1674</num>
  <num>A1675</num>
  <num>A1676</num>
  <num>A1677</num>
  <num>A1678</num>
  <num>A1679</num>
  <num>A168</num>
  <num>A1680</num>
  <num>A1681</num>
  <num>A1682</num>
  <num>A1683</num>
  <num>A1684</num>
  <num>A1685</num>
  <num>A1686</num>
  <num>A1687</num>
  <num>A1688</num>
  <num>A1689</num>
  <num>A169</num>
  <num>A1690</num>
  <num>A1691</num>
  <num>A1692</num>
  <num>A1693</num>
  <num>A1694</num>
  <num>A1695</num>
  <num>A1696</num>
  <num>A1697</num>
  <num>A1698</num>
  <num>A1699</num>
  <num>A17</num>
  <num>A170</num>
  <num>A1700</num>
  <num>A1701</num>
  <num>A1702</num>
  <num>A1703</num>
  <num>A1704</num>
  <num>A1705</num>
  <num>A1706</num>
  <num>A1707</num>
  <num>A1708</num>
  <num>A1709</num>
  <num>A171</num>
  <num>A1710</num>
  <num>A1711</num>
  <num>A1712</num>
  <num>A1713</num>
  <num>A1714</num>
  <num>A1715</num>
  <num>A1716</num>
  <num>A1717</num>
  <num>A1718</num>
  <num>A1719</num>
  <num>A172</num>
  <num>A1720</num>
  <num>A1721</num>
  <num>A1722</num>
  <num>A1723</num>
  <num>A1724</num>
  <num>A1725</num>
  <num>A1726</num>
  <num>A1727</num>
  <num>A1728</num>
  <num>A1729</num>
  <num>A173</num>
  <num>A1730</num>
  <num>A1731</num>
  <num>A1732</num>
  <num>A1733</num>
  <num>A1734</num>
  <num>A1735</num>
  <num>A1736</num>
  <num>A1737</num>
  <num>A1738</num>
  <num>A1739</num>
  <num>A174</num>
  <num>A1740</num>
  <num>A1741</num>
  <num>A1742</num>
  <num>A1743</num>
  <num>A1744</num>
  <num>A1745</num>
  <num>A1746</num>
  <num>A1747</num>
  <num>A1748</num>
  <num>A1749</num>
  <num>A175</num>
  <num>A1750</num>
  <num>A1751</num>
  <num>A1752</num>
  <num>A1753</num>
  <num>A1754</num>
  <num>A1755</num>
  <num>A1756</num>
  <num>A1757</num>
  <num>A1758</num>
  <num>A1759</num>
  <num>A176</num>
  <num>A1760</num>
  <num>A1761</num>
  <num>A1762</num>
  <num>A1763</num>
  <num>A1764</num>
  <num>A1765</num>
  <num>A1766</num>
  <num>A1767</num>
  <num>A1768</num>
  <num>A1769</num>
  <num>A177</num>
  <num>A1770</num>
  <num>A1771</num>
  <num>A1772</num>
  <num>A1773</num>
  <num>A1774</num>
  <num>A1775</num>
  <num>A1776</num>
  <num>A1777</num>
  <num>A1778</num>
  <num>A1779</num>
  <num>A178</num>
  <num>A1780</num>
  <num>A1781</num>
  <num>A1782</num>
  <num>A1783</num>
  <num>A1784</num>
  <num>A1785</num>
  <num>A1786</num>
  <num>A1787</num>
  <num>A1788</num>
  <num>A1789</num>
  <num>A179</num>
  <num>A1790</num>
  <num>A1791</num>
  <num>A1792</num>
  <num>A1793</num>
  <num>A1794</num>
  <num>A1795</num>
  <num>A1796</num>
  <num>A1797</num>
  <num>A1798</num>
  <num>A1799</num>
  <num>A18</num>
  <num>A180</num>
  <num>A1800</num>
  <num>A1801</num>
  <num>A1802</num>
  <num>A1803</num>
  <num>A1804</num>
  <num>A1805</num>
  <num>A1806</num>
  <num>A1807</num>
  <num>A1808</num>
  <num>A1809</num>
  <num>A181</num>
  <num>A1810</num>
  <num>A1811</num>
  <num>A1812</num>
  <num>A1813</num>
  <num>A1814</num>
  <num>A1815</num>
  <num>A1816</num>
  <num>A1817</num>
  <num>A1818</num>
  <num>A1819</num>
  <num>A182</num>
  <num>A1820</num>
  <num>A1821</num>
  <num>A1822</num>
  <num>A1823</num>
  <num>A1824</num>
  <num>A1825</num>
  <num>A1826</num>
  <num>A1827</num>
  <num>A1828</num>
  <num>A1829</num>
  <num>A183</num>
  <num>A1830</num>
  <num>A1831</num>
  <num>A1832</num>
  <num>A1833</num>
  <num>A1834</num>
  <num>A1835</num>
  <num>A1836</num>
  <num>A1837</num>
  <num>A1838</num>
  <num>A1839</num>
  <num>A184</num>
  <num>A1840</num>
  <num>A1841</num>
  <num>A1842</num>
  <num>A1843</num>
  <num>A1844</num>
  <num>A1845</num>
  <num>A1846</num>
  <num>A1847</num>
  <num>A1848</num>
  <num>A1849</num>
  <num>A185</num>
  <num>A1850</num>
  <num>A1851</num>
  <num>A1852</num>
  <num>A1853</num>
  <num>A1854</num>
  <num>A1855</num>
  <num>A1856</num>
  <num>A1857</num>
  <num>A1858</num>
  <num>A1859</num>
  <num>A186</num>
  <num>A1860</num>
  <num>A1861</num>
  <num>A1862</num>
  <num>A1863</num>
  <num>A1864</num>
  <num>A1865</num>
  <num>A1866</num>
  <num>A1867</num>
  <num>A1868</num>
  <num>A1869</num>
  <num>A187</num>
  <num>A1870</num>
  <num>A1871</num>
  <num>A1872</num>
  <num>A1873</num>
  <num>A1874</num>
  <num>A1875</num>
  <num>A1876</num>
  <num>A1877</num>
  <num>A1878</num>
  <num>A1879</num>
  <num>A188</num>
  <num>A1880</num>
  <num>A1881</num>
  <num>A1882</num>
  <num>A1883</num>
  <num>A1884</num>
  <num>A1885</num>
  <num>A1886</num>
  <num>A1887</num>
  <num>A1888</num>
  <num>A1889</num>
  <num>A189</num>
  <num>A1890</num>
  <num>A1891</num>
  <num>A1892</num>
  <num>A1893</num>
  <num>A1894</num>
  <num>A1895</num>
  <num>A1896</num>
  <num>A1897</num>
  <num>A1898</num>
  <num>A1899</num>
  <num>A19</num>
  <num>A190</num>
  <num>A1900</num>
  <num>A1901</num>
  <num>A1902</num>
  <num>A1903</num>
  <num>A1904</num>
  <num>A1905</num>
  <num>A1906</num>
  <num>A1907</num>
  <num>A1908</num>
  <num>A1909</num>
  <num>A191</num>
  <num>A1910</num>
  <num>A1911</num>
  <num>A1912</num>
  <num>A1913</num>
  <num>A1914</num>
  <num>A1915</num>
  <num>A1916</num>
  <num>A1917</num>
  <num>A1918</num>
  <num>A1919</num>
  <num>A192</num>
  <num>A1920</num>
  <num>A1921</num>
  <num>A1922</num>
  <num>A1923</num>
  <num>A1924</num>
  <num>A1925</num>
  <num>A1926</num>
  <num>A1927</num>
  <num>A1928</num>
  <num>A1929</num>
  <num>A193</num>
  <num>A1930</num>
  <num>A1931</num>
  <num>A1932</num>
  <num>A1933</num>
  <num>A1934</num>
  <num>A1935</num>
  <num>A1936</num>
  <num>A1937</num>
  <num>A1938</num>
  <num>A1939</num>
  <num>A194</num>
  <num>A1940</num>
  <num>A1941</num>
  <num>A1942</num>
  <num>A1943</num>
  <num>A1944</num>
  <num>A1945</num>
  <num>A1946</num>
  <num>A1947</num>
  <num>A1948</num>
  <num>A1949</num>
  <num>A195</num>
  <num>A1950</num>
  <num>A1951</num>
  <num>A1952</num>
  <num>A1953</num>
  <num>A1954</num>
  <num>A1955</num>
  <num>A1956</num>
  <num>A1957</num>
  <num>A1958</num>
  <num>A1959</num>
  <num>A196</num>
  <num>A1960</num>
  <num>A1961</num>
  <num>A1962</num>
  <num>A1963</num>
  <num>A1964</num>
  <num>A1965</num>
  <num>A1966</num>
  <num>A1967</num>
  <num>A1968</num>
  <num>A1969</num>
  <num>A197</num>
  <num>A1970</num>
  <num>A1971</num>
  <num>A1972</num>
  <num>A1973</num>
  <num>A1974</num>
  <num>A1975</num>
  <num>A1976</num>
  <num>A1977</num>
  <num>A1978</num>
  <num>A1979</num>
  <num>A198</num>
  <num>A1980</num>
  <num>A1981</num>
  <num>A1982</num>
  <num>A1983</num>
  <num>A1984</num>
  <num>A1985</num>
  <num>A1986</num>
  <num>A1987</num>
  <num>A1988</num>
  <num>A1989</num>
  <num>A199</num>
  <num>A1990</num>
  <num>A1991</num>
  <num>A1992</num>
  <num>A1993</num>
  <num>A1994</num>
  <num>A1995</num>
  <num>A1996</num>
  <num>A1997</num>
  <num>A1998</num>
  <num>A1999</num>
  <num>A2</num>
  <num>A20</num>
  <num>A200</num>
  <num>A2000</num>
  <num>A2001</num>
  <num>A2002</num>
  <num>A2003</num>
  <num>A2004</num>
  <num>A2005</num>
  <num>A2006</num>
  <num>A2007</num>
  <num>A2008</num>
  <num>A2009</num>
  <num>A201</num>
  <num>A2010</num>
  <num>A2011</num>
  <num>A2012</num>
  <num>A2013</num>
  <num>A2014</num>
  <num>A2015</num>
  <num>A2016</num>
  <num>A2017</num>
  <num>A2018</num>
  <num>A2019</num>
  <num>A202</num>
  <num>A2020</num>
  <num>A2021</num>
  <num>A2022</num>
  <num>A2023</num>
  <num>A2024</num>
  <num>A2025</num>
  <num>A2026</num>
  <num>A2027</num>
  <num>A2028</num>
  <num>A2029</num>
  <num>A203</num>
  <num>A2030</num>
  <num>A2031</num>
  <num>A2032</num>
  <num>A2033</num>
  <num>A2034</num>
  <num>A2035</num>
  <num>A2036</num>
  <num>A2037</num>
  <num>A2038</num>
  <num>A2039</num>
  <num>A204</num>
  <num>A2040</num>
  <num>A2041</num>
  <num>A2042</num>
  <num>A2043</num>
  <num>A2044</num>
  <num>A2045</num>
  <num>A2046</num>
  <num>A2047</num>
  <num>A2048</num>
  <num>A2049</num>
  <num>A205</num>
  <num>A2050</num>
  <num>A2051</num>
  <num>A2052</num>
  <num>A2053</num>
  <num>A2054</num>
  <num>A2055</num>
  <num>A2056</num>
  <num>A2057</num>
  <num>A2058</num>
  <num>A2059</num>
  <num>A206</num>
  <num>A2060</num>
  <num>A2061</num>
  <num>A2062</num>
  <num>A2063</num>
  <num>A2064</num>
  <num>A2065</num>
  <num>A2066</num>
  <num>A2067</num>
  <num>A2068</num>
  <num>A2069</num>
  <num>A207</num>
  <num>A2070</num>
  <num>A2071</num>
  <num>A2072</num>
  <num>A2073</num>
  <num>A2074</num>
  <num>A2075</num>
  <num>A2076</num>
  <num>A2077</num>
  <num>A2078</num>
  <num>A2079</num>
  <num>A208</num>
  <num>A2080</num>
  <num>A2081</num>
  <num>A2082</num>
  <num>A2083</num>
  <num>A2084</num>
  <num>A2085</num>
  <num>A2086</num>
  <num>A2087</num>
  <num>A2088</num>
  <num>A2089</num>
  <num>A209</num>
  <num>A2090</num>
  <num>A2091</num>
  <num>A2092</num>
  <num>A2093</num>
  <num>A2094</num>
  <num>A2095</num>
  <num>A2096</num>
  <num>A2097</num>
  <num>A2098</num>
  <num>A2099</num>
  <num>A21</num>
  <num>A210</num>
  <num>A2100</num>
  <num>A2101</num>
  <num>A2102</num>
  <num>A2103</num>
  <num>A2104</num>
  <num>A2105</num>
  <num>A2106</num>
  <num>A2107</num>
  <num>A2108</num>
  <num>A2109</num>
  <num>A211</num>
  <num>A2110</num>
  <num>A2111</num>
  <num>A2112</num>
  <num>A2113</num>
  <num>A2114</num>
  <num>A2115</num>
  <num>A2116</num>
  <num>A2117</num>
  <num>A2118</num>
  <num>A2119</num>
  <num>A212</num>
  <num>A2120</num>
  <num>A2121</num>
  <num>A2122</num>
  <num>A2123</num>
  <num>A2124</num>
  <num>A2125</num>
  <num>A2126</num>
  <num>A2127</num>
  <num>A2128</num>
  <num>A2129</num>
  <num>A213</num>
  <num>A2130</num>
  <num>A2131</num>
  <num>A2132</num>
  <num>A2133</num>
  <num>A2134</num>
  <num>A2135</num>
  <num>A2136</num>
  <num>A2137</num>
  <num>A2138</num>
  <num>A2139</num>
  <num>A214</num>
  <num>A2140</num>
  <num>A2141</num>
  <num>A2142</num>
  <num>A2143</num>
  <num>A2144</num>
  <num>A2145</num>
  <num>A2146</num>
  <num>A2147</num>
  <num>A2148</num>
  <num>A2149</num>
  <num>A215</num>
  <num>A2150</num>
  <num>A2151</num>
  <num>A2152</num>
  <num>A2153</num>
  <num>A2154</num>
  <num>A2155</num>
  <num>A2156</num>
  <num>A2157</num>
  <num>A2158</num>
  <num>A2159</num>
  <num>A216</num>
  <num>A2160</num>
  <num>A2161</num>
  <num>A2162</num>
  <num>A2163</num>
  <num>A2164</num>
  <num>A2165</num>
  <num>A2166</num>
  <num>A2167</num>
  <num>A2168</num>
  <num>A2169</num>
  <num>A217</num>
  <num>A2170</num>
  <num>A2171</num>
  <num>A2172</num>
  <num>A2173</num>
  <num>A2174</num>
  <num>A2175</num>
  <num>A2176</num>
  <num>A2177</num>
  <num>A2178</num>
  <num>A2179</num>
  <num>A218</num>
  <num>A2180</num>
  <num>A2181</num>
  <num>A2182</num>
  <num>A2183</num>
  <num>A2184</num>
  <num>A2185</num>
  <num>A2186</num>
  <num>A2187</num>
  <num>A2188</num>
  <num>A2189</num>
  <num>A219</num>
  <num>A2190</num>
  <num>A2191</num>
  <num>A2192</num>
  <num>A2193</num>
  <num>A2194</num>
  <num>A2195</num>
  <num>A2196</num>
  <num>A2197</num>
  <num>A2198</num>
  <num>A2199</num>
  <num>A22</num>
  <num>A220</num>
  <num>A2200</num>
  <num>A2201</num>
  <num>A2202</num>
  <num>A2203</num>
  <num>A2204</num>
  <num>A2205</num>
  <num>A2206</num>
  <num>A2207</num>
  <num>A2208</num>
  <num>A2209</num>
  <num>A221</num>
  <num>A2210</num>
  <num>A2211</num>
  <num>A2212</num>
  <num>A2213</num>
  <num>A2214</num>
  <num>A2215</num>
  <num>A2216</num>
  <num>A2217</num>
  <num>A2218</num>
  <num>A2219</num>
  <num>A222</num>
  <num>A2220</num>
  <num>A2221</num>
  <num>A2222</num>
  <num>A2223</num>
  <num>A2224</num>
  <num>A2225</num>
  <num>A2226</num>
  <num>A2227</num>
  <num>A2228</num>
  <num>A2229</num>
  <num>A223</num>
  <num>A2230</num>
  <num>A2231</num>
  <num>A2232</num>
  <num>A2233</num>
  <num>A2234</num>
  <num>A2235</num>
  <num>A2236</num>
  <num>A2237</num>
  <num>A2238</num>
  <num>A2239</num>
  <num>A224</num>
  <num>A2240</num>
  <num>A2241</num>
  <num>A2242</num>
  <num>A2243</num>
  <num>A2244</num>
  <num>A2245</num>
  <num>A2246</num>
  <num>A2247</num>
  <num>A2248</num>
  <num>A2249</num>
  <num>A225</num>
  <num>A2250</num>
  <num>A2251</num>
  <num>A2252</num>
  <num>A2253</num>
  <num>A2254</num>
  <num>A2255</num>
  <num>A2256</num>
  <num>A2257</num>
  <num>A2258</num>
  <num>A2259</num>
  <num>A226</num>
  <num>A2260</num>
  <num>A2261</num>
  <num>A2262</num>
  <num>A2263</num>
  <num>A2264</num>
  <num>A2265</num>
  <num>A2266</num>
  <num>A2267</num>
  <num>A2268</num>
  <num>A2269</num>
  <num>A227</num>
  <num>A2270</num>
  <num>A2271</num>
  <num>A2272</num>
  <num>A2273</num>
  <num>A2274</num>
  <num>A2275</num>
  <num>A2276</num>
  <num>A2277</num>
  <num>A2278</num>
  <num>A2279</num>
  <num>A228</num>
  <num>A2280</num>
  <num>A2281</num>
  <num>A2282</num>
  <num>A2283</num>
  <num>A2284</num>
  <num>A2285</num>
  <num>A2286</num>
  <num>A2287</num>
  <num>A2288</num>
  <num>A2289</num>
  <num>A229</num>
  <num>A2290</num>
  <num>A2291</num>
  <num>A2292</num>
  <num>A2293</num>
  <num>A2294</num>
  <num>A2295</num>
  <num>A2296</num>
  <num>A2297</num>
  <num>A2298</num>
  <num>A2299</num>
  <num>A23</num>
  <num>A230</num>
  <num>A2300</num>
  <num>A2301</num>
  <num>A2302</num>
  <num>A2303</num>
  <num>A2304</num>
  <num>A2305</num>
  <num>A2306</num>
  <num>A2307</num>
  <num>A2308</num>
  <num>A2309</num>
  <num>A231</num>
  <num>A2310</num>
  <num>A2311</num>
  <num>A2312</num>
  <num>A2313</num>
  <num>A2314</num>
  <num>A2315</num>
  <num>A2316</num>
  <num>A2317</num>
  <num>A2318</num>
  <num>A2319</num>
  <num>A232</num>
  <num>A2320</num>
  <num>A2321</num>
  <num>A2322</num>
  <num>A2323</num>
  <num>A2324</num>
  <num>A2325</num>
  <num>A2326</num>
  <num>A2327</num>
  <num>A2328</num>
  <num>A2329</num>
  <num>A233</num>
  <num>A2330</num>
  <num>A2331</num>
  <num>A2332</num>
  <num>A2333</num>
  <num>A2334</num>
  <num>A2335</num>
  <num>A2336</num>
  <num>A2337</num>
  <num>A2338</num>
  <num>A2339</num>
  <num>A234</num>
  <num>A2340</num>
  <num>A2341</num>
  <num>A2342</num>
  <num>A2343</num>
  <num>A2344</num>
  <num>A2345</num>
  <num>A2346</num>
  <num>A2347</num>
  <num>A2348</num>
  <num>A2349</num>
  <num>A235</num>
  <num>A2350</num>
  <num>A2351</num>
  <num>A2352</num>
  <num>A2353</num>
  <num>A2354</num>
  <num>A2355</num>
  <num>A2356</num>
  <num>A2357</num>
  <num>A2358</num>
  <num>A2359</num>
  <num>A236</num>
  <num>A2360</num>
  <num>A2361</num>
  <num>A2362</num>
  <num>A2363</num>
  <num>A2364</num>
  <num>A2365</num>
  <num>A2366</num>
  <num>A2367</num>
  <num>A2368</num>
  <num>A2369</num>
  <num>A237</num>
  <num>A2370</num>
  <num>A2371</num>
  <num>A2372</num>
  <num>A2373</num>
  <num>A2374</num>
  <num>A2375</num>
  <num>A2376</num>
  <num>A2377</num>
  <num>A2378</num>
  <num>A2379</num>
  <num>A238</num>
  <num>A2380</num>
  <num>A2381</num>
  <num>A2382</num>
  <num>A2383</num>
  <num>A2384</num>
  <num>A2385</num>
  <num>A2386</num>
  <num>A2387</num>
  <num>A2388</num>
  <num>A2389</num>
  <num>A239</num>
  <num>A2390</num>
  <num>A2391</num>
  <num>A2392</num>
  <num>A2393</num>
  <num>A2394</num>
  <num>A2395</num>
  <num>A2396</num>
  <num>A2397</num>
  <num>A2398</num>
  <num>A2399</num>
  <num>A24</num>
  <num>A240</num>
  <num>A2400</num>
  <num>A2401</num>
  <num>A2402</num>
  <num>A2403</num>
  <num>A2404</num>
  <num>A2405</num>
  <num>A2406</num>
  <num>A2407</num>
  <num>A2408</num>
  <num>A2409</num>
  <num>A241</num>
  <num>A2410</num>
  <num>A2411</num>
  <num>A2412</num>
  <num>A2413</num>
  <num>A2414</num>
  <num>A2415</num>
  <num>A2416</num>
  <num>A2417</num>
  <num>A2418</num>
  <num>A2419</num>
  <num>A242</num>
  <num>A2420</num>
  <num>A2421</num>
  <num>A2422</num>
  <num>A2423</num>
  <num>A2424</num>
  <num>A2425</num>
  <num>A2426</num>
  <num>A2427</num>
  <num>A2428</num>
  <num>A2429</num>
  <num>A243</num>
  <num>A2430</num>
  <num>A2431</num>
  <num>A2432</num>
  <num>A2433</num>
  <num>A2434</num>
  <num>A2435</num>
  <num>A2436</num>
  <num>A2437</num>
  <num>A2438</num>
  <num>A2439</num>
  <num>A244</num>
  <num>A2440</num>
  <num>A2441</num>
  <num>A2442</num>
  <num>A2443</num>
  <num>A2444</num>
  <num>A2445</num>
  <num>A2446</num>
  <num>A2447</num>
  <num>A2448</num>
  <num>A2449</num>
  <num>A245</num>
  <num>A2450</num>
  <num>A2451</num>
  <num>A2452</num>
  <num>A2453</num>
  <num>A2454</num>
  <num>A2455</num>
  <num>A2456</num>
  <num>A2457</num>
  <num>A2458</num>
  <num>A2459</num>
  <num>A246</num>
  <num>A2460</num>
  <num>A2461</num>
  <num>A2462</num>
  <num>A2463</num>
  <num>A2464</num>
  <num>A2465</num>
  <num>A2466</num>
  <num>A2467</num>
  <num>A2468</num>
  <num>A2469</num>
  <num>A247</num>
  <num>A2470</num>
  <num>A2471</num>
  <num>A2472</num>
  <num>A2473</num>
  <num>A2474</num>
  <num>A2475</num>
  <num>A2476</num>
  <num>A2477</num>
  <num>A2478</num>
  <num>A2479</num>
  <num>A248</num>
  <num>A2480</num>
  <num>A2481</num>
  <num>A2482</num>
  <num>A2483</num>
  <num>A2484</num>
  <num>A2485</num>
  <num>A2486</num>
  <num>A2487</num>
  <num>A2488</num>
  <num>A2489</num>
  <num>A249</num>
  <num>A2490</num>
  <num>A2491</num>
  <num>A2492</num>
  <num>A2493</num>
  <num>A2494</num>
  <num>A2495</num>
  <num>A2496</num>
  <num>A2497</num>
  <num>A2498</num>
  <num>A2499</num>
  <num>A25</num>
  <num>A250</num>
  <num>A2500</num>
  <num>A2501</num>
  <num>A2502</num>
  <num>A2503</num>
  <num>A2504</num>
  <num>A2505</num>
  <num>A2506</num>
  <num>A2507</num>
  <num>A2508</num>
  <num>A2509</num>
  <num>A251</num>
  <num>A2510</num>
  <num>A2511</num>
  <num>A2512</num>
  <num>A2513</num>
  <num>A2514</num>
  <num>A2515</num>
  <num>A2516</num>
  <num>A2517</num>
  <num>A2518</num>
  <num>A2519</num>
  <num>A252</num>
  <num>A2520</num>
  <num>A2521</num>
  <num>A2522</num>
  <num>A2523</num>
  <num>A2524</num>
  <num>A2525</num>
  <num>A2526</num>
  <num>A2527</num>
  <num>A2528</num>
  <num>A2529</num>
  <num>A253</num>
  <num>A2530</num>
  <num>A2531</num>
  <num>A2532</num>
  <num>A2533</num>
  <num>A2534</num>
  <num>A2535</num>
  <num>A2536</num>
  <num>A2537</num>
  <num>A2538</num>
  <num>A2539</num>
  <num>A254</num>
  <num>A2540</num>
  <num>A2541</num>
  <num>A2542</num>
  <num>A2543</num>
  <num>A2544</num>
  <num>A2545</num>
  <num>A2546</num>
  <num>A2547</num>
  <num>A2548</num>
  <num>A2549</num>
  <num>A255</num>
  <num>A2550</num>
  <num>A2551</num>
  <num>A2552</num>
  <num>A2553</num>
  <num>A2554</num>
  <num>A2555</num>
  <num>A2556</num>
  <num>A2557</num>
  <num>A2558</num>
  <num>A2559</num>
  <num>A256</num>
  <num>A2560</num>
  <num>A2561</num>
  <num>A2562</num>
  <num>A2563</num>
  <num>A2564</num>
  <num>A2565</num>
  <num>A2566</num>
  <num>A2567</num>
  <num>A2568</num>
  <num>A2569</num>
  <num>A257</num>
  <num>A2570</num>
  <num>A2571</num>
  <num>A2572</num>
  <num>A2573</num>
  <num>A2574</num>
  <num>A2575</num>
  <num>A2576</num>
  <num>A2577</num>
  <num>A2578</num>
  <num>A2579</num>
  <num>A258</num>
  <num>A2580</num>
  <num>A2581</num>
  <num>A2582</num>
  <num>A2583</num>
  <num>A2584</num>
  <num>A2585</num>
  <num>A2586</num>
  <num>A2587</num>
  <num>A2588</num>
  <num>A2589</num>
  <num>A259</num>
  <num>A2590</num>
  <num>A2591</num>
  <num>A2592</num>
  <num>A2593</num>
  <num>A2594</num>
  <num>A2595</num>
  <num>A2596</num>
  <num>A2597</num>
  <num>A2598</num>
  <num>A2599</num>
  <num>A26</num>
  <num>A260</num>
  <num>A2600</num>
  <num>A2601</num>
  <num>A2602</num>
  <num>A2603</num>
  <num>A2604</num>
  <num>A2605</num>
  <num>A2606</num>
  <num>A2607</num>
  <num>A2608</num>
  <num>A2609</num>
  <num>A261</num>
  <num>A2610</num>
  <num>A2611</num>
  <num>A2612</num>
  <num>A2613</num>
  <num>A2614</num>
  <num>A2615</num>
  <num>A2616</num>
  <num>A2617</num>
  <num>A2618</num>
  <num>A2619</num>
  <num>A262</num>
  <num>A2620</num>
  <num>A2621</num>
  <num>A2622</num>
  <num>A2623</num>
  <num>A2624</num>
  <num>A2625</num>
  <num>A2626</num>
  <num>A2627</num>
  <num>A2628</num>
  <num>A2629</num>
  <num>A263</num>
  <num>A2630</num>
  <num>A2631</num>
  <num>A2632</num>
  <num>A2633</num>
  <num>A2634</num>
  <num>A2635</num>
  <num>A2636</num>
  <num>A2637</num>
  <num>A2638</num>
  <num>A2639</num>
  <num>A264</num>
  <num>A2640</num>
  <num>A2641</num>
  <num>A2642</num>
  <num>A2643</num>
  <num>A2644</num>
  <num>A2645</num>
  <num>A2646</num>
  <num>A2647</num>
  <num>A2648</num>
  <num>A2649</num>
  <num>A265</num>
  <num>A2650</num>
  <num>A2651</num>
  <num>A2652</num>
  <num>A2653</num>
  <num>A2654</num>
  <num>A2655</num>
  <num>A2656</num>
  <num>A2657</num>
  <num>A2658</num>
  <num>A2659</num>
  <num>A266</num>
  <num>A2660</num>
  <num>A2661</num>
  <num>A2662</num>
  <num>A2663</num>
  <num>A2664</num>
  <num>A2665</num>
  <num>A2666</num>
  <num>A2667</num>
  <num>A2668</num>
  <num>A2669</num>
  <num>A267</num>
  <num>A2670</num>
  <num>A2671</num>
  <num>A2672</num>
  <num>A2673</num>
  <num>A2674</num>
  <num>A2675</num>
  <num>A2676</num>
  <num>A2677</num>
  <num>A2678</num>
  <num>A2679</num>
  <num>A268</num>
  <num>A2680</num>
  <num>A2681</num>
  <num>A2682</num>
  <num>A2683</num>
  <num>A2684</num>
  <num>A2685</num>
  <num>A2686</num>
  <num>A2687</num>
  <num>A2688</num>
  <num>A2689</num>
  <num>A269</num>
  <num>A2690</num>
  <num>A2691</num>
  <num>A2692</num>
  <num>A2693</num>
  <num>A2694</num>
  <num>A2695</num>
  <num>A2696</num>
  <num>A2697</num>
  <num>A2698</num>
  <num>A2699</num>
  <num>A27</num>
  <num>A270</num>
  <num>A2700</num>
  <num>A2701</num>
  <num>A2702</num>
  <num>A2703</num>
  <num>A2704</num>
  <num>A2705</num>
  <num>A2706</num>
  <num>A2707</num>
  <num>A2708</num>
  <num>A2709</num>
  <num>A271</num>
  <num>A2710</num>
  <num>A2711</num>
  <num>A2712</num>
  <num>A2713</num>
  <num>A2714</num>
  <num>A2715</num>
  <num>A2716</num>
  <num>A2717</num>
  <num>A2718</num>
  <num>A2719</num>
  <num>A272</num>
  <num>A2720</num>
  <num>A2721</num>
  <num>A2722</num>
  <num>A2723</num>
  <num>A2724</num>
  <num>A2725</num>
  <num>A2726</num>
  <num>A2727</num>
  <num>A2728</num>
  <num>A2729</num>
  <num>A273</num>
  <num>A2730</num>
  <num>A2731</num>
  <num>A2732</num>
  <num>A2733</num>
  <num>A2734</num>
  <num>A2735</num>
  <num>A2736</num>
  <num>A2737</num>
  <num>A2738</num>
  <num>A2739</num>
  <num>A274</num>
  <num>A2740</num>
  <num>A2741</num>
  <num>A2742</num>
  <num>A2743</num>
  <num>A2744</num>
  <num>A2745</num>
  <num>A2746</num>
  <num>A2747</num>
  <num>A2748</num>
  <num>A2749</num>
  <num>A275</num>
  <num>A2750</num>
  <num>A2751</num>
  <num>A2752</num>
  <num>A2753</num>
  <num>A2754</num>
  <num>A2755</num>
  <num>A2756</num>
  <num>A2757</num>
  <num>A2758</num>
  <num>A2759</num>
  <num>A276</num>
  <num>A2760</num>
  <num>A2761</num>
  <num>A2762</num>
  <num>A2763</num>
  <num>A2764</num>
  <num>A2765</num>
  <num>A2766</num>
  <num>A2767</num>
  <num>A2768</num>
  <num>A2769</num>
  <num>A277</num>
  <num>A2770</num>
  <num>A2771</num>
  <num>A2772</num>
  <num>A2773</num>
  <num>A2774</num>
  <num>A2775</num>
  <num>A2776</num>
  <num>A2777</num>
  <num>A2778</num>
  <num>A2779</num>
  <num>A278</num>
  <num>A2780</num>
  <num>A2781</num>
  <num>A2782</num>
  <num>A2783</num>
  <num>A2784</num>
  <num>A2785</num>
  <num>A2786</num>
  <num>A2787</num>
  <num>A2788</num>
  <num>A2789</num>
  <num>A279</num>
  <num>A2790</num>
  <num>A2791</num>
  <num>A2792</num>
  <num>A2793</num>
  <num>A2794</num>
  <num>A2795</num>
  <num>A2796</num>
  <num>A2797</num>
  <num>A2798</num>
  <num>A2799</num>
  <num>A28</num>
  <num>A280</num>
  <num>A2800</num>
  <num>A2801</num>
  <num>A2802</num>
  <num>A2803</num>
  <num>A2804</num>
  <num>A2805</num>
  <num>A2806</num>
  <num>A2807</num>
  <num>A2808</num>
  <num>A2809</num>
  <num>A281</num>
  <num>A2810</num>
  <num>A2811</num>
  <num>A2812</num>
  <num>A2813</num>
  <num>A2814</num>
  <num>A2815</num>
  <num>A2816</num>
  <num>A2817</num>
  <num>A2818</num>
  <num>A2819</num>
  <num>A282</num>
  <num>A2820</num>
  <num>A2821</num>
  <num>A2822</num>
  <num>A2823</num>
  <num>A2824</num>
  <num>A2825</num>
  <num>A2826</num>
  <num>A2827</num>
  <num>A2828</num>
  <num>A2829</num>
  <num>A283</num>
  <num>A2830</num>
  <num>A2831</num>
  <num>A2832</num>
  <num>A2833</num>
  <num>A2834</num>
  <num>A2835</num>
  <num>A2836</num>
  <num>A2837</num>
  <num>A2838</num>
  <num>A2839</num>
  <num>A284</num>
  <num>A2840</num>
  <num>A2841</num>
  <num>A2842</num>
  <num>A2843</num>
  <num>A2844</num>
  <num>A2845</num>
  <num>A2846</num>
  <num>A2847</num>
  <num>A2848</num>
  <num>A2849</num>
  <num>A285</num>
  <num>A2850</num>
  <num>A2851</num>
  <num>A2852</num>
  <num>A2853</num>
  <num>A2854</num>
  <num>A2855</num>
  <num>A2856</num>
  <num>A2857</num>
  <num>A2858</num>
  <num>A2859</num>
  <num>A286</num>
  <num>A2860</num>
  <num>A2861</num>
  <num>A2862</num>
  <num>A2863</num>
  <num>A2864</num>
  <num>A2865</num>
  <num>A2866</num>
  <num>A2867</num>
  <num>A2868</num>
  <num>A2869</num>
  <num>A287</num>
  <num>A2870</num>
  <num>A2871</num>
  <num>A2872</num>
  <num>A2873</num>
  <num>A2874</num>
  <num>A2875</num>
  <num>A2876</num>
  <num>A2877</num>
  <num>A2878</num>
  <num>A2879</num>
  <num>A288</num>
  <num>A2880</num>
  <num>A2881</num>
  <num>A2882</num>
  <num>A2883</num>
  <num>A2884</num>
  <num>A2885</num>
  <num>A2886</num>
  <num>A2887</num>
  <num>A2888</num>
  <num>A2889</num>
  <num>A289</num>
  <num>A2890</num>
  <num>A2891</num>
  <num>A2892</num>
  <num>A2893</num>
  <num>A2894</num>
  <num>A2895</num>
  <num>A2896</num>
  <num>A2897</num>
  <num>A2898</num>
  <num>A2899</num>
  <num>A29</num>
  <num>A290</num>
  <num>A2900</num>
  <num>A2901</num>
  <num>A2902</num>
  <num>A2903</num>
  <num>A2904</num>
  <num>A2905</num>
  <num>A2906</num>
  <num>A2907</num>
  <num>A2908</num>
  <num>A2909</num>
  <num>A291</num>
  <num>A2910</num>
  <num>A2911</num>
  <num>A2912</num>
  <num>A2913</num>
  <num>A2914</num>
  <num>A2915</num>
  <num>A2916</num>
  <num>A2917</num>
  <num>A2918</num>
  <num>A2919</num>
  <num>A292</num>
  <num>A2920</num>
  <num>A2921</num>
  <num>A2922</num>
  <num>A2923</num>
  <num>A2924</num>
  <num>A2925</num>
  <num>A2926</num>
  <num>A2927</num>
  <num>A2928</num>
  <num>A2929</num>
  <num>A293</num>
  <num>A2930</num>
  <num>A2931</num>
  <num>A2932</num>
  <num>A2933</num>
  <num>A2934</num>
  <num>A2935</num>
  <num>A2936</num>
  <num>A2937</num>
  <num>A2938</num>
  <num>A2939</num>
  <num>A294</num>
  <num>A2940</num>
  <num>A2941</num>
  <num>A2942</num>
  <num>A2943</num>
  <num>A2944</num>
  <num>A2945</num>
  <num>A2946</num>
  <num>A2947</num>
  <num>A2948</num>
  <num>A2949</num>
  <num>A295</num>
  <num>A2950</num>
  <num>A2951</num>
  <num>A2952</num>
  <num>A2953</num>
  <num>A2954</num>
  <num>A2955</num>
  <num>A2956</num>
  <num>A2957</num>
  <num>A2958</num>
  <num>A2959</num>
  <num>A296</num>
  <num>A2960</num>
  <num>A2961</num>
  <num>A2962</num>
  <num>A2963</num>
  <num>A2964</num>
  <num>A2965</num>
  <num>A2966</num>
  <num>A2967</num>
  <num>A2968</num>
  <num>A2969</num>
  <num>A297</num>
  <num>A2970</num>
  <num>A2971</num>
  <num>A2972</num>
  <num>A2973</num>
  <num>A2974</num>
  <num>A2975</num>
  <num>A2976</num>
  <num>A2977</num>
  <num>A2978</num>
  <num>A2979</num>
  <num>A298</num>
  <num>A2980</num>
  <num>A2981</num>
  <num>A2982</num>
  <num>A2983</num>
  <num>A2984</num>
  <num>A2985</num>
  <num>A2986</num>
  <num>A2987</num>
  <num>A2988</num>
  <num>A2989</num>
  <num>A299</num>
  <num>A2990</num>
  <num>A2991</num>
  <num>A2992</num>
  <num>A2993</num>
  <num>A2994</num>
  <num>A2995</num>
  <num>A2996</num>
  <num>A2997</num>
  <num>A2998</num>
  <num>A2999</num>
  <num>A3</num>
  <num>A30</num>
  <num>A300</num>
  <num>A3000</num>
  <num>A3001</num>
  <num>A3002</num>
  <num>A3003</num>
  <num>A3004</num>
  <num>A3005</num>
  <num>A3006</num>
  <num>A3007</num>
  <num>A3008</num>
  <num>A3009</num>
  <num>A301</num>
  <num>A3010</num>
  <num>A3011</num>
  <num>A3012</num>
  <num>A3013</num>
  <num>A3014</num>
  <num>A3015</num>
  <num>A3016</num>
  <num>A3017</num>
  <num>A3018</num>
  <num>A3019</num>
  <num>A302</num>
  <num>A3020</num>
  <num>A3021</num>
  <num>A3022</num>
  <num>A3023</num>
  <num>A3024</num>
  <num>A3025</num>
  <num>A3026</num>
  <num>A3027</num>
  <num>A3028</num>
  <num>A3029</num>
  <num>A303</num>
  <num>A3030</num>
  <num>A3031</num>
  <num>A3032</num>
  <num>A3033</num>
  <num>A3034</num>
  <num>A3035</num>
  <num>A3036</num>
  <num>A3037</num>
  <num>A3038</num>
  <num>A3039</num>
  <num>A304</num>
  <num>A3040</num>
  <num>A3041</num>
  <num>A3042</num>
  <num>A3043</num>
  <num>A3044</num>
  <num>A3045</num>
  <num>A3046</num>
  <num>A3047</num>
  <num>A3048</num>
  <num>A3049</num>
  <num>A305</num>
  <num>A3050</num>
  <num>A3051</num>
  <num>A3052</num>
  <num>A3053</num>
  <num>A3054</num>
  <num>A3055</num>
  <num>A3056</num>
  <num>A3057</num>
  <num>A3058</num>
  <num>A3059</num>
  <num>A306</num>
  <num>A3060</num>
  <num>A3061</num>
  <num>A3062</num>
  <num>A3063</num>
  <num>A3064</num>
  <num>A3065</num>
  <num>A3066</num>
  <num>A3067</num>
  <num>A3068</num>
  <num>A3069</num>
  <num>A307</num>
  <num>A3070</num>
  <num>A3071</num>
  <num>A3072</num>
  <num>A3073</num>
  <num>A3074</num>
  <num>A3075</num>
  <num>A3076</num>
  <num>A3077</num>
  <num>A3078</num>
  <num>A3079</num>
  <num>A308</num>
  <num>A3080</num>
  <num>A3081</num>
  <num>A3082</num>
  <num>A3083</num>
  <num>A3084</num>
  <num>A3085</num>
  <num>A3086</num>
  <num>A3087</num>
  <num>A3088</num>
  <num>A3089</num>
  <num>A309</num>
  <num>A3090</num>
  <num>A3091</num>
  <num>A3092</num>
  <num>A3093</num>
  <num>A3094</num>
  <num>A3095</num>
  <num>A3096</num>
  <num>A3097</num>
  <num>A3098</num>
  <num>A3099</num>
  <num>A31</num>
  <num>A310</num>
  <num>A3100</num>
  <num>A3101</num>
  <num>A3102</num>
  <num>A3103</num>
  <num>A3104</num>
  <num>A3105</num>
  <num>A3106</num>
  <num>A3107</num>
  <num>A3108</num>
  <num>A3109</num>
  <num>A311</num>
  <num>A3110</num>
  <num>A3111</num>
  <num>A3112</num>
  <num>A3113</num>
  <num>A3114</num>
  <num>A3115</num>
  <num>A3116</num>
  <num>A3117</num>
  <num>A3118</num>
  <num>A3119</num>
  <num>A312</num>
  <num>A3120</num>
  <num>A3121</num>
  <num>A3122</num>
  <num>A3123</num>
  <num>A3124</num>
  <num>A3125</num>
  <num>A3126</num>
  <num>A3127</num>
  <num>A3128</num>
  <num>A3129</num>
  <num>A313</num>
  <num>A3130</num>
  <num>A3131</num>
  <num>A3132</num>
  <num>A3133</num>
  <num>A3134</num>
  <num>A3135</num>
  <num>A3136</num>
  <num>A3137</num>
  <num>A3138</num>
  <num>A3139</num>
  <num>A314</num>
  <num>A3140</num>
  <num>A3141</num>
  <num>A3142</num>
  <num>A3143</num>
  <num>A3144</num>
  <num>A3145</num>
  <num>A3146</num>
  <num>A3147</num>
  <num>A3148</num>
  <num>A3149</num>
  <num>A315</num>
  <num>A3150</num>
  <num>A3151</num>
  <num>A3152</num>
  <num>A3153</num>
  <num>A3154</num>
  <num>A3155</num>
  <num>A3156</num>
  <num>A3157</num>
  <num>A3158</num>
  <num>A3159</num>
  <num>A316</num>
  <num>A3160</num>
  <num>A3161</num>
  <num>A3162</num>
  <num>A3163</num>
  <num>A3164</num>
  <num>A3165</num>
  <num>A3166</num>
  <num>A3167</num>
  <num>A3168</num>
  <num>A3169</num>
  <num>A317</num>
  <num>A3170</num>
  <num>A3171</num>
  <num>A3172</num>
  <num>A3173</num>
  <num>A3174</num>
  <num>A3175</num>
  <num>A3176</num>
  <num>A3177</num>
  <num>A3178</num>
  <num>A3179</num>
  <num>A318</num>
  <num>A3180</num>
  <num>A3181</num>
  <num>A3182</num>
  <num>A3183</num>
  <num>A3184</num>
  <num>A3185</num>
  <num>A3186</num>
  <num>A3187</num>
  <num>A3188</num>
  <num>A3189</num>
  <num>A319</num>
  <num>A3190</num>
  <num>A3191</num>
  <num>A3192</num>
  <num>A3193</num>
  <num>A3194</num>
  <num>A3195</num>
  <num>A3196</num>
  <num>A3197</num>
  <num>A3198</num>
  <num>A3199</num>
  <num>A32</num>
  <num>A320</num>
  <num>A3200</num>
  <num>A3201</num>
  <num>A3202</num>
  <num>A3203</num>
  <num>A3204</num>
  <num>A3205</num>
  <num>A3206</num>
  <num>A3207</num>
  <num>A3208</num>
  <num>A3209</num>
  <num>A321</num>
  <num>A3210</num>
  <num>A3211</num>
  <num>A3212</num>
  <num>A3213</num>
  <num>A3214</num>
  <num>A3215</num>
  <num>A3216</num>
  <num>A3217</num>
  <num>A3218</num>
  <num>A3219</num>
  <num>A322</num>
  <num>A3220</num>
  <num>A3221</num>
  <num>A3222</num>
  <num>A3223</num>
  <num>A3224</num>
  <num>A3225</num>
  <num>A3226</num>
  <num>A3227</num>
  <num>A3228</num>
  <num>A3229</num>
  <num>A323</num>
  <num>A3230</num>
  <num>A3231</num>
  <num>A3232</num>
  <num>A3233</num>
  <num>A3234</num>
  <num>A3235</num>
  <num>A3236</num>
  <num>A3237</num>
  <num>A3238</num>
  <num>A3239</num>
  <num>A324</num>
  <num>A3240</num>
  <num>A3241</num>
  <num>A3242</num>
  <num>A3243</num>
  <num>A3244</num>
  <num>A3245</num>
  <num>A3246</num>
  <num>A3247</num>
  <num>A3248</num>
  <num>A3249</num>
  <num>A325</num>
  <num>A3250</num>
  <num>A3251</num>
  <num>A3252</num>
  <num>A3253</num>
  <num>A3254</num>
  <num>A3255</num>
  <num>A3256</num>
  <num>A3257</num>
  <num>A3258</num>
  <num>A3259</num>
  <num>A326</num>
  <num>A3260</num>
  <num>A3261</num>
  <num>A3262</num>
  <num>A3263</num>
  <num>A3264</num>
  <num>A3265</num>
  <num>A3266</num>
  <num>A3267</num>
  <num>A3268</num>
  <num>A3269</num>
  <num>A327</num>
  <num>A3270</num>
  <num>A3271</num>
  <num>A3272</num>
  <num>A3273</num>
  <num>A3274</num>
  <num>A3275</num>
  <num>A3276</num>
  <num>A3277</num>
  <num>A3278</num>
  <num>A3279</num>
  <num>A328</num>
  <num>A3280</num>
  <num>A3281</num>
  <num>A3282</num>
  <num>A3283</num>
  <num>A3284</num>
  <num>A3285</num>
  <num>A3286</num>
  <num>A3287</num>
  <num>A3288</num>
  <num>A3289</num>
  <num>A329</num>
  <num>A3290</num>
  <num>A3291</num>
  <num>A3292</num>
  <num>A3293</num>
  <num>A3294</num>
  <num>A3295</num>
  <num>A3296</num>
  <num>A3297</num>
  <num>A3298</num>
  <num>A3299</num>
  <num>A33</num>
  <num>A330</num>
  <num>A3300</num>
  <num>A3301</num>
  <num>A3302</num>
  <num>A3303</num>
  <num>A3304</num>
  <num>A3305</num>
  <num>A3306</num>
  <num>A3307</num>
  <num>A3308</num>
  <num>A3309</num>
  <num>A331</num>
  <num>A3310</num>
  <num>A3311</num>
  <num>A3312</num>
  <num>A3313</num>
  <num>A3314</num>
  <num>A3315</num>
  <num>A3316</num>
  <num>A3317</num>
  <num>A3318</num>
  <num>A3319</num>
  <num>A332</num>
  <num>A3320</num>
  <num>A3321</num>
  <num>A3322</num>
  <num>A3323</num>
  <num>A3324</num>
  <num>A3325</num>
  <num>A3326</num>
  <num>A3327</num>
  <num>A3328</num>
  <num>A3329</num>
  <num>A333</num>
  <num>A3330</num>
  <num>A3331</num>
  <num>A3332</num>
  <num>A3333</num>
  <num>A3334</num>
  <num>A3335</num>
  <num>A3336</num>
  <num>A3337</num>
  <num>A3338</num>
  <num>A3339</num>
  <num>A334</num>
  <num>A3340</num>
  <num>A3341</num>
  <num>A3342</num>
  <num>A3343</num>
  <num>A3344</num>
  <num>A3345</num>
  <num>A3346</num>
  <num>A3347</num>
  <num>A3348</num>
  <num>A3349</num>
  <num>A335</num>
  <num>A3350</num>
  <num>A3351</num>
  <num>A3352</num>
  <num>A3353</num>
  <num>A3354</num>
  <num>A3355</num>
  <num>A3356</num>
  <num>A3357</num>
  <num>A3358</num>
  <num>A3359</num>
  <num>A336</num>
  <num>A3360</num>
  <num>A3361</num>
  <num>A3362</num>
  <num>A3363</num>
  <num>A3364</num>
  <num>A3365</num>
  <num>A3366</num>
  <num>A3367</num>
  <num>A3368</num>
  <num>A3369</num>
  <num>A337</num>
  <num>A3370</num>
  <num>A3371</num>
  <num>A3372</num>
  <num>A3373</num>
  <num>A3374</num>
  <num>A3375</num>
  <num>A3376</num>
  <num>A3377</num>
  <num>A3378</num>
  <num>A3379</num>
  <num>A338</num>
  <num>A3380</num>
  <num>A3381</num>
  <num>A3382</num>
  <num>A3383</num>
  <num>A3384</num>
  <num>A3385</num>
  <num>A3386</num>
  <num>A3387</num>
  <num>A3388</num>
  <num>A3389</num>
  <num>A339</num>
  <num>A3390</num>
  <num>A3391</num>
  <num>A3392</num>
  <num>A3393</num>
  <num>A3394</num>
  <num>A3395</num>
  <num>A3396</num>
  <num>A3397</num>
  <num>A3398</num>
  <num>A3399</num>
  <num>A34</num>
  <num>A340</num>
  <num>A3400</num>
  <num>A3401</num>
  <num>A3402</num>
  <num>A3403</num>
  <num>A3404</num>
  <num>A3405</num>
  <num>A3406</num>
  <num>A3407</num>
  <num>A3408</num>
  <num>A3409</num>
  <num>A341</num>
  <num>A3410</num>
  <num>A3411</num>
  <num>A3412</num>
  <num>A3413</num>
  <num>A3414</num>
  <num>A3415</num>
  <num>A3416</num>
  <num>A3417</num>
  <num>A3418</num>
  <num>A3419</num>
  <num>A342</num>
  <num>A3420</num>
  <num>A3421</num>
  <num>A3422</num>
  <num>A3423</num>
  <num>A3424</num>
  <num>A3425</num>
  <num>A3426</num>
  <num>A3427</num>
  <num>A3428</num>
  <num>A3429</num>
  <num>A343</num>
  <num>A3430</num>
  <num>A3431</num>
  <num>A3432</num>
  <num>A3433</num>
  <num>A3434</num>
  <num>A3435</num>
  <num>A3436</num>
  <num>A3437</num>
  <num>A3438</num>
  <num>A3439</num>
  <num>A344</num>
  <num>A3440</num>
  <num>A3441</num>
  <num>A3442</num>
  <num>A3443</num>
  <num>A3444</num>
  <num>A3445</num>
  <num>A3446</num>
  <num>A3447</num>
  <num>A3448</num>
  <num>A3449</num>
  <num>A345</num>
  <num>A3450</num>
  <num>A3451</num>
  <num>A3452</num>
  <num>A3453</num>
  <num>A3454</num>
  <num>A3455</num>
  <num>A3456</num>
  <num>A3457</num>
  <num>A3458</num>
  <num>A3459</num>
  <num>A346</num>
  <num>A3460</num>
  <num>A3461</num>
  <num>A3462</num>
  <num>A3463</num>
  <num>A3464</num>
  <num>A3465</num>
  <num>A3466</num>
  <num>A3467</num>
  <num>A3468</num>
  <num>A3469</num>
  <num>A347</num>
  <num>A3470</num>
  <num>A3471</num>
  <num>A3472</num>
  <num>A3473</num>
  <num>A3474</num>
  <num>A3475</num>
  <num>A3476</num>
  <num>A3477</num>
  <num>A3478</num>
  <num>A3479</num>
  <num>A348</num>
  <num>A3480</num>
  <num>A3481</num>
  <num>A3482</num>
  <num>A3483</num>
  <num>A3484</num>
  <num>A3485</num>
  <num>A3486</num>
  <num>A3487</num>
  <num>A3488</num>
  <num>A3489</num>
  <num>A349</num>
  <num>A3490</num>
  <num>A3491</num>
  <num>A3492</num>
  <num>A3493</num>
  <num>A3494</num>
  <num>A3495</num>
  <num>A3496</num>
  <num>A3497</num>
  <num>A3498</num>
  <num>A3499</num>
  <num>A35</num>
  <num>A350</num>
  <num>A3500</num>
  <num>A3501</num>
  <num>A3502</num>
  <num>A3503</num>
  <num>A3504</num>
  <num>A3505</num>
  <num>A3506</num>
  <num>A3507</num>
  <num>A3508</num>
  <num>A3509</num>
  <num>A351</num>
  <num>A3510</num>
  <num>A3511</num>
  <num>A3512</num>
  <num>A3513</num>
  <num>A3514</num>
  <num>A3515</num>
  <num>A3516</num>
  <num>A3517</num>
  <num>A3518</num>
  <num>A3519</num>
  <num>A352</num>
  <num>A3520</num>
  <num>A3521</num>
  <num>A3522</num>
  <num>A3523</num>
  <num>A3524</num>
  <num>A3525</num>
  <num>A3526</num>
  <num>A3527</num>
  <num>A3528</num>
  <num>A3529</num>
  <num>A353</num>
  <num>A3530</num>
  <num>A3531</num>
  <num>A3532</num>
  <num>A3533</num>
  <num>A3534</num>
  <num>A3535</num>
  <num>A3536</num>
  <num>A3537</num>
  <num>A3538</num>
  <num>A3539</num>
  <num>A354</num>
  <num>A3540</num>
  <num>A3541</num>
  <num>A3542</num>
  <num>A3543</num>
  <num>A3544</num>
  <num>A3545</num>
  <num>A3546</num>
  <num>A3547</num>
  <num>A3548</num>
  <num>A3549</num>
  <num>A355</num>
  <num>A3550</num>
  <num>A3551</num>
  <num>A3552</num>
  <num>A3553</num>
  <num>A3554</num>
  <num>A3555</num>
  <num>A3556</num>
  <num>A3557</num>
  <num>A3558</num>
  <num>A3559</num>
  <num>A356</num>
  <num>A3560</num>
  <num>A3561</num>
  <num>A3562</num>
  <num>A3563</num>
  <num>A3564</num>
  <num>A3565</num>
  <num>A3566</num>
  <num>A3567</num>
  <num>A3568</num>
  <num>A3569</num>
  <num>A357</num>
  <num>A3570</num>
  <num>A3571</num>
  <num>A3572</num>
  <num>A3573</num>
  <num>A3574</num>
  <num>A3575</num>
  <num>A3576</num>
  <num>A3577</num>
  <num>A3578</num>
  <num>A3579</num>
  <num>A358</num>
  <num>A3580</num>
  <num>A3581</num>
  <num>A3582</num>
  <num>A3583</num>
  <num>A3584</num>
  <num>A3585</num>
  <num>A3586</num>
  <num>A3587</num>
  <num>A3588</num>
  <num>A3589</num>
  <num>A359</num>
  <num>A3590</num>
  <num>A3591</num>
  <num>A3592</num>
  <num>A3593</num>
  <num>A3594</num>
  <num>A3595</num>
  <num>A3596</num>
  <num>A3597</num>
  <num>A3598</num>
  <num>A3599</num>
  <num>A36</num>
  <num>A360</num>
  <num>A3600</num>
  <num>A3601</num>
  <num>A3602</num>
  <num>A3603</num>
  <num>A3604</num>
  <num>A3605</num>
  <num>A3606</num>
  <num>A3607</num>
  <num>A3608</num>
  <num>A3609</num>
  <num>A361</num>
  <num>A3610</num>
  <num>A3611</num>
  <num>A3612</num>
  <num>A3613</num>
  <num>A3614</num>
  <num>A3615</num>
  <num>A3616</num>
  <num>A3617</num>
  <num>A3618</num>
  <num>A3619</num>
  <num>A362</num>
  <num>A3620</num>
  <num>A3621</num>
  <num>A3622</num>
  <num>A3623</num>
  <num>A3624</num>
  <num>A3625</num>
  <num>A3626</num>
  <num>A3627</num>
  <num>A3628</num>
  <num>A3629</num>
  <num>A363</num>
  <num>A3630</num>
  <num>A3631</num>
  <num>A3632</num>
  <num>A3633</num>
  <num>A3634</num>
  <num>A3635</num>
  <num>A3636</num>
  <num>A3637</num>
  <num>A3638</num>
  <num>A3639</num>
  <num>A364</num>
  <num>A3640</num>
  <num>A3641</num>
  <num>A3642</num>
  <num>A3643</num>
  <num>A3644</num>
  <num>A3645</num>
  <num>A3646</num>
  <num>A3647</num>
  <num>A3648</num>
  <num>A3649</num>
  <num>A365</num>
  <num>A3650</num>
  <num>A3651</num>
  <num>A3652</num>
  <num>A3653</num>
  <num>A3654</num>
  <num>A3655</num>
  <num>A3656</num>
  <num>A3657</num>
  <num>A3658</num>
  <num>A3659</num>
  <num>A366</num>
  <num>A3660</num>
  <num>A3661</num>
  <num>A3662</num>
  <num>A3663</num>
  <num>A3664</num>
  <num>A3665</num>
  <num>A3666</num>
  <num>A3667</num>
  <num>A3668</num>
  <num>A3669</num>
  <num>A367</num>
  <num>A3670</num>
  <num>A3671</num>
  <num>A3672</num>
  <num>A3673</num>
  <num>A3674</num>
  <num>A3675</num>
  <num>A3676</num>
  <num>A3677</num>
  <num>A3678</num>
  <num>A3679</num>
  <num>A368</num>
  <num>A3680</num>
  <num>A3681</num>
  <num>A3682</num>
  <num>A3683</num>
  <num>A3684</num>
  <num>A3685</num>
  <num>A3686</num>
  <num>A3687</num>
  <num>A3688</num>
  <num>A3689</num>
  <num>A369</num>
  <num>A3690</num>
  <num>A3691</num>
  <num>A3692</num>
  <num>A3693</num>
  <num>A3694</num>
  <num>A3695</num>
  <num>A3696</num>
  <num>A3697</num>
  <num>A3698</num>
  <num>A3699</num>
  <num>A37</num>
  <num>A370</num>
  <num>A3700</num>
  <num>A3701</num>
  <num>A3702</num>
  <num>A3703</num>
  <num>A3704</num>
  <num>A3705</num>
  <num>A3706</num>
  <num>A3707</num>
  <num>A3708</num>
  <num>A3709</num>
  <num>A371</num>
  <num>A3710</num>
  <num>A3711</num>
  <num>A3712</num>
  <num>A3713</num>
  <num>A3714</num>
  <num>A3715</num>
  <num>A3716</num>
  <num>A3717</num>
  <num>A3718</num>
  <num>A3719</num>
  <num>A372</num>
  <num>A3720</num>
  <num>A3721</num>
  <num>A3722</num>
  <num>A3723</num>
  <num>A3724</num>
  <num>A3725</num>
  <num>A3726</num>
  <num>A3727</num>
  <num>A3728</num>
  <num>A3729</num>
  <num>A373</num>
  <num>A3730</num>
  <num>A3731</num>
  <num>A3732</num>
  <num>A3733</num>
  <num>A3734</num>
  <num>A3735</num>
  <num>A3736</num>
  <num>A3737</num>
  <num>A3738</num>
  <num>A3739</num>
  <num>A374</num>
  <num>A3740</num>
  <num>A3741</num>
  <num>A3742</num>
  <num>A3743</num>
  <num>A3744</num>
  <num>A3745</num>
  <num>A3746</num>
  <num>A3747</num>
  <num>A3748</num>
  <num>A3749</num>
  <num>A375</num>
  <num>A3750</num>
  <num>A3751</num>
  <num>A3752</num>
  <num>A3753</num>
  <num>A3754</num>
  <num>A3755</num>
  <num>A3756</num>
  <num>A3757</num>
  <num>A3758</num>
  <num>A3759</num>
  <num>A376</num>
  <num>A3760</num>
  <num>A3761</num>
  <num>A3762</num>
  <num>A3763</num>
  <num>A3764</num>
  <num>A3765</num>
  <num>A3766</num>
  <num>A3767</num>
  <num>A3768</num>
  <num>A3769</num>
  <num>A377</num>
  <num>A3770</num>
  <num>A3771</num>
  <num>A3772</num>
  <num>A3773</num>
  <num>A3774</num>
  <num>A3775</num>
  <num>A3776</num>
  <num>A3777</num>
  <num>A3778</num>
  <num>A3779</num>
  <num>A378</num>
  <num>A3780</num>
  <num>A3781</num>
  <num>A3782</num>
  <num>A3783</num>
  <num>A3784</num>
  <num>A3785</num>
  <num>A3786</num>
  <num>A3787</num>
  <num>A3788</num>
  <num>A3789</num>
  <num>A379</num>
  <num>A3790</num>
  <num>A3791</num>
  <num>A3792</num>
  <num>A3793</num>
  <num>A3794</num>
  <num>A3795</num>
  <num>A3796</num>
  <num>A3797</num>
  <num>A3798</num>
  <num>A3799</num>
  <num>A38</num>
  <num>A380</num>
  <num>A3800</num>
  <num>A3801</num>
  <num>A3802</num>
  <num>A3803</num>
  <num>A3804</num>
  <num>A3805</num>
  <num>A3806</num>
  <num>A3807</num>
  <num>A3808</num>
  <num>A3809</num>
  <num>A381</num>
  <num>A3810</num>
  <num>A3811</num>
  <num>A3812</num>
  <num>A3813</num>
  <num>A3814</num>
  <num>A3815</num>
  <num>A3816</num>
  <num>A3817</num>
  <num>A3818</num>
  <num>A3819</num>
  <num>A382</num>
  <num>A3820</num>
  <num>A3821</num>
  <num>A3822</num>
  <num>A3823</num>
  <num>A3824</num>
  <num>A3825</num>
  <num>A3826</num>
  <num>A3827</num>
  <num>A3828</num>
  <num>A3829</num>
  <num>A383</num>
  <num>A3830</num>
  <num>A3831</num>
  <num>A3832</num>
  <num>A3833</num>
  <num>A3834</num>
  <num>A3835</num>
  <num>A3836</num>
  <num>A3837</num>
  <num>A3838</num>
  <num>A3839</num>
  <num>A384</num>
  <num>A3840</num>
  <num>A3841</num>
  <num>A3842</num>
  <num>A3843</num>
  <num>A3844</num>
  <num>A3845</num>
  <num>A3846</num>
  <num>A3847</num>
  <num>A3848</num>
  <num>A3849</num>
  <num>A385</num>
  <num>A3850</num>
  <num>A3851</num>
  <num>A3852</num>
  <num>A3853</num>
  <num>A3854</num>
  <num>A3855</num>
  <num>A3856</num>
  <num>A3857</num>
  <num>A3858</num>
  <num>A3859</num>
  <num>A386</num>
  <num>A3860</num>
  <num>A3861</num>
  <num>A3862</num>
  <num>A3863</num>
  <num>A3864</num>
  <num>A3865</num>
  <num>A3866</num>
  <num>A3867</num>
  <num>A3868</num>
  <num>A3869</num>
  <num>A387</num>
  <num>A3870</num>
  <num>A3871</num>
  <num>A3872</num>
  <num>A3873</num>
  <num>A3874</num>
  <num>A3875</num>
  <num>A3876</num>
  <num>A3877</num>
  <num>A3878</num>
  <num>A3879</num>
  <num>A388</num>
  <num>A3880</num>
  <num>A3881</num>
  <num>A3882</num>
  <num>A3883</num>
  <num>A3884</num>
  <num>A3885</num>
  <num>A3886</num>
  <num>A3887</num>
  <num>A3888</num>
  <num>A3889</num>
  <num>A389</num>
  <num>A3890</num>
  <num>A3891</num>
  <num>A3892</num>
  <num>A3893</num>
  <num>A3894</num>
  <num>A3895</num>
  <num>A3896</num>
  <num>A3897</num>
  <num>A3898</num>
  <num>A3899</num>
  <num>A39</num>
  <num>A390</num>
  <num>A3900</num>
  <num>A3901</num>
  <num>A3902</num>
  <num>A3903</num>
  <num>A3904</num>
  <num>A3905</num>
  <num>A3906</num>
  <num>A3907</num>
  <num>A3908</num>
  <num>A3909</num>
  <num>A391</num>
  <num>A3910</num>
  <num>A3911</num>
  <num>A3912</num>
  <num>A3913</num>
  <num>A3914</num>
  <num>A3915</num>
  <num>A3916</num>
  <num>A3917</num>
  <num>A3918</num>
  <num>A3919</num>
  <num>A392</num>
  <num>A3920</num>
  <num>A3921</num>
  <num>A3922</num>
  <num>A3923</num>
  <num>A3924</num>
  <num>A3925</num>
  <num>A3926</num>
  <num>A3927</num>
  <num>A3928</num>
  <num>A3929</num>
  <num>A393</num>
  <num>A3930</num>
  <num>A3931</num>
  <num>A3932</num>
  <num>A3933</num>
  <num>A3934</num>
  <num>A3935</num>
  <num>A3936</num>
  <num>A3937</num>
  <num>A3938</num>
  <num>A3939</num>
  <num>A394</num>
  <num>A3940</num>
  <num>A3941</num>
  <num>A3942</num>
  <num>A3943</num>
  <num>A3944</num>
  <num>A3945</num>
  <num>A3946</num>
  <num>A3947</num>
  <num>A3948</num>
  <num>A3949</num>
  <num>A395</num>
  <num>A3950</num>
  <num>A3951</num>
  <num>A3952</num>
  <num>A3953</num>
  <num>A3954</num>
  <num>A3955</num>
  <num>A3956</num>
  <num>A3957</num>
  <num>A3958</num>
  <num>A3959</num>
  <num>A396</num>
  <num>A3960</num>
  <num>A3961</num>
  <num>A3962</num>
  <num>A3963</num>
  <num>A3964</num>
  <num>A3965</num>
  <num>A3966</num>
  <num>A3967</num>
  <num>A3968</num>
  <num>A3969</num>
  <num>A397</num>
  <num>A3970</num>
  <num>A3971</num>
  <num>A3972</num>
  <num>A3973</num>
  <num>A3974</num>
  <num>A3975</num>
  <num>A3976</num>
  <num>A3977</num>
  <num>A3978</num>
  <num>A3979</num>
  <num>A398</num>
  <num>A3980</num>
  <num>A3981</num>
  <num>A3982</num>
  <num>A3983</num>
  <num>A3984</num>
  <num>A3985</num>
  <num>A3986</num>
  <num>A3987</num>
  <num>A3988</num>
  <num>A3989</num>
  <num>A399</num>
  <num>A3990</num>
  <num>A3991</num>
  <num>A3992</num>
  <num>A3993</num>
  <num>A3994</num>
  <num>A3995</num>
  <num>A3996</num>
  <num>A3997</num>
  <num>A3998</num>
  <num>A3999</num>
  <num>A4</num>
  <num>A40</num>
  <num>A400</num>
  <num>A4000</num>
  <num>A4001</num>
  <num>A4002</num>
  <num>A4003</num>
  <num>A4004</num>
  <num>A4005</num>
  <num>A4006</num>
  <num>A4007</num>
  <num>A4008</num>
  <num>A4009</num>
  <num>A401</num>
  <num>A4010</num>
  <num>A4011</num>
  <num>A4012</num>
  <num>A4013</num>
  <num>A4014</num>
  <num>A4015</num>
  <num>A4016</num>
  <num>A4017</num>
  <num>A4018</num>
  <num>A4019</num>
  <num>A402</num>
  <num>A4020</num>
  <num>A4021</num>
  <num>A4022</num>
  <num>A4023</num>
  <num>A4024</num>
  <num>A4025</num>
  <num>A4026</num>
  <num>A4027</num>
  <num>A4028</num>
  <num>A4029</num>
  <num>A403</num>
  <num>A4030</num>
  <num>A4031</num>
  <num>A4032</num>
  <num>A4033</num>
  <num>A4034</num>
  <num>A4035</num>
  <num>A4036</num>
  <num>A4037</num>
  <num>A4038</num>
  <num>A4039</num>
  <num>A404</num>
  <num>A4040</num>
  <num>A4041</num>
  <num>A4042</num>
  <num>A4043</num>
  <num>A4044</num>
  <num>A4045</num>
  <num>A4046</num>
  <num>A4047</num>
  <num>A4048</num>
  <num>A4049</num>
  <num>A405</num>
  <num>A4050</num>
  <num>A4051</num>
  <num>A4052</num>
  <num>A4053</num>
  <num>A4054</num>
  <num>A4055</num>
  <num>A4056</num>
  <num>A4057</num>
  <num>A4058</num>
  <num>A4059</num>
  <num>A406</num>
  <num>A4060</num>
  <num>A4061</num>
  <num>A4062</num>
  <num>A4063</num>
  <num>A4064</num>
  <num>A4065</num>
  <num>A4066</num>
  <num>A4067</num>
  <num>A4068</num>
  <num>A4069</num>
  <num>A407</num>
  <num>A4070</num>
  <num>A4071</num>
  <num>A4072</num>
  <num>A4073</num>
  <num>A4074</num>
  <num>A4075</num>
  <num>A4076</num>
  <num>A4077</num>
  <num>A4078</num>
  <num>A4079</num>
  <num>A408</num>
  <num>A4080</num>
  <num>A4081</num>
  <num>A4082</num>
  <num>A4083</num>
  <num>A4084</num>
  <num>A4085</num>
  <num>A4086</num>
  <num>A4087</num>
  <num>A4088</num>
  <num>A4089</num>
  <num>A409</num>
  <num>A4090</num>
  <num>A4091</num>
  <num>A4092</num>
  <num>A4093</num>
  <num>A4094</num>
  <num>A4095</num>
  <num>A4096</num>
  <num>A4097</num>
  <num>A4098</num>
  <num>A4099</num>
  <num>A41</num>
  <num>A410</num>
  <num>A4100</num>
  <num>A4101</num>
  <num>A4102</num>
  <num>A4103</num>
  <num>A4104</num>
  <num>A4105</num>
  <num>A4106</num>
  <num>A4107</num>
  <num>A4108</num>
  <num>A4109</num>
  <num>A411</num>
  <num>A4110</num>
  <num>A4111</num>
  <num>A4112</num>
  <num>A4113</num>
  <num>A4114</num>
  <num>A4115</num>
  <num>A4116</num>
  <num>A4117</num>
  <num>A4118</num>
  <num>A4119</num>
  <num>A412</num>
  <num>A4120</num>
  <num>A4121</num>
  <num>A4122</num>
  <num>A4123</num>
  <num>A4124</num>
  <num>A4125</num>
  <num>A4126</num>
  <num>A4127</num>
  <num>A4128</num>
  <num>A4129</num>
  <num>A413</num>
  <num>A4130</num>
  <num>A4131</num>
  <num>A4132</num>
  <num>A4133</num>
  <num>A4134</num>
  <num>A4135</num>
  <num>A4136</num>
  <num>A4137</num>
  <num>A4138</num>
  <num>A4139</num>
  <num>A414</num>
  <num>A4140</num>
  <num>A4141</num>
  <num>A4142</num>
  <num>A4143</num>
  <num>A4144</num>
  <num>A4145</num>
  <num>A4146</num>
  <num>A4147</num>
  <num>A4148</num>
  <num>A4149</num>
  <num>A415</num>
  <num>A4150</num>
  <num>A4151</num>
  <num>A4152</num>
  <num>A4153</num>
  <num>A4154</num>
  <num>A4155</num>
  <num>A4156</num>
  <num>A4157</num>
  <num>A4158</num>
  <num>A4159</num>
  <num>A416</num>
  <num>A4160</num>
  <num>A4161</num>
  <num>A4162</num>
  <num>A4163</num>
  <num>A4164</num>
  <num>A4165</num>
  <num>A4166</num>
  <num>A4167</num>
  <num>A4168</num>
  <num>A4169</num>
  <num>A417</num>
  <num>A4170</num>
  <num>A4171</num>
  <num>A4172</num>
  <num>A4173</num>
  <num>A4174</num>
  <num>A4175</num>
  <num>A4176</num>
  <num>A4177</num>
  <num>A4178</num>
  <num>A4179</num>
  <num>A418</num>
  <num>A4180</num>
  <num>A4181</num>
  <num>A4182</num>
  <num>A4183</num>
  <num>A4184</num>
  <num>A4185</num>
  <num>A4186</num>
  <num>A4187</num>
  <num>A4188</num>
  <num>A4189</num>
  <num>A419</num>
  <num>A4190</num>
  <num>A4191</num>
  <num>A4192</num>
  <num>A4193</num>
  <num>A4194</num>
  <num>A4195</num>
  <num>A4196</num>
  <num>A4197</num>
  <num>A4198</num>
  <num>A4199</num>
  <num>A42</num>
  <num>A420</num>
  <num>A4200</num>
  <num>A4201</num>
  <num>A4202</num>
  <num>A4203</num>
  <num>A4204</num>
  <num>A4205</num>
  <num>A4206</num>
  <num>A4207</num>
  <num>A4208</num>
  <num>A4209</num>
  <num>A421</num>
  <num>A4210</num>
  <num>A4211</num>
  <num>A4212</num>
  <num>A4213</num>
  <num>A4214</num>
  <num>A4215</num>
  <num>A4216</num>
  <num>A4217</num>
  <num>A4218</num>
  <num>A4219</num>
  <num>A422</num>
  <num>A4220</num>
  <num>A4221</num>
  <num>A4222</num>
  <num>A4223</num>
  <num>A4224</num>
  <num>A4225</num>
  <num>A4226</num>
  <num>A4227</num>
  <num>A4228</num>
  <num>A4229</num>
  <num>A423</num>
  <num>A4230</num>
  <num>A4231</num>
  <num>A4232</num>
  <num>A4233</num>
  <num>A4234</num>
  <num>A4235</num>
  <num>A4236</num>
  <num>A4237</num>
  <num>A4238</num>
  <num>A4239</num>
  <num>A424</num>
  <num>A4240</num>
  <num>A4241</num>
  <num>A4242</num>
  <num>A4243</num>
  <num>A4244</num>
  <num>A4245</num>
  <num>A4246</num>
  <num>A4247</num>
  <num>A4248</num>
  <num>A4249</num>
  <num>A425</num>
  <num>A4250</num>
  <num>A4251</num>
  <num>A4252</num>
  <num>A4253</num>
  <num>A4254</num>
  <num>A4255</num>
  <num>A4256</num>
  <num>A4257</num>
  <num>A4258</num>
  <num>A4259</num>
  <num>A426</num>
  <num>A4260</num>
  <num>A4261</num>
  <num>A4262</num>
  <num>A4263</num>
  <num>A4264</num>
  <num>A4265</num>
  <num>A4266</num>
  <num>A4267</num>
  <num>A4268</num>
  <num>A4269</num>
  <num>A427</num>
  <num>A4270</num>
  <num>A4271</num>
  <num>A4272</num>
  <num>A4273</num>
  <num>A4274</num>
  <num>A4275</num>
  <num>A4276</num>
  <num>A4277</num>
  <num>A4278</num>
  <num>A4279</num>
  <num>A428</num>
  <num>A4280</num>
  <num>A4281</num>
  <num>A4282</num>
  <num>A4283</num>
  <num>A4284</num>
  <num>A4285</num>
  <num>A4286</num>
  <num>A4287</num>
  <num>A4288</num>
  <num>A4289</num>
  <num>A429</num>
  <num>A4290</num>
  <num>A4291</num>
  <num>A4292</num>
  <num>A4293</num>
  <num>A4294</num>
  <num>A4295</num>
  <num>A4296</num>
  <num>A4297</num>
  <num>A4298</num>
  <num>A4299</num>
  <num>A43</num>
  <num>A430</num>
  <num>A4300</num>
  <num>A4301</num>
  <num>A4302</num>
  <num>A4303</num>
  <num>A4304</num>
  <num>A4305</num>
  <num>A4306</num>
  <num>A4307</num>
  <num>A4308</num>
  <num>A4309</num>
  <num>A431</num>
  <num>A4310</num>
  <num>A4311</num>
  <num>A4312</num>
  <num>A4313</num>
  <num>A4314</num>
  <num>A4315</num>
  <num>A4316</num>
  <num>A4317</num>
  <num>A4318</num>
  <num>A4319</num>
  <num>A432</num>
  <num>A4320</num>
  <num>A4321</num>
  <num>A4322</num>
  <num>A4323</num>
  <num>A4324</num>
  <num>A4325</num>
  <num>A4326</num>
  <num>A4327</num>
  <num>A4328</num>
  <num>A4329</num>
  <num>A433</num>
  <num>A4330</num>
  <num>A4331</num>
  <num>A4332</num>
  <num>A4333</num>
  <num>A4334</num>
  <num>A4335</num>
  <num>A4336</num>
  <num>A4337</num>
  <num>A4338</num>
  <num>A4339</num>
  <num>A434</num>
  <num>A4340</num>
  <num>A4341</num>
  <num>A4342</num>
  <num>A4343</num>
  <num>A4344</num>
  <num>A4345</num>
  <num>A4346</num>
  <num>A4347</num>
  <num>A4348</num>
  <num>A4349</num>
  <num>A435</num>
  <num>A4350</num>
  <num>A4351</num>
  <num>A4352</num>
  <num>A4353</num>
  <num>A4354</num>
  <num>A4355</num>
  <num>A4356</num>
  <num>A4357</num>
  <num>A4358</num>
  <num>A4359</num>
  <num>A436</num>
  <num>A4360</num>
  <num>A4361</num>
  <num>A4362</num>
  <num>A4363</num>
  <num>A4364</num>
  <num>A4365</num>
  <num>A4366</num>
  <num>A4367</num>
  <num>A4368</num>
  <num>A4369</num>
  <num>A437</num>
  <num>A4370</num>
  <num>A4371</num>
  <num>A4372</num>
  <num>A4373</num>
  <num>A4374</num>
  <num>A4375</num>
  <num>A4376</num>
  <num>A4377</num>
  <num>A4378</num>
  <num>A4379</num>
  <num>A438</num>
  <num>A4380</num>
  <num>A4381</num>
  <num>A4382</num>
  <num>A4383</num>
  <num>A4384</num>
  <num>A4385</num>
  <num>A4386</num>
  <num>A4387</num>
  <num>A4388</num>
  <num>A4389</num>
  <num>A439</num>
  <num>A4390</num>
  <num>A4391</num>
  <num>A4392</num>
  <num>A4393</num>
  <num>A4394</num>
  <num>A4395</num>
  <num>A4396</num>
  <num>A4397</num>
  <num>A4398</num>
  <num>A4399</num>
  <num>A44</num>
  <num>A440</num>
  <num>A4400</num>
  <num>A4401</num>
  <num>A4402</num>
  <num>A4403</num>
  <num>A4404</num>
  <num>A4405</num>
  <num>A4406</num>
  <num>A4407</num>
  <num>A4408</num>
  <num>A4409</num>
  <num>A441</num>
  <num>A4410</num>
  <num>A4411</num>
  <num>A4412</num>
  <num>A4413</num>
  <num>A4414</num>
  <num>A4415</num>
  <num>A4416</num>
  <num>A4417</num>
  <num>A4418</num>
  <num>A4419</num>
  <num>A442</num>
  <num>A4420</num>
  <num>A4421</num>
  <num>A4422</num>
  <num>A4423</num>
  <num>A4424</num>
  <num>A4425</num>
  <num>A4426</num>
  <num>A4427</num>
  <num>A4428</num>
  <num>A4429</num>
  <num>A443</num>
  <num>A4430</num>
  <num>A4431</num>
  <num>A4432</num>
  <num>A4433</num>
  <num>A4434</num>
  <num>A4435</num>
  <num>A4436</num>
  <num>A4437</num>
  <num>A4438</num>
  <num>A4439</num>
  <num>A444</num>
  <num>A4440</num>
  <num>A4441</num>
  <num>A4442</num>
  <num>A4443</num>
  <num>A4444</num>
  <num>A4445</num>
  <num>A4446</num>
  <num>A4447</num>
  <num>A4448</num>
  <num>A4449</num>
  <num>A445</num>
  <num>A4450</num>
  <num>A4451</num>
  <num>A4452</num>
  <num>A4453</num>
  <num>A4454</num>
  <num>A4455</num>
  <num>A4456</num>
  <num>A4457</num>
  <num>A4458</num>
  <num>A4459</num>
  <num>A446</num>
  <num>A4460</num>
  <num>A4461</num>
  <num>A4462</num>
  <num>A4463</num>
  <num>A4464</num>
  <num>A4465</num>
  <num>A4466</num>
  <num>A4467</num>
  <num>A4468</num>
  <num>A4469</num>
  <num>A447</num>
  <num>A4470</num>
  <num>A4471</num>
  <num>A4472</num>
  <num>A4473</num>
  <num>A4474</num>
  <num>A4475</num>
  <num>A4476</num>
  <num>A4477</num>
  <num>A4478</num>
  <num>A4479</num>
  <num>A448</num>
  <num>A4480</num>
  <num>A4481</num>
  <num>A4482</num>
  <num>A4483</num>
  <num>A4484</num>
  <num>A4485</num>
  <num>A4486</num>
  <num>A4487</num>
  <num>A4488</num>
  <num>A4489</num>
  <num>A449</num>
  <num>A4490</num>
  <num>A4491</num>
  <num>A4492</num>
  <num>A4493</num>
  <num>A4494</num>
  <num>A4495</num>
  <num>A4496</num>
  <num>A4497</num>
  <num>A4498</num>
  <num>A4499</num>
  <num>A45</num>
  <num>A450</num>
  <num>A4500</num>
  <num>A4501</num>
  <num>A4502</num>
  <num>A4503</num>
  <num>A4504</num>
  <num>A4505</num>
  <num>A4506</num>
  <num>A4507</num>
  <num>A4508</num>
  <num>A4509</num>
  <num>A451</num>
  <num>A4510</num>
  <num>A4511</num>
  <num>A4512</num>
  <num>A4513</num>
  <num>A4514</num>
  <num>A4515</num>
  <num>A4516</num>
  <num>A4517</num>
  <num>A4518</num>
  <num>A4519</num>
  <num>A452</num>
  <num>A4520</num>
  <num>A4521</num>
  <num>A4522</num>
  <num>A4523</num>
  <num>A4524</num>
  <num>A4525</num>
  <num>A4526</num>
  <num>A4527</num>
  <num>A4528</num>
  <num>A4529</num>
  <num>A453</num>
  <num>A4530</num>
  <num>A4531</num>
  <num>A4532</num>
  <num>A4533</num>
  <num>A4534</num>
  <num>A4535</num>
  <num>A4536</num>
  <num>A4537</num>
  <num>A4538</num>
  <num>A4539</num>
  <num>A454</num>
  <num>A4540</num>
  <num>A4541</num>
  <num>A4542</num>
  <num>A4543</num>
  <num>A4544</num>
  <num>A4545</num>
  <num>A4546</num>
  <num>A4547</num>
  <num>A4548</num>
  <num>A4549</num>
  <num>A455</num>
  <num>A4550</num>
  <num>A4551</num>
  <num>A4552</num>
  <num>A4553</num>
  <num>A4554</num>
  <num>A4555</num>
  <num>A4556</num>
  <num>A4557</num>
  <num>A4558</num>
  <num>A4559</num>
  <num>A456</num>
  <num>A4560</num>
  <num>A4561</num>
  <num>A4562</num>
  <num>A4563</num>
  <num>A4564</num>
  <num>A4565</num>
  <num>A4566</num>
  <num>A4567</num>
  <num>A4568</num>
  <num>A4569</num>
  <num>A457</num>
  <num>A4570</num>
  <num>A4571</num>
  <num>A4572</num>
  <num>A4573</num>
  <num>A4574</num>
  <num>A4575</num>
  <num>A4576</num>
  <num>A4577</num>
  <num>A4578</num>
  <num>A4579</num>
  <num>A458</num>
  <num>A4580</num>
  <num>A4581</num>
  <num>A4582</num>
  <num>A4583</num>
  <num>A4584</num>
  <num>A4585</num>
  <num>A4586</num>
  <num>A4587</num>
  <num>A4588</num>
  <num>A4589</num>
  <num>A459</num>
  <num>A4590</num>
  <num>A4591</num>
  <num>A4592</num>
  <num>A4593</num>
  <num>A4594</num>
  <num>A4595</num>
  <num>A4596</num>
  <num>A4597</num>
  <num>A4598</num>
  <num>A4599</num>
  <num>A46</num>
  <num>A460</num>
  <num>A4600</num>
  <num>A4601</num>
  <num>A4602</num>
  <num>A4603</num>
  <num>A4604</num>
  <num>A4605</num>
  <num>A4606</num>
  <num>A4607</num>
  <num>A4608</num>
  <num>A4609</num>
  <num>A461</num>
  <num>A4610</num>
  <num>A4611</num>
  <num>A4612</num>
  <num>A4613</num>
  <num>A4614</num>
  <num>A4615</num>
  <num>A4616</num>
  <num>A4617</num>
  <num>A4618</num>
  <num>A4619</num>
  <num>A462</num>
  <num>A4620</num>
  <num>A4621</num>
  <num>A4622</num>
  <num>A4623</num>
  <num>A4624</num>
  <num>A4625</num>
  <num>A4626</num>
  <num>A4627</num>
  <num>A4628</num>
  <num>A4629</num>
  <num>A463</num>
  <num>A4630</num>
  <num>A4631</num>
  <num>A4632</num>
  <num>A4633</num>
  <num>A4634</num>
  <num>A4635</num>
  <num>A4636</num>
  <num>A4637</num>
  <num>A4638</num>
  <num>A4639</num>
  <num>A464</num>
  <num>A4640</num>
  <num>A4641</num>
  <num>A4642</num>
  <num>A4643</num>
  <num>A4644</num>
  <num>A4645</num>
  <num>A4646</num>
  <num>A4647</num>
  <num>A4648</num>
  <num>A4649</num>
  <num>A465</num>
  <num>A4650</num>
  <num>A4651</num>
  <num>A4652</num>
  <num>A4653</num>
  <num>A4654</num>
  <num>A4655</num>
  <num>A4656</num>
  <num>A4657</num>
  <num>A4658</num>
  <num>A4659</num>
  <num>A466</num>
  <num>A4660</num>
  <num>A4661</num>
  <num>A4662</num>
  <num>A4663</num>
  <num>A4664</num>
  <num>A4665</num>
  <num>A4666</num>
  <num>A4667</num>
  <num>A4668</num>
  <num>A4669</num>
  <num>A467</num>
  <num>A4670</num>
  <num>A4671</num>
  <num>A4672</num>
  <num>A4673</num>
  <num>A4674</num>
  <num>A4675</num>
  <num>A4676</num>
  <num>A4677</num>
  <num>A4678</num>
  <num>A4679</num>
  <num>A468</num>
  <num>A4680</num>
  <num>A4681</num>
  <num>A4682</num>
  <num>A4683</num>
  <num>A4684</num>
  <num>A4685</num>
  <num>A4686</num>
  <num>A4687</num>
  <num>A4688</num>
  <num>A4689</num>
  <num>A469</num>
  <num>A4690</num>
  <num>A4691</num>
  <num>A4692</num>
  <num>A4693</num>
  <num>A4694</num>
  <num>A4695</num>
  <num>A4696</num>
  <num>A4697</num>
  <num>A4698</num>
  <num>A4699</num>
  <num>A47</num>
  <num>A470</num>
  <num>A4700</num>
  <num>A4701</num>
  <num>A4702</num>
  <num>A4703</num>
  <num>A4704</num>
  <num>A4705</num>
  <num>A4706</num>
  <num>A4707</num>
  <num>A4708</num>
  <num>A4709</num>
  <num>A471</num>
  <num>A4710</num>
  <num>A4711</num>
  <num>A4712</num>
  <num>A4713</num>
  <num>A4714</num>
  <num>A4715</num>
  <num>A4716</num>
  <num>A4717</num>
  <num>A4718</num>
  <num>A4719</num>
  <num>A472</num>
  <num>A4720</num>
  <num>A4721</num>
  <num>A4722</num>
  <num>A4723</num>
  <num>A4724</num>
  <num>A4725</num>
  <num>A4726</num>
  <num>A4727</num>
  <num>A4728</num>
  <num>A4729</num>
  <num>A473</num>
  <num>A4730</num>
  <num>A4731</num>
  <num>A4732</num>
  <num>A4733</num>
  <num>A4734</num>
  <num>A4735</num>
  <num>A4736</num>
  <num>A4737</num>
  <num>A4738</num>
  <num>A4739</num>
  <num>A474</num>
  <num>A4740</num>
  <num>A4741</num>
  <num>A4742</num>
  <num>A4743</num>
  <num>A4744</num>
  <num>A4745</num>
  <num>A4746</num>
  <num>A4747</num>
  <num>A4748</num>
  <num>A4749</num>
  <num>A475</num>
  <num>A4750</num>
  <num>A4751</num>
  <num>A4752</num>
  <num>A4753</num>
  <num>A4754</num>
  <num>A4755</num>
  <num>A4756</num>
  <num>A4757</num>
  <num>A4758</num>
  <num>A4759</num>
  <num>A476</num>
  <num>A4760</num>
  <num>A4761</num>
  <num>A4762</num>
  <num>A4763</num>
  <num>A4764</num>
  <num>A4765</num>
  <num>A4766</num>
  <num>A4767</num>
  <num>A4768</num>
  <num>A4769</num>
  <num>A477</num>
  <num>A4770</num>
  <num>A4771</num>
  <num>A4772</num>
  <num>A4773</num>
  <num>A4774</num>
  <num>A4775</num>
  <num>A4776</num>
  <num>A4777</num>
  <num>A4778</num>
  <num>A4779</num>
  <num>A478</num>
  <num>A4780</num>
  <num>A4781</num>
  <num>A4782</num>
  <num>A4783</num>
  <num>A4784</num>
  <num>A4785</num>
  <num>A4786</num>
  <num>A4787</num>
  <num>A4788</num>
  <num>A4789</num>
  <num>A479</num>
  <num>A4790</num>
  <num>A4791</num>
  <num>A4792</num>
  <num>A4793</num>
  <num>A4794</num>
  <num>A4795</num>
  <num>A4796</num>
  <num>A4797</num>
  <num>A4798</num>
  <num>A4799</num>
  <num>A48</num>
  <num>A480</num>
  <num>A4800</num>
  <num>A4801</num>
  <num>A4802</num>
  <num>A4803</num>
  <num>A4804</num>
  <num>A4805</num>
  <num>A4806</num>
  <num>A4807</num>
  <num>A4808</num>
  <num>A4809</num>
  <num>A481</num>
  <num>A4810</num>
  <num>A4811</num>
  <num>A4812</num>
  <num>A4813</num>
  <num>A4814</num>
  <num>A4815</num>
  <num>A4816</num>
  <num>A4817</num>
  <num>A4818</num>
  <num>A4819</num>
  <num>A482</num>
  <num>A4820</num>
  <num>A4821</num>
  <num>A4822</num>
  <num>A4823</num>
  <num>A4824</num>
  <num>A4825</num>
  <num>A4826</num>
  <num>A4827</num>
  <num>A4828</num>
  <num>A4829</num>
  <num>A483</num>
  <num>A4830</num>
  <num>A4831</num>
  <num>A4832</num>
  <num>A4833</num>
  <num>A4834</num>
  <num>A4835</num>
  <num>A4836</num>
  <num>A4837</num>
  <num>A4838</num>
  <num>A4839</num>
  <num>A484</num>
  <num>A4840</num>
  <num>A4841</num>
  <num>A4842</num>
  <num>A4843</num>
  <num>A4844</num>
  <num>A4845</num>
  <num>A4846</num>
  <num>A4847</num>
  <num>A4848</num>
  <num>A4849</num>
  <num>A485</num>
  <num>A4850</num>
  <num>A4851</num>
  <num>A4852</num>
  <num>A4853</num>
  <num>A4854</num>
  <num>A4855</num>
  <num>A4856</num>
  <num>A4857</num>
  <num>A4858</num>
  <num>A4859</num>
  <num>A486</num>
  <num>A4860</num>
  <num>A4861</num>
  <num>A4862</num>
  <num>A4863</num>
  <num>A4864</num>
  <num>A4865</num>
  <num>A4866</num>
  <num>A4867</num>
  <num>A4868</num>
  <num>A4869</num>
  <num>A487</num>
  <num>A4870</num>
  <num>A4871</num>
  <num>A4872</num>
  <num>A4873</num>
  <num>A4874</num>
  <num>A4875</num>
  <num>A4876</num>
  <num>A4877</num>
  <num>A4878</num>
  <num>A4879</num>
  <num>A488</num>
  <num>A4880</num>
  <num>A4881</num>
  <num>A4882</num>
  <num>A4883</num>
  <num>A4884</num>
  <num>A4885</num>
  <num>A4886</num>
  <num>A4887</num>
  <num>A4888</num>
  <num>A4889</num>
  <num>A489</num>
  <num>A4890</num>
  <num>A4891</num>
  <num>A4892</num>
  <num>A4893</num>
  <num>A4894</num>
  <num>A4895</num>
  <num>A4896</num>
  <num>A4897</num>
  <num>A4898</num>
  <num>A4899</num>
  <num>A49</num>
  <num>A490</num>
  <num>A4900</num>
  <num>A4901</num>
  <num>A4902</num>
  <num>A4903</num>
  <num>A4904</num>
  <num>A4905</num>
  <num>A4906</num>
  <num>A4907</num>
  <num>A4908</num>
  <num>A4909</num>
  <num>A491</num>
  <num>A4910</num>
  <num>A4911</num>
  <num>A4912</num>
  <num>A4913</num>
  <num>A4914</num>
  <num>A4915</num>
  <num>A4916</num>
  <num>A4917</num>
  <num>A4918</num>
  <num>A4919</num>
  <num>A492</num>
  <num>A4920</num>
  <num>A4921</num>
  <num>A4922</num>
  <num>A4923</num>
  <num>A4924</num>
  <num>A4925</num>
  <num>A4926</num>
  <num>A4927</num>
  <num>A4928</num>
  <num>A4929</num>
  <num>A493</num>
  <num>A4930</num>
  <num>A4931</num>
  <num>A4932</num>
  <num>A4933</num>
  <num>A4934</num>
  <num>A4935</num>
  <num>A4936</num>
  <num>A4937</num>
  <num>A4938</num>
  <num>A4939</num>
  <num>A494</num>
  <num>A4940</num>
  <num>A4941</num>
  <num>A4942</num>
  <num>A4943</num>
  <num>A4944</num>
  <num>A4945</num>
  <num>A4946</num>
  <num>A4947</num>
  <num>A4948</num>
  <num>A4949</num>
  <num>A495</num>
  <num>A4950</num>
  <num>A4951</num>
  <num>A4952</num>
  <num>A4953</num>
  <num>A4954</num>
  <num>A4955</num>
  <num>A4956</num>
  <num>A4957</num>
  <num>A4958</num>
  <num>A4959</num>
  <num>A496</num>
  <num>A4960</num>
  <num>A4961</num>
  <num>A4962</num>
  <num>A4963</num>
  <num>A4964</num>
  <num>A4965</num>
  <num>A4966</num>
  <num>A4967</num>
  <num>A4968</num>
  <num>A4969</num>
  <num>A497</num>
  <num>A4970</num>
  <num>A4971</num>
  <num>A4972</num>
  <num>A4973</num>
  <num>A4974</num>
  <num>A4975</num>
  <num>A4976</num>
  <num>A4977</num>
  <num>A4978</num>
  <num>A4979</num>
  <num>A498</num>
  <num>A4980</num>
  <num>A4981</num>
  <num>A4982</num>
  <num>A4983</num>
  <num>A4984</num>
  <num>A4985</num>
  <num>A4986</num>
  <num>A4987</num>
  <num>A4988</num>
  <num>A4989</num>
  <num>A499</num>
  <num>A4990</num>
  <num>A4991</num>
  <num>A4992</num>
  <num>A4993</num>
  <num>A4994</num>
  <num>A4995</num>
  <num>A4996</num>
  <num>A4997</num>
  <num>A4998</num>
  <num>A4999</num>
  <num>A5</num>
  <num>A50</num>
  <num>A500</num>
  <num>A5000</num>
  <num>A5001</num>
  <num>A5002</num>
  <num>A5003</num>
  <num>A5004</num>
  <num>A5005</num>
  <num>A5006</num>
  <num>A5007</num>
  <num>A5008</num>
  <num>A5009</num>
  <num>A501</num>
  <num>A5010</num>
  <num>A5011</num>
  <num>A5012</num>
  <num>A5013</num>
  <num>A5014</num>
  <num>A5015</num>
  <num>A5016</num>
  <num>A5017</num>
  <num>A5018</num>
  <num>A5019</num>
  <num>A502</num>
  <num>A5020</num>
  <num>A5021</num>
  <num>A5022</num>
  <num>A5023</num>
  <num>A5024</num>
  <num>A5025</num>
  <num>A5026</num>
  <num>A5027</num>
  <num>A5028</num>
  <num>A5029</num>
  <num>A503</num>
  <num>A5030</num>
  <num>A5031</num>
  <num>A5032</num>
  <num>A5033</num>
  <num>A5034</num>
  <num>A5035</num>
  <num>A5036</num>
  <num>A5037</num>
  <num>A5038</num>
  <num>A5039</num>
  <num>A504</num>
  <num>A5040</num>
  <num>A5041</num>
  <num>A5042</num>
  <num>A5043</num>
  <num>A5044</num>
  <num>A5045</num>
  <num>A5046</num>
  <num>A5047</num>
  <num>A5048</num>
  <num>A5049</num>
  <num>A505</num>
  <num>A5050</num>
  <num>A5051</num>
  <num>A5052</num>
  <num>A5053</num>
  <num>A5054</num>
  <num>A5055</num>
  <num>A5056</num>
  <num>A5057</num>
  <num>A5058</num>
  <num>A5059</num>
  <num>A506</num>
  <num>A5060</num>
  <num>A5061</num>
  <num>A5062</num>
  <num>A5063</num>
  <num>A5064</num>
  <num>A5065</num>
  <num>A5066</num>
  <num>A5067</num>
  <num>A5068</num>
  <num>A5069</num>
  <num>A507</num>
  <num>A5070</num>
  <num>A5071</num>
  <num>A5072</num>
  <num>A5073</num>
  <num>A5074</num>
  <num>A5075</num>
  <num>A5076</num>
  <num>A5077</num>
  <num>A5078</num>
  <num>A5079</num>
  <num>A508</num>
  <num>A5080</num>
  <num>A5081</num>
  <num>A5082</num>
  <num>A5083</num>
  <num>A5084</num>
  <num>A5085</num>
  <num>A5086</num>
  <num>A5087</num>
  <num>A5088</num>
  <num>A5089</num>
  <num>A509</num>
  <num>A5090</num>
  <num>A5091</num>
  <num>A5092</num>
  <num>A5093</num>
  <num>A5094</num>
  <num>A5095</num>
  <num>A5096</num>
  <num>A5097</num>
  <num>A5098</num>
  <num>A5099</num>
  <num>A51</num>
  <num>A510</num>
  <num>A5100</num>
  <num>A5101</num>
  <num>A5102</num>
  <num>A5103</num>
  <num>A5104</num>
  <num>A5105</num>
  <num>A5106</num>
  <num>A5107</num>
  <num>A5108</num>
  <num>A5109</num>
  <num>A511</num>
  <num>A5110</num>
  <num>A5111</num>
  <num>A5112</num>
  <num>A5113</num>
  <num>A5114</num>
  <num>A5115</num>
  <num>A5116</num>
  <num>A5117</num>
  <num>A5118</num>
  <num>A5119</num>
  <num>A512</num>
  <num>A5120</num>
  <num>A5121</num>
  <num>A5122</num>
  <num>A5123</num>
  <num>A5124</num>
  <num>A5125</num>
  <num>A5126</num>
  <num>A5127</num>
  <num>A5128</num>
  <num>A5129</num>
  <num>A513</num>
  <num>A5130</num>
  <num>A5131</num>
  <num>A5132</num>
  <num>A5133</num>
  <num>A5134</num>
  <num>A5135</num>
  <num>A5136</num>
  <num>A5137</num>
  <num>A5138</num>
  <num>A5139</num>
  <num>A514</num>
  <num>A5140</num>
  <num>A5141</num>
  <num>A5142</num>
  <num>A5143</num>
  <num>A5144</num>
  <num>A5145</num>
  <num>A5146</num>
  <num>A5147</num>
  <num>A5148</num>
  <num>A5149</num>
  <num>A515</num>
  <num>A5150</num>
  <num>A5151</num>
  <num>A5152</num>
  <num>A5153</num>
  <num>A5154</num>
  <num>A5155</num>
  <num>A5156</num>
  <num>A5157</num>
  <num>A5158</num>
  <num>A5159</num>
  <num>A516</num>
  <num>A5160</num>
  <num>A5161</num>
  <num>A5162</num>
  <num>A5163</num>
  <num>A5164</num>
  <num>A5165</num>
  <num>A5166</num>
  <num>A5167</num>
  <num>A5168</num>
  <num>A5169</num>
  <num>A517</num>
  <num>A5170</num>
  <num>A5171</num>
  <num>A5172</num>
  <num>A5173</num>
  <num>A5174</num>
  <num>A5175</num>
  <num>A5176</num>
  <num>A5177</num>
  <num>A5178</num>
  <num>A5179</num>
  <num>A518</num>
  <num>A5180</num>
  <num>A5181</num>
  <num>A5182</num>
  <num>A5183</num>
  <num>A5184</num>
  <num>A5185</num>
  <num>A5186</num>
  <num>A5187</num>
  <num>A5188</num>
  <num>A5189</num>
  <num>A519</num>
  <num>A5190</num>
  <num>A5191</num>
  <num>A5192</num>
  <num>A5193</num>
  <num>A5194</num>
  <num>A5195</num>
  <num>A5196</num>
  <num>A5197</num>
  <num>A5198</num>
  <num>A5199</num>
  <num>A52</num>
  <num>A520</num>
  <num>A5200</num>
  <num>A5201</num>
  <num>A5202</num>
  <num>A5203</num>
  <num>A5204</num>
  <num>A5205</num>
  <num>A5206</num>
  <num>A5207</num>
  <num>A5208</num>
  <num>A5209</num>
  <num>A521</num>
  <num>A5210</num>
  <num>A5211</num>
  <num>A5212</num>
  <num>A5213</num>
  <num>A5214</num>
  <num>A5215</num>
  <num>A5216</num>
  <num>A5217</num>
  <num>A5218</num>
  <num>A5219</num>
  <num>A522</num>
  <num>A5220</num>
  <num>A5221</num>
  <num>A5222</num>
  <num>A5223</num>
  <num>A5224</num>
  <num>A5225</num>
  <num>A5226</num>
  <num>A5227</num>
  <num>A5228</num>
  <num>A5229</num>
  <num>A523</num>
  <num>A5230</num>
  <num>A5231</num>
  <num>A5232</num>
  <num>A5233</num>
  <num>A5234</num>
  <num>A5235</num>
  <num>A5236</num>
  <num>A5237</num>
  <num>A5238</num>
  <num>A5239</num>
  <num>A524</num>
  <num>A5240</num>
  <num>A5241</num>
  <num>A5242</num>
  <num>A5243</num>
  <num>A5244</num>
  <num>A5245</num>
  <num>A5246</num>
  <num>A5247</num>
  <num>A5248</num>
  <num>A5249</num>
  <num>A525</num>
  <num>A5250</num>
  <num>A5251</num>
  <num>A5252</num>
  <num>A5253</num>
  <num>A5254</num>
  <num>A5255</num>
  <num>A5256</num>
  <num>A5257</num>
  <num>A5258</num>
  <num>A5259</num>
  <num>A526</num>
  <num>A5260</num>
  <num>A5261</num>
  <num>A5262</num>
  <num>A5263</num>
  <num>A5264</num>
  <num>A5265</num>
  <num>A5266</num>
  <num>A5267</num>
  <num>A5268</num>
  <num>A5269</num>
  <num>A527</num>
  <num>A5270</num>
  <num>A5271</num>
  <num>A5272</num>
  <num>A5273</num>
  <num>A5274</num>
  <num>A5275</num>
  <num>A5276</num>
  <num>A5277</num>
  <num>A5278</num>
  <num>A5279</num>
  <num>A528</num>
  <num>A5280</num>
  <num>A5281</num>
  <num>A5282</num>
  <num>A5283</num>
  <num>A5284</num>
  <num>A5285</num>
  <num>A5286</num>
  <num>A5287</num>
  <num>A5288</num>
  <num>A5289</num>
  <num>A529</num>
  <num>A5290</num>
  <num>A5291</num>
  <num>A5292</num>
  <num>A5293</num>
  <num>A5294</num>
  <num>A5295</num>
  <num>A5296</num>
  <num>A5297</num>
  <num>A5298</num>
  <num>A5299</num>
  <num>A53</num>
  <num>A530</num>
  <num>A5300</num>
  <num>A5301</num>
  <num>A5302</num>
  <num>A5303</num>
  <num>A5304</num>
  <num>A5305</num>
  <num>A5306</num>
  <num>A5307</num>
  <num>A5308</num>
  <num>A5309</num>
  <num>A531</num>
  <num>A5310</num>
  <num>A5311</num>
  <num>A5312</num>
  <num>A5313</num>
  <num>A5314</num>
  <num>A5315</num>
  <num>A5316</num>
  <num>A5317</num>
  <num>A5318</num>
  <num>A5319</num>
  <num>A532</num>
  <num>A5320</num>
  <num>A5321</num>
  <num>A5322</num>
  <num>A5323</num>
  <num>A5324</num>
  <num>A5325</num>
  <num>A5326</num>
  <num>A5327</num>
  <num>A5328</num>
  <num>A5329</num>
  <num>A533</num>
  <num>A5330</num>
  <num>A5331</num>
  <num>A5332</num>
  <num>A5333</num>
  <num>A5334</num>
  <num>A5335</num>
  <num>A5336</num>
  <num>A5337</num>
  <num>A5338</num>
  <num>A5339</num>
  <num>A534</num>
  <num>A5340</num>
  <num>A5341</num>
  <num>A5342</num>
  <num>A5343</num>
  <num>A5344</num>
  <num>A5345</num>
  <num>A5346</num>
  <num>A5347</num>
  <num>A5348</num>
  <num>A5349</num>
  <num>A535</num>
  <num>A5350</num>
  <num>A5351</num>
  <num>A5352</num>
  <num>A5353</num>
  <num>A5354</num>
  <num>A5355</num>
  <num>A5356</num>
  <num>A5357</num>
  <num>A5358</num>
  <num>A5359</num>
  <num>A536</num>
  <num>A5360</num>
  <num>A5361</num>
  <num>A5362</num>
  <num>A5363</num>
  <num>A5364</num>
  <num>A5365</num>
  <num>A5366</num>
  <num>A5367</num>
  <num>A5368</num>
  <num>A5369</num>
  <num>A537</num>
  <num>A5370</num>
  <num>A5371</num>
  <num>A5372</num>
  <num>A5373</num>
  <num>A5374</num>
  <num>A5375</num>
  <num>A5376</num>
  <num>A5377</num>
  <num>A5378</num>
  <num>A5379</num>
  <num>A538</num>
  <num>A5380</num>
  <num>A5381</num>
  <num>A5382</num>
  <num>A5383</num>
  <num>A5384</num>
  <num>A5385</num>
  <num>A5386</num>
  <num>A5387</num>
  <num>A5388</num>
  <num>A5389</num>
  <num>A539</num>
  <num>A5390</num>
  <num>A5391</num>
  <num>A5392</num>
  <num>A5393</num>
  <num>A5394</num>
  <num>A5395</num>
  <num>A5396</num>
  <num>A5397</num>
  <num>A5398</num>
  <num>A5399</num>
  <num>A54</num>
  <num>A540</num>
  <num>A5400</num>
  <num>A5401</num>
  <num>A5402</num>
  <num>A5403</num>
  <num>A5404</num>
  <num>A5405</num>
  <num>A5406</num>
  <num>A5407</num>
  <num>A5408</num>
  <num>A5409</num>
  <num>A541</num>
  <num>A5410</num>
  <num>A5411</num>
  <num>A5412</num>
  <num>A5413</num>
  <num>A5414</num>
  <num>A5415</num>
  <num>A5416</num>
  <num>A5417</num>
  <num>A5418</num>
  <num>A5419</num>
  <num>A542</num>
  <num>A5420</num>
  <num>A5421</num>
  <num>A5422</num>
  <num>A5423</num>
  <num>A5424</num>
  <num>A5425</num>
  <num>A5426</num>
  <num>A5427</num>
  <num>A5428</num>
  <num>A5429</num>
  <num>A543</num>
  <num>A5430</num>
  <num>A5431</num>
  <num>A5432</num>
  <num>A5433</num>
  <num>A5434</num>
  <num>A5435</num>
  <num>A5436</num>
  <num>A5437</num>
  <num>A5438</num>
  <num>A5439</num>
  <num>A544</num>
  <num>A5440</num>
  <num>A5441</num>
  <num>A5442</num>
  <num>A5443</num>
  <num>A5444</num>
  <num>A5445</num>
  <num>A5446</num>
  <num>A5447</num>
  <num>A5448</num>
  <num>A5449</num>
  <num>A545</num>
  <num>A5450</num>
  <num>A5451</num>
  <num>A5452</num>
  <num>A5453</num>
  <num>A5454</num>
  <num>A5455</num>
  <num>A5456</num>
  <num>A5457</num>
  <num>A5458</num>
  <num>A5459</num>
  <num>A546</num>
  <num>A5460</num>
  <num>A5461</num>
  <num>A5462</num>
  <num>A5463</num>
  <num>A5464</num>
  <num>A5465</num>
  <num>A5466</num>
  <num>A5467</num>
  <num>A5468</num>
  <num>A5469</num>
  <num>A547</num>
  <num>A5470</num>
  <num>A5471</num>
  <num>A5472</num>
  <num>A5473</num>
  <num>A5474</num>
  <num>A5475</num>
  <num>A5476</num>
  <num>A5477</num>
  <num>A5478</num>
  <num>A5479</num>
  <num>A548</num>
  <num>A5480</num>
  <num>A5481</num>
  <num>A5482</num>
  <num>A5483</num>
  <num>A5484</num>
  <num>A5485</num>
  <num>A5486</num>
  <num>A5487</num>
  <num>A5488</num>
  <num>A5489</num>
  <num>A549</num>
  <num>A5490</num>
  <num>A5491</num>
  <num>A5492</num>
  <num>A5493</num>
  <num>A5494</num>
  <num>A5495</num>
  <num>A5496</num>
  <num>A5497</num>
  <num>A5498</num>
  <num>A5499</num>
  <num>A55</num>
  <num>A550</num>
  <num>A5500</num>
  <num>A5501</num>
  <num>A5502</num>
  <num>A5503</num>
  <num>A5504</num>
  <num>A5505</num>
  <num>A5506</num>
  <num>A5507</num>
  <num>A5508</num>
  <num>A5509</num>
  <num>A551</num>
  <num>A5510</num>
  <num>A5511</num>
  <num>A5512</num>
  <num>A5513</num>
  <num>A5514</num>
  <num>A5515</num>
  <num>A5516</num>
  <num>A5517</num>
  <num>A5518</num>
  <num>A5519</num>
  <num>A552</num>
  <num>A5520</num>
  <num>A5521</num>
  <num>A5522</num>
  <num>A5523</num>
  <num>A5524</num>
  <num>A5525</num>
  <num>A5526</num>
  <num>A5527</num>
  <num>A5528</num>
  <num>A5529</num>
  <num>A553</num>
  <num>A5530</num>
  <num>A5531</num>
  <num>A5532</num>
  <num>A5533</num>
  <num>A5534</num>
  <num>A5535</num>
  <num>A5536</num>
  <num>A5537</num>
  <num>A5538</num>
  <num>A5539</num>
  <num>A554</num>
  <num>A5540</num>
  <num>A5541</num>
  <num>A5542</num>
  <num>A5543</num>
  <num>A5544</num>
  <num>A5545</num>
  <num>A5546</num>
  <num>A5547</num>
  <num>A5548</num>
  <num>A5549</num>
  <num>A555</num>
  <num>A5550</num>
  <num>A5551</num>
  <num>A5552</num>
  <num>A5553</num>
  <num>A5554</num>
  <num>A5555</num>
  <num>A5556</num>
  <num>A5557</num>
  <num>A5558</num>
  <num>A5559</num>
  <num>A556</num>
  <num>A5560</num>
  <num>A5561</num>
  <num>A5562</num>
  <num>A5563</num>
  <num>A5564</num>
  <num>A5565</num>
  <num>A5566</num>
  <num>A5567</num>
  <num>A5568</num>
  <num>A5569</num>
  <num>A557</num>
  <num>A5570</num>
  <num>A5571</num>
  <num>A5572</num>
  <num>A5573</num>
  <num>A5574</num>
  <num>A5575</num>
  <num>A5576</num>
  <num>A5577</num>
  <num>A5578</num>
  <num>A5579</num>
  <num>A558</num>
  <num>A5580</num>
  <num>A5581</num>
  <num>A5582</num>
  <num>A5583</num>
  <num>A5584</num>
  <num>A5585</num>
  <num>A5586</num>
  <num>A5587</num>
  <num>A5588</num>
  <num>A5589</num>
  <num>A559</num>
  <num>A5590</num>
  <num>A5591</num>
  <num>A5592</num>
  <num>A5593</num>
  <num>A5594</num>
  <num>A5595</num>
  <num>A5596</num>
  <num>A5597</num>
  <num>A5598</num>
  <num>A5599</num>
  <num>A56</num>
  <num>A560</num>
  <num>A5600</num>
  <num>A5601</num>
  <num>A5602</num>
  <num>A5603</num>
  <num>A5604</num>
  <num>A5605</num>
  <num>A5606</num>
  <num>A5607</num>
  <num>A5608</num>
  <num>A5609</num>
  <num>A561</num>
  <num>A5610</num>
  <num>A5611</num>
  <num>A5612</num>
  <num>A5613</num>
  <num>A5614</num>
  <num>A5615</num>
  <num>A5616</num>
  <num>A5617</num>
  <num>A5618</num>
  <num>A5619</num>
  <num>A562</num>
  <num>A5620</num>
  <num>A5621</num>
  <num>A5622</num>
  <num>A5623</num>
  <num>A5624</num>
  <num>A5625</num>
  <num>A5626</num>
  <num>A5627</num>
  <num>A5628</num>
  <num>A5629</num>
  <num>A563</num>
  <num>A5630</num>
  <num>A5631</num>
  <num>A5632</num>
  <num>A5633</num>
  <num>A5634</num>
  <num>A5635</num>
  <num>A5636</num>
  <num>A5637</num>
  <num>A5638</num>
  <num>A5639</num>
  <num>A564</num>
  <num>A5640</num>
  <num>A5641</num>
  <num>A5642</num>
  <num>A5643</num>
  <num>A5644</num>
  <num>A5645</num>
  <num>A5646</num>
  <num>A5647</num>
  <num>A5648</num>
  <num>A5649</num>
  <num>A565</num>
  <num>A5650</num>
  <num>A5651</num>
  <num>A5652</num>
  <num>A5653</num>
  <num>A5654</num>
  <num>A5655</num>
  <num>A5656</num>
  <num>A5657</num>
  <num>A5658</num>
  <num>A5659</num>
  <num>A566</num>
  <num>A5660</num>
  <num>A5661</num>
  <num>A5662</num>
  <num>A5663</num>
  <num>A5664</num>
  <num>A5665</num>
  <num>A5666</num>
  <num>A5667</num>
  <num>A5668</num>
  <num>A5669</num>
  <num>A567</num>
  <num>A5670</num>
  <num>A5671</num>
  <num>A5672</num>
  <num>A5673</num>
  <num>A5674</num>
  <num>A5675</num>
  <num>A5676</num>
  <num>A5677</num>
  <num>A5678</num>
  <num>A5679</num>
  <num>A568</num>
  <num>A5680</num>
  <num>A5681</num>
  <num>A5682</num>
  <num>A5683</num>
  <num>A5684</num>
  <num>A5685</num>
  <num>A5686</num>
  <num>A5687</num>
  <num>A5688</num>
  <num>A5689</num>
  <num>A569</num>
  <num>A5690</num>
  <num>A5691</num>
  <num>A5692</num>
  <num>A5693</num>
  <num>A5694</num>
  <num>A5695</num>
  <num>A5696</num>
  <num>A5697</num>
  <num>A5698</num>
  <num>A5699</num>
  <num>A57</num>
  <num>A570</num>
  <num>A5700</num>
  <num>A5701</num>
  <num>A5702</num>
  <num>A5703</num>
  <num>A5704</num>
  <num>A5705</num>
  <num>A5706</num>
  <num>A5707</num>
  <num>A5708</num>
  <num>A5709</num>
  <num>A571</num>
  <num>A5710</num>
  <num>A5711</num>
  <num>A5712</num>
  <num>A5713</num>
  <num>A5714</num>
  <num>A5715</num>
  <num>A5716</num>
  <num>A5717</num>
  <num>A5718</num>
  <num>A5719</num>
  <num>A572</num>
  <num>A5720</num>
  <num>A5721</num>
  <num>A5722</num>
  <num>A5723</num>
  <num>A5724</num>
  <num>A5725</num>
  <num>A5726</num>
  <num>A5727</num>
  <num>A5728</num>
  <num>A5729</num>
  <num>A573</num>
  <num>A5730</num>
  <num>A5731</num>
  <num>A5732</num>
  <num>A5733</num>
  <num>A5734</num>
  <num>A5735</num>
  <num>A5736</num>
  <num>A5737</num>
  <num>A5738</num>
  <num>A5739</num>
  <num>A574</num>
  <num>A5740</num>
  <num>A5741</num>
  <num>A5742</num>
  <num>A5743</num>
  <num>A5744</num>
  <num>A5745</num>
  <num>A5746</num>
  <num>A5747</num>
  <num>A5748</num>
  <num>A5749</num>
  <num>A575</num>
  <num>A5750</num>
  <num>A5751</num>
  <num>A5752</num>
  <num>A5753</num>
  <num>A5754</num>
  <num>A5755</num>
  <num>A5756</num>
  <num>A5757</num>
  <num>A5758</num>
  <num>A5759</num>
  <num>A576</num>
  <num>A5760</num>
  <num>A5761</num>
  <num>A5762</num>
  <num>A5763</num>
  <num>A5764</num>
  <num>A5765</num>
  <num>A5766</num>
  <num>A5767</num>
  <num>A5768</num>
  <num>A5769</num>
  <num>A577</num>
  <num>A5770</num>
  <num>A5771</num>
  <num>A5772</num>
  <num>A5773</num>
  <num>A5774</num>
  <num>A5775</num>
  <num>A5776</num>
  <num>A5777</num>
  <num>A5778</num>
  <num>A5779</num>
  <num>A578</num>
  <num>A5780</num>
  <num>A5781</num>
  <num>A5782</num>
  <num>A5783</num>
  <num>A5784</num>
  <num>A5785</num>
  <num>A5786</num>
  <num>A5787</num>
  <num>A5788</num>
  <num>A5789</num>
  <num>A579</num>
  <num>A5790</num>
  <num>A5791</num>
  <num>A5792</num>
  <num>A5793</num>
  <num>A5794</num>
  <num>A5795</num>
  <num>A5796</num>
  <num>A5797</num>
  <num>A5798</num>
  <num>A5799</num>
  <num>A58</num>
  <num>A580</num>
  <num>A5800</num>
  <num>A5801</num>
  <num>A5802</num>
  <num>A5803</num>
  <num>A5804</num>
  <num>A5805</num>
  <num>A5806</num>
  <num>A5807</num>
  <num>A5808</num>
  <num>A5809</num>
  <num>A581</num>
  <num>A5810</num>
  <num>A5811</num>
  <num>A5812</num>
  <num>A5813</num>
  <num>A5814</num>
  <num>A5815</num>
  <num>A5816</num>
  <num>A5817</num>
  <num>A5818</num>
  <num>A5819</num>
  <num>A582</num>
  <num>A5820</num>
  <num>A5821</num>
  <num>A5822</num>
  <num>A5823</num>
  <num>A5824</num>
  <num>A5825</num>
  <num>A5826</num>
  <num>A5827</num>
  <num>A5828</num>
  <num>A5829</num>
  <num>A583</num>
  <num>A5830</num>
  <num>A5831</num>
  <num>A5832</num>
  <num>A5833</num>
  <num>A5834</num>
  <num>A5835</num>
  <num>A5836</num>
  <num>A5837</num>
  <num>A5838</num>
  <num>A5839</num>
  <num>A584</num>
  <num>A5840</num>
  <num>A5841</num>
  <num>A5842</num>
  <num>A5843</num>
  <num>A5844</num>
  <num>A5845</num>
  <num>A5846</num>
  <num>A5847</num>
  <num>A5848</num>
  <num>A5849</num>
  <num>A585</num>
  <num>A5850</num>
  <num>A5851</num>
  <num>A5852</num>
  <num>A5853</num>
  <num>A5854</num>
  <num>A5855</num>
  <num>A5856</num>
  <num>A5857</num>
  <num>A5858</num>
  <num>A5859</num>
  <num>A586</num>
  <num>A5860</num>
  <num>A5861</num>
  <num>A5862</num>
  <num>A5863</num>
  <num>A5864</num>
  <num>A5865</num>
  <num>A5866</num>
  <num>A5867</num>
  <num>A5868</num>
  <num>A5869</num>
  <num>A587</num>
  <num>A5870</num>
  <num>A5871</num>
  <num>A5872</num>
  <num>A5873</num>
  <num>A5874</num>
  <num>A5875</num>
  <num>A5876</num>
  <num>A5877</num>
  <num>A5878</num>
  <num>A5879</num>
  <num>A588</num>
  <num>A5880</num>
  <num>A5881</num>
  <num>A5882</num>
  <num>A5883</num>
  <num>A5884</num>
  <num>A5885</num>
  <num>A5886</num>
  <num>A5887</num>
  <num>A5888</num>
  <num>A5889</num>
  <num>A589</num>
  <num>A5890</num>
  <num>A5891</num>
  <num>A5892</num>
  <num>A5893</num>
  <num>A5894</num>
  <num>A5895</num>
  <num>A5896</num>
  <num>A5897</num>
  <num>A5898</num>
  <num>A5899</num>
  <num>A59</num>
  <num>A590</num>
  <num>A5900</num>
  <num>A5901</num>
  <num>A5902</num>
  <num>A5903</num>
  <num>A5904</num>
  <num>A5905</num>
  <num>A5906</num>
  <num>A5907</num>
  <num>A5908</num>
  <num>A5909</num>
  <num>A591</num>
  <num>A5910</num>
  <num>A5911</num>
  <num>A5912</num>
  <num>A5913</num>
  <num>A5914</num>
  <num>A5915</num>
  <num>A5916</num>
  <num>A5917</num>
  <num>A5918</num>
  <num>A5919</num>
  <num>A592</num>
  <num>A5920</num>
  <num>A5921</num>
  <num>A5922</num>
  <num>A5923</num>
  <num>A5924</num>
  <num>A5925</num>
  <num>A5926</num>
  <num>A5927</num>
  <num>A5928</num>
  <num>A5929</num>
  <num>A593</num>
  <num>A5930</num>
  <num>A5931</num>
  <num>A5932</num>
  <num>A5933</num>
  <num>A5934</num>
  <num>A5935</num>
  <num>A5936</num>
  <num>A5937</num>
  <num>A5938</num>
  <num>A5939</num>
  <num>A594</num>
  <num>A5940</num>
  <num>A5941</num>
  <num>A5942</num>
  <num>A5943</num>
  <num>A5944</num>
  <num>A5945</num>
  <num>A5946</num>
  <num>A5947</num>
  <num>A5948</num>
  <num>A5949</num>
  <num>A595</num>
  <num>A5950</num>
  <num>A5951</num>
  <num>A5952</num>
  <num>A5953</num>
  <num>A5954</num>
  <num>A5955</num>
  <num>A5956</num>
  <num>A5957</num>
  <num>A5958</num>
  <num>A5959</num>
  <num>A596</num>
  <num>A5960</num>
  <num>A5961</num>
  <num>A5962</num>
  <num>A5963</num>
  <num>A5964</num>
  <num>A5965</num>
  <num>A5966</num>
  <num>A5967</num>
  <num>A5968</num>
  <num>A5969</num>
  <num>A597</num>
  <num>A5970</num>
  <num>A5971</num>
  <num>A5972</num>
  <num>A5973</num>
  <num>A5974</num>
  <num>A5975</num>
  <num>A5976</num>
  <num>A5977</num>
  <num>A5978</num>
  <num>A5979</num>
  <num>A598</num>
  <num>A5980</num>
  <num>A5981</num>
  <num>A5982</num>
  <num>A5983</num>
  <num>A5984</num>
  <num>A5985</num>
  <num>A5986</num>
  <num>A5987</num>
  <num>A5988</num>
  <num>A5989</num>
  <num>A599</num>
  <num>A5990</num>
  <num>A5991</num>
  <num>A5992</num>
  <num>A5993</num>
  <num>A5994</num>
  <num>A5995</num>
  <num>A5996</num>
  <num>A5997</num>
  <num>A5998</num>
  <num>A5999</num>
  <num>A6</num>
  <num>A60</num>
  <num>A600</num>
  <num>A6000</num>
  <num>A6001</num>
  <num>A6002</num>
  <num>A6003</num>
  <num>A6004</num>
  <num>A6005</num>
  <num>A6006</num>
  <num>A6007</num>
  <num>A6008</num>
  <num>A6009</num>
  <num>A601</num>
  <num>A6010</num>
  <num>A6011</num>
  <num>A6012</num>
  <num>A6013</num>
  <num>A6014</num>
  <num>A6015</num>
  <num>A6016</num>
  <num>A6017</num>
  <num>A6018</num>
  <num>A6019</num>
  <num>A602</num>
  <num>A6020</num>
  <num>A6021</num>
  <num>A6022</num>
  <num>A6023</num>
  <num>A6024</num>
  <num>A6025</num>
  <num>A6026</num>
  <num>A6027</num>
  <num>A6028</num>
  <num>A6029</num>
  <num>A603</num>
  <num>A6030</num>
  <num>A6031</num>
  <num>A6032</num>
  <num>A6033</num>
  <num>A6034</num>
  <num>A6035</num>
  <num>A6036</num>
  <num>A6037</num>
  <num>A6038</num>
  <num>A6039</num>
  <num>A604</num>
  <num>A6040</num>
  <num>A6041</num>
  <num>A6042</num>
  <num>A6043</num>
  <num>A6044</num>
  <num>A6045</num>
  <num>A6046</num>
  <num>A6047</num>
  <num>A6048</num>
  <num>A6049</num>
  <num>A605</num>
  <num>A6050</num>
  <num>A6051</num>
  <num>A6052</num>
  <num>A6053</num>
  <num>A6054</num>
  <num>A6055</num>
  <num>A6056</num>
  <num>A6057</num>
  <num>A6058</num>
  <num>A6059</num>
  <num>A606</num>
  <num>A6060</num>
  <num>A6061</num>
  <num>A6062</num>
  <num>A6063</num>
  <num>A6064</num>
  <num>A6065</num>
  <num>A6066</num>
  <num>A6067</num>
  <num>A6068</num>
  <num>A6069</num>
  <num>A607</num>
  <num>A6070</num>
  <num>A6071</num>
  <num>A6072</num>
  <num>A6073</num>
  <num>A6074</num>
  <num>A6075</num>
  <num>A6076</num>
  <num>A6077</num>
  <num>A6078</num>
  <num>A6079</num>
  <num>A608</num>
  <num>A6080</num>
  <num>A6081</num>
  <num>A6082</num>
  <num>A6083</num>
  <num>A6084</num>
  <num>A6085</num>
  <num>A6086</num>
  <num>A6087</num>
  <num>A6088</num>
  <num>A6089</num>
  <num>A609</num>
  <num>A6090</num>
  <num>A6091</num>
  <num>A6092</num>
  <num>A6093</num>
  <num>A6094</num>
  <num>A6095</num>
  <num>A6096</num>
  <num>A6097</num>
  <num>A6098</num>
  <num>A6099</num>
  <num>A61</num>
  <num>A610</num>
  <num>A6100</num>
  <num>A6101</num>
  <num>A6102</num>
  <num>A6103</num>
  <num>A6104</num>
  <num>A6105</num>
  <num>A6106</num>
  <num>A6107</num>
  <num>A6108</num>
  <num>A6109</num>
  <num>A611</num>
  <num>A6110</num>
  <num>A6111</num>
  <num>A6112</num>
  <num>A6113</num>
  <num>A6114</num>
  <num>A6115</num>
  <num>A6116</num>
  <num>A6117</num>
  <num>A6118</num>
  <num>A6119</num>
  <num>A612</num>
  <num>A6120</num>
  <num>A6121</num>
  <num>A6122</num>
  <num>A6123</num>
  <num>A6124</num>
  <num>A6125</num>
  <num>A6126</num>
  <num>A6127</num>
  <num>A6128</num>
  <num>A6129</num>
  <num>A613</num>
  <num>A6130</num>
  <num>A6131</num>
  <num>A6132</num>
  <num>A6133</num>
  <num>A6134</num>
  <num>A6135</num>
  <num>A6136</num>
  <num>A6137</num>
  <num>A6138</num>
  <num>A6139</num>
  <num>A614</num>
  <num>A6140</num>
  <num>A6141</num>
  <num>A6142</num>
  <num>A6143</num>
  <num>A6144</num>
  <num>A6145</num>
  <num>A6146</num>
  <num>A6147</num>
  <num>A6148</num>
  <num>A6149</num>
  <num>A615</num>
  <num>A6150</num>
  <num>A6151</num>
  <num>A6152</num>
  <num>A6153</num>
  <num>A6154</num>
  <num>A6155</num>
  <num>A6156</num>
  <num>A6157</num>
  <num>A6158</num>
  <num>A6159</num>
  <num>A616</num>
  <num>A6160</num>
  <num>A6161</num>
  <num>A6162</num>
  <num>A6163</num>
  <num>A6164</num>
  <num>A6165</num>
  <num>A6166</num>
  <num>A6167</num>
  <num>A6168</num>
  <num>A6169</num>
  <num>A617</num>
  <num>A6170</num>
  <num>A6171</num>
  <num>A6172</num>
  <num>A6173</num>
  <num>A6174</num>
  <num>A6175</num>
  <num>A6176</num>
  <num>A6177</num>
  <num>A6178</num>
  <num>A6179</num>
  <num>A618</num>
  <num>A6180</num>
  <num>A6181</num>
  <num>A6182</num>
  <num>A6183</num>
  <num>A6184</num>
  <num>A6185</num>
  <num>A6186</num>
  <num>A6187</num>
  <num>A6188</num>
  <num>A6189</num>
  <num>A619</num>
  <num>A6190</num>
  <num>A6191</num>
  <num>A6192</num>
  <num>A6193</num>
  <num>A6194</num>
  <num>A6195</num>
  <num>A6196</num>
  <num>A6197</num>
  <num>A6198</num>
  <num>A6199</num>
  <num>A62</num>
  <num>A620</num>
  <num>A6200</num>
  <num>A6201</num>
  <num>A6202</num>
  <num>A6203</num>
  <num>A6204</num>
  <num>A6205</num>
  <num>A6206</num>
  <num>A6207</num>
  <num>A6208</num>
  <num>A6209</num>
  <num>A621</num>
  <num>A6210</num>
  <num>A6211</num>
  <num>A6212</num>
  <num>A6213</num>
  <num>A6214</num>
  <num>A6215</num>
  <num>A6216</num>
  <num>A6217</num>
  <num>A6218</num>
  <num>A6219</num>
  <num>A622</num>
  <num>A6220</num>
  <num>A6221</num>
  <num>A6222</num>
  <num>A6223</num>
  <num>A6224</num>
  <num>A6225</num>
  <num>A6226</num>
  <num>A6227</num>
  <num>A6228</num>
  <num>A6229</num>
  <num>A623</num>
  <num>A6230</num>
  <num>A6231</num>
  <num>A6232</num>
  <num>A6233</num>
  <num>A6234</num>
  <num>A6235</num>
  <num>A6236</num>
  <num>A6237</num>
  <num>A6238</num>
  <num>A6239</num>
  <num>A624</num>
  <num>A6240</num>
  <num>A6241</num>
  <num>A6242</num>
  <num>A6243</num>
  <num>A6244</num>
  <num>A6245</num>
  <num>A6246</num>
  <num>A6247</num>
  <num>A6248</num>
  <num>A6249</num>
  <num>A625</num>
  <num>A6250</num>
  <num>A6251</num>
  <num>A6252</num>
  <num>A6253</num>
  <num>A6254</num>
  <num>A6255</num>
  <num>A6256</num>
  <num>A6257</num>
  <num>A6258</num>
  <num>A6259</num>
  <num>A626</num>
  <num>A6260</num>
  <num>A6261</num>
  <num>A6262</num>
  <num>A6263</num>
  <num>A6264</num>
  <num>A6265</num>
  <num>A6266</num>
  <num>A6267</num>
  <num>A6268</num>
  <num>A6269</num>
  <num>A627</num>
  <num>A6270</num>
  <num>A6271</num>
  <num>A6272</num>
  <num>A6273</num>
  <num>A6274</num>
  <num>A6275</num>
  <num>A6276</num>
  <num>A6277</num>
  <num>A6278</num>
  <num>A6279</num>
  <num>A628</num>
  <num>A6280</num>
  <num>A6281</num>
  <num>A6282</num>
  <num>A6283</num>
  <num>A6284</num>
  <num>A6285</num>
  <num>A6286</num>
  <num>A6287</num>
  <num>A6288</num>
  <num>A6289</num>
  <num>A629</num>
  <num>A6290</num>
  <num>A6291</num>
  <num>A6292</num>
  <num>A6293</num>
  <num>A6294</num>
  <num>A6295</num>
  <num>A6296</num>
  <num>A6297</num>
  <num>A6298</num>
  <num>A6299</num>
  <num>A63</num>
  <num>A630</num>
  <num>A6300</num>
  <num>A6301</num>
  <num>A6302</num>
  <num>A6303</num>
  <num>A6304</num>
  <num>A6305</num>
  <num>A6306</num>
  <num>A6307</num>
  <num>A6308</num>
  <num>A6309</num>
  <num>A631</num>
  <num>A6310</num>
  <num>A6311</num>
  <num>A6312</num>
  <num>A6313</num>
  <num>A6314</num>
  <num>A6315</num>
  <num>A6316</num>
  <num>A6317</num>
  <num>A6318</num>
  <num>A6319</num>
  <num>A632</num>
  <num>A6320</num>
  <num>A6321</num>
  <num>A6322</num>
  <num>A6323</num>
  <num>A6324</num>
  <num>A6325</num>
  <num>A6326</num>
  <num>A6327</num>
  <num>A6328</num>
  <num>A6329</num>
  <num>A633</num>
  <num>A6330</num>
  <num>A6331</num>
  <num>A6332</num>
  <num>A6333</num>
  <num>A6334</num>
  <num>A6335</num>
  <num>A6336</num>
  <num>A6337</num>
  <num>A6338</num>
  <num>A6339</num>
  <num>A634</num>
  <num>A6340</num>
  <num>A6341</num>
  <num>A6342</num>
  <num>A6343</num>
  <num>A6344</num>
  <num>A6345</num>
  <num>A6346</num>
  <num>A6347</num>
  <num>A6348</num>
  <num>A6349</num>
  <num>A635</num>
  <num>A6350</num>
  <num>A6351</num>
  <num>A6352</num>
  <num>A6353</num>
  <num>A6354</num>
  <num>A6355</num>
  <num>A6356</num>
  <num>A6357</num>
  <num>A6358</num>
  <num>A6359</num>
  <num>A636</num>
  <num>A6360</num>
  <num>A6361</num>
  <num>A6362</num>
  <num>A6363</num>
  <num>A6364</num>
  <num>A6365</num>
  <num>A6366</num>
  <num>A6367</num>
  <num>A6368</num>
  <num>A6369</num>
  <num>A637</num>
  <num>A6370</num>
  <num>A6371</num>
  <num>A6372</num>
  <num>A6373</num>
  <num>A6374</num>
  <num>A6375</num>
  <num>A6376</num>
  <num>A6377</num>
  <num>A6378</num>
  <num>A6379</num>
  <num>A638</num>
  <num>A6380</num>
  <num>A6381</num>
  <num>A6382</num>
  <num>A6383</num>
  <num>A6384</num>
  <num>A6385</num>
  <num>A6386</num>
  <num>A6387</num>
  <num>A6388</num>
  <num>A6389</num>
  <num>A639</num>
  <num>A6390</num>
  <num>A6391</num>
  <num>A6392</num>
  <num>A6393</num>
  <num>A6394</num>
  <num>A6395</num>
  <num>A6396</num>
  <num>A6397</num>
  <num>A6398</num>
  <num>A6399</num>
  <num>A64</num>
  <num>A640</num>
  <num>A6400</num>
  <num>A6401</num>
  <num>A6402</num>
  <num>A6403</num>
  <num>A6404</num>
  <num>A6405</num>
  <num>A6406</num>
  <num>A6407</num>
  <num>A6408</num>
  <num>A6409</num>
  <num>A641</num>
  <num>A6410</num>
  <num>A6411</num>
  <num>A6412</num>
  <num>A6413</num>
  <num>A6414</num>
  <num>A6415</num>
  <num>A6416</num>
  <num>A6417</num>
  <num>A6418</num>
  <num>A6419</num>
  <num>A642</num>
  <num>A6420</num>
  <num>A6421</num>
  <num>A6422</num>
  <num>A6423</num>
  <num>A6424</num>
  <num>A6425</num>
  <num>A6426</num>
  <num>A6427</num>
  <num>A6428</num>
  <num>A6429</num>
  <num>A643</num>
  <num>A6430</num>
  <num>A6431</num>
  <num>A6432</num>
  <num>A6433</num>
  <num>A6434</num>
  <num>A6435</num>
  <num>A6436</num>
  <num>A6437</num>
  <num>A6438</num>
  <num>A6439</num>
  <num>A644</num>
  <num>A6440</num>
  <num>A6441</num>
  <num>A6442</num>
  <num>A6443</num>
  <num>A6444</num>
  <num>A6445</num>
  <num>A6446</num>
  <num>A6447</num>
  <num>A6448</num>
  <num>A6449</num>
  <num>A645</num>
  <num>A6450</num>
  <num>A6451</num>
  <num>A6452</num>
  <num>A6453</num>
  <num>A6454</num>
  <num>A6455</num>
  <num>A6456</num>
  <num>A6457</num>
  <num>A6458</num>
  <num>A6459</num>
  <num>A646</num>
  <num>A6460</num>
  <num>A6461</num>
  <num>A6462</num>
  <num>A6463</num>
  <num>A6464</num>
  <num>A6465</num>
  <num>A6466</num>
  <num>A6467</num>
  <num>A6468</num>
  <num>A6469</num>
  <num>A647</num>
  <num>A6470</num>
  <num>A6471</num>
  <num>A6472</num>
  <num>A6473</num>
  <num>A6474</num>
  <num>A6475</num>
  <num>A6476</num>
  <num>A6477</num>
  <num>A6478</num>
  <num>A6479</num>
  <num>A648</num>
  <num>A6480</num>
  <num>A6481</num>
  <num>A6482</num>
  <num>A6483</num>
  <num>A6484</num>
  <num>A6485</num>
  <num>A6486</num>
  <num>A6487</num>
  <num>A6488</num>
  <num>A6489</num>
  <num>A649</num>
  <num>A6490</num>
  <num>A6491</num>
  <num>A6492</num>
  <num>A6493</num>
  <num>A6494</num>
  <num>A6495</num>
  <num>A6496</num>
  <num>A6497</num>
  <num>A6498</num>
  <num>A6499</num>
  <num>A65</num>
  <num>A650</num>
  <num>A6500</num>
  <num>A6501</num>
  <num>A6502</num>
  <num>A6503</num>
  <num>A6504</num>
  <num>A6505</num>
  <num>A6506</num>
  <num>A6507</num>
  <num>A6508</num>
  <num>A6509</num>
  <num>A651</num>
  <num>A6510</num>
  <num>A6511</num>
  <num>A6512</num>
  <num>A6513</num>
  <num>A6514</num>
  <num>A6515</num>
  <num>A6516</num>
  <num>A6517</num>
  <num>A6518</num>
  <num>A6519</num>
  <num>A652</num>
  <num>A6520</num>
  <num>A6521</num>
  <num>A6522</num>
  <num>A6523</num>
  <num>A6524</num>
  <num>A6525</num>
  <num>A6526</num>
  <num>A6527</num>
  <num>A6528</num>
  <num>A6529</num>
  <num>A653</num>
  <num>A6530</num>
  <num>A6531</num>
  <num>A6532</num>
  <num>A6533</num>
  <num>A6534</num>
  <num>A6535</num>
  <num>A6536</num>
  <num>A6537</num>
  <num>A6538</num>
  <num>A6539</num>
  <num>A654</num>
  <num>A6540</num>
  <num>A6541</num>
  <num>A6542</num>
  <num>A6543</num>
  <num>A6544</num>
  <num>A6545</num>
  <num>A6546</num>
  <num>A6547</num>
  <num>A6548</num>
  <num>A6549</num>
  <num>A655</num>
  <num>A6550</num>
  <num>A6551</num>
  <num>A6552</num>
  <num>A6553</num>
  <num>A6554</num>
  <num>A6555</num>
  <num>A6556</num>
  <num>A6557</num>
  <num>A6558</num>
  <num>A6559</num>
  <num>A656</num>
  <num>A6560</num>
  <num>A6561</num>
  <num>A6562</num>
  <num>A6563</num>
  <num>A6564</num>
  <num>A6565</num>
  <num>A6566</num>
  <num>A6567</num>
  <num>A6568</num>
  <num>A6569</num>
  <num>A657</num>
  <num>A6570</num>
  <num>A6571</num>
  <num>A6572</num>
  <num>A6573</num>
  <num>A6574</num>
  <num>A6575</num>
  <num>A6576</num>
  <num>A6577</num>
  <num>A6578</num>
  <num>A6579</num>
  <num>A658</num>
  <num>A6580</num>
  <num>A6581</num>
  <num>A6582</num>
  <num>A6583</num>
  <num>A6584</num>
  <num>A6585</num>
  <num>A6586</num>
  <num>A6587</num>
  <num>A6588</num>
  <num>A6589</num>
  <num>A659</num>
  <num>A6590</num>
  <num>A6591</num>
  <num>A6592</num>
  <num>A6593</num>
  <num>A6594</num>
  <num>A6595</num>
  <num>A6596</num>
  <num>A6597</num>
  <num>A6598</num>
  <num>A6599</num>
  <num>A66</num>
  <num>A660</num>
  <num>A6600</num>
  <num>A6601</num>
  <num>A6602</num>
  <num>A6603</num>
  <num>A6604</num>
  <num>A6605</num>
  <num>A6606</num>
  <num>A6607</num>
  <num>A6608</num>
  <num>A6609</num>
  <num>A661</num>
  <num>A6610</num>
  <num>A6611</num>
  <num>A6612</num>
  <num>A6613</num>
  <num>A6614</num>
  <num>A6615</num>
  <num>A6616</num>
  <num>A6617</num>
  <num>A6618</num>
  <num>A6619</num>
  <num>A662</num>
  <num>A6620</num>
  <num>A6621</num>
  <num>A6622</num>
  <num>A6623</num>
  <num>A6624</num>
  <num>A6625</num>
  <num>A6626</num>
  <num>A6627</num>
  <num>A6628</num>
  <num>A6629</num>
  <num>A663</num>
  <num>A6630</num>
  <num>A6631</num>
  <num>A6632</num>
  <num>A6633</num>
  <num>A6634</num>
  <num>A6635</num>
  <num>A6636</num>
  <num>A6637</num>
  <num>A6638</num>
  <num>A6639</num>
  <num>A664</num>
  <num>A6640</num>
  <num>A6641</num>
  <num>A6642</num>
  <num>A6643</num>
  <num>A6644</num>
  <num>A6645</num>
  <num>A6646</num>
  <num>A6647</num>
  <num>A6648</num>
  <num>A6649</num>
  <num>A665</num>
  <num>A6650</num>
  <num>A6651</num>
  <num>A6652</num>
  <num>A6653</num>
  <num>A6654</num>
  <num>A6655</num>
  <num>A6656</num>
  <num>A6657</num>
  <num>A6658</num>
  <num>A6659</num>
  <num>A666</num>
  <num>A6660</num>
  <num>A6661</num>
  <num>A6662</num>
  <num>A6663</num>
  <num>A6664</num>
  <num>A6665</num>
  <num>A6666</num>
  <num>A6667</num>
  <num>A6668</num>
  <num>A6669</num>
  <num>A667</num>
  <num>A6670</num>
  <num>A6671</num>
  <num>A6672</num>
  <num>A6673</num>
  <num>A6674</num>
  <num>A6675</num>
  <num>A6676</num>
  <num>A6677</num>
  <num>A6678</num>
  <num>A6679</num>
  <num>A668</num>
  <num>A6680</num>
  <num>A6681</num>
  <num>A6682</num>
  <num>A6683</num>
  <num>A6684</num>
  <num>A6685</num>
  <num>A6686</num>
  <num>A6687</num>
  <num>A6688</num>
  <num>A6689</num>
  <num>A669</num>
  <num>A6690</num>
  <num>A6691</num>
  <num>A6692</num>
  <num>A6693</num>
  <num>A6694</num>
  <num>A6695</num>
  <num>A6696</num>
  <num>A6697</num>
  <num>A6698</num>
  <num>A6699</num>
  <num>A67</num>
  <num>A670</num>
  <num>A6700</num>
  <num>A6701</num>
  <num>A6702</num>
  <num>A6703</num>
  <num>A6704</num>
  <num>A6705</num>
  <num>A6706</num>
  <num>A6707</num>
  <num>A6708</num>
  <num>A6709</num>
  <num>A671</num>
  <num>A6710</num>
  <num>A6711</num>
  <num>A6712</num>
  <num>A6713</num>
  <num>A6714</num>
  <num>A6715</num>
  <num>A6716</num>
  <num>A6717</num>
  <num>A6718</num>
  <num>A6719</num>
  <num>A672</num>
  <num>A6720</num>
  <num>A6721</num>
  <num>A6722</num>
  <num>A6723</num>
  <num>A6724</num>
  <num>A6725</num>
  <num>A6726</num>
  <num>A6727</num>
  <num>A6728</num>
  <num>A6729</num>
  <num>A673</num>
  <num>A6730</num>
  <num>A6731</num>
  <num>A6732</num>
  <num>A6733</num>
  <num>A6734</num>
  <num>A6735</num>
  <num>A6736</num>
  <num>A6737</num>
  <num>A6738</num>
  <num>A6739</num>
  <num>A674</num>
  <num>A6740</num>
  <num>A6741</num>
  <num>A6742</num>
  <num>A6743</num>
  <num>A6744</num>
  <num>A6745</num>
  <num>A6746</num>
  <num>A6747</num>
  <num>A6748</num>
  <num>A6749</num>
  <num>A675</num>
  <num>A6750</num>
  <num>A6751</num>
  <num>A6752</num>
  <num>A6753</num>
  <num>A6754</num>
  <num>A6755</num>
  <num>A6756</num>
  <num>A6757</num>
  <num>A6758</num>
  <num>A6759</num>
  <num>A676</num>
  <num>A6760</num>
  <num>A6761</num>
  <num>A6762</num>
  <num>A6763</num>
  <num>A6764</num>
  <num>A6765</num>
  <num>A6766</num>
  <num>A6767</num>
  <num>A6768</num>
  <num>A6769</num>
  <num>A677</num>
  <num>A6770</num>
  <num>A6771</num>
  <num>A6772</num>
  <num>A6773</num>
  <num>A6774</num>
  <num>A6775</num>
  <num>A6776</num>
  <num>A6777</num>
  <num>A6778</num>
  <num>A6779</num>
  <num>A678</num>
  <num>A6780</num>
  <num>A6781</num>
  <num>A6782</num>
  <num>A6783</num>
  <num>A6784</num>
  <num>A6785</num>
  <num>A6786</num>
  <num>A6787</num>
  <num>A6788</num>
  <num>A6789</num>
  <num>A679</num>
  <num>A6790</num>
  <num>A6791</num>
  <num>A6792</num>
  <num>A6793</num>
  <num>A6794</num>
  <num>A6795</num>
  <num>A6796</num>
  <num>A6797</num>
  <num>A6798</num>
  <num>A6799</num>
  <num>A68</num>
  <num>A680</num>
  <num>A6800</num>
  <num>A6801</num>
  <num>A6802</num>
  <num>A6803</num>
  <num>A6804</num>
  <num>A6805</num>
  <num>A6806</num>
  <num>A6807</num>
  <num>A6808</num>
  <num>A6809</num>
  <num>A681</num>
  <num>A6810</num>
  <num>A6811</num>
  <num>A6812</num>
  <num>A6813</num>
  <num>A6814</num>
  <num>A6815</num>
  <num>A6816</num>
  <num>A6817</num>
  <num>A6818</num>
  <num>A6819</num>
  <num>A682</num>
  <num>A6820</num>
  <num>A6821</num>
  <num>A6822</num>
  <num>A6823</num>
  <num>A6824</num>
  <num>A6825</num>
  <num>A6826</num>
  <num>A6827</num>
  <num>A6828</num>
  <num>A6829</num>
  <num>A683</num>
  <num>A6830</num>
  <num>A6831</num>
  <num>A6832</num>
  <num>A6833</num>
  <num>A6834</num>
  <num>A6835</num>
  <num>A6836</num>
  <num>A6837</num>
  <num>A6838</num>
  <num>A6839</num>
  <num>A684</num>
  <num>A6840</num>
  <num>A6841</num>
  <num>A6842</num>
  <num>A6843</num>
  <num>A6844</num>
  <num>A6845</num>
  <num>A6846</num>
  <num>A6847</num>
  <num>A6848</num>
  <num>A6849</num>
  <num>A685</num>
  <num>A6850</num>
  <num>A6851</num>
  <num>A6852</num>
  <num>A6853</num>
  <num>A6854</num>
  <num>A6855</num>
  <num>A6856</num>
  <num>A6857</num>
  <num>A6858</num>
  <num>A6859</num>
  <num>A686</num>
  <num>A6860</num>
  <num>A6861</num>
  <num>A6862</num>
  <num>A6863</num>
  <num>A6864</num>
  <num>A6865</num>
  <num>A6866</num>
  <num>A6867</num>
  <num>A6868</num>
  <num>A6869</num>
  <num>A687</num>
  <num>A6870</num>
  <num>A6871</num>
  <num>A6872</num>
  <num>A6873</num>
  <num>A6874</num>
  <num>A6875</num>
  <num>A6876</num>
  <num>A6877</num>
  <num>A6878</num>
  <num>A6879</num>
  <num>A688</num>
  <num>A6880</num>
  <num>A6881</num>
  <num>A6882</num>
  <num>A6883</num>
  <num>A6884</num>
  <num>A6885</num>
  <num>A6886</num>
  <num>A6887</num>
  <num>A6888</num>
  <num>A6889</num>
  <num>A689</num>
  <num>A6890</num>
  <num>A6891</num>
  <num>A6892</num>
  <num>A6893</num>
  <num>A6894</num>
  <num>A6895</num>
  <num>A6896</num>
  <num>A6897</num>
  <num>A6898</num>
  <num>A6899</num>
  <num>A69</num>
  <num>A690</num>
  <num>A6900</num>
  <num>A6901</num>
  <num>A6902</num>
  <num>A6903</num>
  <num>A6904</num>
  <num>A6905</num>
  <num>A6906</num>
  <num>A6907</num>
  <num>A6908</num>
  <num>A6909</num>
  <num>A691</num>
  <num>A6910</num>
  <num>A6911</num>
  <num>A6912</num>
  <num>A6913</num>
  <num>A6914</num>
  <num>A6915</num>
  <num>A6916</num>
  <num>A6917</num>
  <num>A6918</num>
  <num>A6919</num>
  <num>A692</num>
  <num>A6920</num>
  <num>A6921</num>
  <num>A6922</num>
  <num>A6923</num>
  <num>A6924</num>
  <num>A6925</num>
  <num>A6926</num>
  <num>A6927</num>
  <num>A6928</num>
  <num>A6929</num>
  <num>A693</num>
  <num>A6930</num>
  <num>A6931</num>
  <num>A6932</num>
  <num>A6933</num>
  <num>A6934</num>
  <num>A6935</num>
  <num>A6936</num>
  <num>A6937</num>
  <num>A6938</num>
  <num>A6939</num>
  <num>A694</num>
  <num>A6940</num>
  <num>A6941</num>
  <num>A6942</num>
  <num>A6943</num>
  <num>A6944</num>
  <num>A6945</num>
  <num>A6946</num>
  <num>A6947</num>
  <num>A6948</num>
  <num>A6949</num>
  <num>A695</num>
  <num>A6950</num>
  <num>A6951</num>
  <num>A6952</num>
  <num>A6953</num>
  <num>A6954</num>
  <num>A6955</num>
  <num>A6956</num>
  <num>A6957</num>
  <num>A6958</num>
  <num>A6959</num>
  <num>A696</num>
  <num>A6960</num>
  <num>A6961</num>
  <num>A6962</num>
  <num>A6963</num>
  <num>A6964</num>
  <num>A6965</num>
  <num>A6966</num>
  <num>A6967</num>
  <num>A6968</num>
  <num>A6969</num>
  <num>A697</num>
  <num>A6970</num>
  <num>A6971</num>
  <num>A6972</num>
  <num>A6973</num>
  <num>A6974</num>
  <num>A6975</num>
  <num>A6976</num>
  <num>A6977</num>
  <num>A6978</num>
  <num>A6979</num>
  <num>A698</num>
  <num>A6980</num>
  <num>A6981</num>
  <num>A6982</num>
  <num>A6983</num>
  <num>A6984</num>
  <num>A6985</num>
  <num>A6986</num>
  <num>A6987</num>
  <num>A6988</num>
  <num>A6989</num>
  <num>A699</num>
  <num>A6990</num>
  <num>A6991</num>
  <num>A6992</num>
  <num>A6993</num>
  <num>A6994</num>
  <num>A6995</num>
  <num>A6996</num>
  <num>A6997</num>
  <num>A6998</num>
  <num>A6999</num>
  <num>A7</num>
  <num>A70</num>
  <num>A700</num>
  <num>A7000</num>
  <num>A7001</num>
  <num>A7002</num>
  <num>A7003</num>
  <num>A7004</num>
  <num>A7005</num>
  <num>A7006</num>
  <num>A7007</num>
  <num>A7008</num>
  <num>A7009</num>
  <num>A701</num>
  <num>A7010</num>
  <num>A7011</num>
  <num>A7012</num>
  <num>A7013</num>
  <num>A7014</num>
  <num>A7015</num>
  <num>A7016</num>
  <num>A7017</num>
  <num>A7018</num>
  <num>A7019</num>
  <num>A702</num>
  <num>A7020</num>
  <num>A7021</num>
  <num>A7022</num>
  <num>A7023</num>
  <num>A7024</num>
  <num>A7025</num>
  <num>A7026</num>
  <num>A7027</num>
  <num>A7028</num>
  <num>A7029</num>
  <num>A703</num>
  <num>A7030</num>
  <num>A7031</num>
  <num>A7032</num>
  <num>A7033</num>
  <num>A7034</num>
  <num>A7035</num>
  <num>A7036</num>
  <num>A7037</num>
  <num>A7038</num>
  <num>A7039</num>
  <num>A704</num>
  <num>A7040</num>
  <num>A7041</num>
  <num>A7042</num>
  <num>A7043</num>
  <num>A7044</num>
  <num>A7045</num>
  <num>A7046</num>
  <num>A7047</num>
  <num>A7048</num>
  <num>A7049</num>
  <num>A705</num>
  <num>A7050</num>
  <num>A7051</num>
  <num>A7052</num>
  <num>A7053</num>
  <num>A7054</num>
  <num>A7055</num>
  <num>A7056</num>
  <num>A7057</num>
  <num>A7058</num>
  <num>A7059</num>
  <num>A706</num>
  <num>A7060</num>
  <num>A7061</num>
  <num>A7062</num>
  <num>A7063</num>
  <num>A7064</num>
  <num>A7065</num>
  <num>A7066</num>
  <num>A7067</num>
  <num>A7068</num>
  <num>A7069</num>
  <num>A707</num>
  <num>A7070</num>
  <num>A7071</num>
  <num>A7072</num>
  <num>A7073</num>
  <num>A7074</num>
  <num>A7075</num>
  <num>A7076</num>
  <num>A7077</num>
  <num>A7078</num>
  <num>A7079</num>
  <num>A708</num>
  <num>A7080</num>
  <num>A7081</num>
  <num>A7082</num>
  <num>A7083</num>
  <num>A7084</num>
  <num>A7085</num>
  <num>A7086</num>
  <num>A7087</num>
  <num>A7088</num>
  <num>A7089</num>
  <num>A709</num>
  <num>A7090</num>
  <num>A7091</num>
  <num>A7092</num>
  <num>A7093</num>
  <num>A7094</num>
  <num>A7095</num>
  <num>A7096</num>
  <num>A7097</num>
  <num>A7098</num>
  <num>A7099</num>
  <num>A71</num>
  <num>A710</num>
  <num>A7100</num>
  <num>A7101</num>
  <num>A7102</num>
  <num>A7103</num>
  <num>A7104</num>
  <num>A7105</num>
  <num>A7106</num>
  <num>A7107</num>
  <num>A7108</num>
  <num>A7109</num>
  <num>A711</num>
  <num>A7110</num>
  <num>A7111</num>
  <num>A7112</num>
  <num>A7113</num>
  <num>A7114</num>
  <num>A7115</num>
  <num>A7116</num>
  <num>A7117</num>
  <num>A7118</num>
  <num>A7119</num>
  <num>A712</num>
  <num>A7120</num>
  <num>A7121</num>
  <num>A7122</num>
  <num>A7123</num>
  <num>A7124</num>
  <num>A7125</num>
  <num>A7126</num>
  <num>A7127</num>
  <num>A7128</num>
  <num>A7129</num>
  <num>A713</num>
  <num>A7130</num>
  <num>A7131</num>
  <num>A7132</num>
  <num>A7133</num>
  <num>A7134</num>
  <num>A7135</num>
  <num>A7136</num>
  <num>A7137</num>
  <num>A7138</num>
  <num>A7139</num>
  <num>A714</num>
  <num>A7140</num>
  <num>A7141</num>
  <num>A7142</num>
  <num>A7143</num>
  <num>A7144</num>
  <num>A7145</num>
  <num>A7146</num>
  <num>A7147</num>
  <num>A7148</num>
  <num>A7149</num>
  <num>A715</num>
  <num>A7150</num>
  <num>A7151</num>
  <num>A7152</num>
  <num>A7153</num>
  <num>A7154</num>
  <num>A7155</num>
  <num>A7156</num>
  <num>A7157</num>
  <num>A7158</num>
  <num>A7159</num>
  <num>A716</num>
  <num>A7160</num>
  <num>A7161</num>
  <num>A7162</num>
  <num>A7163</num>
  <num>A7164</num>
  <num>A7165</num>
  <num>A7166</num>
  <num>A7167</num>
  <num>A7168</num>
  <num>A7169</num>
  <num>A717</num>
  <num>A7170</num>
  <num>A7171</num>
  <num>A7172</num>
  <num>A7173</num>
  <num>A7174</num>
  <num>A7175</num>
  <num>A7176</num>
  <num>A7177</num>
  <num>A7178</num>
  <num>A7179</num>
  <num>A718</num>
  <num>A7180</num>
  <num>A7181</num>
  <num>A7182</num>
  <num>A7183</num>
  <num>A7184</num>
  <num>A7185</num>
  <num>A7186</num>
  <num>A7187</num>
  <num>A7188</num>
  <num>A7189</num>
  <num>A719</num>
  <num>A7190</num>
  <num>A7191</num>
  <num>A7192</num>
  <num>A7193</num>
  <num>A7194</num>
  <num>A7195</num>
  <num>A7196</num>
  <num>A7197</num>
  <num>A7198</num>
  <num>A7199</num>
  <num>A72</num>
  <num>A720</num>
  <num>A7200</num>
  <num>A7201</num>
  <num>A7202</num>
  <num>A7203</num>
  <num>A7204</num>
  <num>A7205</num>
  <num>A7206</num>
  <num>A7207</num>
  <num>A7208</num>
  <num>A7209</num>
  <num>A721</num>
  <num>A7210</num>
  <num>A7211</num>
  <num>A7212</num>
  <num>A7213</num>
  <num>A7214</num>
  <num>A7215</num>
  <num>A7216</num>
  <num>A7217</num>
  <num>A7218</num>
  <num>A7219</num>
  <num>A722</num>
  <num>A7220</num>
  <num>A7221</num>
  <num>A7222</num>
  <num>A7223</num>
  <num>A7224</num>
  <num>A7225</num>
  <num>A7226</num>
  <num>A7227</num>
  <num>A7228</num>
  <num>A7229</num>
  <num>A723</num>
  <num>A7230</num>
  <num>A7231</num>
  <num>A7232</num>
  <num>A7233</num>
  <num>A7234</num>
  <num>A7235</num>
  <num>A7236</num>
  <num>A7237</num>
  <num>A7238</num>
  <num>A7239</num>
  <num>A724</num>
  <num>A7240</num>
  <num>A7241</num>
  <num>A7242</num>
  <num>A7243</num>
  <num>A7244</num>
  <num>A7245</num>
  <num>A7246</num>
  <num>A7247</num>
  <num>A7248</num>
  <num>A7249</num>
  <num>A725</num>
  <num>A7250</num>
  <num>A7251</num>
  <num>A7252</num>
  <num>A7253</num>
  <num>A7254</num>
  <num>A7255</num>
  <num>A7256</num>
  <num>A7257</num>
  <num>A7258</num>
  <num>A7259</num>
  <num>A726</num>
  <num>A7260</num>
  <num>A7261</num>
  <num>A7262</num>
  <num>A7263</num>
  <num>A7264</num>
  <num>A7265</num>
  <num>A7266</num>
  <num>A7267</num>
  <num>A7268</num>
  <num>A7269</num>
  <num>A727</num>
  <num>A7270</num>
  <num>A7271</num>
  <num>A7272</num>
  <num>A7273</num>
  <num>A7274</num>
  <num>A7275</num>
  <num>A7276</num>
  <num>A7277</num>
  <num>A7278</num>
  <num>A7279</num>
  <num>A728</num>
  <num>A7280</num>
  <num>A7281</num>
  <num>A7282</num>
  <num>A7283</num>
  <num>A7284</num>
  <num>A7285</num>
  <num>A7286</num>
  <num>A7287</num>
  <num>A7288</num>
  <num>A7289</num>
  <num>A729</num>
  <num>A7290</num>
  <num>A7291</num>
  <num>A7292</num>
  <num>A7293</num>
  <num>A7294</num>
  <num>A7295</num>
  <num>A7296</num>
  <num>A7297</num>
  <num>A7298</num>
  <num>A7299</num>
  <num>A73</num>
  <num>A730</num>
  <num>A7300</num>
  <num>A7301</num>
  <num>A7302</num>
  <num>A7303</num>
  <num>A7304</num>
  <num>A7305</num>
  <num>A7306</num>
  <num>A7307</num>
  <num>A7308</num>
  <num>A7309</num>
  <num>A731</num>
  <num>A7310</num>
  <num>A7311</num>
  <num>A7312</num>
  <num>A7313</num>
  <num>A7314</num>
  <num>A7315</num>
  <num>A7316</num>
  <num>A7317</num>
  <num>A7318</num>
  <num>A7319</num>
  <num>A732</num>
  <num>A7320</num>
  <num>A7321</num>
  <num>A7322</num>
  <num>A7323</num>
  <num>A7324</num>
  <num>A7325</num>
  <num>A7326</num>
  <num>A7327</num>
  <num>A7328</num>
  <num>A7329</num>
  <num>A733</num>
  <num>A7330</num>
  <num>A7331</num>
  <num>A7332</num>
  <num>A7333</num>
  <num>A7334</num>
  <num>A7335</num>
  <num>A7336</num>
  <num>A7337</num>
  <num>A7338</num>
  <num>A7339</num>
  <num>A734</num>
  <num>A7340</num>
  <num>A7341</num>
  <num>A7342</num>
  <num>A7343</num>
  <num>A7344</num>
  <num>A7345</num>
  <num>A7346</num>
  <num>A7347</num>
  <num>A7348</num>
  <num>A7349</num>
  <num>A735</num>
  <num>A7350</num>
  <num>A7351</num>
  <num>A7352</num>
  <num>A7353</num>
  <num>A7354</num>
  <num>A7355</num>
  <num>A7356</num>
  <num>A7357</num>
  <num>A7358</num>
  <num>A7359</num>
  <num>A736</num>
  <num>A7360</num>
  <num>A7361</num>
  <num>A7362</num>
  <num>A7363</num>
  <num>A7364</num>
  <num>A7365</num>
  <num>A7366</num>
  <num>A7367</num>
  <num>A7368</num>
  <num>A7369</num>
  <num>A737</num>
  <num>A7370</num>
  <num>A7371</num>
  <num>A7372</num>
  <num>A7373</num>
  <num>A7374</num>
  <num>A7375</num>
  <num>A7376</num>
  <num>A7377</num>
  <num>A7378</num>
  <num>A7379</num>
  <num>A738</num>
  <num>A7380</num>
  <num>A7381</num>
  <num>A7382</num>
  <num>A7383</num>
  <num>A7384</num>
  <num>A7385</num>
  <num>A7386</num>
  <num>A7387</num>
  <num>A7388</num>
  <num>A7389</num>
  <num>A739</num>
  <num>A7390</num>
  <num>A7391</num>
  <num>A7392</num>
  <num>A7393</num>
  <num>A7394</num>
  <num>A7395</num>
  <num>A7396</num>
  <num>A7397</num>
  <num>A7398</num>
  <num>A7399</num>
  <num>A74</num>
  <num>A740</num>
  <num>A7400</num>
  <num>A7401</num>
  <num>A7402</num>
  <num>A7403</num>
  <num>A7404</num>
  <num>A7405</num>
  <num>A7406</num>
  <num>A7407</num>
  <num>A7408</num>
  <num>A7409</num>
  <num>A741</num>
  <num>A7410</num>
  <num>A7411</num>
  <num>A7412</num>
  <num>A7413</num>
  <num>A7414</num>
  <num>A7415</num>
  <num>A7416</num>
  <num>A7417</num>
  <num>A7418</num>
  <num>A7419</num>
  <num>A742</num>
  <num>A7420</num>
  <num>A7421</num>
  <num>A7422</num>
  <num>A7423</num>
  <num>A7424</num>
  <num>A7425</num>
  <num>A7426</num>
  <num>A7427</num>
  <num>A7428</num>
  <num>A7429</num>
  <num>A743</num>
  <num>A7430</num>
  <num>A7431</num>
  <num>A7432</num>
  <num>A7433</num>
  <num>A7434</num>
  <num>A7435</num>
  <num>A7436</num>
  <num>A7437</num>
  <num>A7438</num>
  <num>A7439</num>
  <num>A744</num>
  <num>A7440</num>
  <num>A7441</num>
  <num>A7442</num>
  <num>A7443</num>
  <num>A7444</num>
  <num>A7445</num>
  <num>A7446</num>
  <num>A7447</num>
  <num>A7448</num>
  <num>A7449</num>
  <num>A745</num>
  <num>A7450</num>
  <num>A7451</num>
  <num>A7452</num>
  <num>A7453</num>
  <num>A7454</num>
  <num>A7455</num>
  <num>A7456</num>
  <num>A7457</num>
  <num>A7458</num>
  <num>A7459</num>
  <num>A746</num>
  <num>A7460</num>
  <num>A7461</num>
  <num>A7462</num>
  <num>A7463</num>
  <num>A7464</num>
  <num>A7465</num>
  <num>A7466</num>
  <num>A7467</num>
  <num>A7468</num>
  <num>A7469</num>
  <num>A747</num>
  <num>A7470</num>
  <num>A7471</num>
  <num>A7472</num>
  <num>A7473</num>
  <num>A7474</num>
  <num>A7475</num>
  <num>A7476</num>
  <num>A7477</num>
  <num>A7478</num>
  <num>A7479</num>
  <num>A748</num>
  <num>A7480</num>
  <num>A7481</num>
  <num>A7482</num>
  <num>A7483</num>
  <num>A7484</num>
  <num>A7485</num>
  <num>A7486</num>
  <num>A7487</num>
  <num>A7488</num>
  <num>A7489</num>
  <num>A749</num>
  <num>A7490</num>
  <num>A7491</num>
  <num>A7492</num>
  <num>A7493</num>
  <num>A7494</num>
  <num>A7495</num>
  <num>A7496</num>
  <num>A7497</num>
  <num>A7498</num>
  <num>A7499</num>
  <num>A75</num>
  <num>A750</num>
  <num>A7500</num>
  <num>A7501</num>
  <num>A7502</num>
  <num>A7503</num>
  <num>A7504</num>
  <num>A7505</num>
  <num>A7506</num>
  <num>A7507</num>
  <num>A7508</num>
  <num>A7509</num>
  <num>A751</num>
  <num>A7510</num>
  <num>A7511</num>
  <num>A7512</num>
  <num>A7513</num>
  <num>A7514</num>
  <num>A7515</num>
  <num>A7516</num>
  <num>A7517</num>
  <num>A7518</num>
  <num>A7519</num>
  <num>A752</num>
  <num>A7520</num>
  <num>A7521</num>
  <num>A7522</num>
  <num>A7523</num>
  <num>A7524</num>
  <num>A7525</num>
  <num>A7526</num>
  <num>A7527</num>
  <num>A7528</num>
  <num>A7529</num>
  <num>A753</num>
  <num>A7530</num>
  <num>A7531</num>
  <num>A7532</num>
  <num>A7533</num>
  <num>A7534</num>
  <num>A7535</num>
  <num>A7536</num>
  <num>A7537</num>
  <num>A7538</num>
  <num>A7539</num>
  <num>A754</num>
  <num>A7540</num>
  <num>A7541</num>
  <num>A7542</num>
  <num>A7543</num>
  <num>A7544</num>
  <num>A7545</num>
  <num>A7546</num>
  <num>A7547</num>
  <num>A7548</num>
  <num>A7549</num>
  <num>A755</num>
  <num>A7550</num>
  <num>A7551</num>
  <num>A7552</num>
  <num>A7553</num>
  <num>A7554</num>
  <num>A7555</num>
  <num>A7556</num>
  <num>A7557</num>
  <num>A7558</num>
  <num>A7559</num>
  <num>A756</num>
  <num>A7560</num>
  <num>A7561</num>
  <num>A7562</num>
  <num>A7563</num>
  <num>A7564</num>
  <num>A7565</num>
  <num>A7566</num>
  <num>A7567</num>
  <num>A7568</num>
  <num>A7569</num>
  <num>A757</num>
  <num>A7570</num>
  <num>A7571</num>
  <num>A7572</num>
  <num>A7573</num>
  <num>A7574</num>
  <num>A7575</num>
  <num>A7576</num>
  <num>A7577</num>
  <num>A7578</num>
  <num>A7579</num>
  <num>A758</num>
  <num>A7580</num>
  <num>A7581</num>
  <num>A7582</num>
  <num>A7583</num>
  <num>A7584</num>
  <num>A7585</num>
  <num>A7586</num>
  <num>A7587</num>
  <num>A7588</num>
  <num>A7589</num>
  <num>A759</num>
  <num>A7590</num>
  <num>A7591</num>
  <num>A7592</num>
  <num>A7593</num>
  <num>A7594</num>
  <num>A7595</num>
  <num>A7596</num>
  <num>A7597</num>
  <num>A7598</num>
  <num>A7599</num>
  <num>A76</num>
  <num>A760</num>
  <num>A7600</num>
  <num>A7601</num>
  <num>A7602</num>
  <num>A7603</num>
  <num>A7604</num>
  <num>A7605</num>
  <num>A7606</num>
  <num>A7607</num>
  <num>A7608</num>
  <num>A7609</num>
  <num>A761</num>
  <num>A7610</num>
  <num>A7611</num>
  <num>A7612</num>
  <num>A7613</num>
  <num>A7614</num>
  <num>A7615</num>
  <num>A7616</num>
  <num>A7617</num>
  <num>A7618</num>
  <num>A7619</num>
  <num>A762</num>
  <num>A7620</num>
  <num>A7621</num>
  <num>A7622</num>
  <num>A7623</num>
  <num>A7624</num>
  <num>A7625</num>
  <num>A7626</num>
  <num>A7627</num>
  <num>A7628</num>
  <num>A7629</num>
  <num>A763</num>
  <num>A7630</num>
  <num>A7631</num>
  <num>A7632</num>
  <num>A7633</num>
  <num>A7634</num>
  <num>A7635</num>
  <num>A7636</num>
  <num>A7637</num>
  <num>A7638</num>
  <num>A7639</num>
  <num>A764</num>
  <num>A7640</num>
  <num>A7641</num>
  <num>A7642</num>
  <num>A7643</num>
  <num>A7644</num>
  <num>A7645</num>
  <num>A7646</num>
  <num>A7647</num>
  <num>A7648</num>
  <num>A7649</num>
  <num>A765</num>
  <num>A7650</num>
  <num>A7651</num>
  <num>A7652</num>
  <num>A7653</num>
  <num>A7654</num>
  <num>A7655</num>
  <num>A7656</num>
  <num>A7657</num>
  <num>A7658</num>
  <num>A7659</num>
  <num>A766</num>
  <num>A7660</num>
  <num>A7661</num>
  <num>A7662</num>
  <num>A7663</num>
  <num>A7664</num>
  <num>A7665</num>
  <num>A7666</num>
  <num>A7667</num>
  <num>A7668</num>
  <num>A7669</num>
  <num>A767</num>
  <num>A7670</num>
  <num>A7671</num>
  <num>A7672</num>
  <num>A7673</num>
  <num>A7674</num>
  <num>A7675</num>
  <num>A7676</num>
  <num>A7677</num>
  <num>A7678</num>
  <num>A7679</num>
  <num>A768</num>
  <num>A7680</num>
  <num>A7681</num>
  <num>A7682</num>
  <num>A7683</num>
  <num>A7684</num>
  <num>A7685</num>
  <num>A7686</num>
  <num>A7687</num>
  <num>A7688</num>
  <num>A7689</num>
  <num>A769</num>
  <num>A7690</num>
  <num>A7691</num>
  <num>A7692</num>
  <num>A7693</num>
  <num>A7694</num>
  <num>A7695</num>
  <num>A7696</num>
  <num>A7697</num>
  <num>A7698</num>
  <num>A7699</num>
  <num>A77</num>
  <num>A770</num>
  <num>A7700</num>
  <num>A7701</num>
  <num>A7702</num>
  <num>A7703</num>
  <num>A7704</num>
  <num>A7705</num>
  <num>A7706</num>
  <num>A7707</num>
  <num>A7708</num>
  <num>A7709</num>
  <num>A771</num>
  <num>A7710</num>
  <num>A7711</num>
  <num>A7712</num>
  <num>A7713</num>
  <num>A7714</num>
  <num>A7715</num>
  <num>A7716</num>
  <num>A7717</num>
  <num>A7718</num>
  <num>A7719</num>
  <num>A772</num>
  <num>A7720</num>
  <num>A7721</num>
  <num>A7722</num>
  <num>A7723</num>
  <num>A7724</num>
  <num>A7725</num>
  <num>A7726</num>
  <num>A7727</num>
  <num>A7728</num>
  <num>A7729</num>
  <num>A773</num>
  <num>A7730</num>
  <num>A7731</num>
  <num>A7732</num>
  <num>A7733</num>
  <num>A7734</num>
  <num>A7735</num>
  <num>A7736</num>
  <num>A7737</num>
  <num>A7738</num>
  <num>A7739</num>
  <num>A774</num>
  <num>A7740</num>
  <num>A7741</num>
  <num>A7742</num>
  <num>A7743</num>
  <num>A7744</num>
  <num>A7745</num>
  <num>A7746</num>
  <num>A7747</num>
  <num>A7748</num>
  <num>A7749</num>
  <num>A775</num>
  <num>A7750</num>
  <num>A7751</num>
  <num>A7752</num>
  <num>A7753</num>
  <num>A7754</num>
  <num>A7755</num>
  <num>A7756</num>
  <num>A7757</num>
  <num>A7758</num>
  <num>A7759</num>
  <num>A776</num>
  <num>A7760</num>
  <num>A7761</num>
  <num>A7762</num>
  <num>A7763</num>
  <num>A7764</num>
  <num>A7765</num>
  <num>A7766</num>
  <num>A7767</num>
  <num>A7768</num>
  <num>A7769</num>
  <num>A777</num>
  <num>A7770</num>
  <num>A7771</num>
  <num>A7772</num>
  <num>A7773</num>
  <num>A7774</num>
  <num>A7775</num>
  <num>A7776</num>
  <num>A7777</num>
  <num>A7778</num>
  <num>A7779</num>
  <num>A778</num>
  <num>A7780</num>
  <num>A7781</num>
  <num>A7782</num>
  <num>A7783</num>
  <num>A7784</num>
  <num>A7785</num>
  <num>A7786</num>
  <num>A7787</num>
  <num>A7788</num>
  <num>A7789</num>
  <num>A779</num>
  <num>A7790</num>
  <num>A7791</num>
  <num>A7792</num>
  <num>A7793</num>
  <num>A7794</num>
  <num>A7795</num>
  <num>A7796</num>
  <num>A7797</num>
  <num>A7798</num>
  <num>A7799</num>
  <num>A78</num>
  <num>A780</num>
  <num>A7800</num>
  <num>A7801</num>
  <num>A7802</num>
  <num>A7803</num>
  <num>A7804</num>
  <num>A7805</num>
  <num>A7806</num>
  <num>A7807</num>
  <num>A7808</num>
  <num>A7809</num>
  <num>A781</num>
  <num>A7810</num>
  <num>A7811</num>
  <num>A7812</num>
  <num>A7813</num>
  <num>A7814</num>
  <num>A7815</num>
  <num>A7816</num>
  <num>A7817</num>
  <num>A7818</num>
  <num>A7819</num>
  <num>A782</num>
  <num>A7820</num>
  <num>A7821</num>
  <num>A7822</num>
  <num>A7823</num>
  <num>A7824</num>
  <num>A7825</num>
  <num>A7826</num>
  <num>A7827</num>
  <num>A7828</num>
  <num>A7829</num>
  <num>A783</num>
  <num>A7830</num>
  <num>A7831</num>
  <num>A7832</num>
  <num>A7833</num>
  <num>A7834</num>
  <num>A7835</num>
  <num>A7836</num>
  <num>A7837</num>
  <num>A7838</num>
  <num>A7839</num>
  <num>A784</num>
  <num>A7840</num>
  <num>A7841</num>
  <num>A7842</num>
  <num>A7843</num>
  <num>A7844</num>
  <num>A7845</num>
  <num>A7846</num>
  <num>A7847</num>
  <num>A7848</num>
  <num>A7849</num>
  <num>A785</num>
  <num>A7850</num>
  <num>A7851</num>
  <num>A7852</num>
  <num>A7853</num>
  <num>A7854</num>
  <num>A7855</num>
  <num>A7856</num>
  <num>A7857</num>
  <num>A7858</num>
  <num>A7859</num>
  <num>A786</num>
  <num>A7860</num>
  <num>A7861</num>
  <num>A7862</num>
  <num>A7863</num>
  <num>A7864</num>
  <num>A7865</num>
  <num>A7866</num>
  <num>A7867</num>
  <num>A7868</num>
  <num>A7869</num>
  <num>A787</num>
  <num>A7870</num>
  <num>A7871</num>
  <num>A7872</num>
  <num>A7873</num>
  <num>A7874</num>
  <num>A7875</num>
  <num>A7876</num>
  <num>A7877</num>
  <num>A7878</num>
  <num>A7879</num>
  <num>A788</num>
  <num>A7880</num>
  <num>A7881</num>
  <num>A7882</num>
  <num>A7883</num>
  <num>A7884</num>
  <num>A7885</num>
  <num>A7886</num>
  <num>A7887</num>
  <num>A7888</num>
  <num>A7889</num>
  <num>A789</num>
  <num>A7890</num>
  <num>A7891</num>
  <num>A7892</num>
  <num>A7893</num>
  <num>A7894</num>
  <num>A7895</num>
  <num>A7896</num>
  <num>A7897</num>
  <num>A7898</num>
  <num>A7899</num>
  <num>A79</num>
  <num>A790</num>
  <num>A7900</num>
  <num>A7901</num>
  <num>A7902</num>
  <num>A7903</num>
  <num>A7904</num>
  <num>A7905</num>
  <num>A7906</num>
  <num>A7907</num>
  <num>A7908</num>
  <num>A7909</num>
  <num>A791</num>
  <num>A7910</num>
  <num>A7911</num>
  <num>A7912</num>
  <num>A7913</num>
  <num>A7914</num>
  <num>A7915</num>
  <num>A7916</num>
  <num>A7917</num>
  <num>A7918</num>
  <num>A7919</num>
  <num>A792</num>
  <num>A7920</num>
  <num>A7921</num>
  <num>A7922</num>
  <num>A7923</num>
  <num>A7924</num>
  <num>A7925</num>
  <num>A7926</num>
  <num>A7927</num>
  <num>A7928</num>
  <num>A7929</num>
  <num>A793</num>
  <num>A7930</num>
  <num>A7931</num>
  <num>A7932</num>
  <num>A7933</num>
  <num>A7934</num>
  <num>A7935</num>
  <num>A7936</num>
  <num>A7937</num>
  <num>A7938</num>
  <num>A7939</num>
  <num>A794</num>
  <num>A7940</num>
  <num>A7941</num>
  <num>A7942</num>
  <num>A7943</num>
  <num>A7944</num>
  <num>A7945</num>
  <num>A7946</num>
  <num>A7947</num>
  <num>A7948</num>
  <num>A7949</num>
  <num>A795</num>
  <num>A7950</num>
  <num>A7951</num>
  <num>A7952</num>
  <num>A7953</num>
  <num>A7954</num>
  <num>A7955</num>
  <num>A7956</num>
  <num>A7957</num>
  <num>A7958</num>
  <num>A7959</num>
  <num>A796</num>
  <num>A7960</num>
  <num>A7961</num>
  <num>A7962</num>
  <num>A7963</num>
  <num>A7964</num>
  <num>A7965</num>
  <num>A7966</num>
  <num>A7967</num>
  <num>A7968</num>
  <num>A7969</num>
  <num>A797</num>
  <num>A7970</num>
  <num>A7971</num>
  <num>A7972</num>
  <num>A7973</num>
  <num>A7974</num>
  <num>A7975</num>
  <num>A7976</num>
  <num>A7977</num>
  <num>A7978</num>
  <num>A7979</num>
  <num>A798</num>
  <num>A7980</num>
  <num>A7981</num>
  <num>A7982</num>
  <num>A7983</num>
  <num>A7984</num>
  <num>A7985</num>
  <num>A7986</num>
  <num>A7987</num>
  <num>A7988</num>
  <num>A7989</num>
  <num>A799</num>
  <num>A7990</num>
  <num>A7991</num>
  <num>A7992</num>
  <num>A7993</num>
  <num>A7994</num>
  <num>A7995</num>
  <num>A7996</num>
  <num>A7997</num>
  <num>A7998</num>
  <num>A7999</num>
  <num>A8</num>
  <num>A80</num>
  <num>A800</num>
  <num>A8000</num>
  <num>A8001</num>
  <num>A8002</num>
  <num>A8003</num>
  <num>A8004</num>
  <num>A8005</num>
  <num>A8006</num>
  <num>A8007</num>
  <num>A8008</num>
  <num>A8009</num>
  <num>A801</num>
  <num>A8010</num>
  <num>A8011</num>
  <num>A8012</num>
  <num>A8013</num>
  <num>A8014</num>
  <num>A8015</num>
  <num>A8016</num>
  <num>A8017</num>
  <num>A8018</num>
  <num>A8019</num>
  <num>A802</num>
  <num>A8020</num>
  <num>A8021</num>
  <num>A8022</num>
  <num>A8023</num>
  <num>A8024</num>
  <num>A8025</num>
  <num>A8026</num>
  <num>A8027</num>
  <num>A8028</num>
  <num>A8029</num>
  <num>A803</num>
  <num>A8030</num>
  <num>A8031</num>
  <num>A8032</num>
  <num>A8033</num>
  <num>A8034</num>
  <num>A8035</num>
  <num>A8036</num>
  <num>A8037</num>
  <num>A8038</num>
  <num>A8039</num>
  <num>A804</num>
  <num>A8040</num>
  <num>A8041</num>
  <num>A8042</num>
  <num>A8043</num>
  <num>A8044</num>
  <num>A8045</num>
  <num>A8046</num>
  <num>A8047</num>
  <num>A8048</num>
  <num>A8049</num>
  <num>A805</num>
  <num>A8050</num>
  <num>A8051</num>
  <num>A8052</num>
  <num>A8053</num>
  <num>A8054</num>
  <num>A8055</num>
  <num>A8056</num>
  <num>A8057</num>
  <num>A8058</num>
  <num>A8059</num>
  <num>A806</num>
  <num>A8060</num>
  <num>A8061</num>
  <num>A8062</num>
  <num>A8063</num>
  <num>A8064</num>
  <num>A8065</num>
  <num>A8066</num>
  <num>A8067</num>
  <num>A8068</num>
  <num>A8069</num>
  <num>A807</num>
  <num>A8070</num>
  <num>A8071</num>
  <num>A8072</num>
  <num>A8073</num>
  <num>A8074</num>
  <num>A8075</num>
  <num>A8076</num>
  <num>A8077</num>
  <num>A8078</num>
  <num>A8079</num>
  <num>A808</num>
  <num>A8080</num>
  <num>A8081</num>
  <num>A8082</num>
  <num>A8083</num>
  <num>A8084</num>
  <num>A8085</num>
  <num>A8086</num>
  <num>A8087</num>
  <num>A8088</num>
  <num>A8089</num>
  <num>A809</num>
  <num>A8090</num>
  <num>A8091</num>
  <num>A8092</num>
  <num>A8093</num>
  <num>A8094</num>
  <num>A8095</num>
  <num>A8096</num>
  <num>A8097</num>
  <num>A8098</num>
  <num>A8099</num>
  <num>A81</num>
  <num>A810</num>
  <num>A8100</num>
  <num>A8101</num>
  <num>A8102</num>
  <num>A8103</num>
  <num>A8104</num>
  <num>A8105</num>
  <num>A8106</num>
  <num>A8107</num>
  <num>A8108</num>
  <num>A8109</num>
  <num>A811</num>
  <num>A8110</num>
  <num>A8111</num>
  <num>A8112</num>
  <num>A8113</num>
  <num>A8114</num>
  <num>A8115</num>
  <num>A8116</num>
  <num>A8117</num>
  <num>A8118</num>
  <num>A8119</num>
  <num>A812</num>
  <num>A8120</num>
  <num>A8121</num>
  <num>A8122</num>
  <num>A8123</num>
  <num>A8124</num>
  <num>A8125</num>
  <num>A8126</num>
  <num>A8127</num>
  <num>A8128</num>
  <num>A8129</num>
  <num>A813</num>
  <num>A8130</num>
  <num>A8131</num>
  <num>A8132</num>
  <num>A8133</num>
  <num>A8134</num>
  <num>A8135</num>
  <num>A8136</num>
  <num>A8137</num>
  <num>A8138</num>
  <num>A8139</num>
  <num>A814</num>
  <num>A8140</num>
  <num>A8141</num>
  <num>A8142</num>
  <num>A8143</num>
  <num>A8144</num>
  <num>A8145</num>
  <num>A8146</num>
  <num>A8147</num>
  <num>A8148</num>
  <num>A8149</num>
  <num>A815</num>
  <num>A8150</num>
  <num>A8151</num>
  <num>A8152</num>
  <num>A8153</num>
  <num>A8154</num>
  <num>A8155</num>
  <num>A8156</num>
  <num>A8157</num>
  <num>A8158</num>
  <num>A8159</num>
  <num>A816</num>
  <num>A8160</num>
  <num>A8161</num>
  <num>A8162</num>
  <num>A8163</num>
  <num>A8164</num>
  <num>A8165</num>
  <num>A8166</num>
  <num>A8167</num>
  <num>A8168</num>
  <num>A8169</num>
  <num>A817</num>
  <num>A8170</num>
  <num>A8171</num>
  <num>A8172</num>
  <num>A8173</num>
  <num>A8174</num>
  <num>A8175</num>
  <num>A8176</num>
  <num>A8177</num>
  <num>A8178</num>
  <num>A8179</num>
  <num>A818</num>
  <num>A8180</num>
  <num>A8181</num>
  <num>A8182</num>
  <num>A8183</num>
  <num>A8184</num>
  <num>A8185</num>
  <num>A8186</num>
  <num>A8187</num>
  <num>A8188</num>
  <num>A8189</num>
  <num>A819</num>
  <num>A8190</num>
  <num>A8191</num>
  <num>A8192</num>
  <num>A8193</num>
  <num>A8194</num>
  <num>A8195</num>
  <num>A8196</num>
  <num>A8197</num>
  <num>A8198</num>
  <num>A8199</num>
  <num>A82</num>
  <num>A820</num>
  <num>A8200</num>
  <num>A8201</num>
  <num>A8202</num>
  <num>A8203</num>
  <num>A8204</num>
  <num>A8205</num>
  <num>A8206</num>
  <num>A8207</num>
  <num>A8208</num>
  <num>A8209</num>
  <num>A821</num>
  <num>A8210</num>
  <num>A8211</num>
  <num>A8212</num>
  <num>A8213</num>
  <num>A8214</num>
  <num>A8215</num>
  <num>A8216</num>
  <num>A8217</num>
  <num>A8218</num>
  <num>A8219</num>
  <num>A822</num>
  <num>A8220</num>
  <num>A8221</num>
  <num>A8222</num>
  <num>A8223</num>
  <num>A8224</num>
  <num>A8225</num>
  <num>A8226</num>
  <num>A8227</num>
  <num>A8228</num>
  <num>A8229</num>
  <num>A823</num>
  <num>A8230</num>
  <num>A8231</num>
  <num>A8232</num>
  <num>A8233</num>
  <num>A8234</num>
  <num>A8235</num>
  <num>A8236</num>
  <num>A8237</num>
  <num>A8238</num>
  <num>A8239</num>
  <num>A824</num>
  <num>A8240</num>
  <num>A8241</num>
  <num>A8242</num>
  <num>A8243</num>
  <num>A8244</num>
  <num>A8245</num>
  <num>A8246</num>
  <num>A8247</num>
  <num>A8248</num>
  <num>A8249</num>
  <num>A825</num>
  <num>A8250</num>
  <num>A8251</num>
  <num>A8252</num>
  <num>A8253</num>
  <num>A8254</num>
  <num>A8255</num>
  <num>A8256</num>
  <num>A8257</num>
  <num>A8258</num>
  <num>A8259</num>
  <num>A826</num>
  <num>A8260</num>
  <num>A8261</num>
  <num>A8262</num>
  <num>A8263</num>
  <num>A8264</num>
  <num>A8265</num>
  <num>A8266</num>
  <num>A8267</num>
  <num>A8268</num>
  <num>A8269</num>
  <num>A827</num>
  <num>A8270</num>
  <num>A8271</num>
  <num>A8272</num>
  <num>A8273</num>
  <num>A8274</num>
  <num>A8275</num>
  <num>A8276</num>
  <num>A8277</num>
  <num>A8278</num>
  <num>A8279</num>
  <num>A828</num>
  <num>A8280</num>
  <num>A8281</num>
  <num>A8282</num>
  <num>A8283</num>
  <num>A8284</num>
  <num>A8285</num>
  <num>A8286</num>
  <num>A8287</num>
  <num>A8288</num>
  <num>A8289</num>
  <num>A829</num>
  <num>A8290</num>
  <num>A8291</num>
  <num>A8292</num>
  <num>A8293</num>
  <num>A8294</num>
  <num>A8295</num>
  <num>A8296</num>
  <num>A8297</num>
  <num>A8298</num>
  <num>A8299</num>
  <num>A83</num>
  <num>A830</num>
  <num>A8300</num>
  <num>A8301</num>
  <num>A8302</num>
  <num>A8303</num>
  <num>A8304</num>
  <num>A8305</num>
  <num>A8306</num>
  <num>A8307</num>
  <num>A8308</num>
  <num>A8309</num>
  <num>A831</num>
  <num>A8310</num>
  <num>A8311</num>
  <num>A8312</num>
  <num>A8313</num>
  <num>A8314</num>
  <num>A8315</num>
  <num>A8316</num>
  <num>A8317</num>
  <num>A8318</num>
  <num>A8319</num>
  <num>A832</num>
  <num>A8320</num>
  <num>A8321</num>
  <num>A8322</num>
  <num>A8323</num>
  <num>A8324</num>
  <num>A8325</num>
  <num>A8326</num>
  <num>A8327</num>
  <num>A8328</num>
  <num>A8329</num>
  <num>A833</num>
  <num>A8330</num>
  <num>A8331</num>
  <num>A8332</num>
  <num>A8333</num>
  <num>A8334</num>
  <num>A8335</num>
  <num>A8336</num>
  <num>A8337</num>
  <num>A8338</num>
  <num>A8339</num>
  <num>A834</num>
  <num>A8340</num>
  <num>A8341</num>
  <num>A8342</num>
  <num>A8343</num>
  <num>A8344</num>
  <num>A8345</num>
  <num>A8346</num>
  <num>A8347</num>
  <num>A8348</num>
  <num>A8349</num>
  <num>A835</num>
  <num>A8350</num>
  <num>A8351</num>
  <num>A8352</num>
  <num>A8353</num>
  <num>A8354</num>
  <num>A8355</num>
  <num>A8356</num>
  <num>A8357</num>
  <num>A8358</num>
  <num>A8359</num>
  <num>A836</num>
  <num>A8360</num>
  <num>A8361</num>
  <num>A8362</num>
  <num>A8363</num>
  <num>A8364</num>
  <num>A8365</num>
  <num>A8366</num>
  <num>A8367</num>
  <num>A8368</num>
  <num>A8369</num>
  <num>A837</num>
  <num>A8370</num>
  <num>A8371</num>
  <num>A8372</num>
  <num>A8373</num>
  <num>A8374</num>
  <num>A8375</num>
  <num>A8376</num>
  <num>A8377</num>
  <num>A8378</num>
  <num>A8379</num>
  <num>A838</num>
  <num>A8380</num>
  <num>A8381</num>
  <num>A8382</num>
  <num>A8383</num>
  <num>A8384</num>
  <num>A8385</num>
  <num>A8386</num>
  <num>A8387</num>
  <num>A8388</num>
  <num>A8389</num>
  <num>A839</num>
  <num>A8390</num>
  <num>A8391</num>
  <num>A8392</num>
  <num>A8393</num>
  <num>A8394</num>
  <num>A8395</num>
  <num>A8396</num>
  <num>A8397</num>
  <num>A8398</num>
  <num>A8399</num>
  <num>A84</num>
  <num>A840</num>
  <num>A8400</num>
  <num>A8401</num>
  <num>A8402</num>
  <num>A8403</num>
  <num>A8404</num>
  <num>A8405</num>
  <num>A8406</num>
  <num>A8407</num>
  <num>A8408</num>
  <num>A8409</num>
  <num>A841</num>
  <num>A8410</num>
  <num>A8411</num>
  <num>A8412</num>
  <num>A8413</num>
  <num>A8414</num>
  <num>A8415</num>
  <num>A8416</num>
  <num>A8417</num>
  <num>A8418</num>
  <num>A8419</num>
  <num>A842</num>
  <num>A8420</num>
  <num>A8421</num>
  <num>A8422</num>
  <num>A8423</num>
  <num>A8424</num>
  <num>A8425</num>
  <num>A8426</num>
  <num>A8427</num>
  <num>A8428</num>
  <num>A8429</num>
  <num>A843</num>
  <num>A8430</num>
  <num>A8431</num>
  <num>A8432</num>
  <num>A8433</num>
  <num>A8434</num>
  <num>A8435</num>
  <num>A8436</num>
  <num>A8437</num>
  <num>A8438</num>
  <num>A8439</num>
  <num>A844</num>
  <num>A8440</num>
  <num>A8441</num>
  <num>A8442</num>
  <num>A8443</num>
  <num>A8444</num>
  <num>A8445</num>
  <num>A8446</num>
  <num>A8447</num>
  <num>A8448</num>
  <num>A8449</num>
  <num>A845</num>
  <num>A8450</num>
  <num>A8451</num>
  <num>A8452</num>
  <num>A8453</num>
  <num>A8454</num>
  <num>A8455</num>
  <num>A8456</num>
  <num>A8457</num>
  <num>A8458</num>
  <num>A8459</num>
  <num>A846</num>
  <num>A8460</num>
  <num>A8461</num>
  <num>A8462</num>
  <num>A8463</num>
  <num>A8464</num>
  <num>A8465</num>
  <num>A8466</num>
  <num>A8467</num>
  <num>A8468</num>
  <num>A8469</num>
  <num>A847</num>
  <num>A8470</num>
  <num>A8471</num>
  <num>A8472</num>
  <num>A8473</num>
  <num>A8474</num>
  <num>A8475</num>
  <num>A8476</num>
  <num>A8477</num>
  <num>A8478</num>
  <num>A8479</num>
  <num>A848</num>
  <num>A8480</num>
  <num>A8481</num>
  <num>A8482</num>
  <num>A8483</num>
  <num>A8484</num>
  <num>A8485</num>
  <num>A8486</num>
  <num>A8487</num>
  <num>A8488</num>
  <num>A8489</num>
  <num>A849</num>
  <num>A8490</num>
  <num>A8491</num>
  <num>A8492</num>
  <num>A8493</num>
  <num>A8494</num>
  <num>A8495</num>
  <num>A8496</num>
  <num>A8497</num>
  <num>A8498</num>
  <num>A8499</num>
  <num>A85</num>
  <num>A850</num>
  <num>A8500</num>
  <num>A8501</num>
  <num>A8502</num>
  <num>A8503</num>
  <num>A8504</num>
  <num>A8505</num>
  <num>A8506</num>
  <num>A8507</num>
  <num>A8508</num>
  <num>A8509</num>
  <num>A851</num>
  <num>A8510</num>
  <num>A8511</num>
  <num>A8512</num>
  <num>A8513</num>
  <num>A8514</num>
  <num>A8515</num>
  <num>A8516</num>
  <num>A8517</num>
  <num>A8518</num>
  <num>A8519</num>
  <num>A852</num>
  <num>A8520</num>
  <num>A8521</num>
  <num>A8522</num>
  <num>A8523</num>
  <num>A8524</num>
  <num>A8525</num>
  <num>A8526</num>
  <num>A8527</num>
  <num>A8528</num>
  <num>A8529</num>
  <num>A853</num>
  <num>A8530</num>
  <num>A8531</num>
  <num>A8532</num>
  <num>A8533</num>
  <num>A8534</num>
  <num>A8535</num>
  <num>A8536</num>
  <num>A8537</num>
  <num>A8538</num>
  <num>A8539</num>
  <num>A854</num>
  <num>A8540</num>
  <num>A8541</num>
  <num>A8542</num>
  <num>A8543</num>
  <num>A8544</num>
  <num>A8545</num>
  <num>A8546</num>
  <num>A8547</num>
  <num>A8548</num>
  <num>A8549</num>
  <num>A855</num>
  <num>A8550</num>
  <num>A8551</num>
  <num>A8552</num>
  <num>A8553</num>
  <num>A8554</num>
  <num>A8555</num>
  <num>A8556</num>
  <num>A8557</num>
  <num>A8558</num>
  <num>A8559</num>
  <num>A856</num>
  <num>A8560</num>
  <num>A8561</num>
  <num>A8562</num>
  <num>A8563</num>
  <num>A8564</num>
  <num>A8565</num>
  <num>A8566</num>
  <num>A8567</num>
  <num>A8568</num>
  <num>A8569</num>
  <num>A857</num>
  <num>A8570</num>
  <num>A8571</num>
  <num>A8572</num>
  <num>A8573</num>
  <num>A8574</num>
  <num>A8575</num>
  <num>A8576</num>
  <num>A8577</num>
  <num>A8578</num>
  <num>A8579</num>
  <num>A858</num>
  <num>A8580</num>
  <num>A8581</num>
  <num>A8582</num>
  <num>A8583</num>
  <num>A8584</num>
  <num>A8585</num>
  <num>A8586</num>
  <num>A8587</num>
  <num>A8588</num>
  <num>A8589</num>
  <num>A859</num>
  <num>A8590</num>
  <num>A8591</num>
  <num>A8592</num>
  <num>A8593</num>
  <num>A8594</num>
  <num>A8595</num>
  <num>A8596</num>
  <num>A8597</num>
  <num>A8598</num>
  <num>A8599</num>
  <num>A86</num>
  <num>A860</num>
  <num>A8600</num>
  <num>A8601</num>
  <num>A8602</num>
  <num>A8603</num>
  <num>A8604</num>
  <num>A8605</num>
  <num>A8606</num>
  <num>A8607</num>
  <num>A8608</num>
  <num>A8609</num>
  <num>A861</num>
  <num>A8610</num>
  <num>A8611</num>
  <num>A8612</num>
  <num>A8613</num>
  <num>A8614</num>
  <num>A8615</num>
  <num>A8616</num>
  <num>A8617</num>
  <num>A8618</num>
  <num>A8619</num>
  <num>A862</num>
  <num>A8620</num>
  <num>A8621</num>
  <num>A8622</num>
  <num>A8623</num>
  <num>A8624</num>
  <num>A8625</num>
  <num>A8626</num>
  <num>A8627</num>
  <num>A8628</num>
  <num>A8629</num>
  <num>A863</num>
  <num>A8630</num>
  <num>A8631</num>
  <num>A8632</num>
  <num>A8633</num>
  <num>A8634</num>
  <num>A8635</num>
  <num>A8636</num>
  <num>A8637</num>
  <num>A8638</num>
  <num>A8639</num>
  <num>A864</num>
  <num>A8640</num>
  <num>A8641</num>
  <num>A8642</num>
  <num>A8643</num>
  <num>A8644</num>
  <num>A8645</num>
  <num>A8646</num>
  <num>A8647</num>
  <num>A8648</num>
  <num>A8649</num>
  <num>A865</num>
  <num>A8650</num>
  <num>A8651</num>
  <num>A8652</num>
  <num>A8653</num>
  <num>A8654</num>
  <num>A8655</num>
  <num>A8656</num>
  <num>A8657</num>
  <num>A8658</num>
  <num>A8659</num>
  <num>A866</num>
  <num>A8660</num>
  <num>A8661</num>
  <num>A8662</num>
  <num>A8663</num>
  <num>A8664</num>
  <num>A8665</num>
  <num>A8666</num>
  <num>A8667</num>
  <num>A8668</num>
  <num>A8669</num>
  <num>A867</num>
  <num>A8670</num>
  <num>A8671</num>
  <num>A8672</num>
  <num>A8673</num>
  <num>A8674</num>
  <num>A8675</num>
  <num>A8676</num>
  <num>A8677</num>
  <num>A8678</num>
  <num>A8679</num>
  <num>A868</num>
  <num>A8680</num>
  <num>A8681</num>
  <num>A8682</num>
  <num>A8683</num>
  <num>A8684</num>
  <num>A8685</num>
  <num>A8686</num>
  <num>A8687</num>
  <num>A8688</num>
  <num>A8689</num>
  <num>A869</num>
  <num>A8690</num>
  <num>A8691</num>
  <num>A8692</num>
  <num>A8693</num>
  <num>A8694</num>
  <num>A8695</num>
  <num>A8696</num>
  <num>A8697</num>
  <num>A8698</num>
  <num>A8699</num>
  <num>A87</num>
  <num>A870</num>
  <num>A8700</num>
  <num>A8701</num>
  <num>A8702</num>
  <num>A8703</num>
  <num>A8704</num>
  <num>A8705</num>
  <num>A8706</num>
  <num>A8707</num>
  <num>A8708</num>
  <num>A8709</num>
  <num>A871</num>
  <num>A8710</num>
  <num>A8711</num>
  <num>A8712</num>
  <num>A8713</num>
  <num>A8714</num>
  <num>A8715</num>
  <num>A8716</num>
  <num>A8717</num>
  <num>A8718</num>
  <num>A8719</num>
  <num>A872</num>
  <num>A8720</num>
  <num>A8721</num>
  <num>A8722</num>
  <num>A8723</num>
  <num>A8724</num>
  <num>A8725</num>
  <num>A8726</num>
  <num>A8727</num>
  <num>A8728</num>
  <num>A8729</num>
  <num>A873</num>
  <num>A8730</num>
  <num>A8731</num>
  <num>A8732</num>
  <num>A8733</num>
  <num>A8734</num>
  <num>A8735</num>
  <num>A8736</num>
  <num>A8737</num>
  <num>A8738</num>
  <num>A8739</num>
  <num>A874</num>
  <num>A8740</num>
  <num>A8741</num>
  <num>A8742</num>
  <num>A8743</num>
  <num>A8744</num>
  <num>A8745</num>
  <num>A8746</num>
  <num>A8747</num>
  <num>A8748</num>
  <num>A8749</num>
  <num>A875</num>
  <num>A8750</num>
  <num>A8751</num>
  <num>A8752</num>
  <num>A8753</num>
  <num>A8754</num>
  <num>A8755</num>
  <num>A8756</num>
  <num>A8757</num>
  <num>A8758</num>
  <num>A8759</num>
  <num>A876</num>
  <num>A8760</num>
  <num>A8761</num>
  <num>A8762</num>
  <num>A8763</num>
  <num>A8764</num>
  <num>A8765</num>
  <num>A8766</num>
  <num>A8767</num>
  <num>A8768</num>
  <num>A8769</num>
  <num>A877</num>
  <num>A8770</num>
  <num>A8771</num>
  <num>A8772</num>
  <num>A8773</num>
  <num>A8774</num>
  <num>A8775</num>
  <num>A8776</num>
  <num>A8777</num>
  <num>A8778</num>
  <num>A8779</num>
  <num>A878</num>
  <num>A8780</num>
  <num>A8781</num>
  <num>A8782</num>
  <num>A8783</num>
  <num>A8784</num>
  <num>A8785</num>
  <num>A8786</num>
  <num>A8787</num>
  <num>A8788</num>
  <num>A8789</num>
  <num>A879</num>
  <num>A8790</num>
  <num>A8791</num>
  <num>A8792</num>
  <num>A8793</num>
  <num>A8794</num>
  <num>A8795</num>
  <num>A8796</num>
  <num>A8797</num>
  <num>A8798</num>
  <num>A8799</num>
  <num>A88</num>
  <num>A880</num>
  <num>A8800</num>
  <num>A8801</num>
  <num>A8802</num>
  <num>A8803</num>
  <num>A8804</num>
  <num>A8805</num>
  <num>A8806</num>
  <num>A8807</num>
  <num>A8808</num>
  <num>A8809</num>
  <num>A881</num>
  <num>A8810</num>
  <num>A8811</num>
  <num>A8812</num>
  <num>A8813</num>
  <num>A8814</num>
  <num>A8815</num>
  <num>A8816</num>
  <num>A8817</num>
  <num>A8818</num>
  <num>A8819</num>
  <num>A882</num>
  <num>A8820</num>
  <num>A8821</num>
  <num>A8822</num>
  <num>A8823</num>
  <num>A8824</num>
  <num>A8825</num>
  <num>A8826</num>
  <num>A8827</num>
  <num>A8828</num>
  <num>A8829</num>
  <num>A883</num>
  <num>A8830</num>
  <num>A8831</num>
  <num>A8832</num>
  <num>A8833</num>
  <num>A8834</num>
  <num>A8835</num>
  <num>A8836</num>
  <num>A8837</num>
  <num>A8838</num>
  <num>A8839</num>
  <num>A884</num>
  <num>A8840</num>
  <num>A8841</num>
  <num>A8842</num>
  <num>A8843</num>
  <num>A8844</num>
  <num>A8845</num>
  <num>A8846</num>
  <num>A8847</num>
  <num>A8848</num>
  <num>A8849</num>
  <num>A885</num>
  <num>A8850</num>
  <num>A8851</num>
  <num>A8852</num>
  <num>A8853</num>
  <num>A8854</num>
  <num>A8855</num>
  <num>A8856</num>
  <num>A8857</num>
  <num>A8858</num>
  <num>A8859</num>
  <num>A886</num>
  <num>A8860</num>
  <num>A8861</num>
  <num>A8862</num>
  <num>A8863</num>
  <num>A8864</num>
  <num>A8865</num>
  <num>A8866</num>
  <num>A8867</num>
  <num>A8868</num>
  <num>A8869</num>
  <num>A887</num>
  <num>A8870</num>
  <num>A8871</num>
  <num>A8872</num>
  <num>A8873</num>
  <num>A8874</num>
  <num>A8875</num>
  <num>A8876</num>
  <num>A8877</num>
  <num>A8878</num>
  <num>A8879</num>
  <num>A888</num>
  <num>A8880</num>
  <num>A8881</num>
  <num>A8882</num>
  <num>A8883</num>
  <num>A8884</num>
  <num>A8885</num>
  <num>A8886</num>
  <num>A8887</num>
  <num>A8888</num>
  <num>A8889</num>
  <num>A889</num>
  <num>A8890</num>
  <num>A8891</num>
  <num>A8892</num>
  <num>A8893</num>
  <num>A8894</num>
  <num>A8895</num>
  <num>A8896</num>
  <num>A8897</num>
  <num>A8898</num>
  <num>A8899</num>
  <num>A89</num>
  <num>A890</num>
  <num>A8900</num>
  <num>A8901</num>
  <num>A8902</num>
  <num>A8903</num>
  <num>A8904</num>
  <num>A8905</num>
  <num>A8906</num>
  <num>A8907</num>
  <num>A8908</num>
  <num>A8909</num>
  <num>A891</num>
  <num>A8910</num>
  <num>A8911</num>
  <num>A8912</num>
  <num>A8913</num>
  <num>A8914</num>
  <num>A8915</num>
  <num>A8916</num>
  <num>A8917</num>
  <num>A8918</num>
  <num>A8919</num>
  <num>A892</num>
  <num>A8920</num>
  <num>A8921</num>
  <num>A8922</num>
  <num>A8923</num>
  <num>A8924</num>
  <num>A8925</num>
  <num>A8926</num>
  <num>A8927</num>
  <num>A8928</num>
  <num>A8929</num>
  <num>A893</num>
  <num>A8930</num>
  <num>A8931</num>
  <num>A8932</num>
  <num>A8933</num>
  <num>A8934</num>
  <num>A8935</num>
  <num>A8936</num>
  <num>A8937</num>
  <num>A8938</num>
  <num>A8939</num>
  <num>A894</num>
  <num>A8940</num>
  <num>A8941</num>
  <num>A8942</num>
  <num>A8943</num>
  <num>A8944</num>
  <num>A8945</num>
  <num>A8946</num>
  <num>A8947</num>
  <num>A8948</num>
  <num>A8949</num>
  <num>A895</num>
  <num>A8950</num>
  <num>A8951</num>
  <num>A8952</num>
  <num>A8953</num>
  <num>A8954</num>
  <num>A8955</num>
  <num>A8956</num>
  <num>A8957</num>
  <num>A8958</num>
  <num>A8959</num>
  <num>A896</num>
  <num>A8960</num>
  <num>A8961</num>
  <num>A8962</num>
  <num>A8963</num>
  <num>A8964</num>
  <num>A8965</num>
  <num>A8966</num>
  <num>A8967</num>
  <num>A8968</num>
  <num>A8969</num>
  <num>A897</num>
  <num>A8970</num>
  <num>A8971</num>
  <num>A8972</num>
  <num>A8973</num>
  <num>A8974</num>
  <num>A8975</num>
  <num>A8976</num>
  <num>A8977</num>
  <num>A8978</num>
  <num>A8979</num>
  <num>A898</num>
  <num>A8980</num>
  <num>A8981</num>
  <num>A8982</num>
  <num>A8983</num>
  <num>A8984</num>
  <num>A8985</num>
  <num>A8986</num>
  <num>A8987</num>
  <num>A8988</num>
  <num>A8989</num>
  <num>A899</num>
  <num>A8990</num>
  <num>A8991</num>
  <num>A8992</num>
  <num>A8993</num>
  <num>A8994</num>
  <num>A8995</num>
  <num>A8996</num>
  <num>A8997</num>
  <num>A8998</num>
  <num>A8999</num>
  <num>A9</num>
  <num>A90</num>
  <num>A900</num>
  <num>A9000</num>
  <num>A9001</num>
  <num>A9002</num>
  <num>A9003</num>
  <num>A9004</num>
  <num>A9005</num>
  <num>A9006</num>
  <num>A9007</num>
  <num>A9008</num>
  <num>A9009</num>
  <num>A901</num>
  <num>A9010</num>
  <num>A9011</num>
  <num>A9012</num>
  <num>A9013</num>
  <num>A9014</num>
  <num>A9015</num>
  <num>A9016</num>
  <num>A9017</num>
  <num>A9018</num>
  <num>A9019</num>
  <num>A902</num>
  <num>A9020</num>
  <num>A9021</num>
  <num>A9022</num>
  <num>A9023</num>
  <num>A9024</num>
  <num>A9025</num>
  <num>A9026</num>
  <num>A9027</num>
  <num>A9028</num>
  <num>A9029</num>
  <num>A903</num>
  <num>A9030</num>
  <num>A9031</num>
  <num>A9032</num>
  <num>A9033</num>
  <num>A9034</num>
  <num>A9035</num>
  <num>A9036</num>
  <num>A9037</num>
  <num>A9038</num>
  <num>A9039</num>
  <num>A904</num>
  <num>A9040</num>
  <num>A9041</num>
  <num>A9042</num>
  <num>A9043</num>
  <num>A9044</num>
  <num>A9045</num>
  <num>A9046</num>
  <num>A9047</num>
  <num>A9048</num>
  <num>A9049</num>
  <num>A905</num>
  <num>A9050</num>
  <num>A9051</num>
  <num>A9052</num>
  <num>A9053</num>
  <num>A9054</num>
  <num>A9055</num>
  <num>A9056</num>
  <num>A9057</num>
  <num>A9058</num>
  <num>A9059</num>
  <num>A906</num>
  <num>A9060</num>
  <num>A9061</num>
  <num>A9062</num>
  <num>A9063</num>
  <num>A9064</num>
  <num>A9065</num>
  <num>A9066</num>
  <num>A9067</num>
  <num>A9068</num>
  <num>A9069</num>
  <num>A907</num>
  <num>A9070</num>
  <num>A9071</num>
  <num>A9072</num>
  <num>A9073</num>
  <num>A9074</num>
  <num>A9075</num>
  <num>A9076</num>
  <num>A9077</num>
  <num>A9078</num>
  <num>A9079</num>
  <num>A908</num>
  <num>A9080</num>
  <num>A9081</num>
  <num>A9082</num>
  <num>A9083</num>
  <num>A9084</num>
  <num>A9085</num>
  <num>A9086</num>
  <num>A9087</num>
  <num>A9088</num>
  <num>A9089</num>
  <num>A909</num>
  <num>A9090</num>
  <num>A9091</num>
  <num>A9092</num>
  <num>A9093</num>
  <num>A9094</num>
  <num>A9095</num>
  <num>A9096</num>
  <num>A9097</num>
  <num>A9098</num>
  <num>A9099</num>
  <num>A91</num>
  <num>A910</num>
  <num>A9100</num>
  <num>A9101</num>
  <num>A9102</num>
  <num>A9103</num>
  <num>A9104</num>
  <num>A9105</num>
  <num>A9106</num>
  <num>A9107</num>
  <num>A9108</num>
  <num>A9109</num>
  <num>A911</num>
  <num>A9110</num>
  <num>A9111</num>
  <num>A9112</num>
  <num>A9113</num>
  <num>A9114</num>
  <num>A9115</num>
  <num>A9116</num>
  <num>A9117</num>
  <num>A9118</num>
  <num>A9119</num>
  <num>A912</num>
  <num>A9120</num>
  <num>A9121</num>
  <num>A9122</num>
  <num>A9123</num>
  <num>A9124</num>
  <num>A9125</num>
  <num>A9126</num>
  <num>A9127</num>
  <num>A9128</num>
  <num>A9129</num>
  <num>A913</num>
  <num>A9130</num>
  <num>A9131</num>
  <num>A9132</num>
  <num>A9133</num>
  <num>A9134</num>
  <num>A9135</num>
  <num>A9136</num>
  <num>A9137</num>
  <num>A9138</num>
  <num>A9139</num>
  <num>A914</num>
  <num>A9140</num>
  <num>A9141</num>
  <num>A9142</num>
  <num>A9143</num>
  <num>A9144</num>
  <num>A9145</num>
  <num>A9146</num>
  <num>A9147</num>
  <num>A9148</num>
  <num>A9149</num>
  <num>A915</num>
  <num>A9150</num>
  <num>A9151</num>
  <num>A9152</num>
  <num>A9153</num>
  <num>A9154</num>
  <num>A9155</num>
  <num>A9156</num>
  <num>A9157</num>
  <num>A9158</num>
  <num>A9159</num>
  <num>A916</num>
  <num>A9160</num>
  <num>A9161</num>
  <num>A9162</num>
  <num>A9163</num>
  <num>A9164</num>
  <num>A9165</num>
  <num>A9166</num>
  <num>A9167</num>
  <num>A9168</num>
  <num>A9169</num>
  <num>A917</num>
  <num>A9170</num>
  <num>A9171</num>
  <num>A9172</num>
  <num>A9173</num>
  <num>A9174</num>
  <num>A9175</num>
  <num>A9176</num>
  <num>A9177</num>
  <num>A9178</num>
  <num>A9179</num>
  <num>A918</num>
  <num>A9180</num>
  <num>A9181</num>
  <num>A9182</num>
  <num>A9183</num>
  <num>A9184</num>
  <num>A9185</num>
  <num>A9186</num>
  <num>A9187</num>
  <num>A9188</num>
  <num>A9189</num>
  <num>A919</num>
  <num>A9190</num>
  <num>A9191</num>
  <num>A9192</num>
  <num>A9193</num>
  <num>A9194</num>
  <num>A9195</num>
  <num>A9196</num>
  <num>A9197</num>
  <num>A9198</num>
  <num>A9199</num>
  <num>A92</num>
  <num>A920</num>
  <num>A9200</num>
  <num>A9201</num>
  <num>A9202</num>
  <num>A9203</num>
  <num>A9204</num>
  <num>A9205</num>
  <num>A9206</num>
  <num>A9207</num>
  <num>A9208</num>
  <num>A9209</num>
  <num>A921</num>
  <num>A9210</num>
  <num>A9211</num>
  <num>A9212</num>
  <num>A9213</num>
  <num>A9214</num>
  <num>A9215</num>
  <num>A9216</num>
  <num>A9217</num>
  <num>A9218</num>
  <num>A9219</num>
  <num>A922</num>
  <num>A9220</num>
  <num>A9221</num>
  <num>A9222</num>
  <num>A9223</num>
  <num>A9224</num>
  <num>A9225</num>
  <num>A9226</num>
  <num>A9227</num>
  <num>A9228</num>
  <num>A9229</num>
  <num>A923</num>
  <num>A9230</num>
  <num>A9231</num>
  <num>A9232</num>
  <num>A9233</num>
  <num>A9234</num>
  <num>A9235</num>
  <num>A9236</num>
  <num>A9237</num>
  <num>A9238</num>
  <num>A9239</num>
  <num>A924</num>
  <num>A9240</num>
  <num>A9241</num>
  <num>A9242</num>
  <num>A9243</num>
  <num>A9244</num>
  <num>A9245</num>
  <num>A9246</num>
  <num>A9247</num>
  <num>A9248</num>
  <num>A9249</num>
  <num>A925</num>
  <num>A9250</num>
  <num>A9251</num>
  <num>A9252</num>
  <num>A9253</num>
  <num>A9254</num>
  <num>A9255</num>
  <num>A9256</num>
  <num>A9257</num>
  <num>A9258</num>
  <num>A9259</num>
  <num>A926</num>
  <num>A9260</num>
  <num>A9261</num>
  <num>A9262</num>
  <num>A9263</num>
  <num>A9264</num>
  <num>A9265</num>
  <num>A9266</num>
  <num>A9267</num>
  <num>A9268</num>
  <num>A9269</num>
  <num>A927</num>
  <num>A9270</num>
  <num>A9271</num>
  <num>A9272</num>
  <num>A9273</num>
  <num>A9274</num>
  <num>A9275</num>
  <num>A9276</num>
  <num>A9277</num>
  <num>A9278</num>
  <num>A9279</num>
  <num>A928</num>
  <num>A9280</num>
  <num>A9281</num>
  <num>A9282</num>
  <num>A9283</num>
  <num>A9284</num>
  <num>A9285</num>
  <num>A9286</num>
  <num>A9287</num>
  <num>A9288</num>
  <num>A9289</num>
  <num>A929</num>
  <num>A9290</num>
  <num>A9291</num>
  <num>A9292</num>
  <num>A9293</num>
  <num>A9294</num>
  <num>A9295</num>
  <num>A9296</num>
  <num>A9297</num>
  <num>A9298</num>
  <num>A9299</num>
  <num>A93</num>
  <num>A930</num>
  <num>A9300</num>
  <num>A9301</num>
  <num>A9302</num>
  <num>A9303</num>
  <num>A9304</num>
  <num>A9305</num>
  <num>A9306</num>
  <num>A9307</num>
  <num>A9308</num>
  <num>A9309</num>
  <num>A931</num>
  <num>A9310</num>
  <num>A9311</num>
  <num>A9312</num>
  <num>A9313</num>
  <num>A9314</num>
  <num>A9315</num>
  <num>A9316</num>
  <num>A9317</num>
  <num>A9318</num>
  <num>A9319</num>
  <num>A932</num>
  <num>A9320</num>
  <num>A9321</num>
  <num>A9322</num>
  <num>A9323</num>
  <num>A9324</num>
  <num>A9325</num>
  <num>A9326</num>
  <num>A9327</num>
  <num>A9328</num>
  <num>A9329</num>
  <num>A933</num>
  <num>A9330</num>
  <num>A9331</num>
  <num>A9332</num>
  <num>A9333</num>
  <num>A9334</num>
  <num>A9335</num>
  <num>A9336</num>
  <num>A9337</num>
  <num>A9338</num>
  <num>A9339</num>
  <num>A934</num>
  <num>A9340</num>
  <num>A9341</num>
  <num>A9342</num>
  <num>A9343</num>
  <num>A9344</num>
  <num>A9345</num>
  <num>A9346</num>
  <num>A9347</num>
  <num>A9348</num>
  <num>A9349</num>
  <num>A935</num>
  <num>A9350</num>
  <num>A9351</num>
  <num>A9352</num>
  <num>A9353</num>
  <num>A9354</num>
  <num>A9355</num>
  <num>A9356</num>
  <num>A9357</num>
  <num>A9358</num>
  <num>A9359</num>
  <num>A936</num>
  <num>A9360</num>
  <num>A9361</num>
  <num>A9362</num>
  <num>A9363</num>
  <num>A9364</num>
  <num>A9365</num>
  <num>A9366</num>
  <num>A9367</num>
  <num>A9368</num>
  <num>A9369</num>
  <num>A937</num>
  <num>A9370</num>
  <num>A9371</num>
  <num>A9372</num>
  <num>A9373</num>
  <num>A9374</num>
  <num>A9375</num>
  <num>A9376</num>
  <num>A9377</num>
  <num>A9378</num>
  <num>A9379</num>
  <num>A938</num>
  <num>A9380</num>
  <num>A9381</num>
  <num>A9382</num>
  <num>A9383</num>
  <num>A9384</num>
  <num>A9385</num>
  <num>A9386</num>
  <num>A9387</num>
  <num>A9388</num>
  <num>A9389</num>
  <num>A939</num>
  <num>A9390</num>
  <num>A9391</num>
  <num>A9392</num>
  <num>A9393</num>
  <num>A9394</num>
  <num>A9395</num>
  <num>A9396</num>
  <num>A9397</num>
  <num>A9398</num>
  <num>A9399</num>
  <num>A94</num>
  <num>A940</num>
  <num>A9400</num>
  <num>A9401</num>
  <num>A9402</num>
  <num>A9403</num>
  <num>A9404</num>
  <num>A9405</num>
  <num>A9406</num>
  <num>A9407</num>
  <num>A9408</num>
  <num>A9409</num>
  <num>A941</num>
  <num>A9410</num>
  <num>A9411</num>
  <num>A9412</num>
  <num>A9413</num>
  <num>A9414</num>
  <num>A9415</num>
  <num>A9416</num>
  <num>A9417</num>
  <num>A9418</num>
  <num>A9419</num>
  <num>A942</num>
  <num>A9420</num>
  <num>A9421</num>
  <num>A9422</num>
  <num>A9423</num>
  <num>A9424</num>
  <num>A9425</num>
  <num>A9426</num>
  <num>A9427</num>
  <num>A9428</num>
  <num>A9429</num>
  <num>A943</num>
  <num>A9430</num>
  <num>A9431</num>
  <num>A9432</num>
  <num>A9433</num>
  <num>A9434</num>
  <num>A9435</num>
  <num>A9436</num>
  <num>A9437</num>
  <num>A9438</num>
  <num>A9439</num>
  <num>A944</num>
  <num>A9440</num>
  <num>A9441</num>
  <num>A9442</num>
  <num>A9443</num>
  <num>A9444</num>
  <num>A9445</num>
  <num>A9446</num>
  <num>A9447</num>
  <num>A9448</num>
  <num>A9449</num>
  <num>A945</num>
  <num>A9450</num>
  <num>A9451</num>
  <num>A9452</num>
  <num>A9453</num>
  <num>A9454</num>
  <num>A9455</num>
  <num>A9456</num>
  <num>A9457</num>
  <num>A9458</num>
  <num>A9459</num>
  <num>A946</num>
  <num>A9460</num>
  <num>A9461</num>
  <num>A9462</num>
  <num>A9463</num>
  <num>A9464</num>
  <num>A9465</num>
  <num>A9466</num>
  <num>A9467</num>
  <num>A9468</num>
  <num>A9469</num>
  <num>A947</num>
  <num>A9470</num>
  <num>A9471</num>
  <num>A9472</num>
  <num>A9473</num>
  <num>A9474</num>
  <num>A9475</num>
  <num>A9476</num>
  <num>A9477</num>
  <num>A9478</num>
  <num>A9479</num>
  <num>A948</num>
  <num>A9480</num>
  <num>A9481</num>
  <num>A9482</num>
  <num>A9483</num>
  <num>A9484</num>
  <num>A9485</num>
  <num>A9486</num>
  <num>A9487</num>
  <num>A9488</num>
  <num>A9489</num>
  <num>A949</num>
  <num>A9490</num>
  <num>A9491</num>
  <num>A9492</num>
  <num>A9493</num>
  <num>A9494</num>
  <num>A9495</num>
  <num>A9496</num>
  <num>A9497</num>
  <num>A9498</num>
  <num>A9499</num>
  <num>A95</num>
  <num>A950</num>
  <num>A9500</num>
  <num>A9501</num>
  <num>A9502</num>
  <num>A9503</num>
  <num>A9504</num>
  <num>A9505</num>
  <num>A9506</num>
  <num>A9507</num>
  <num>A9508</num>
  <num>A9509</num>
  <num>A951</num>
  <num>A9510</num>
  <num>A9511</num>
  <num>A9512</num>
  <num>A9513</num>
  <num>A9514</num>
  <num>A9515</num>
  <num>A9516</num>
  <num>A9517</num>
  <num>A9518</num>
  <num>A9519</num>
  <num>A952</num>
  <num>A9520</num>
  <num>A9521</num>
  <num>A9522</num>
  <num>A9523</num>
  <num>A9524</num>
  <num>A9525</num>
  <num>A9526</num>
  <num>A9527</num>
  <num>A9528</num>
  <num>A9529</num>
  <num>A953</num>
  <num>A9530</num>
  <num>A9531</num>
  <num>A9532</num>
  <num>A9533</num>
  <num>A9534</num>
  <num>A9535</num>
  <num>A9536</num>
  <num>A9537</num>
  <num>A9538</num>
  <num>A9539</num>
  <num>A954</num>
  <num>A9540</num>
  <num>A9541</num>
  <num>A9542</num>
  <num>A9543</num>
  <num>A9544</num>
  <num>A9545</num>
  <num>A9546</num>
  <num>A9547</num>
  <num>A9548</num>
  <num>A9549</num>
  <num>A955</num>
  <num>A9550</num>
  <num>A9551</num>
  <num>A9552</num>
  <num>A9553</num>
  <num>A9554</num>
  <num>A9555</num>
  <num>A9556</num>
  <num>A9557</num>
  <num>A9558</num>
  <num>A9559</num>
  <num>A956</num>
  <num>A9560</num>
  <num>A9561</num>
  <num>A9562</num>
  <num>A9563</num>
  <num>A9564</num>
  <num>A9565</num>
  <num>A9566</num>
  <num>A9567</num>
  <num>A9568</num>
  <num>A9569</num>
  <num>A957</num>
  <num>A9570</num>
  <num>A9571</num>
  <num>A9572</num>
  <num>A9573</num>
  <num>A9574</num>
  <num>A9575</num>
  <num>A9576</num>
  <num>A9577</num>
  <num>A9578</num>
  <num>A9579</num>
  <num>A958</num>
  <num>A9580</num>
  <num>A9581</num>
  <num>A9582</num>
  <num>A9583</num>
  <num>A9584</num>
  <num>A9585</num>
  <num>A9586</num>
  <num>A9587</num>
  <num>A9588</num>
  <num>A9589</num>
  <num>A959</num>
  <num>A9590</num>
  <num>A9591</num>
  <num>A9592</num>
  <num>A9593</num>
  <num>A9594</num>
  <num>A9595</num>
  <num>A9596</num>
  <num>A9597</num>
  <num>A9598</num>
  <num>A9599</num>
  <num>A96</num>
  <num>A960</num>
  <num>A9600</num>
  <num>A9601</num>
  <num>A9602</num>
  <num>A9603</num>
  <num>A9604</num>
  <num>A9605</num>
  <num>A9606</num>
  <num>A9607</num>
  <num>A9608</num>
  <num>A9609</num>
  <num>A961</num>
  <num>A9610</num>
  <num>A9611</num>
  <num>A9612</num>
  <num>A9613</num>
  <num>A9614</num>
  <num>A9615</num>
  <num>A9616</num>
  <num>A9617</num>
  <num>A9618</num>
  <num>A9619</num>
  <num>A962</num>
  <num>A9620</num>
  <num>A9621</num>
  <num>A9622</num>
  <num>A9623</num>
  <num>A9624</num>
  <num>A9625</num>
  <num>A9626</num>
  <num>A9627</num>
  <num>A9628</num>
  <num>A9629</num>
  <num>A963</num>
  <num>A9630</num>
  <num>A9631</num>
  <num>A9632</num>
  <num>A9633</num>
  <num>A9634</num>
  <num>A9635</num>
  <num>A9636</num>
  <num>A9637</num>
  <num>A9638</num>
  <num>A9639</num>
  <num>A964</num>
  <num>A9640</num>
  <num>A9641</num>
  <num>A9642</num>
  <num>A9643</num>
  <num>A9644</num>
  <num>A9645</num>
  <num>A9646</num>
  <num>A9647</num>
  <num>A9648</num>
  <num>A9649</num>
  <num>A965</num>
  <num>A9650</num>
  <num>A9651</num>
  <num>A9652</num>
  <num>A9653</num>
  <num>A9654</num>
  <num>A9655</num>
  <num>A9656</num>
  <num>A9657</num>
  <num>A9658</num>
  <num>A9659</num>
  <num>A966</num>
  <num>A9660</num>
  <num>A9661</num>
  <num>A9662</num>
  <num>A9663</num>
  <num>A9664</num>
  <num>A9665</num>
  <num>A9666</num>
  <num>A9667</num>
  <num>A9668</num>
  <num>A9669</num>
  <num>A967</num>
  <num>A9670</num>
  <num>A9671</num>
  <num>A9672</num>
  <num>A9673</num>
  <num>A9674</num>
  <num>A9675</num>
  <num>A9676</num>
  <num>A9677</num>
  <num>A9678</num>
  <num>A9679</num>
  <num>A968</num>
  <num>A9680</num>
  <num>A9681</num>
  <num>A9682</num>
  <num>A9683</num>
  <num>A9684</num>
  <num>A9685</num>
  <num>A9686</num>
  <num>A9687</num>
  <num>A9688</num>
  <num>A9689</num>
  <num>A969</num>
  <num>A9690</num>
  <num>A9691</num>
  <num>A9692</num>
  <num>A9693</num>
  <num>A9694</num>
  <num>A9695</num>
  <num>A9696</num>
  <num>A9697</num>
  <num>A9698</num>
  <num>A9699</num>
  <num>A97</num>
  <num>A970</num>
  <num>A9700</num>
  <num>A9701</num>
  <num>A9702</num>
  <num>A9703</num>
  <num>A9704</num>
  <num>A9705</num>
  <num>A9706</num>
  <num>A9707</num>
  <num>A9708</num>
  <num>A9709</num>
  <num>A971</num>
  <num>A9710</num>
  <num>A9711</num>
  <num>A9712</num>
  <num>A9713</num>
  <num>A9714</num>
  <num>A9715</num>
  <num>A9716</num>
  <num>A9717</num>
  <num>A9718</num>
  <num>A9719</num>
  <num>A972</num>
  <num>A9720</num>
  <num>A9721</num>
  <num>A9722</num>
  <num>A9723</num>
  <num>A9724</num>
  <num>A9725</num>
  <num>A9726</num>
  <num>A9727</num>
  <num>A9728</num>
  <num>A9729</num>
  <num>A973</num>
  <num>A9730</num>
  <num>A9731</num>
  <num>A9732</num>
  <num>A9733</num>
  <num>A9734</num>
  <num>A9735</num>
  <num>A9736</num>
  <num>A9737</num>
  <num>A9738</num>
  <num>A9739</num>
  <num>A974</num>
  <num>A9740</num>
  <num>A9741</num>
  <num>A9742</num>
  <num>A9743</num>
  <num>A9744</num>
  <num>A9745</num>
  <num>A9746</num>
  <num>A9747</num>
  <num>A9748</num>
  <num>A9749</num>
  <num>A975</num>
  <num>A9750</num>
  <num>A9751</num>
  <num>A9752</num>
  <num>A9753</num>
  <num>A9754</num>
  <num>A9755</num>
  <num>A9756</num>
  <num>A9757</num>
  <num>A9758</num>
  <num>A9759</num>
  <num>A976</num>
  <num>A9760</num>
  <num>A9761</num>
  <num>A9762</num>
  <num>A9763</num>
  <num>A9764</num>
  <num>A9765</num>
  <num>A9766</num>
  <num>A9767</num>
  <num>A9768</num>
  <num>A9769</num>
  <num>A977</num>
  <num>A9770</num>
  <num>A9771</num>
  <num>A9772</num>
  <num>A9773</num>
  <num>A9774</num>
  <num>A9775</num>
  <num>A9776</num>
  <num>A9777</num>
  <num>A9778</num>
  <num>A9779</num>
  <num>A978</num>
  <num>A9780</num>
  <num>A9781</num>
  <num>A9782</num>
  <num>A9783</num>
  <num>A9784</num>
  <num>A9785</num>
  <num>A9786</num>
  <num>A9787</num>
  <num>A9788</num>
  <num>A9789</num>
  <num>A979</num>
  <num>A9790</num>
  <num>A9791</num>
  <num>A9792</num>
  <num>A9793</num>
  <num>A9794</num>
  <num>A9795</num>
  <num>A9796</num>
  <num>A9797</num>
  <num>A9798</num>
  <num>A9799</num>
  <num>A98</num>
  <num>A980</num>
  <num>A9800</num>
  <num>A9801</num>
  <num>A9802</num>
  <num>A9803</num>
  <num>A9804</num>
  <num>A9805</num>
  <num>A9806</num>
  <num>A9807</num>
  <num>A9808</num>
  <num>A9809</num>
  <num>A981</num>
  <num>A9810</num>
  <num>A9811</num>
  <num>A9812</num>
  <num>A9813</num>
  <num>A9814</num>
  <num>A9815</num>
  <num>A9816</num>
  <num>A9817</num>
  <num>A9818</num>
  <num>A9819</num>
  <num>A982</num>
  <num>A9820</num>
  <num>A9821</num>
  <num>A9822</num>
  <num>A9823</num>
  <num>A9824</num>
  <num>A9825</num>
  <num>A9826</num>
  <num>A9827</num>
  <num>A9828</num>
  <num>A9829</num>
  <num>A983</num>
  <num>A9830</num>
  <num>A9831</num>
  <num>A9832</num>
  <num>A9833</num>
  <num>A9834</num>
  <num>A9835</num>
  <num>A9836</num>
  <num>A9837</num>
  <num>A9838</num>
  <num>A9839</num>
  <num>A984</num>
  <num>A9840</num>
  <num>A9841</num>
  <num>A9842</num>
  <num>A9843</num>
  <num>A9844</num>
  <num>A9845</num>
  <num>A9846</num>
  <num>A9847</num>
  <num>A9848</num>
  <num>A9849</num>
  <num>A985</num>
  <num>A9850</num>
  <num>A9851</num>
  <num>A9852</num>
  <num>A9853</num>
  <num>A9854</num>
  <num>A9855</num>
  <num>A9856</num>
  <num>A9857</num>
  <num>A9858</num>
  <num>A9859</num>
  <num>A986</num>
  <num>A9860</num>
  <num>A9861</num>
  <num>A9862</num>
  <num>A9863</num>
  <num>A9864</num>
  <num>A9865</num>
  <num>A9866</num>
  <num>A9867</num>
  <num>A9868</num>
  <num>A9869</num>
  <num>A987</num>
  <num>A9870</num>
  <num>A9871</num>
  <num>A9872</num>
  <num>A9873</num>
  <num>A9874</num>
  <num>A9875</num>
  <num>A9876</num>
  <num>A9877</num>
  <num>A9878</num>
  <num>A9879</num>
  <num>A988</num>
  <num>A9880</num>
  <num>A9881</num>
  <num>A9882</num>
  <num>A9883</num>
  <num>A9884</num>
  <num>A9885</num>
  <num>A9886</num>
  <num>A9887</num>
  <num>A9888</num>
  <num>A9889</num>
  <num>A989</num>
  <num>A9890</num>
  <num>A9891</num>
  <num>A9892</num>
  <num>A9893</num>
  <num>A9894</num>
  <num>A9895</num>
  <num>A9896</num>
  <num>A9897</num>
  <num>A9898</num>
  <num>A9899</num>
  <num>A99</num>
  <num>A990</num>
  <num>A9900</num>
  <num>A9901</num>
  <num>A9902</num>
  <num>A9903</num>
  <num>A9904</num>
  <num>A9905</num>
  <num>A9906</num>
  <num>A9907</num>
  <num>A9908</num>
  <num>A9909</num>
  <num>A991</num>
  <num>A9910</num>
  <num>A9911</num>
  <num>A9912</num>
  <num>A9913</num>
  <num>A9914</num>
  <num>A9915</num>
  <num>A9916</num>
  <num>A9917</num>
  <num>A9918</num>
  <num>A9919</num>
  <num>A992</num>
  <num>A9920</num>
  <num>A9921</num>
  <num>A9922</num>
  <num>A9923</num>
  <num>A9924</num>
  <num>A9925</num>
  <num>A9926</num>
  <num>A9927</num>
  <num>A9928</num>
  <num>A9929</num>
  <num>A993</num>
  <num>A9930</num>
  <num>A9931</num>
  <num>A9932</num>
  <num>A9933</num>
  <num>A9934</num>
  <num>A9935</num>
  <num>A9936</num>
  <num>A9937</num>
  <num>A9938</num>
  <num>A9939</num>
  <num>A994</num>
  <num>A9940</num>
  <num>A9941</num>
  <num>A9942</num>
  <num>A9943</num>
  <num>A9944</num>
  <num>A9945</num>
  <num>A9946</num>
  <num>A9947</num>
  <num>A9948</num>
  <num>A9949</num>
  <num>A995</num>
  <num>A9950</num>
  <num>A9951</num>
  <num>A9952</num>
  <num>A9953</num>
  <num>A9954</num>
  <num>A9955</num>
  <num>A9956</num>
  <num>A9957</num>
  <num>A9958</num>
  <num>A9959</num>
  <num>A996</num>
  <num>A9960</num>
  <num>A9961</num>
  <num>A9962</num>
  <num>A9963</num>
  <num>A9964</num>
  <num>A9965</num>
  <num>A9966</num>
  <num>A9967</num>
  <num>A9968</num>
  <num>A9969</num>
  <num>A997</num>
  <num>A9970</num>
  <num>A9971</num>
  <num>A9972</num>
  <num>A9973</num>
  <num>A9974</num>
  <num>A9975</num>
  <num>A9976</num>
  <num>A9977</num>
  <num>A9978</num>
  <num>A9979</num>
  <num>A998</num>
  <num>A9980</num>
  <num>A9981</num>
  <num>A9982</num>
  <num>A9983</num>
  <num>A9984</num>
  <num>A9985</num>
  <num>A9986</num>
  <num>A9987</num>
  <num>A9988</num>
  <num>A9989</num>
  <num>A999</num>
  <num>A9990</num>
  <num>A9991</num>
  <num>A9992</num>
  <num>A9993</num>
  <num>A9994</num>
  <num>A9995</num>
  <num>A9996</num>
  <num>A9997</num>
  <num>A9998</num>
  <num>A9999</num>
</seq>